                              1 ;--------------------------------------------------------
                              2 ; File Created by SDCC : free open source ANSI-C Compiler
                              3 ; Version 3.5.5 #9498 (Linux)
                              4 ;--------------------------------------------------------
                              5 	.module robot_1
                              6 	.optsdcc -mz80
                              7 	
                              8 ;--------------------------------------------------------
                              9 ; Public variables in this module
                             10 ;--------------------------------------------------------
                             11 	.globl _sprite_robot_1_1
                             12 	.globl _sprite_robot_1_0
                             13 	.globl _sprite_palette
                             14 ;--------------------------------------------------------
                             15 ; special function registers
                             16 ;--------------------------------------------------------
                             17 ;--------------------------------------------------------
                             18 ; ram data
                             19 ;--------------------------------------------------------
                             20 	.area _DATA
                             21 ;--------------------------------------------------------
                             22 ; ram data
                             23 ;--------------------------------------------------------
                             24 	.area _INITIALIZED
                             25 ;--------------------------------------------------------
                             26 ; absolute external ram data
                             27 ;--------------------------------------------------------
                             28 	.area _DABS (ABS)
                             29 ;--------------------------------------------------------
                             30 ; global & static initialisations
                             31 ;--------------------------------------------------------
                             32 	.area _HOME
                             33 	.area _GSINIT
                             34 	.area _GSFINAL
                             35 	.area _GSINIT
                             36 ;--------------------------------------------------------
                             37 ; Home
                             38 ;--------------------------------------------------------
                             39 	.area _HOME
                             40 	.area _HOME
                             41 ;--------------------------------------------------------
                             42 ; code
                             43 ;--------------------------------------------------------
                             44 	.area _CODE
                             45 	.area _CODE
   0000                      46 _sprite_palette:
   0000 5E                   47 	.db #0x5E	; 94
   0001 54                   48 	.db #0x54	; 84	'T'
   0002 44                   49 	.db #0x44	; 68	'D'
   0003 5C                   50 	.db #0x5C	; 92
   0004 58                   51 	.db #0x58	; 88	'X'
   0005 5D                   52 	.db #0x5D	; 93
   0006 4C                   53 	.db #0x4C	; 76	'L'
   0007 45                   54 	.db #0x45	; 69	'E'
   0008 46                   55 	.db #0x46	; 70	'F'
   0009 57                   56 	.db #0x57	; 87	'W'
   000A 40                   57 	.db #0x40	; 64
   000B 5F                   58 	.db #0x5F	; 95
   000C 52                   59 	.db #0x52	; 82	'R'
   000D 42                   60 	.db #0x42	; 66	'B'
   000E 4A                   61 	.db #0x4A	; 74	'J'
   000F 4B                   62 	.db #0x4B	; 75	'K'
   0010                      63 _sprite_robot_1_0:
   0010 FF                   64 	.db #0xFF	; 255
   0011 00                   65 	.db #0x00	; 0
   0012 FF                   66 	.db #0xFF	; 255
   0013 00                   67 	.db #0x00	; 0
   0014 FF                   68 	.db #0xFF	; 255
   0015 00                   69 	.db #0x00	; 0
   0016 FF                   70 	.db #0xFF	; 255
   0017 00                   71 	.db #0x00	; 0
   0018 FF                   72 	.db #0xFF	; 255
   0019 00                   73 	.db #0x00	; 0
   001A FF                   74 	.db #0xFF	; 255
   001B 00                   75 	.db #0x00	; 0
   001C FF                   76 	.db #0xFF	; 255
   001D 00                   77 	.db #0x00	; 0
   001E 55                   78 	.db #0x55	; 85	'U'
   001F 8A                   79 	.db #0x8A	; 138
   0020 FF                   80 	.db #0xFF	; 255
   0021 00                   81 	.db #0x00	; 0
   0022 FF                   82 	.db #0xFF	; 255
   0023 00                   83 	.db #0x00	; 0
   0024 FF                   84 	.db #0xFF	; 255
   0025 00                   85 	.db #0x00	; 0
   0026 FF                   86 	.db #0xFF	; 255
   0027 00                   87 	.db #0x00	; 0
   0028 55                   88 	.db #0x55	; 85	'U'
   0029 8A                   89 	.db #0x8A	; 138
   002A FF                   90 	.db #0xFF	; 255
   002B 00                   91 	.db #0x00	; 0
   002C FF                   92 	.db #0xFF	; 255
   002D 00                   93 	.db #0x00	; 0
   002E FF                   94 	.db #0xFF	; 255
   002F 00                   95 	.db #0x00	; 0
   0030 FF                   96 	.db #0xFF	; 255
   0031 00                   97 	.db #0x00	; 0
   0032 FF                   98 	.db #0xFF	; 255
   0033 00                   99 	.db #0x00	; 0
   0034 FF                  100 	.db #0xFF	; 255
   0035 00                  101 	.db #0x00	; 0
   0036 FF                  102 	.db #0xFF	; 255
   0037 00                  103 	.db #0x00	; 0
   0038 FF                  104 	.db #0xFF	; 255
   0039 00                  105 	.db #0x00	; 0
   003A AA                  106 	.db #0xAA	; 170
   003B 05                  107 	.db #0x05	; 5
   003C 00                  108 	.db #0x00	; 0
   003D 0F                  109 	.db #0x0F	; 15
   003E 55                  110 	.db #0x55	; 85	'U'
   003F 0A                  111 	.db #0x0A	; 10
   0040 FF                  112 	.db #0xFF	; 255
   0041 00                  113 	.db #0x00	; 0
   0042 FF                  114 	.db #0xFF	; 255
   0043 00                  115 	.db #0x00	; 0
   0044 AA                  116 	.db #0xAA	; 170
   0045 45                  117 	.db #0x45	; 69	'E'
   0046 00                  118 	.db #0x00	; 0
   0047 6D                  119 	.db #0x6D	; 109	'm'
   0048 00                  120 	.db #0x00	; 0
   0049 8F                  121 	.db #0x8F	; 143
   004A FF                  122 	.db #0xFF	; 255
   004B 00                  123 	.db #0x00	; 0
   004C FF                  124 	.db #0xFF	; 255
   004D 00                  125 	.db #0x00	; 0
   004E 00                  126 	.db #0x00	; 0
   004F 4F                  127 	.db #0x4F	; 79	'O'
   0050 00                  128 	.db #0x00	; 0
   0051 CD                  129 	.db #0xCD	; 205
   0052 00                  130 	.db #0x00	; 0
   0053 8F                  131 	.db #0x8F	; 143
   0054 FF                  132 	.db #0xFF	; 255
   0055 00                  133 	.db #0x00	; 0
   0056 FF                  134 	.db #0xFF	; 255
   0057 00                  135 	.db #0x00	; 0
   0058 00                  136 	.db #0x00	; 0
   0059 CF                  137 	.db #0xCF	; 207
   005A 00                  138 	.db #0x00	; 0
   005B 4F                  139 	.db #0x4F	; 79	'O'
   005C 00                  140 	.db #0x00	; 0
   005D 8F                  141 	.db #0x8F	; 143
   005E FF                  142 	.db #0xFF	; 255
   005F 00                  143 	.db #0x00	; 0
   0060 AA                  144 	.db #0xAA	; 170
   0061 45                  145 	.db #0x45	; 69	'E'
   0062 00                  146 	.db #0x00	; 0
   0063 CF                  147 	.db #0xCF	; 207
   0064 00                  148 	.db #0x00	; 0
   0065 4F                  149 	.db #0x4F	; 79	'O'
   0066 00                  150 	.db #0x00	; 0
   0067 CA                  151 	.db #0xCA	; 202
   0068 FF                  152 	.db #0xFF	; 255
   0069 00                  153 	.db #0x00	; 0
   006A AA                  154 	.db #0xAA	; 170
   006B 45                  155 	.db #0x45	; 69	'E'
   006C 00                  156 	.db #0x00	; 0
   006D CF                  157 	.db #0xCF	; 207
   006E 00                  158 	.db #0x00	; 0
   006F CF                  159 	.db #0xCF	; 207
   0070 00                  160 	.db #0x00	; 0
   0071 CF                  161 	.db #0xCF	; 207
   0072 FF                  162 	.db #0xFF	; 255
   0073 00                  163 	.db #0x00	; 0
   0074 FF                  164 	.db #0xFF	; 255
   0075 00                  165 	.db #0x00	; 0
   0076 00                  166 	.db #0x00	; 0
   0077 C7                  167 	.db #0xC7	; 199
   0078 00                  168 	.db #0x00	; 0
   0079 CF                  169 	.db #0xCF	; 207
   007A 00                  170 	.db #0x00	; 0
   007B CF                  171 	.db #0xCF	; 207
   007C FF                  172 	.db #0xFF	; 255
   007D 00                  173 	.db #0x00	; 0
   007E FF                  174 	.db #0xFF	; 255
   007F 00                  175 	.db #0x00	; 0
   0080 00                  176 	.db #0x00	; 0
   0081 C7                  177 	.db #0xC7	; 199
   0082 00                  178 	.db #0x00	; 0
   0083 CF                  179 	.db #0xCF	; 207
   0084 00                  180 	.db #0x00	; 0
   0085 CA                  181 	.db #0xCA	; 202
   0086 FF                  182 	.db #0xFF	; 255
   0087 00                  183 	.db #0x00	; 0
   0088 FF                  184 	.db #0xFF	; 255
   0089 00                  185 	.db #0x00	; 0
   008A 00                  186 	.db #0x00	; 0
   008B C3                  187 	.db #0xC3	; 195
   008C 00                  188 	.db #0x00	; 0
   008D CF                  189 	.db #0xCF	; 207
   008E 00                  190 	.db #0x00	; 0
   008F 8F                  191 	.db #0x8F	; 143
   0090 FF                  192 	.db #0xFF	; 255
   0091 00                  193 	.db #0x00	; 0
   0092 FF                  194 	.db #0xFF	; 255
   0093 00                  195 	.db #0x00	; 0
   0094 00                  196 	.db #0x00	; 0
   0095 C3                  197 	.db #0xC3	; 195
   0096 00                  198 	.db #0x00	; 0
   0097 CF                  199 	.db #0xCF	; 207
   0098 00                  200 	.db #0x00	; 0
   0099 8F                  201 	.db #0x8F	; 143
   009A FF                  202 	.db #0xFF	; 255
   009B 00                  203 	.db #0x00	; 0
   009C FF                  204 	.db #0xFF	; 255
   009D 00                  205 	.db #0x00	; 0
   009E 00                  206 	.db #0x00	; 0
   009F C3                  207 	.db #0xC3	; 195
   00A0 00                  208 	.db #0x00	; 0
   00A1 C7                  209 	.db #0xC7	; 199
   00A2 00                  210 	.db #0x00	; 0
   00A3 8F                  211 	.db #0x8F	; 143
   00A4 FF                  212 	.db #0xFF	; 255
   00A5 00                  213 	.db #0x00	; 0
   00A6 FF                  214 	.db #0xFF	; 255
   00A7 00                  215 	.db #0x00	; 0
   00A8 00                  216 	.db #0x00	; 0
   00A9 87                  217 	.db #0x87	; 135
   00AA 00                  218 	.db #0x00	; 0
   00AB 0F                  219 	.db #0x0F	; 15
   00AC 55                  220 	.db #0x55	; 85	'U'
   00AD 0A                  221 	.db #0x0A	; 10
   00AE FF                  222 	.db #0xFF	; 255
   00AF 00                  223 	.db #0x00	; 0
   00B0 FF                  224 	.db #0xFF	; 255
   00B1 00                  225 	.db #0x00	; 0
   00B2 00                  226 	.db #0x00	; 0
   00B3 0F                  227 	.db #0x0F	; 15
   00B4 55                  228 	.db #0x55	; 85	'U'
   00B5 0A                  229 	.db #0x0A	; 10
   00B6 FF                  230 	.db #0xFF	; 255
   00B7 00                  231 	.db #0x00	; 0
   00B8 FF                  232 	.db #0xFF	; 255
   00B9 00                  233 	.db #0x00	; 0
   00BA FF                  234 	.db #0xFF	; 255
   00BB 00                  235 	.db #0x00	; 0
   00BC FF                  236 	.db #0xFF	; 255
   00BD 00                  237 	.db #0x00	; 0
   00BE FF                  238 	.db #0xFF	; 255
   00BF 00                  239 	.db #0x00	; 0
   00C0 55                  240 	.db #0x55	; 85	'U'
   00C1 8A                  241 	.db #0x8A	; 138
   00C2 FF                  242 	.db #0xFF	; 255
   00C3 00                  243 	.db #0x00	; 0
   00C4 FF                  244 	.db #0xFF	; 255
   00C5 00                  245 	.db #0x00	; 0
   00C6 FF                  246 	.db #0xFF	; 255
   00C7 00                  247 	.db #0x00	; 0
   00C8 FF                  248 	.db #0xFF	; 255
   00C9 00                  249 	.db #0x00	; 0
   00CA 55                  250 	.db #0x55	; 85	'U'
   00CB 8A                  251 	.db #0x8A	; 138
   00CC FF                  252 	.db #0xFF	; 255
   00CD 00                  253 	.db #0x00	; 0
   00CE FF                  254 	.db #0xFF	; 255
   00CF 00                  255 	.db #0x00	; 0
   00D0 FF                  256 	.db #0xFF	; 255
   00D1 00                  257 	.db #0x00	; 0
   00D2 FF                  258 	.db #0xFF	; 255
   00D3 00                  259 	.db #0x00	; 0
   00D4 FF                  260 	.db #0xFF	; 255
   00D5 00                  261 	.db #0x00	; 0
   00D6 FF                  262 	.db #0xFF	; 255
   00D7 00                  263 	.db #0x00	; 0
   00D8                     264 _sprite_robot_1_1:
   00D8 FF                  265 	.db #0xFF	; 255
   00D9 00                  266 	.db #0x00	; 0
   00DA FF                  267 	.db #0xFF	; 255
   00DB 00                  268 	.db #0x00	; 0
   00DC FF                  269 	.db #0xFF	; 255
   00DD 00                  270 	.db #0x00	; 0
   00DE FF                  271 	.db #0xFF	; 255
   00DF 00                  272 	.db #0x00	; 0
   00E0 FF                  273 	.db #0xFF	; 255
   00E1 00                  274 	.db #0x00	; 0
   00E2 FF                  275 	.db #0xFF	; 255
   00E3 00                  276 	.db #0x00	; 0
   00E4 FF                  277 	.db #0xFF	; 255
   00E5 00                  278 	.db #0x00	; 0
   00E6 FF                  279 	.db #0xFF	; 255
   00E7 00                  280 	.db #0x00	; 0
   00E8 AA                  281 	.db #0xAA	; 170
   00E9 45                  282 	.db #0x45	; 69	'E'
   00EA FF                  283 	.db #0xFF	; 255
   00EB 00                  284 	.db #0x00	; 0
   00EC FF                  285 	.db #0xFF	; 255
   00ED 00                  286 	.db #0x00	; 0
   00EE FF                  287 	.db #0xFF	; 255
   00EF 00                  288 	.db #0x00	; 0
   00F0 FF                  289 	.db #0xFF	; 255
   00F1 00                  290 	.db #0x00	; 0
   00F2 AA                  291 	.db #0xAA	; 170
   00F3 45                  292 	.db #0x45	; 69	'E'
   00F4 FF                  293 	.db #0xFF	; 255
   00F5 00                  294 	.db #0x00	; 0
   00F6 FF                  295 	.db #0xFF	; 255
   00F7 00                  296 	.db #0x00	; 0
   00F8 FF                  297 	.db #0xFF	; 255
   00F9 00                  298 	.db #0x00	; 0
   00FA FF                  299 	.db #0xFF	; 255
   00FB 00                  300 	.db #0x00	; 0
   00FC FF                  301 	.db #0xFF	; 255
   00FD 00                  302 	.db #0x00	; 0
   00FE FF                  303 	.db #0xFF	; 255
   00FF 00                  304 	.db #0x00	; 0
   0100 FF                  305 	.db #0xFF	; 255
   0101 00                  306 	.db #0x00	; 0
   0102 FF                  307 	.db #0xFF	; 255
   0103 00                  308 	.db #0x00	; 0
   0104 00                  309 	.db #0x00	; 0
   0105 0F                  310 	.db #0x0F	; 15
   0106 00                  311 	.db #0x00	; 0
   0107 0F                  312 	.db #0x0F	; 15
   0108 FF                  313 	.db #0xFF	; 255
   0109 00                  314 	.db #0x00	; 0
   010A FF                  315 	.db #0xFF	; 255
   010B 00                  316 	.db #0x00	; 0
   010C FF                  317 	.db #0xFF	; 255
   010D 00                  318 	.db #0x00	; 0
   010E 00                  319 	.db #0x00	; 0
   010F 9E                  320 	.db #0x9E	; 158
   0110 00                  321 	.db #0x00	; 0
   0111 CF                  322 	.db #0xCF	; 207
   0112 55                  323 	.db #0x55	; 85	'U'
   0113 0A                  324 	.db #0x0A	; 10
   0114 FF                  325 	.db #0xFF	; 255
   0115 00                  326 	.db #0x00	; 0
   0116 AA                  327 	.db #0xAA	; 170
   0117 05                  328 	.db #0x05	; 5
   0118 00                  329 	.db #0x00	; 0
   0119 CE                  330 	.db #0xCE	; 206
   011A 00                  331 	.db #0x00	; 0
   011B CF                  332 	.db #0xCF	; 207
   011C 55                  333 	.db #0x55	; 85	'U'
   011D 0A                  334 	.db #0x0A	; 10
   011E FF                  335 	.db #0xFF	; 255
   011F 00                  336 	.db #0x00	; 0
   0120 AA                  337 	.db #0xAA	; 170
   0121 45                  338 	.db #0x45	; 69	'E'
   0122 00                  339 	.db #0x00	; 0
   0123 8F                  340 	.db #0x8F	; 143
   0124 00                  341 	.db #0x00	; 0
   0125 CF                  342 	.db #0xCF	; 207
   0126 55                  343 	.db #0x55	; 85	'U'
   0127 0A                  344 	.db #0x0A	; 10
   0128 FF                  345 	.db #0xFF	; 255
   0129 00                  346 	.db #0x00	; 0
   012A AA                  347 	.db #0xAA	; 170
   012B 45                  348 	.db #0x45	; 69	'E'
   012C 00                  349 	.db #0x00	; 0
   012D 8F                  350 	.db #0x8F	; 143
   012E 00                  351 	.db #0x00	; 0
   012F CF                  352 	.db #0xCF	; 207
   0130 55                  353 	.db #0x55	; 85	'U'
   0131 80                  354 	.db #0x80	; 128
   0132 FF                  355 	.db #0xFF	; 255
   0133 00                  356 	.db #0x00	; 0
   0134 AA                  357 	.db #0xAA	; 170
   0135 45                  358 	.db #0x45	; 69	'E'
   0136 00                  359 	.db #0x00	; 0
   0137 CF                  360 	.db #0xCF	; 207
   0138 00                  361 	.db #0x00	; 0
   0139 CF                  362 	.db #0xCF	; 207
   013A 55                  363 	.db #0x55	; 85	'U'
   013B 8A                  364 	.db #0x8A	; 138
   013C FF                  365 	.db #0xFF	; 255
   013D 00                  366 	.db #0x00	; 0
   013E AA                  367 	.db #0xAA	; 170
   013F 41                  368 	.db #0x41	; 65	'A'
   0140 00                  369 	.db #0x00	; 0
   0141 CF                  370 	.db #0xCF	; 207
   0142 00                  371 	.db #0x00	; 0
   0143 CF                  372 	.db #0xCF	; 207
   0144 55                  373 	.db #0x55	; 85	'U'
   0145 8A                  374 	.db #0x8A	; 138
   0146 FF                  375 	.db #0xFF	; 255
   0147 00                  376 	.db #0x00	; 0
   0148 AA                  377 	.db #0xAA	; 170
   0149 41                  378 	.db #0x41	; 65	'A'
   014A 00                  379 	.db #0x00	; 0
   014B CF                  380 	.db #0xCF	; 207
   014C 00                  381 	.db #0x00	; 0
   014D CF                  382 	.db #0xCF	; 207
   014E 55                  383 	.db #0x55	; 85	'U'
   014F 80                  384 	.db #0x80	; 128
   0150 FF                  385 	.db #0xFF	; 255
   0151 00                  386 	.db #0x00	; 0
   0152 AA                  387 	.db #0xAA	; 170
   0153 41                  388 	.db #0x41	; 65	'A'
   0154 00                  389 	.db #0x00	; 0
   0155 C7                  390 	.db #0xC7	; 199
   0156 00                  391 	.db #0x00	; 0
   0157 CF                  392 	.db #0xCF	; 207
   0158 55                  393 	.db #0x55	; 85	'U'
   0159 0A                  394 	.db #0x0A	; 10
   015A FF                  395 	.db #0xFF	; 255
   015B 00                  396 	.db #0x00	; 0
   015C 00                  397 	.db #0x00	; 0
   015D CB                  398 	.db #0xCB	; 203
   015E 00                  399 	.db #0x00	; 0
   015F C7                  400 	.db #0xC7	; 199
   0160 00                  401 	.db #0x00	; 0
   0161 CF                  402 	.db #0xCF	; 207
   0162 55                  403 	.db #0x55	; 85	'U'
   0163 0A                  404 	.db #0x0A	; 10
   0164 FF                  405 	.db #0xFF	; 255
   0165 00                  406 	.db #0x00	; 0
   0166 00                  407 	.db #0x00	; 0
   0167 CB                  408 	.db #0xCB	; 203
   0168 00                  409 	.db #0x00	; 0
   0169 C3                  410 	.db #0xC3	; 195
   016A 00                  411 	.db #0x00	; 0
   016B CF                  412 	.db #0xCF	; 207
   016C 55                  413 	.db #0x55	; 85	'U'
   016D 0A                  414 	.db #0x0A	; 10
   016E FF                  415 	.db #0xFF	; 255
   016F 00                  416 	.db #0x00	; 0
   0170 AA                  417 	.db #0xAA	; 170
   0171 41                  418 	.db #0x41	; 65	'A'
   0172 00                  419 	.db #0x00	; 0
   0173 0F                  420 	.db #0x0F	; 15
   0174 00                  421 	.db #0x00	; 0
   0175 0F                  422 	.db #0x0F	; 15
   0176 FF                  423 	.db #0xFF	; 255
   0177 00                  424 	.db #0x00	; 0
   0178 FF                  425 	.db #0xFF	; 255
   0179 00                  426 	.db #0x00	; 0
   017A AA                  427 	.db #0xAA	; 170
   017B 05                  428 	.db #0x05	; 5
   017C 00                  429 	.db #0x00	; 0
   017D 0F                  430 	.db #0x0F	; 15
   017E FF                  431 	.db #0xFF	; 255
   017F 00                  432 	.db #0x00	; 0
   0180 FF                  433 	.db #0xFF	; 255
   0181 00                  434 	.db #0x00	; 0
   0182 FF                  435 	.db #0xFF	; 255
   0183 00                  436 	.db #0x00	; 0
   0184 FF                  437 	.db #0xFF	; 255
   0185 00                  438 	.db #0x00	; 0
   0186 AA                  439 	.db #0xAA	; 170
   0187 45                  440 	.db #0x45	; 69	'E'
   0188 FF                  441 	.db #0xFF	; 255
   0189 00                  442 	.db #0x00	; 0
   018A FF                  443 	.db #0xFF	; 255
   018B 00                  444 	.db #0x00	; 0
   018C FF                  445 	.db #0xFF	; 255
   018D 00                  446 	.db #0x00	; 0
   018E FF                  447 	.db #0xFF	; 255
   018F 00                  448 	.db #0x00	; 0
   0190 AA                  449 	.db #0xAA	; 170
   0191 45                  450 	.db #0x45	; 69	'E'
   0192 FF                  451 	.db #0xFF	; 255
   0193 00                  452 	.db #0x00	; 0
   0194 FF                  453 	.db #0xFF	; 255
   0195 00                  454 	.db #0x00	; 0
   0196 FF                  455 	.db #0xFF	; 255
   0197 00                  456 	.db #0x00	; 0
   0198 FF                  457 	.db #0xFF	; 255
   0199 00                  458 	.db #0x00	; 0
   019A FF                  459 	.db #0xFF	; 255
   019B 00                  460 	.db #0x00	; 0
   019C FF                  461 	.db #0xFF	; 255
   019D 00                  462 	.db #0x00	; 0
   019E FF                  463 	.db #0xFF	; 255
   019F 00                  464 	.db #0x00	; 0
                            465 	.area _INITIALIZER
                            466 	.area _CABS (ABS)
