                              1 ;--------------------------------------------------------
                              2 ; File Created by SDCC : free open source ANSI-C Compiler
                              3 ; Version 3.5.5 #9498 (Linux)
                              4 ;--------------------------------------------------------
                              5 	.module robot_2
                              6 	.optsdcc -mz80
                              7 	
                              8 ;--------------------------------------------------------
                              9 ; Public variables in this module
                             10 ;--------------------------------------------------------
                             11 	.globl _sprite_robot_2_1
                             12 	.globl _sprite_robot_2_0
                             13 ;--------------------------------------------------------
                             14 ; special function registers
                             15 ;--------------------------------------------------------
                             16 ;--------------------------------------------------------
                             17 ; ram data
                             18 ;--------------------------------------------------------
                             19 	.area _DATA
                             20 ;--------------------------------------------------------
                             21 ; ram data
                             22 ;--------------------------------------------------------
                             23 	.area _INITIALIZED
                             24 ;--------------------------------------------------------
                             25 ; absolute external ram data
                             26 ;--------------------------------------------------------
                             27 	.area _DABS (ABS)
                             28 ;--------------------------------------------------------
                             29 ; global & static initialisations
                             30 ;--------------------------------------------------------
                             31 	.area _HOME
                             32 	.area _GSINIT
                             33 	.area _GSFINAL
                             34 	.area _GSINIT
                             35 ;--------------------------------------------------------
                             36 ; Home
                             37 ;--------------------------------------------------------
                             38 	.area _HOME
                             39 	.area _HOME
                             40 ;--------------------------------------------------------
                             41 ; code
                             42 ;--------------------------------------------------------
                             43 	.area _CODE
                             44 	.area _CODE
   0000                      45 _sprite_robot_2_0:
   0000 FF                   46 	.db #0xFF	; 255
   0001 00                   47 	.db #0x00	; 0
   0002 FF                   48 	.db #0xFF	; 255
   0003 00                   49 	.db #0x00	; 0
   0004 FF                   50 	.db #0xFF	; 255
   0005 00                   51 	.db #0x00	; 0
   0006 FF                   52 	.db #0xFF	; 255
   0007 00                   53 	.db #0x00	; 0
   0008 FF                   54 	.db #0xFF	; 255
   0009 00                   55 	.db #0x00	; 0
   000A FF                   56 	.db #0xFF	; 255
   000B 00                   57 	.db #0x00	; 0
   000C FF                   58 	.db #0xFF	; 255
   000D 00                   59 	.db #0x00	; 0
   000E FF                   60 	.db #0xFF	; 255
   000F 00                   61 	.db #0x00	; 0
   0010 55                   62 	.db #0x55	; 85	'U'
   0011 8A                   63 	.db #0x8A	; 138
   0012 FF                   64 	.db #0xFF	; 255
   0013 00                   65 	.db #0x00	; 0
   0014 FF                   66 	.db #0xFF	; 255
   0015 00                   67 	.db #0x00	; 0
   0016 FF                   68 	.db #0xFF	; 255
   0017 00                   69 	.db #0x00	; 0
   0018 AA                   70 	.db #0xAA	; 170
   0019 45                   71 	.db #0x45	; 69	'E'
   001A FF                   72 	.db #0xFF	; 255
   001B 00                   73 	.db #0x00	; 0
   001C FF                   74 	.db #0xFF	; 255
   001D 00                   75 	.db #0x00	; 0
   001E FF                   76 	.db #0xFF	; 255
   001F 00                   77 	.db #0x00	; 0
   0020 FF                   78 	.db #0xFF	; 255
   0021 00                   79 	.db #0x00	; 0
   0022 AA                   80 	.db #0xAA	; 170
   0023 45                   81 	.db #0x45	; 69	'E'
   0024 FF                   82 	.db #0xFF	; 255
   0025 00                   83 	.db #0x00	; 0
   0026 FF                   84 	.db #0xFF	; 255
   0027 00                   85 	.db #0x00	; 0
   0028 FF                   86 	.db #0xFF	; 255
   0029 00                   87 	.db #0x00	; 0
   002A AA                   88 	.db #0xAA	; 170
   002B 40                   89 	.db #0x40	; 64
   002C 00                   90 	.db #0x00	; 0
   002D C0                   91 	.db #0xC0	; 192
   002E 55                   92 	.db #0x55	; 85	'U'
   002F 80                   93 	.db #0x80	; 128
   0030 FF                   94 	.db #0xFF	; 255
   0031 00                   95 	.db #0x00	; 0
   0032 FF                   96 	.db #0xFF	; 255
   0033 00                   97 	.db #0x00	; 0
   0034 AA                   98 	.db #0xAA	; 170
   0035 40                   99 	.db #0x40	; 64
   0036 00                  100 	.db #0x00	; 0
   0037 CF                  101 	.db #0xCF	; 207
   0038 00                  102 	.db #0x00	; 0
   0039 CA                  103 	.db #0xCA	; 202
   003A FF                  104 	.db #0xFF	; 255
   003B 00                  105 	.db #0x00	; 0
   003C FF                  106 	.db #0xFF	; 255
   003D 00                  107 	.db #0x00	; 0
   003E 00                  108 	.db #0x00	; 0
   003F C5                  109 	.db #0xC5	; 197
   0040 00                  110 	.db #0x00	; 0
   0041 67                  111 	.db #0x67	; 103	'g'
   0042 00                  112 	.db #0x00	; 0
   0043 CA                  113 	.db #0xCA	; 202
   0044 FF                  114 	.db #0xFF	; 255
   0045 00                  115 	.db #0x00	; 0
   0046 FF                  116 	.db #0xFF	; 255
   0047 00                  117 	.db #0x00	; 0
   0048 00                  118 	.db #0x00	; 0
   0049 CF                  119 	.db #0xCF	; 207
   004A 00                  120 	.db #0x00	; 0
   004B 47                  121 	.db #0x47	; 71	'G'
   004C 00                  122 	.db #0x00	; 0
   004D CA                  123 	.db #0xCA	; 202
   004E FF                  124 	.db #0xFF	; 255
   004F 00                  125 	.db #0x00	; 0
   0050 AA                  126 	.db #0xAA	; 170
   0051 45                  127 	.db #0x45	; 69	'E'
   0052 00                  128 	.db #0x00	; 0
   0053 CF                  129 	.db #0xCF	; 207
   0054 00                  130 	.db #0x00	; 0
   0055 C5                  131 	.db #0xC5	; 197
   0056 00                  132 	.db #0x00	; 0
   0057 8F                  133 	.db #0x8F	; 143
   0058 FF                  134 	.db #0xFF	; 255
   0059 00                  135 	.db #0x00	; 0
   005A AA                  136 	.db #0xAA	; 170
   005B 45                  137 	.db #0x45	; 69	'E'
   005C 00                  138 	.db #0x00	; 0
   005D CF                  139 	.db #0xCF	; 207
   005E 00                  140 	.db #0x00	; 0
   005F C5                  141 	.db #0xC5	; 197
   0060 00                  142 	.db #0x00	; 0
   0061 5F                  143 	.db #0x5F	; 95
   0062 FF                  144 	.db #0xFF	; 255
   0063 00                  145 	.db #0x00	; 0
   0064 AA                  146 	.db #0xAA	; 170
   0065 45                  147 	.db #0x45	; 69	'E'
   0066 00                  148 	.db #0x00	; 0
   0067 CF                  149 	.db #0xCF	; 207
   0068 00                  150 	.db #0x00	; 0
   0069 CF                  151 	.db #0xCF	; 207
   006A 00                  152 	.db #0x00	; 0
   006B 4E                  153 	.db #0x4E	; 78	'N'
   006C FF                  154 	.db #0xFF	; 255
   006D 00                  155 	.db #0x00	; 0
   006E AA                  156 	.db #0xAA	; 170
   006F 45                  157 	.db #0x45	; 69	'E'
   0070 00                  158 	.db #0x00	; 0
   0071 47                  159 	.db #0x47	; 71	'G'
   0072 00                  160 	.db #0x00	; 0
   0073 CF                  161 	.db #0xCF	; 207
   0074 00                  162 	.db #0x00	; 0
   0075 8F                  163 	.db #0x8F	; 143
   0076 FF                  164 	.db #0xFF	; 255
   0077 00                  165 	.db #0x00	; 0
   0078 AA                  166 	.db #0xAA	; 170
   0079 01                  167 	.db #0x01	; 1
   007A 00                  168 	.db #0x00	; 0
   007B 03                  169 	.db #0x03	; 3
   007C 00                  170 	.db #0x00	; 0
   007D CF                  171 	.db #0xCF	; 207
   007E 00                  172 	.db #0x00	; 0
   007F CA                  173 	.db #0xCA	; 202
   0080 FF                  174 	.db #0xFF	; 255
   0081 00                  175 	.db #0x00	; 0
   0082 AA                  176 	.db #0xAA	; 170
   0083 01                  177 	.db #0x01	; 1
   0084 00                  178 	.db #0x00	; 0
   0085 03                  179 	.db #0x03	; 3
   0086 00                  180 	.db #0x00	; 0
   0087 CF                  181 	.db #0xCF	; 207
   0088 00                  182 	.db #0x00	; 0
   0089 CA                  183 	.db #0xCA	; 202
   008A FF                  184 	.db #0xFF	; 255
   008B 00                  185 	.db #0x00	; 0
   008C AA                  186 	.db #0xAA	; 170
   008D 01                  187 	.db #0x01	; 1
   008E 00                  188 	.db #0x00	; 0
   008F 42                  189 	.db #0x42	; 66	'B'
   0090 00                  190 	.db #0x00	; 0
   0091 47                  191 	.db #0x47	; 71	'G'
   0092 00                  192 	.db #0x00	; 0
   0093 CA                  193 	.db #0xCA	; 202
   0094 FF                  194 	.db #0xFF	; 255
   0095 00                  195 	.db #0x00	; 0
   0096 FF                  196 	.db #0xFF	; 255
   0097 00                  197 	.db #0x00	; 0
   0098 00                  198 	.db #0x00	; 0
   0099 42                  199 	.db #0x42	; 66	'B'
   009A 00                  200 	.db #0x00	; 0
   009B C0                  201 	.db #0xC0	; 192
   009C 55                  202 	.db #0x55	; 85	'U'
   009D 80                  203 	.db #0x80	; 128
   009E FF                  204 	.db #0xFF	; 255
   009F 00                  205 	.db #0x00	; 0
   00A0 FF                  206 	.db #0xFF	; 255
   00A1 00                  207 	.db #0x00	; 0
   00A2 00                  208 	.db #0x00	; 0
   00A3 C0                  209 	.db #0xC0	; 192
   00A4 00                  210 	.db #0x00	; 0
   00A5 C5                  211 	.db #0xC5	; 197
   00A6 FF                  212 	.db #0xFF	; 255
   00A7 00                  213 	.db #0x00	; 0
   00A8 FF                  214 	.db #0xFF	; 255
   00A9 00                  215 	.db #0x00	; 0
   00AA FF                  216 	.db #0xFF	; 255
   00AB 00                  217 	.db #0x00	; 0
   00AC FF                  218 	.db #0xFF	; 255
   00AD 00                  219 	.db #0x00	; 0
   00AE AA                  220 	.db #0xAA	; 170
   00AF 45                  221 	.db #0x45	; 69	'E'
   00B0 FF                  222 	.db #0xFF	; 255
   00B1 00                  223 	.db #0x00	; 0
   00B2 FF                  224 	.db #0xFF	; 255
   00B3 00                  225 	.db #0x00	; 0
   00B4 FF                  226 	.db #0xFF	; 255
   00B5 00                  227 	.db #0x00	; 0
   00B6 FF                  228 	.db #0xFF	; 255
   00B7 00                  229 	.db #0x00	; 0
   00B8 55                  230 	.db #0x55	; 85	'U'
   00B9 8A                  231 	.db #0x8A	; 138
   00BA FF                  232 	.db #0xFF	; 255
   00BB 00                  233 	.db #0x00	; 0
   00BC FF                  234 	.db #0xFF	; 255
   00BD 00                  235 	.db #0x00	; 0
   00BE FF                  236 	.db #0xFF	; 255
   00BF 00                  237 	.db #0x00	; 0
   00C0 FF                  238 	.db #0xFF	; 255
   00C1 00                  239 	.db #0x00	; 0
   00C2 FF                  240 	.db #0xFF	; 255
   00C3 00                  241 	.db #0x00	; 0
   00C4 FF                  242 	.db #0xFF	; 255
   00C5 00                  243 	.db #0x00	; 0
   00C6 FF                  244 	.db #0xFF	; 255
   00C7 00                  245 	.db #0x00	; 0
   00C8                     246 _sprite_robot_2_1:
   00C8 FF                  247 	.db #0xFF	; 255
   00C9 00                  248 	.db #0x00	; 0
   00CA FF                  249 	.db #0xFF	; 255
   00CB 00                  250 	.db #0x00	; 0
   00CC FF                  251 	.db #0xFF	; 255
   00CD 00                  252 	.db #0x00	; 0
   00CE FF                  253 	.db #0xFF	; 255
   00CF 00                  254 	.db #0x00	; 0
   00D0 FF                  255 	.db #0xFF	; 255
   00D1 00                  256 	.db #0x00	; 0
   00D2 FF                  257 	.db #0xFF	; 255
   00D3 00                  258 	.db #0x00	; 0
   00D4 FF                  259 	.db #0xFF	; 255
   00D5 00                  260 	.db #0x00	; 0
   00D6 AA                  261 	.db #0xAA	; 170
   00D7 45                  262 	.db #0x45	; 69	'E'
   00D8 FF                  263 	.db #0xFF	; 255
   00D9 00                  264 	.db #0x00	; 0
   00DA FF                  265 	.db #0xFF	; 255
   00DB 00                  266 	.db #0x00	; 0
   00DC FF                  267 	.db #0xFF	; 255
   00DD 00                  268 	.db #0x00	; 0
   00DE FF                  269 	.db #0xFF	; 255
   00DF 00                  270 	.db #0x00	; 0
   00E0 FF                  271 	.db #0xFF	; 255
   00E1 00                  272 	.db #0x00	; 0
   00E2 55                  273 	.db #0x55	; 85	'U'
   00E3 8A                  274 	.db #0x8A	; 138
   00E4 FF                  275 	.db #0xFF	; 255
   00E5 00                  276 	.db #0x00	; 0
   00E6 FF                  277 	.db #0xFF	; 255
   00E7 00                  278 	.db #0x00	; 0
   00E8 FF                  279 	.db #0xFF	; 255
   00E9 00                  280 	.db #0x00	; 0
   00EA FF                  281 	.db #0xFF	; 255
   00EB 00                  282 	.db #0x00	; 0
   00EC 55                  283 	.db #0x55	; 85	'U'
   00ED 8A                  284 	.db #0x8A	; 138
   00EE FF                  285 	.db #0xFF	; 255
   00EF 00                  286 	.db #0x00	; 0
   00F0 FF                  287 	.db #0xFF	; 255
   00F1 00                  288 	.db #0x00	; 0
   00F2 FF                  289 	.db #0xFF	; 255
   00F3 00                  290 	.db #0x00	; 0
   00F4 00                  291 	.db #0x00	; 0
   00F5 C0                  292 	.db #0xC0	; 192
   00F6 00                  293 	.db #0x00	; 0
   00F7 C0                  294 	.db #0xC0	; 192
   00F8 FF                  295 	.db #0xFF	; 255
   00F9 00                  296 	.db #0x00	; 0
   00FA FF                  297 	.db #0xFF	; 255
   00FB 00                  298 	.db #0x00	; 0
   00FC FF                  299 	.db #0xFF	; 255
   00FD 00                  300 	.db #0x00	; 0
   00FE 00                  301 	.db #0x00	; 0
   00FF C5                  302 	.db #0xC5	; 197
   0100 00                  303 	.db #0x00	; 0
   0101 CF                  304 	.db #0xCF	; 207
   0102 55                  305 	.db #0x55	; 85	'U'
   0103 80                  306 	.db #0x80	; 128
   0104 FF                  307 	.db #0xFF	; 255
   0105 00                  308 	.db #0x00	; 0
   0106 AA                  309 	.db #0xAA	; 170
   0107 40                  310 	.db #0x40	; 64
   0108 00                  311 	.db #0x00	; 0
   0109 9B                  312 	.db #0x9B	; 155
   010A 00                  313 	.db #0x00	; 0
   010B CF                  314 	.db #0xCF	; 207
   010C 55                  315 	.db #0x55	; 85	'U'
   010D 80                  316 	.db #0x80	; 128
   010E FF                  317 	.db #0xFF	; 255
   010F 00                  318 	.db #0x00	; 0
   0110 00                  319 	.db #0x00	; 0
   0111 CF                  320 	.db #0xCF	; 207
   0112 00                  321 	.db #0x00	; 0
   0113 8B                  322 	.db #0x8B	; 139
   0114 00                  323 	.db #0x00	; 0
   0115 CF                  324 	.db #0xCF	; 207
   0116 55                  325 	.db #0x55	; 85	'U'
   0117 80                  326 	.db #0x80	; 128
   0118 FF                  327 	.db #0xFF	; 255
   0119 00                  328 	.db #0x00	; 0
   011A 00                  329 	.db #0x00	; 0
   011B CF                  330 	.db #0xCF	; 207
   011C 00                  331 	.db #0x00	; 0
   011D CA                  332 	.db #0xCA	; 202
   011E 00                  333 	.db #0x00	; 0
   011F CF                  334 	.db #0xCF	; 207
   0120 55                  335 	.db #0x55	; 85	'U'
   0121 0A                  336 	.db #0x0A	; 10
   0122 FF                  337 	.db #0xFF	; 255
   0123 00                  338 	.db #0x00	; 0
   0124 00                  339 	.db #0x00	; 0
   0125 CF                  340 	.db #0xCF	; 207
   0126 00                  341 	.db #0x00	; 0
   0127 CA                  342 	.db #0xCA	; 202
   0128 00                  343 	.db #0x00	; 0
   0129 8F                  344 	.db #0x8F	; 143
   012A 55                  345 	.db #0x55	; 85	'U'
   012B AA                  346 	.db #0xAA	; 170
   012C FF                  347 	.db #0xFF	; 255
   012D 00                  348 	.db #0x00	; 0
   012E 00                  349 	.db #0x00	; 0
   012F CF                  350 	.db #0xCF	; 207
   0130 00                  351 	.db #0x00	; 0
   0131 CF                  352 	.db #0xCF	; 207
   0132 00                  353 	.db #0x00	; 0
   0133 8F                  354 	.db #0x8F	; 143
   0134 55                  355 	.db #0x55	; 85	'U'
   0135 88                  356 	.db #0x88	; 136
   0136 FF                  357 	.db #0xFF	; 255
   0137 00                  358 	.db #0x00	; 0
   0138 00                  359 	.db #0x00	; 0
   0139 03                  360 	.db #0x03	; 3
   013A 00                  361 	.db #0x00	; 0
   013B CF                  362 	.db #0xCF	; 207
   013C 00                  363 	.db #0x00	; 0
   013D CF                  364 	.db #0xCF	; 207
   013E 55                  365 	.db #0x55	; 85	'U'
   013F 0A                  366 	.db #0x0A	; 10
   0140 FF                  367 	.db #0xFF	; 255
   0141 00                  368 	.db #0x00	; 0
   0142 00                  369 	.db #0x00	; 0
   0143 03                  370 	.db #0x03	; 3
   0144 00                  371 	.db #0x00	; 0
   0145 47                  372 	.db #0x47	; 71	'G'
   0146 00                  373 	.db #0x00	; 0
   0147 CF                  374 	.db #0xCF	; 207
   0148 55                  375 	.db #0x55	; 85	'U'
   0149 80                  376 	.db #0x80	; 128
   014A FF                  377 	.db #0xFF	; 255
   014B 00                  378 	.db #0x00	; 0
   014C 00                  379 	.db #0x00	; 0
   014D 03                  380 	.db #0x03	; 3
   014E 00                  381 	.db #0x00	; 0
   014F 47                  382 	.db #0x47	; 71	'G'
   0150 00                  383 	.db #0x00	; 0
   0151 CF                  384 	.db #0xCF	; 207
   0152 55                  385 	.db #0x55	; 85	'U'
   0153 80                  386 	.db #0x80	; 128
   0154 FF                  387 	.db #0xFF	; 255
   0155 00                  388 	.db #0x00	; 0
   0156 00                  389 	.db #0x00	; 0
   0157 03                  390 	.db #0x03	; 3
   0158 00                  391 	.db #0x00	; 0
   0159 81                  392 	.db #0x81	; 129
   015A 00                  393 	.db #0x00	; 0
   015B CF                  394 	.db #0xCF	; 207
   015C 55                  395 	.db #0x55	; 85	'U'
   015D 80                  396 	.db #0x80	; 128
   015E FF                  397 	.db #0xFF	; 255
   015F 00                  398 	.db #0x00	; 0
   0160 AA                  399 	.db #0xAA	; 170
   0161 01                  400 	.db #0x01	; 1
   0162 00                  401 	.db #0x00	; 0
   0163 C0                  402 	.db #0xC0	; 192
   0164 00                  403 	.db #0x00	; 0
   0165 C0                  404 	.db #0xC0	; 192
   0166 FF                  405 	.db #0xFF	; 255
   0167 00                  406 	.db #0x00	; 0
   0168 FF                  407 	.db #0xFF	; 255
   0169 00                  408 	.db #0x00	; 0
   016A AA                  409 	.db #0xAA	; 170
   016B 40                  410 	.db #0x40	; 64
   016C 00                  411 	.db #0x00	; 0
   016D C0                  412 	.db #0xC0	; 192
   016E 55                  413 	.db #0x55	; 85	'U'
   016F 8A                  414 	.db #0x8A	; 138
   0170 FF                  415 	.db #0xFF	; 255
   0171 00                  416 	.db #0x00	; 0
   0172 FF                  417 	.db #0xFF	; 255
   0173 00                  418 	.db #0x00	; 0
   0174 FF                  419 	.db #0xFF	; 255
   0175 00                  420 	.db #0x00	; 0
   0176 FF                  421 	.db #0xFF	; 255
   0177 00                  422 	.db #0x00	; 0
   0178 55                  423 	.db #0x55	; 85	'U'
   0179 8A                  424 	.db #0x8A	; 138
   017A FF                  425 	.db #0xFF	; 255
   017B 00                  426 	.db #0x00	; 0
   017C FF                  427 	.db #0xFF	; 255
   017D 00                  428 	.db #0x00	; 0
   017E FF                  429 	.db #0xFF	; 255
   017F 00                  430 	.db #0x00	; 0
   0180 FF                  431 	.db #0xFF	; 255
   0181 00                  432 	.db #0x00	; 0
   0182 AA                  433 	.db #0xAA	; 170
   0183 45                  434 	.db #0x45	; 69	'E'
   0184 FF                  435 	.db #0xFF	; 255
   0185 00                  436 	.db #0x00	; 0
   0186 FF                  437 	.db #0xFF	; 255
   0187 00                  438 	.db #0x00	; 0
   0188 FF                  439 	.db #0xFF	; 255
   0189 00                  440 	.db #0x00	; 0
   018A FF                  441 	.db #0xFF	; 255
   018B 00                  442 	.db #0x00	; 0
   018C FF                  443 	.db #0xFF	; 255
   018D 00                  444 	.db #0x00	; 0
   018E FF                  445 	.db #0xFF	; 255
   018F 00                  446 	.db #0x00	; 0
                            447 	.area _INITIALIZER
                            448 	.area _CABS (ABS)
