                              1 ;--------------------------------------------------------
                              2 ; File Created by SDCC : free open source ANSI-C Compiler
                              3 ; Version 3.5.5 #9498 (Linux)
                              4 ;--------------------------------------------------------
                              5 	.module robot_1
                              6 	.optsdcc -mz80
                              7 	
                              8 ;--------------------------------------------------------
                              9 ; Public variables in this module
                             10 ;--------------------------------------------------------
                             11 	.globl _sprite_robot_1_1
                             12 	.globl _sprite_robot_1_0
                             13 	.globl _sprite_palette
                             14 ;--------------------------------------------------------
                             15 ; special function registers
                             16 ;--------------------------------------------------------
                             17 ;--------------------------------------------------------
                             18 ; ram data
                             19 ;--------------------------------------------------------
                             20 	.area _DATA
                             21 ;--------------------------------------------------------
                             22 ; ram data
                             23 ;--------------------------------------------------------
                             24 	.area _INITIALIZED
                             25 ;--------------------------------------------------------
                             26 ; absolute external ram data
                             27 ;--------------------------------------------------------
                             28 	.area _DABS (ABS)
                             29 ;--------------------------------------------------------
                             30 ; global & static initialisations
                             31 ;--------------------------------------------------------
                             32 	.area _HOME
                             33 	.area _GSINIT
                             34 	.area _GSFINAL
                             35 	.area _GSINIT
                             36 ;--------------------------------------------------------
                             37 ; Home
                             38 ;--------------------------------------------------------
                             39 	.area _HOME
                             40 	.area _HOME
                             41 ;--------------------------------------------------------
                             42 ; code
                             43 ;--------------------------------------------------------
                             44 	.area _CODE
                             45 	.area _CODE
   0000                      46 _sprite_palette:
   0000 54                   47 	.db #0x54	; 84	'T'
   0001 44                   48 	.db #0x44	; 68	'D'
   0002 5C                   49 	.db #0x5C	; 92
   0003 58                   50 	.db #0x58	; 88	'X'
   0004 45                   51 	.db #0x45	; 69	'E'
   0005 56                   52 	.db #0x56	; 86	'V'
   0006 46                   53 	.db #0x46	; 70	'F'
   0007 5E                   54 	.db #0x5E	; 94
   0008 40                   55 	.db #0x40	; 64
   0009 47                   56 	.db #0x47	; 71	'G'
   000A 42                   57 	.db #0x42	; 66	'B'
   000B 53                   58 	.db #0x53	; 83	'S'
   000C 5A                   59 	.db #0x5A	; 90	'Z'
   000D 4A                   60 	.db #0x4A	; 74	'J'
   000E 43                   61 	.db #0x43	; 67	'C'
   000F 4B                   62 	.db #0x4B	; 75	'K'
   0010                      63 _sprite_robot_1_0:
   0010 FC                   64 	.db #0xFC	; 252
   0011 FC                   65 	.db #0xFC	; 252
   0012 FC                   66 	.db #0xFC	; 252
   0013 FC                   67 	.db #0xFC	; 252
   0014 FC                   68 	.db #0xFC	; 252
   0015 FC                   69 	.db #0xFC	; 252
   0016 FC                   70 	.db #0xFC	; 252
   0017 56                   71 	.db #0x56	; 86	'V'
   0018 FC                   72 	.db #0xFC	; 252
   0019 FC                   73 	.db #0xFC	; 252
   001A FC                   74 	.db #0xFC	; 252
   001B FC                   75 	.db #0xFC	; 252
   001C 56                   76 	.db #0x56	; 86	'V'
   001D FC                   77 	.db #0xFC	; 252
   001E FC                   78 	.db #0xFC	; 252
   001F FC                   79 	.db #0xFC	; 252
   0020 FC                   80 	.db #0xFC	; 252
   0021 FC                   81 	.db #0xFC	; 252
   0022 FC                   82 	.db #0xFC	; 252
   0023 FC                   83 	.db #0xFC	; 252
   0024 FC                   84 	.db #0xFC	; 252
   0025 A9                   85 	.db #0xA9	; 169
   0026 03                   86 	.db #0x03	; 3
   0027 56                   87 	.db #0x56	; 86	'V'
   0028 FC                   88 	.db #0xFC	; 252
   0029 FC                   89 	.db #0xFC	; 252
   002A A9                   90 	.db #0xA9	; 169
   002B 09                   91 	.db #0x09	; 9
   002C 03                   92 	.db #0x03	; 3
   002D FC                   93 	.db #0xFC	; 252
   002E FC                   94 	.db #0xFC	; 252
   002F 03                   95 	.db #0x03	; 3
   0030 09                   96 	.db #0x09	; 9
   0031 03                   97 	.db #0x03	; 3
   0032 FC                   98 	.db #0xFC	; 252
   0033 FC                   99 	.db #0xFC	; 252
   0034 03                  100 	.db #0x03	; 3
   0035 03                  101 	.db #0x03	; 3
   0036 03                  102 	.db #0x03	; 3
   0037 FC                  103 	.db #0xFC	; 252
   0038 A9                  104 	.db #0xA9	; 169
   0039 03                  105 	.db #0x03	; 3
   003A 03                  106 	.db #0x03	; 3
   003B 02                  107 	.db #0x02	; 2
   003C FC                  108 	.db #0xFC	; 252
   003D A9                  109 	.db #0xA9	; 169
   003E 03                  110 	.db #0x03	; 3
   003F 03                  111 	.db #0x03	; 3
   0040 03                  112 	.db #0x03	; 3
   0041 FC                  113 	.db #0xFC	; 252
   0042 FC                  114 	.db #0xFC	; 252
   0043 29                  115 	.db #0x29	; 41
   0044 03                  116 	.db #0x03	; 3
   0045 03                  117 	.db #0x03	; 3
   0046 FC                  118 	.db #0xFC	; 252
   0047 FC                  119 	.db #0xFC	; 252
   0048 29                  120 	.db #0x29	; 41
   0049 03                  121 	.db #0x03	; 3
   004A 02                  122 	.db #0x02	; 2
   004B FC                  123 	.db #0xFC	; 252
   004C FC                  124 	.db #0xFC	; 252
   004D 3C                  125 	.db #0x3C	; 60
   004E 03                  126 	.db #0x03	; 3
   004F 03                  127 	.db #0x03	; 3
   0050 FC                  128 	.db #0xFC	; 252
   0051 FC                  129 	.db #0xFC	; 252
   0052 3C                  130 	.db #0x3C	; 60
   0053 03                  131 	.db #0x03	; 3
   0054 03                  132 	.db #0x03	; 3
   0055 FC                  133 	.db #0xFC	; 252
   0056 FC                  134 	.db #0xFC	; 252
   0057 3C                  135 	.db #0x3C	; 60
   0058 29                  136 	.db #0x29	; 41
   0059 03                  137 	.db #0x03	; 3
   005A FC                  138 	.db #0xFC	; 252
   005B FC                  139 	.db #0xFC	; 252
   005C 29                  140 	.db #0x29	; 41
   005D 03                  141 	.db #0x03	; 3
   005E 56                  142 	.db #0x56	; 86	'V'
   005F FC                  143 	.db #0xFC	; 252
   0060 FC                  144 	.db #0xFC	; 252
   0061 03                  145 	.db #0x03	; 3
   0062 56                  146 	.db #0x56	; 86	'V'
   0063 FC                  147 	.db #0xFC	; 252
   0064 FC                  148 	.db #0xFC	; 252
   0065 FC                  149 	.db #0xFC	; 252
   0066 FC                  150 	.db #0xFC	; 252
   0067 FC                  151 	.db #0xFC	; 252
   0068 56                  152 	.db #0x56	; 86	'V'
   0069 FC                  153 	.db #0xFC	; 252
   006A FC                  154 	.db #0xFC	; 252
   006B FC                  155 	.db #0xFC	; 252
   006C FC                  156 	.db #0xFC	; 252
   006D 56                  157 	.db #0x56	; 86	'V'
   006E FC                  158 	.db #0xFC	; 252
   006F FC                  159 	.db #0xFC	; 252
   0070 FC                  160 	.db #0xFC	; 252
   0071 FC                  161 	.db #0xFC	; 252
   0072 FC                  162 	.db #0xFC	; 252
   0073 FC                  163 	.db #0xFC	; 252
   0074                     164 _sprite_robot_1_1:
   0074 FC                  165 	.db #0xFC	; 252
   0075 FC                  166 	.db #0xFC	; 252
   0076 FC                  167 	.db #0xFC	; 252
   0077 FC                  168 	.db #0xFC	; 252
   0078 FC                  169 	.db #0xFC	; 252
   0079 FC                  170 	.db #0xFC	; 252
   007A FC                  171 	.db #0xFC	; 252
   007B FC                  172 	.db #0xFC	; 252
   007C A9                  173 	.db #0xA9	; 169
   007D FC                  174 	.db #0xFC	; 252
   007E FC                  175 	.db #0xFC	; 252
   007F FC                  176 	.db #0xFC	; 252
   0080 FC                  177 	.db #0xFC	; 252
   0081 A9                  178 	.db #0xA9	; 169
   0082 FC                  179 	.db #0xFC	; 252
   0083 FC                  180 	.db #0xFC	; 252
   0084 FC                  181 	.db #0xFC	; 252
   0085 FC                  182 	.db #0xFC	; 252
   0086 FC                  183 	.db #0xFC	; 252
   0087 FC                  184 	.db #0xFC	; 252
   0088 FC                  185 	.db #0xFC	; 252
   0089 FC                  186 	.db #0xFC	; 252
   008A 03                  187 	.db #0x03	; 3
   008B 03                  188 	.db #0x03	; 3
   008C FC                  189 	.db #0xFC	; 252
   008D FC                  190 	.db #0xFC	; 252
   008E FC                  191 	.db #0xFC	; 252
   008F 06                  192 	.db #0x06	; 6
   0090 03                  193 	.db #0x03	; 3
   0091 56                  194 	.db #0x56	; 86	'V'
   0092 FC                  195 	.db #0xFC	; 252
   0093 A9                  196 	.db #0xA9	; 169
   0094 06                  197 	.db #0x06	; 6
   0095 03                  198 	.db #0x03	; 3
   0096 56                  199 	.db #0x56	; 86	'V'
   0097 FC                  200 	.db #0xFC	; 252
   0098 A9                  201 	.db #0xA9	; 169
   0099 03                  202 	.db #0x03	; 3
   009A 03                  203 	.db #0x03	; 3
   009B 56                  204 	.db #0x56	; 86	'V'
   009C FC                  205 	.db #0xFC	; 252
   009D A9                  206 	.db #0xA9	; 169
   009E 03                  207 	.db #0x03	; 3
   009F 03                  208 	.db #0x03	; 3
   00A0 54                  209 	.db #0x54	; 84	'T'
   00A1 FC                  210 	.db #0xFC	; 252
   00A2 A9                  211 	.db #0xA9	; 169
   00A3 03                  212 	.db #0x03	; 3
   00A4 03                  213 	.db #0x03	; 3
   00A5 56                  214 	.db #0x56	; 86	'V'
   00A6 FC                  215 	.db #0xFC	; 252
   00A7 BC                  216 	.db #0xBC	; 188
   00A8 03                  217 	.db #0x03	; 3
   00A9 03                  218 	.db #0x03	; 3
   00AA 56                  219 	.db #0x56	; 86	'V'
   00AB FC                  220 	.db #0xFC	; 252
   00AC BC                  221 	.db #0xBC	; 188
   00AD 03                  222 	.db #0x03	; 3
   00AE 03                  223 	.db #0x03	; 3
   00AF 54                  224 	.db #0x54	; 84	'T'
   00B0 FC                  225 	.db #0xFC	; 252
   00B1 BC                  226 	.db #0xBC	; 188
   00B2 29                  227 	.db #0x29	; 41
   00B3 03                  228 	.db #0x03	; 3
   00B4 56                  229 	.db #0x56	; 86	'V'
   00B5 FC                  230 	.db #0xFC	; 252
   00B6 16                  231 	.db #0x16	; 22
   00B7 29                  232 	.db #0x29	; 41
   00B8 03                  233 	.db #0x03	; 3
   00B9 56                  234 	.db #0x56	; 86	'V'
   00BA FC                  235 	.db #0xFC	; 252
   00BB 16                  236 	.db #0x16	; 22
   00BC 3C                  237 	.db #0x3C	; 60
   00BD 03                  238 	.db #0x03	; 3
   00BE 56                  239 	.db #0x56	; 86	'V'
   00BF FC                  240 	.db #0xFC	; 252
   00C0 BC                  241 	.db #0xBC	; 188
   00C1 03                  242 	.db #0x03	; 3
   00C2 03                  243 	.db #0x03	; 3
   00C3 FC                  244 	.db #0xFC	; 252
   00C4 FC                  245 	.db #0xFC	; 252
   00C5 A9                  246 	.db #0xA9	; 169
   00C6 03                  247 	.db #0x03	; 3
   00C7 FC                  248 	.db #0xFC	; 252
   00C8 FC                  249 	.db #0xFC	; 252
   00C9 FC                  250 	.db #0xFC	; 252
   00CA FC                  251 	.db #0xFC	; 252
   00CB A9                  252 	.db #0xA9	; 169
   00CC FC                  253 	.db #0xFC	; 252
   00CD FC                  254 	.db #0xFC	; 252
   00CE FC                  255 	.db #0xFC	; 252
   00CF FC                  256 	.db #0xFC	; 252
   00D0 A9                  257 	.db #0xA9	; 169
   00D1 FC                  258 	.db #0xFC	; 252
   00D2 FC                  259 	.db #0xFC	; 252
   00D3 FC                  260 	.db #0xFC	; 252
   00D4 FC                  261 	.db #0xFC	; 252
   00D5 FC                  262 	.db #0xFC	; 252
   00D6 FC                  263 	.db #0xFC	; 252
   00D7 FC                  264 	.db #0xFC	; 252
                            265 	.area _INITIALIZER
                            266 	.area _CABS (ABS)
