ASxxxx Assembler V02.00 + NoICE + SDCC mods  (Zilog Z80 / Hitachi HD64180), page 1.
Hexadecimal [16-Bits]



                              1 .area _DATA
                              2 .area _CODE
ASxxxx Assembler V02.00 + NoICE + SDCC mods  (Zilog Z80 / Hitachi HD64180), page 2.
Hexadecimal [16-Bits]



                              3 .include "utility.h.s"
                              1 ;; ====================================
                              2 ;; ====================================
                              3 ;; INCLUDED CPCTELERA FUNCTIONS
                              4 ;; ====================================
                              5 ;; ====================================
                              6 .globl cpct_waitVSYNC_asm
                              7 .globl cpct_drawSolidBox_asm
                              8 .globl cpct_getScreenPtr_asm
                              9 .globl cpct_scanKeyboard_asm
                             10 .globl cpct_isKeyPressed_asm
                             11 .globl cpct_disableFirmware_asm
                             12 .globl cpct_setVideoMode_asm
                             13 .globl cpct_setPalette_asm
                             14 .globl cpct_memcpy_asm
                             15 .globl negateHL
                             16 .globl cpct_setVideoMemoryPage_asm
                             17 .globl cpct_akp_musicPlay_asm
                             18 .globl cpct_akp_stop_asm
                             19 .globl cpct_drawSprite_asm
ASxxxx Assembler V02.00 + NoICE + SDCC mods  (Zilog Z80 / Hitachi HD64180), page 3.
Hexadecimal [16-Bits]



                              4 .include "game.h.s"
                              1 ;; ====================================
                              2 ;; ====================================
                              3 ;; GAME PUBLIC FUNCTIONS
                              4 ;; ====================================
                              5 ;; ====================================
                              6 .globl gameStart
                              7 .globl getVideoPtr
                              8 .globl incTeam1Points
                              9 .globl incTeam2Points
                             10 .globl player_data
                             11 .globl enemy_data
                             12 .globl player_2_data
                             13 .globl enemy_2_data
                             14 .globl play_music	;; alomejor son privados
                             15 .globl stop_music	;; alomejor son privados
                             16 .globl game_data
                             17 
                             18 ;; ====================================
                             19 ;; ====================================
                             20 ;; GAME PUBLIC DATA
                             21 ;; ====================================
                             22 ;; ====================================
                     0050    23 .equ RIGHT_LIMIT,	80
                     0000    24 .equ LEFT_LIMIT,	0
                     0014    25 .equ TOP_LIMIT,	 	20
                     00C8    26 .equ BOTTOM_LIMIT,	200
                     0028    27 .equ CENTER_LIMIT,	40
ASxxxx Assembler V02.00 + NoICE + SDCC mods  (Zilog Z80 / Hitachi HD64180), page 4.
Hexadecimal [16-Bits]



                              5 
                              6 
                              7 
                              8 ;; ====================================
                              9 ;; ====================================
                             10 ;; PUBLIC DATA
                             11 ;; ====================================
                             12 ;; ====================================
                     0000    13 .equ Ent_x_I, 		0	;; X coordinate, integer part
                     0001    14 .equ Ent_x_F, 		1	;; X coordinate, fractional part
                     0002    15 .equ Ent_y_I, 		2	;; Y coordinate, integer part
                     0003    16 .equ Ent_y_F, 		3	;; Y coordinate, fractional part
                     0004    17 .equ Ent_h, 		4	;; Height
                     0005    18 .equ Ent_w, 		5	;; Width
                     0006    19 .equ Ent_vx_I,		6	;; Velocity at X axis, integer part
                     0007    20 .equ Ent_vx_F,		7	;; Velocity at X axis, fractional part
                     0008    21 .equ Ent_vy_I,		8	;; Velocity at Y axis, integer part
                     0009    22 .equ Ent_vy_F,		9	;; Velocity at Y axis, fractional part
                     000A    23 .equ Ent_ax_I,		10	;; Acceleration at X axis, integer part
                     000B    24 .equ Ent_ax_F,		11	;; Acceleration at X axis, fractional part
                     000C    25 .equ Ent_ay_I,		12	;; Acceleration at Y axis, integer part
                     000D    26 .equ Ent_ay_F,		13	;; Acceleration at Y axis, fractional part
                     000E    27 .equ Ent_N_I,		14	;; Normal force, integer part
                     000F    28 .equ Ent_N_F,		15	;; Normal force, fractional part
                     0010    29 .equ Ent_last_x,	16	;; Last x rendered
                     0011    30 .equ Ent_erase_x,	17	;; x rendered at same buffer
                     0012    31 .equ Ent_last_y,	18	;; Last y rendered
                     0013    32 .equ Ent_erase_y,	19	;; y rendered at same buffer
                     0014    33 .equ Ent_state,		20	;; Entity enabled/disabled
                     0015    34 .equ Ent_sprite_H, 	21	;; Pointer to sprite, high part
                     0016    35 .equ Ent_sprite_L, 	22	;; Pointer to sprite, low part
                     0017    36 .equ Ent_id, 		23	;; Numeric ID
                             37 				;; Frisbee 	0
                             38 				;; Player1 	1
                             39 				;; Enemy1	2
                             40 
                     0003    41 .equ MAX_VEL_X, 3 
                     FFFFFFFD    42 .equ MIN_VEL_X, -3
                     0003    43 .equ MAX_VEL_Y, 3
                     FFFFFFFD    44 .equ MIN_VEL_Y, -3
                             45 
                             46 
                             47 ;; ====================================
                             48 ;; ====================================
                             49 ;; PUBLIC FUNCTIONS
                             50 ;; ====================================
                             51 ;; ====================================
                             52 
                             53 ;; ===================================
                             54 ;; Pinta una entidad en pantalla
                             55 ;; Entrada:
                             56 ;; 	IX => Pointer to entity data 
                             57 ;; Modifica AF, BC, DE, HL
                             58 ;; ===================================
   0000                      59 entityDraw::
ASxxxx Assembler V02.00 + NoICE + SDCC mods  (Zilog Z80 / Hitachi HD64180), page 5.
Hexadecimal [16-Bits]



   0000 CD 00 00      [17]   60 	call 	getVideoPtr		;; HL <= Video memory pointer
   0003 EB            [ 4]   61 	ex 	de, hl			;; DE <= HL (Video memory pointer)
   0004 DD 4E 00      [19]   62 	ld 	c, Ent_x_I(ix) 		;; C = ent_x_I
   0007 DD 46 02      [19]   63 	ld 	b, Ent_y_I(ix) 		;; B = ent_y_I
   000A CD 00 00      [17]   64 	call cpct_getScreenPtr_asm 	;; HL = ent screen pointer
                             65 
   000D EB            [ 4]   66 	ex 	de, hl 			;; DE = ent screen pointer
   000E DD 66 16      [19]   67 	ld	h, Ent_sprite_L(ix)	;;
   0011 DD 6E 15      [19]   68 	ld	l, Ent_sprite_H(ix)	;; HL = sprite pointer
   0014 DD 46 04      [19]   69 	ld 	b, Ent_h(ix) 		;; B = ent height
   0017 DD 4E 05      [19]   70 	ld 	c, Ent_w(ix) 		;; C = ent width
   001A CD 00 00      [17]   71 	call cpct_drawSprite_asm
                             72 
   001D CD 24 02      [17]   73 	call updateX
   0020 CD 38 02      [17]   74 	call updateY
   0023 C9            [10]   75 	ret
                             76 
                             77 ;; ===================================
                             78 ;; Borra una entidad de la pantalla
                             79 ;; Entrada:
                             80 ;; 	IX => Pointer to entity data 
                             81 ;; Modifica AF, BC, DE, HL
                             82 ;; ===================================
   0024                      83 entityErase::
   0024 CD 00 00      [17]   84 	call 	getVideoPtr		;; HL <= Video memory pointer
   0027 EB            [ 4]   85 	ex 	de, hl			;; DE <= HL (Video memory pointer)
   0028 DD 4E 11      [19]   86 	ld 	c, Ent_erase_x(ix)	;; C = ent_erase_x
   002B DD 46 13      [19]   87 	ld 	b, Ent_erase_y(ix)	;; B = ent_erase_y
   002E CD 00 00      [17]   88 	call cpct_getScreenPtr_asm 	;; HL = ent screen pointer
                             89 
   0031 EB            [ 4]   90 	ex 	de, hl 			;; DE = ent screen pointer
   0032 3E 00         [ 7]   91 	ld 	a, #0x00 		;; A = background color
   0034 DD 46 04      [19]   92 	ld 	b, Ent_h(ix) 		;; B = ent height
   0037 DD 4E 05      [19]   93 	ld 	c, Ent_w(ix) 		;; C = ent width
   003A CD 00 00      [17]   94 	call cpct_drawSolidBox_asm
                             95 
   003D C9            [10]   96 	ret
                             97 
                             98 ;; =========================================
                             99 ;; Actualiza el estado de las físicas
                            100 ;; 	de una entidad
                            101 ;; Entrada:
                            102 ;; 	IX => Pointer to entity data
                            103 ;; Modifica F, DE, HL
                            104 ;; =========================================
   003E                     105 entityUpdatePhysics::
                            106 	;; vx' = vx + ax
   003E DD 66 06      [19]  107 	ld 	h, Ent_vx_I(ix)
   0041 DD 6E 07      [19]  108 	ld 	l, Ent_vx_F(ix)		;; HL <= ent_vx
   0044 DD 56 0A      [19]  109 	ld 	d, Ent_ax_I(ix)
   0047 DD 5E 0B      [19]  110 	ld 	e, Ent_ax_F(ix)		;; DE <= ent_ax
                            111 
   004A 19            [11]  112 	add 	hl, de 			;; HL <= HL + DE (ent_vx + ent_ax)
                            113 
   004B 7C            [ 4]  114 	ld 	a, h
ASxxxx Assembler V02.00 + NoICE + SDCC mods  (Zilog Z80 / Hitachi HD64180), page 6.
Hexadecimal [16-Bits]



   004C FE 03         [ 7]  115 	cp 	#MAX_VEL_X
   004E F2 5C 00      [10]  116 	jp 	p, cant_accelerate_x
                            117 		;; vx' < MAX_VEL_X
   0051 FE FD         [ 7]  118 		cp 	#MIN_VEL_X
   0053 FA 5C 00      [10]  119 		jp 	m, cant_accelerate_x
                            120 			;; vx' > MIN_VEL_X
                            121 			;; Can accelerate at X axis
   0056 DD 74 06      [19]  122 			ld 	Ent_vx_I(ix), h
   0059 DD 75 07      [19]  123 			ld 	Ent_vx_F(ix), l		;; Ent_vx <= HL
                            124 
   005C                     125 	cant_accelerate_x:
                            126 	;; vx' > MAX_VEL_X || vx' < MIN_VEL_X
                            127 
                            128 
                            129 	;; vy = vy + ay
   005C DD 66 08      [19]  130 	ld 	h, Ent_vy_I(ix)
   005F DD 6E 09      [19]  131 	ld 	l, Ent_vy_F(ix)		;; HL <= ent_vy
   0062 DD 56 0C      [19]  132 	ld 	d, Ent_ay_I(ix)
   0065 DD 5E 0D      [19]  133 	ld 	e, Ent_ay_F(ix)		;; DE <= ent_ay
                            134 
   0068 19            [11]  135 	add 	hl, de 			;; HL <= HL + DE (ent_vy + ent_ay)
   0069 7C            [ 4]  136 	ld 	a, h
   006A FE 03         [ 7]  137 	cp 	#MAX_VEL_Y
   006C F2 7A 00      [10]  138 	jp 	p, cant_accelerate_y
                            139 		;; vy' < MIN_VEL_Y
   006F FE FD         [ 7]  140 		cp 	#MIN_VEL_Y
   0071 FA 7A 00      [10]  141 		jp 	m, cant_accelerate_y
                            142 			;; vy' > MIN_VEL_Y
                            143 			;; Can accelerate at Y axis
   0074 DD 74 08      [19]  144 			ld 	Ent_vy_I(ix), h
   0077 DD 75 09      [19]  145 			ld 	Ent_vy_F(ix), l		;; Ent_vy <= HL
                            146 
   007A                     147 	cant_accelerate_y:
                            148 
                            149 	;; Apply deceleration X axis
   007A DD 7E 06      [19]  150 	ld 	a, Ent_vx_I(ix)		;; A <= vx_I
   007D FE 00         [ 7]  151 	cp 	#0
   007F 28 37         [12]  152 	jr	z, check_ax
                            153 
   0081                     154 	check_vx:
   0081 DD 7E 06      [19]  155 		ld 	a, Ent_vx_I(ix)		;; A <= vx_I
   0084 FE 00         [ 7]  156 		cp 	#0
   0086 FA 9F 00      [10]  157 		jp	m, vx_negative
                            158 			;; vx positive
                            159 
   0089 DD 66 0E      [19]  160 			ld 	h, Ent_N_I(ix)
   008C DD 6E 0F      [19]  161 			ld 	l, Ent_N_F(ix)		;; HL <= ent_N
                            162 
   008F CD 14 02      [17]  163 			call 	negateHL		;; HL <= -ent_N
                            164 
   0092 54            [ 4]  165 			ld 	d, h
   0093 5D            [ 4]  166 			ld 	e, l			;; DE <= -ent_N
                            167 
   0094 DD 66 06      [19]  168 			ld 	h, Ent_vx_I(ix)
   0097 DD 6E 07      [19]  169 			ld 	l, Ent_vx_F(ix)		;; HL <= ent_vx
ASxxxx Assembler V02.00 + NoICE + SDCC mods  (Zilog Z80 / Hitachi HD64180), page 7.
Hexadecimal [16-Bits]



                            170 
   009A 19            [11]  171 			add 	hl, de
   009B 38 13         [12]  172 			jr	c, can_decelerate_x
                            173 
   009D 18 36         [12]  174 			jr cant_decelerate_x
                            175 
   009F                     176 		vx_negative:
   009F 28 34         [12]  177 			jr 	z, cant_decelerate_x	;; vx_I == 0?
                            178 
   00A1 DD 66 06      [19]  179 			ld 	h, Ent_vx_I(ix)
   00A4 DD 6E 07      [19]  180 			ld 	l, Ent_vx_F(ix)		;; HL <= ent_vx
   00A7 DD 56 0E      [19]  181 			ld 	d, Ent_N_I(ix)
   00AA DD 5E 0F      [19]  182 			ld 	e, Ent_N_F(ix)		;; DE <= ent_N
                            183 
   00AD 19            [11]  184 			add 	hl, de
   00AE 38 00         [12]  185 			jr	c, can_decelerate_x
                            186 
   00B0                     187 			can_decelerate_x:
   00B0 DD 74 06      [19]  188 				ld 	Ent_vx_I(ix), h
   00B3 DD 75 07      [19]  189 				ld 	Ent_vx_F(ix), l		;; Ent_vx <= HL
                            190 
   00B6 18 1D         [12]  191 				jr cant_decelerate_x
   00B8                     192 	check_ax:
   00B8 DD 7E 0A      [19]  193 		ld	a, Ent_ax_I(ix)
   00BB FE 00         [ 7]  194 		cp 	#0
   00BD 20 C2         [12]  195 		jr	nz, check_vx
   00BF DD 7E 0B      [19]  196 		ld	a, Ent_ax_F(ix)
   00C2 FE 00         [ 7]  197 		cp 	#0
   00C4 20 BB         [12]  198 		jr	nz, check_vx
                            199 			;; vx_I == 0 && ax == 0
   00C6 DD 7E 17      [19]  200 			ld	a, Ent_id(ix)
   00C9 FE 00         [ 7]  201 			cp	#0
   00CB 28 08         [12]  202 			jr	z, cant_decelerate_x	;; If Ent_id == frisbee_id, cant_decelerate_x
                            203 
   00CD DD 36 06 00   [19]  204 			ld	Ent_vx_I(ix), #0
   00D1 DD 36 07 00   [19]  205 			ld	Ent_vx_F(ix), #0	;; Ent_vx <= 0
                            206 
                            207 
   00D5                     208 	cant_decelerate_x:
                            209 
                            210 	;; Apply deceleration Y axis
   00D5 DD 7E 08      [19]  211 	ld 	a, Ent_vy_I(ix)		;; A <= vy_I
   00D8 FE 00         [ 7]  212 	cp 	#0
   00DA 28 35         [12]  213 	jr	z, check_ay
                            214 
   00DC                     215 	check_vy:
   00DC DD 7E 08      [19]  216 		ld 	a, Ent_vy_I(ix)		;; A <= vy_I
   00DF FE 00         [ 7]  217 		cp 	#0
   00E1 FA FA 00      [10]  218 		jp	m, vy_negative
                            219 
                            220 			;; vy positive
   00E4 DD 66 0E      [19]  221 			ld 	h, Ent_N_I(ix)
   00E7 DD 6E 0F      [19]  222 			ld 	l, Ent_N_F(ix)		;; HL <= ent_N
                            223 
   00EA CD 14 02      [17]  224 			call 	negateHL		;; HL <= -ent_N
ASxxxx Assembler V02.00 + NoICE + SDCC mods  (Zilog Z80 / Hitachi HD64180), page 8.
Hexadecimal [16-Bits]



                            225 
   00ED 54            [ 4]  226 			ld 	d, h
   00EE 5D            [ 4]  227 			ld 	e, l			;; DE <= -ent_N
                            228 
   00EF DD 66 08      [19]  229 			ld 	h, Ent_vy_I(ix)
   00F2 DD 6E 09      [19]  230 			ld 	l, Ent_vy_F(ix)		;; HL <= ent_vy
                            231 
   00F5 19            [11]  232 			add 	hl, de
   00F6 38 11         [12]  233 			jr	c, can_decelerate_y
                            234 
   00F8 18 34         [12]  235 			jr cant_decelerate_y
                            236 
   00FA                     237 		vy_negative:
   00FA DD 66 08      [19]  238 			ld 	h, Ent_vy_I(ix)
   00FD DD 6E 09      [19]  239 			ld 	l, Ent_vy_F(ix)		;; HL <= ent_vy
   0100 DD 56 0E      [19]  240 			ld 	d, Ent_N_I(ix)
   0103 DD 5E 0F      [19]  241 			ld 	e, Ent_N_F(ix)		;; DE <= ent_N
                            242 
   0106 19            [11]  243 			add 	hl, de
   0107 38 00         [12]  244 			jr	c, can_decelerate_y
                            245 
   0109                     246 			can_decelerate_y:
   0109 DD 74 08      [19]  247 				ld 	Ent_vy_I(ix), h
   010C DD 75 09      [19]  248 				ld 	Ent_vy_F(ix), l		;; Ent_vy <= HL
                            249 
                            250 
   010F 18 1D         [12]  251 				jr cant_decelerate_y
   0111                     252 	check_ay:
   0111 DD 7E 0C      [19]  253 		ld	a, Ent_ay_I(ix)
   0114 FE 00         [ 7]  254 		cp 	#0
   0116 20 C4         [12]  255 		jr	nz, check_vy
   0118 DD 7E 0D      [19]  256 		ld	a, Ent_ay_F(ix)
   011B FE 00         [ 7]  257 		cp 	#0
   011D 20 BD         [12]  258 		jr	nz, check_vy
                            259 			;; vy_I == 0 && ay == 0
   011F DD 7E 17      [19]  260 			ld	a, Ent_id(ix)
   0122 FE 00         [ 7]  261 			cp	#0
   0124 28 08         [12]  262 			jr	z, cant_decelerate_y	;; If Ent_id == frisbee_id, cant_decelerate_y
                            263 			
   0126 DD 36 08 00   [19]  264 			ld	Ent_vy_I(ix), #0
   012A DD 36 09 00   [19]  265 			ld	Ent_vy_F(ix), #0	;; Ent_vy <= 0
                            266 
   012E                     267 	cant_decelerate_y:
                            268 
   012E DD 36 0A 00   [19]  269 	ld 	Ent_ax_I(ix), #0	;; 
   0132 DD 36 0B 00   [19]  270 	ld 	Ent_ax_F(ix), #0	;; ax = 0
   0136 DD 36 0C 00   [19]  271 	ld 	Ent_ay_I(ix), #0	;; 
   013A DD 36 0D 00   [19]  272 	ld 	Ent_ay_F(ix), #0	;; ay = 0
                            273 
   013E C9            [10]  274 	ret
                            275 
                            276 ;; =========================================
                            277 ;; Comprueba si existe colision entre
                            278 ;; dos entidades.
                            279 ;; Entrada:
ASxxxx Assembler V02.00 + NoICE + SDCC mods  (Zilog Z80 / Hitachi HD64180), page 9.
Hexadecimal [16-Bits]



                            280 ;; 	IX => Pointer to entity 1 data
                            281 ;; 	HL => Pointer to entity 2 data
                            282 ;; Modifica AF, B, HL, IX
                            283 ;; Devuelve:
                            284 ;; 	A <==== 0 si no hay colisión, y la
                            285 ;; 		diferencia absoluta entre
                            286 ;;		las x, en caso de colisión
                            287 ;; =========================================
   013F 00 00               288 ent1_ptr: .dw #0000
   0141 00 00               289 ent2_ptr: .dw #0000
   0143                     290 entityCheckCollision::
                            291 	;;
                            292 	;; If (ent1_x + ent1_w <= ent2_x) no collision
                            293 	;; ent1_x + ent1_w - ent2_x <= 0  no collision
                            294 	;;
   0143 DD 22 3F 01   [20]  295 	ld 	(ent1_ptr), ix 		;; ent1_ptr <= IX
   0147 22 41 01      [16]  296 	ld 	(ent2_ptr), hl 		;; ent2_ptr <= HL
                            297 
   014A DD 7E 00      [19]  298 	ld 	a, Ent_x_I(ix)		;; A <= ent1_x
   014D DD 86 05      [19]  299 	add 	Ent_w(ix)		;; A <= A + ent1_w
   0150 DD 2A 41 01   [20]  300 	ld 	ix, (ent2_ptr)		;; IX <= ent 2
   0154 DD 96 00      [19]  301 	sub 	Ent_x_I(ix)		;; A <= A - ent2_x
   0157 F2 5C 01      [10]  302 	jp 	p, collision_XR		;; A > 0? lo contrario a A <= 0
                            303 
   015A 18 39         [12]  304 	jr 	no_collision
                            305 
                            306 	;; Puede haber colisión en el eje X, ent2 está por la izda de ent1
   015C                     307 	collision_XR:
                            308 		;; Guardar en b el resultado de la anterior operación (ent1_x + ent1_w - ent2_x)
   015C 47            [ 4]  309 		ld 	b, a 		;; B <= A
                            310 		;;
                            311 		;; If (ent2_x + ent2_w <= ent1_x) no collision
                            312 		;; ent2_x + ent2_w - ent1_x <= 0
                            313 		;; 
   015D DD 7E 00      [19]  314 		ld 	a, Ent_x_I(ix)		;; A <= ent2_x
   0160 DD 86 05      [19]  315 		add 	Ent_w(ix) 		;; A <= A + ent2_w
   0163 DD 2A 3F 01   [20]  316 		ld 	ix, (ent1_ptr)		;; IX <= ent 1
   0167 DD 96 00      [19]  317 		sub 	Ent_x_I(ix)		;; A <= A - ent1_x
   016A F2 6F 01      [10]  318 		jp 	p, collision_XL		;; A > 0? lo contrario a A <= 0
                            319 
   016D 18 26         [12]  320 		jr 	no_collision
                            321 	;; Hay colisión en el eje X e Y, ent2 está entre la izda y la dcha de ent1
   016F                     322 	collision_XL:
                            323 		;;
                            324 		;; If (ent1_y + ent1_h <= ent2_y) no collision
                            325 		;; ent1_y + ent1_h - ent2_y <= 0
                            326 		;;
   016F DD 7E 02      [19]  327 		ld 	a, Ent_y_I(ix)		;; A <= ent1_x
   0172 DD 86 04      [19]  328 		add 	Ent_h(ix)		;; A <= A + ent1_w
   0175 DD 2A 41 01   [20]  329 		ld 	ix, (ent2_ptr)		;; IX <= ent 2
   0179 DD 96 02      [19]  330 		sub 	Ent_y_I(ix)		;; A <= A - ent2_x
   017C F2 81 01      [10]  331 		jp 	p, collision_YB		;; A > 0? lo contrario a A <= 0
                            332 
   017F 18 14         [12]  333 		jr 	no_collision
                            334 
ASxxxx Assembler V02.00 + NoICE + SDCC mods  (Zilog Z80 / Hitachi HD64180), page 10.
Hexadecimal [16-Bits]



                            335 	;; Puede haber colisión en el eje Y, ent2 está por arriba de ent1
   0181                     336 	collision_YB:
                            337 		;;
                            338 		;; If (ent2_y + ent2_h <= ent1_y) no collision
                            339 		;; ent2_y + ent2_h - ent1_y <= 0
                            340 		;; 
   0181 DD 7E 02      [19]  341 		ld 	a, Ent_y_I(ix)		;; A <= ent2_y
   0184 DD 86 04      [19]  342 		add 	Ent_h(ix) 		;; A <= A + ent2_h
   0187 DD 2A 3F 01   [20]  343 		ld 	ix, (ent1_ptr)		;; IX <= ent 1
   018B DD 96 02      [19]  344 		sub 	Ent_y_I(ix)		;; A <= A - ent1_y
   018E F2 93 01      [10]  345 		jp 	p, collision_YT		;; A > 0? lo contrario a A <= 0
                            346 
   0191 18 02         [12]  347 		jr 	no_collision
                            348 
                            349 	;; Hay colisión en el eje Y, ent2 está entre arriba y abajo de ent1
   0193                     350 	collision_YT:
                            351 
                            352 	;; A == ent1_x + ent1_w - ent2_x, A es mínimo 1
   0193 78            [ 4]  353 	ld 	a, b
                            354 
   0194 C9            [10]  355 	ret
                            356 
   0195                     357 	no_collision:
   0195 3E 00         [ 7]  358 	ld 	a, #0 	;; A == 0 si no hay colisión
   0197 C9            [10]  359 	ret
                            360 
                            361 
                            362 ;; =========================================
                            363 ;; Actualiza la posición de la entidad
                            364 ;; Entrada:
                            365 ;; 	IX => Pointer to entity data
                            366 ;; Modifica AF, B, DE, HL, IX
                            367 ;; =========================================
   0198                     368 entityUpdatePosition::
                            369 
                            370 	;; x' = x + vx_I
   0198 DD 56 06      [19]  371 	ld 	d, Ent_vx_I(ix) 	
   019B DD 5E 07      [19]  372 	ld 	e, Ent_vx_F(ix)		;; DE <= ent_vx
                            373 
   019E DD 66 00      [19]  374 	ld 	h, Ent_x_I(ix) 		;; 
   01A1 DD 6E 01      [19]  375 	ld 	l, Ent_x_F(ix)		;; HL <= Ent_x
                            376 
   01A4 19            [11]  377 	add 	hl, de 			;; HL <= HL + DE (x + vx)
                            378 
   01A5 7C            [ 4]  379 	ld 	a, h 			;; B <= H (x_I + vx_I) integer part
   01A6 FE 00         [ 7]  380 	cp 	#LEFT_LIMIT
   01A8 FA B9 01      [10]  381 	jp 	m, check_left		;; LIMIT_LEFT > x_I + vx_I? can't move
                            382 		;; can move left
   01AB DD 86 05      [19]  383 		add 	Ent_w(ix) 		;; A <= w + x_I + vx_I
   01AE 47            [ 4]  384 		ld	b, a
   01AF 3E 50         [ 7]  385 		ld 	a, #RIGHT_LIMIT
   01B1 B8            [ 4]  386 		cp	b
   01B2 38 0E         [12]  387 		jr 	c, check_right	;; RIGHT_LIMIT < w + x_I + vx_I? can't move
                            388 			;; can move
   01B4 CD 1D 02      [17]  389 			call setX 		;; Ent_x <= HL (x + vx)
ASxxxx Assembler V02.00 + NoICE + SDCC mods  (Zilog Z80 / Hitachi HD64180), page 11.
Hexadecimal [16-Bits]



                            390 
   01B7 18 14         [12]  391 			jr check_y
                            392 
   01B9                     393 	check_left:
   01B9 26 00         [ 7]  394 		ld 	h, #LEFT_LIMIT
   01BB 2E 00         [ 7]  395 		ld 	l, #0
   01BD CD 1D 02      [17]  396 		call	setX 			;; Ent_x <= LEFT_LIMIT
   01C0 18 0B         [12]  397 			jr check_y
                            398 
   01C2                     399 	check_right:
   01C2 3E 50         [ 7]  400 		ld 	a, #RIGHT_LIMIT
   01C4 DD 96 05      [19]  401 		sub	a, Ent_w(ix)
   01C7 67            [ 4]  402 		ld 	h, a
   01C8 2E 00         [ 7]  403 		ld 	l, #0
   01CA CD 1D 02      [17]  404 		call	setX 			;; Ent_x <= RIGHT_LIMIT
                            405 
   01CD                     406 	check_y:
                            407 	;; y' = y + vy_I*2
   01CD DD 56 08      [19]  408 	ld 	d, Ent_vy_I(ix) 	
   01D0 DD 5E 09      [19]  409 	ld 	e, Ent_vy_F(ix)		;; DE <= ent_vy
                            410 
   01D3 DD 66 02      [19]  411 	ld 	h, Ent_y_I(ix) 		;; 
   01D6 DD 6E 03      [19]  412 	ld 	l, Ent_y_F(ix)		;; HL <= Ent_y
                            413 
   01D9 19            [11]  414 	add 	hl, de 			;; HL <= HL + DE (y + vy)
   01DA 19            [11]  415 	add 	hl, de 			;; HL <= HL + DE (y + vy)
                            416 
   01DB 7C            [ 4]  417 	ld 	a,h	 		;; A <= H (y_I + vy_I) integer part
   01DC FE 14         [ 7]  418 	cp 	#TOP_LIMIT
   01DE DA F0 01      [10]  419 	jp 	c, check_top		;; TOP_LIMIT > y_I + vy_I? can't move
                            420 		;; can move up
   01E1 7C            [ 4]  421 		ld 	a, h
   01E2 DD 86 04      [19]  422 		add 	Ent_h(ix) 		;; A <= h + y_I + vy_I
   01E5 47            [ 4]  423 		ld	b, a
   01E6 3E C8         [ 7]  424 		ld 	a, #BOTTOM_LIMIT
   01E8 B8            [ 4]  425 		cp	b
   01E9 DA F9 01      [10]  426 		jp 	c, check_bot		;; BOTTOM_LIMIT < h + y_I + vy_I? can't move
                            427 			;; can move
   01EC CD 31 02      [17]  428 			call 	setY			;; Ent_y <= HL (y + vy)
                            429 
   01EF C9            [10]  430 			ret
                            431 
                            432 	;; CONTROL STRUCTURES: http://tutorials.eeems.ca/ASMin28Days/lesson/day07.html
                            433 
   01F0                     434 	check_top:
   01F0 26 14         [ 7]  435 		ld 	h, #TOP_LIMIT
   01F2 2E 00         [ 7]  436 		ld 	l, #0
   01F4 CD 31 02      [17]  437 		call 	setY				;; Ent_y <= TOP_LIMIT
   01F7 18 0B         [12]  438 		jr bounce
                            439 
   01F9                     440 	check_bot:
   01F9 3E C8         [ 7]  441 		ld 	a, #BOTTOM_LIMIT
   01FB DD 96 04      [19]  442 		sub	a, Ent_h(ix)
   01FE 67            [ 4]  443 		ld 	h, a
   01FF 2E 00         [ 7]  444 		ld 	l, #0
ASxxxx Assembler V02.00 + NoICE + SDCC mods  (Zilog Z80 / Hitachi HD64180), page 12.
Hexadecimal [16-Bits]



   0201 CD 31 02      [17]  445 		call 	setY				;; Ent_y <= BOTTOM_LIMIT
                            446 
   0204                     447 	bounce:
   0204 DD 66 08      [19]  448 			ld 	h, Ent_vy_I(ix)
   0207 DD 6E 09      [19]  449 			ld 	l, Ent_vy_F(ix)		;; HL <= Ent_vy
                            450 
   020A CD 14 02      [17]  451 			call 	negateHL
                            452 
   020D DD 74 08      [19]  453 			ld 	Ent_vy_I(ix), h
   0210 DD 75 09      [19]  454 			ld 	Ent_vy_F(ix), l		;; Ent_vy <= HL negated
                            455 
   0213 C9            [10]  456 		ret
                            457 
                            458 ;; =========================================
                            459 ;; Inverts HL value
                            460 ;; Entrada:
                            461 ;; 	HL => value we are going to negate
                            462 ;; Modifica AF, HL
                            463 ;; Devuelve:
                            464 ;; 	HL <= HL value negated
                            465 ;; =========================================
   0214                     466 negateHL::
   0214 3E 00         [ 7]  467 	ld 	a, #0			;;
   0216 AF            [ 4]  468 	xor	a			;;
   0217 95            [ 4]  469 	sub	l			;;
   0218 6F            [ 4]  470 	ld	l,a			;;
   0219 9F            [ 4]  471 	sbc	a,a			;;
   021A 94            [ 4]  472 	sub	h			;;
   021B 67            [ 4]  473 	ld	h,a			;; negate HL
                            474 
   021C C9            [10]  475 	ret
                            476 
                            477 ;; ====================================
                            478 ;; ====================================
                            479 ;; PRIVATE FUNCTIONS
                            480 ;; ====================================
                            481 ;; ====================================
                            482 
                            483 
                            484 
                            485 ;; =========================================
                            486 ;; Modifica la x de la entidad a la pasada
                            487 ;; 	por parámetro
                            488 ;; Entrada:
                            489 ;; 	IX => Pointer to entity data
                            490 ;; 	HL => value we are going to set
                            491 ;; Modifica AF
                            492 ;; =========================================
   021D                     493 setX:
   021D DD 74 00      [19]  494 	ld	Ent_x_I(ix), h
   0220 DD 75 01      [19]  495 	ld	Ent_x_F(ix), l		;; Ent_x_I <= HL
                            496 
   0223 C9            [10]  497 	ret
                            498 
                            499 
ASxxxx Assembler V02.00 + NoICE + SDCC mods  (Zilog Z80 / Hitachi HD64180), page 13.
Hexadecimal [16-Bits]



                            500 ;; =========================================
                            501 ;; Modifica las de últimas posiciones X
                            502 ;	de la entidad
                            503 ;; Entrada:
                            504 ;; 	IX => Pointer to entity data
                            505 ;; Modifica AF
                            506 ;; =========================================
   0224                     507 updateX:
   0224 DD 7E 10      [19]  508 	ld	a, Ent_last_x(ix)
   0227 DD 77 11      [19]  509 	ld 	Ent_erase_x(ix), a	;; Ent_erase_x <= Ent_last_x
                            510 
   022A DD 7E 00      [19]  511 	ld	a, Ent_x_I(ix)
   022D DD 77 10      [19]  512 	ld 	Ent_last_x(ix), a	;; Ent_last_x <= Ent_x_I
   0230 C9            [10]  513 	ret
                            514 
                            515 
                            516 ;; =========================================
                            517 ;; Modifica la y de la entidad a la pasada
                            518 ;; 	por parámetro
                            519 ;; Entrada:
                            520 ;; 	IX => Pointer to entity data
                            521 ;; 	HL => value we are going to set
                            522 ;; Modifica AF
                            523 ;; =========================================
   0231                     524 setY:
                            525 
   0231 DD 74 02      [19]  526 	ld	Ent_y_I(ix), h
   0234 DD 75 03      [19]  527 	ld	Ent_y_F(ix), l		;; Ent_y_I <= HL
                            528 
   0237 C9            [10]  529 	ret
                            530 
                            531 
                            532 ;; =========================================
                            533 ;; Modifica las de últimas posiciones Y
                            534 ;	de la entidad
                            535 ;; Entrada:
                            536 ;; 	IX => Pointer to entity data
                            537 ;; Modifica AF
                            538 ;; =========================================
   0238                     539 updateY:
   0238 DD 7E 12      [19]  540 	ld	a, Ent_last_y(ix)
   023B DD 77 13      [19]  541 	ld 	Ent_erase_y(ix), a	;; Ent_erase_y <= Ent_last_y
                            542 
   023E DD 7E 02      [19]  543 	ld	a, Ent_y_I(ix)
   0241 DD 77 12      [19]  544 	ld 	Ent_last_y(ix), a	;; Ent_last_y <= Ent_y_I
   0244 C9            [10]  545 	ret
