ASxxxx Assembler V02.00 + NoICE + SDCC mods  (Zilog Z80 / Hitachi HD64180), page 1.
Hexadecimal [16-Bits]



                              1 .area _DATA
                              2 .area _CODE
                              3 
ASxxxx Assembler V02.00 + NoICE + SDCC mods  (Zilog Z80 / Hitachi HD64180), page 2.
Hexadecimal [16-Bits]



                              4 .include "entity.h.s"
                              1 ;; ====================================
                              2 ;; ====================================
                              3 ;; ENTITY PUBLIC FUNCTIONS
                              4 ;; ====================================
                              5 ;; ====================================
                              6 .globl entityDraw
                              7 .globl entityErase
                              8 .globl entityCheckCollision
                              9 .globl entityUpdatePhysics
                             10 .globl entityUpdatePosition
                             11 
                             12 .macro defineEntity name, x,y, h, w, vx, vy, ax, ay, normal, state, sprite, id
                             13 	name'_data::
                             14 		name'_x:	.dw x		;; X coordinate			(16 bits)
                             15 		name'_y:	.dw y		;; Y coordinate			(16 bits)
                             16 		name'_h:	.db h		;; Height			(8 bits)
                             17 		name'_w:	.db w		;; Width			(8 bits)
                             18 		name'_vx:	.dw vx		;; Velocity at X axis 		(16 bits)
                             19 		name'_vy:	.dw vy		;; Velocity at Y axis		(16 bits)
                             20 		name'_ax:	.dw ax		;; Acceleration at X axis	(16 bits)
                             21 		name'_ay:	.dw ay		;; Acceleration at Y axis	(16 bits)
                             22 		name'_normal:	.dw normal	;; Normal force			(16 bits)
                             23 		name'_last_x:	.db x		;; Last x rendered		(8 bits)
                             24 		name'_erase_x:	.db x		;; x rendered at same buffer	(8 bits)
                             25 		name'_last_y:	.db y		;; Last y rendered		(8 bits)
                             26 		name'_erase_y:	.db y		;; y rendered at same buffer	(8 bits)
                             27 		name'_state:	.db state	;; Entity enabled/disabled	(8 bits)
                             28 		name'_sprite:	.dw sprite	;; Entity sprite		(16 bits)
                             29 		name'_id:	.db id		;; Numeric ID			(8 bits)
                             30 .endm
                             31 
                             32 
                             33 ;; ====================================
                             34 ;; ====================================
                             35 ;; ENTITY PUBLIC DATA
                             36 ;; ====================================
                             37 ;; ====================================
                     0000    38 .equ Ent_x_I, 		0	;; X coordinate, integer part
                     0001    39 .equ Ent_x_F, 		1	;; X coordinate, fractional part
                     0002    40 .equ Ent_y_I, 		2	;; Y coordinate, integer part
                     0003    41 .equ Ent_y_F, 		3	;; Y coordinate, fractional part
                     0004    42 .equ Ent_h, 		4	;; Height
                     0005    43 .equ Ent_w, 		5	;; Width
                     0006    44 .equ Ent_vx_I,		6	;; Velocity at X axis, integer part
                     0007    45 .equ Ent_vx_F,		7	;; Velocity at X axis, fractional part
                     0008    46 .equ Ent_vy_I,		8	;; Velocity at Y axis, integer part
                     0009    47 .equ Ent_vy_F,		9	;; Velocity at Y axis, fractional part
                     000A    48 .equ Ent_ax_I,		10	;; Acceleration at X axis, integer part
                     000B    49 .equ Ent_ax_F,		11	;; Acceleration at X axis, fractional part
                     000C    50 .equ Ent_ay_I,		12	;; Acceleration at Y axis, integer part
                     000D    51 .equ Ent_ay_F,		13	;; Acceleration at Y axis, fractional part
                     000E    52 .equ Ent_N_I,		14	;; Normal force, integer part
                     000F    53 .equ Ent_N_F,		15	;; Normal force, fractional part
                     0010    54 .equ Ent_last_x,	16	;; Last x rendered
ASxxxx Assembler V02.00 + NoICE + SDCC mods  (Zilog Z80 / Hitachi HD64180), page 3.
Hexadecimal [16-Bits]



                     0011    55 .equ Ent_erase_x,	17	;; x rendered at same buffer
                     0012    56 .equ Ent_last_y,	18	;; Last y rendered
                     0013    57 .equ Ent_erase_y,	19	;; y rendered at same buffer
                     0014    58 .equ Ent_state,		20	;; Entity enabled/disabled
                     0015    59 .equ Ent_sprite_H, 	21	;; Pointer to sprite, high part
                     0016    60 .equ Ent_sprite_L, 	22	;; Pointer to sprite, low part
                     0017    61 .equ Ent_id, 		23	;; Numeric ID
                             62 				;; Frisbee 	0
                             63 				;; Player1 	1
                             64 				;; Enemy1	2
                             65 
                     0003    66 .equ MAX_VEL_X, 3 
                     FFFFFFFD    67 .equ MIN_VEL_X, -3
                     0003    68 .equ MAX_VEL_Y, 3
                     FFFFFFFD    69 .equ MIN_VEL_Y, -3
ASxxxx Assembler V02.00 + NoICE + SDCC mods  (Zilog Z80 / Hitachi HD64180), page 4.
Hexadecimal [16-Bits]



                              5 .include "utility.h.s"
                              1 ;; ====================================
                              2 ;; ====================================
                              3 ;; INCLUDED CPCTELERA FUNCTIONS
                              4 ;; ====================================
                              5 ;; ====================================
                              6 .globl cpct_waitVSYNC_asm
                              7 .globl cpct_drawSolidBox_asm
                              8 .globl cpct_getScreenPtr_asm
                              9 .globl cpct_scanKeyboard_asm
                             10 .globl cpct_isKeyPressed_asm
                             11 .globl cpct_disableFirmware_asm
                             12 .globl cpct_setVideoMode_asm
                             13 .globl cpct_setPalette_asm
                             14 .globl cpct_memcpy_asm
                             15 .globl negateHL
                             16 .globl cpct_setVideoMemoryPage_asm
                             17 .globl cpct_akp_musicPlay_asm
                             18 .globl cpct_akp_stop_asm
                             19 .globl cpct_drawSprite_asm
ASxxxx Assembler V02.00 + NoICE + SDCC mods  (Zilog Z80 / Hitachi HD64180), page 5.
Hexadecimal [16-Bits]



                              6 .include "game.h.s"
                              1 ;; ====================================
                              2 ;; ====================================
                              3 ;; GAME PUBLIC FUNCTIONS
                              4 ;; ====================================
                              5 ;; ====================================
                              6 .globl gameStart
                              7 .globl getVideoPtr
                              8 .globl incTeam1Points
                              9 .globl incTeam2Points
                             10 .globl player_data
                             11 .globl enemy_data
                             12 .globl player_2_data
                             13 .globl enemy_2_data
                             14 .globl play_music	;; alomejor son privados
                             15 .globl stop_music	;; alomejor son privados
                             16 .globl game_data
                             17 
                             18 ;; ====================================
                             19 ;; ====================================
                             20 ;; GAME PUBLIC DATA
                             21 ;; ====================================
                             22 ;; ====================================
                     0050    23 .equ RIGHT_LIMIT,	80
                     0000    24 .equ LEFT_LIMIT,	0
                     0014    25 .equ TOP_LIMIT,	 	20
                     00C8    26 .equ BOTTOM_LIMIT,	200
                     0028    27 .equ CENTER_LIMIT,	40
ASxxxx Assembler V02.00 + NoICE + SDCC mods  (Zilog Z80 / Hitachi HD64180), page 6.
Hexadecimal [16-Bits]



                              7 
                              8 .globl _sprite_frisbee_1_0
                              9 .globl _sprite_frisbee_1_1
                             10 
                     001A    11 frisbee_size = 26		;; Size of frisbee structure
                     00D0    12 pos_min_vel = 0x00D0
                     FF30    13 neg_min_vel = 0xFF30
                             14 ;; ====================================
                             15 ;; ====================================
                             16 ;; PUBLIC DATA
                             17 ;; ====================================
                             18 ;; ====================================
                             19 
                     0018    20 .equ Frisbee_effect_I, 24
                     0019    21 .equ Frisbee_effect_F, 25
                     0008    22 .equ std_eff, 0x0008
                     FFF8    23 .equ std_N_eff, 0xFFF8
                             24 
                             25 
                             26 ;; .macro defineEntity name, x,y, h, w, vx, vy, ax, ay, normal, state, clr, id
                             27 
   0000                      28 defineEntity frisbee, #0x0027, #0x0054, #16, #4, #0x10FF, #0000, #0000, #0100, #0x0100, #1, #_sprite_frisbee_1_0, #0
   0000                       1 	frisbee_data::
   0000 27 00                 2 		frisbee_x:	.dw #0x0027		;; X coordinate			(16 bits)
   0002 54 00                 3 		frisbee_y:	.dw #0x0054		;; Y coordinate			(16 bits)
   0004 10                    4 		frisbee_h:	.db #16		;; Height			(8 bits)
   0005 04                    5 		frisbee_w:	.db #4		;; Width			(8 bits)
   0006 FF 10                 6 		frisbee_vx:	.dw #0x10FF		;; Velocity at X axis 		(16 bits)
   0008 00 00                 7 		frisbee_vy:	.dw #0000		;; Velocity at Y axis		(16 bits)
   000A 00 00                 8 		frisbee_ax:	.dw #0000		;; Acceleration at X axis	(16 bits)
   000C 64 00                 9 		frisbee_ay:	.dw #0100		;; Acceleration at Y axis	(16 bits)
   000E 00 01                10 		frisbee_normal:	.dw #0x0100	;; Normal force			(16 bits)
   0010 27                   11 		frisbee_last_x:	.db #0x0027		;; Last x rendered		(8 bits)
   0011 27                   12 		frisbee_erase_x:	.db #0x0027		;; x rendered at same buffer	(8 bits)
   0012 54                   13 		frisbee_last_y:	.db #0x0054		;; Last y rendered		(8 bits)
   0013 54                   14 		frisbee_erase_y:	.db #0x0054		;; y rendered at same buffer	(8 bits)
   0014 01                   15 		frisbee_state:	.db #1	;; Entity enabled/disabled	(8 bits)
   0015 00 00                16 		frisbee_sprite:	.dw #_sprite_frisbee_1_0	;; Entity sprite		(16 bits)
   0017 00                   17 		frisbee_id:	.db #0		;; Numeric ID			(8 bits)
   0018 FF F8                29 	frisbee_effect: .dw #0xF8FF									;; effect
                             30 
   001A                      31 defineEntity init, #0x0027, #0x0054, #16, #4, #0x10FF, #0000, #0000, #0000, #0x0100, #1, #_sprite_frisbee_1_0, #0
   001A                       1 	init_data::
   001A 27 00                 2 		init_x:	.dw #0x0027		;; X coordinate			(16 bits)
   001C 54 00                 3 		init_y:	.dw #0x0054		;; Y coordinate			(16 bits)
   001E 10                    4 		init_h:	.db #16		;; Height			(8 bits)
   001F 04                    5 		init_w:	.db #4		;; Width			(8 bits)
   0020 FF 10                 6 		init_vx:	.dw #0x10FF		;; Velocity at X axis 		(16 bits)
   0022 00 00                 7 		init_vy:	.dw #0000		;; Velocity at Y axis		(16 bits)
   0024 00 00                 8 		init_ax:	.dw #0000		;; Acceleration at X axis	(16 bits)
   0026 00 00                 9 		init_ay:	.dw #0000		;; Acceleration at Y axis	(16 bits)
   0028 00 01                10 		init_normal:	.dw #0x0100	;; Normal force			(16 bits)
   002A 27                   11 		init_last_x:	.db #0x0027		;; Last x rendered		(8 bits)
   002B 27                   12 		init_erase_x:	.db #0x0027		;; x rendered at same buffer	(8 bits)
   002C 54                   13 		init_last_y:	.db #0x0054		;; Last y rendered		(8 bits)
ASxxxx Assembler V02.00 + NoICE + SDCC mods  (Zilog Z80 / Hitachi HD64180), page 7.
Hexadecimal [16-Bits]



   002D 54                   14 		init_erase_y:	.db #0x0054		;; y rendered at same buffer	(8 bits)
   002E 01                   15 		init_state:	.db #1	;; Entity enabled/disabled	(8 bits)
   002F 00 00                16 		init_sprite:	.dw #_sprite_frisbee_1_0	;; Entity sprite		(16 bits)
   0031 00                   17 		init_id:	.db #0		;; Numeric ID			(8 bits)
   0032 FF F8                32 	init_effect: .dw #0xF8FF									;; effect
                             33 
                             34 
                             35 
                             36 ;; ====================================
                             37 ;; ====================================
                             38 ;; PRIVATE DATA
                             39 ;; ====================================
                             40 ;; ====================================
                             41 
                             42 
                             43 ;; ====================================
                             44 ;; ====================================
                             45 ;; PUBLIC FUNCTIONS
                             46 ;; ====================================
                             47 ;; ====================================
                             48 
                             49 ;; =========================================
                             50 ;; Desactiva el frisbee
                             51 ;; Modifica A
                             52 ;; =========================================
   0034                      53 frisbee_setOff::
   0034 3E 00         [ 7]   54 	ld 	a, #0
   0036 32 14 00      [13]   55 	ld 	(frisbee_state), a
   0039 C9            [10]   56 	ret
                             57 
                             58 ;; ================================================
                             59 ;; Reinicia los datos de la entidad recibida en ix
                             60 ;; Recibe:
                             61 ;; 	IX <= pointer to entity data
                             62 ;; Modifica: HL, IX
                             63 ;; ================================================
   003A                      64 frisbee_restart::
   003A DD 66 10      [19]   65 	ld	h, Ent_last_x(ix)	;; H <= last_x
   003D DD 6E 11      [19]   66 	ld	l, Ent_erase_x(ix)	;; L <= erase_x
   0040 E5            [11]   67 	push	hl			;; push last_x and erase_x
                             68 
   0041 DD 66 12      [19]   69 	ld	h, Ent_last_y(ix)	;; H <= last_y
   0044 DD 6E 13      [19]   70 	ld	l, Ent_erase_y(ix)	;; L <= erase_y
   0047 E5            [11]   71 	push	hl			;; push last_y and erase_y
                             72 
   0048 DD 54                73 	.dw	0x54DD			;; ld	d, ixh	undocumented opcodes
   004A DD 5D                74 	.dw	0x5DDD			;; ld	e, ixl	undocumented opcodes
   004C 21 1A 00      [10]   75 	ld	hl, #init_data
   004F 01 1A 00      [10]   76 	ld	bc, #frisbee_size
   0052 CD 00 00      [17]   77 	call cpct_memcpy_asm		;; Ititialize Frisbee
                             78 
   0055 E1            [10]   79 	pop	hl
   0056 DD 74 12      [19]   80 	ld	Ent_last_y(ix), h	;; last_y <= H
   0059 DD 75 13      [19]   81 	ld	Ent_erase_y(ix), l	;; erase_y <= L
                             82 
ASxxxx Assembler V02.00 + NoICE + SDCC mods  (Zilog Z80 / Hitachi HD64180), page 8.
Hexadecimal [16-Bits]



   005C E1            [10]   83 	pop	hl
   005D DD 74 10      [19]   84 	ld	Ent_last_x(ix), h	;; last_x <= H
   0060 DD 75 11      [19]   85 	ld	Ent_erase_x(ix), l	;; erase_x <= L
                             86 
   0063                      87 frisbee_erase::
   0063 DD 21 00 00   [14]   88 	ld 	ix, #frisbee_data
   0067 CD 00 00      [17]   89 	call entityErase		;; Pintar cuadrado azul fondo
                             90 
   006A C9            [10]   91 	ret
                             92 
                             93 
                             94 ;; ================================================
                             95 ;; Modifica el valor de la velocidad del frisbee
                             96 ;; 	en el eje X e Y, al recibido en HL y DE
                             97 ;;	Si la velocidad en el eje X es menor que 1
                             98 ;; 	la modifica a mínimo 1 (positivo y neg)
                             99 ;; Recibe:
                            100 ;;	 A <= entity ID
                            101 ;; 	HL <= X axis velocity
                            102 ;; 	DE <= Y axis velocity
                            103 ;; Modifica: A, HL, IX
                            104 ;; ================================================
   006B                     105 frisbee_setVelocities::
   006B DD 21 00 00   [14]  106 	ld 	ix, #frisbee_data
                            107 
   006F FE 01         [ 7]  108 	cp 	#1
   0071 28 12         [12]  109 	jr	z, player_1				;; Ent_id == 1?
                            110 		;; player 2
   0073 7C            [ 4]  111 		ld	a, h
   0074 FE 00         [ 7]  112 		cp 	#0
   0076 F2 80 00      [10]  113 		jp	p, less_than_minus_one		;; Is VX positive? 
                            114 
   0079 3E 01         [ 7]  115 		ld	a, #1
   007B BC            [ 4]  116 		cp	h
   007C 30 02         [12]  117 		jr	nc, less_than_minus_one
                            118 			;; vx greater than minus one
   007E 18 15         [12]  119 			jr set_vels
   0080                     120 		less_than_minus_one:
   0080 21 30 FF      [10]  121 			ld	hl, #neg_min_vel
   0083 18 10         [12]  122 			jr set_vels
   0085                     123 	negative_vx:
                            124 
   0085                     125 	player_1:
   0085 7C            [ 4]  126 		ld	a, h
   0086 FE 00         [ 7]  127 		cp 	#0
   0088 FA 92 00      [10]  128 		jp	m, less_than_one		;; Is VX negative? 
                            129 
   008B 7C            [ 4]  130 		ld	a, h
   008C FE 01         [ 7]  131 		cp	#1
   008E 38 02         [12]  132 		jr	c, less_than_one
                            133 			;; vx greater than one
   0090 18 03         [12]  134 			jr set_vels
   0092                     135 		less_than_one:
   0092 21 D0 00      [10]  136 			ld	hl, #pos_min_vel
                            137 
ASxxxx Assembler V02.00 + NoICE + SDCC mods  (Zilog Z80 / Hitachi HD64180), page 9.
Hexadecimal [16-Bits]



                            138 
   0095                     139 	set_vels:
   0095 DD 74 06      [19]  140 	ld 	Ent_vx_I(ix), h
   0098 DD 75 07      [19]  141 	ld 	Ent_vx_F(ix), l
   009B DD 72 08      [19]  142 	ld 	Ent_vy_I(ix), d
   009E DD 73 09      [19]  143 	ld 	Ent_vy_F(ix), e
   00A1 C9            [10]  144 	ret
                            145 
                            146 
                            147 
                            148 
                            149 ;; ===========================================
                            150 ;; Modifica el valor del efecto del frisbee
                            151 ;; 	al recibido en HL
                            152 ;; Recibe:
                            153 ;; 	HL <= Effect value
                            154 ;; ===========================================
   00A2                     155 frisbee_setEffect::
   00A2 DD 21 00 00   [14]  156 	ld 	ix, #frisbee_data
   00A6 DD 74 18      [19]  157 	ld 	Frisbee_effect_I(ix), h
   00A9 DD 75 19      [19]  158 	ld 	Frisbee_effect_F(ix), l
   00AC C9            [10]  159 	ret
                            160 
                            161 ;; =========================================
                            162 ;; Actualiza el estado del frisbee
                            163 ;; Modifica A
                            164 ;; =========================================
   00AD                     165 frisbee_update::
                            166 
   00AD 3A 14 00      [13]  167 	ld 	a, (frisbee_state)	;; A <= frisbee_state
   00B0 FE 01         [ 7]  168 	cp 	#1
   00B2 20 0E         [12]  169 	jr 	nz, not_active		;; A != 1?
                            170 	
                            171 		;; Active
   00B4 DD 21 00 00   [14]  172 		ld 	ix, #frisbee_data
   00B8 CD D0 00      [17]  173 		call frisbee_applyEffect 	
   00BB CD 00 00      [17]  174 		call entityUpdatePhysics
   00BE CD 00 00      [17]  175 		call entityUpdatePosition
   00C1 C9            [10]  176 		ret
                            177 
   00C2                     178 	not_active:
   00C2 3E 01         [ 7]  179 		ld 	a, #1
   00C4 32 14 00      [13]  180 		ld 	(frisbee_state), a
   00C7 C9            [10]  181 	ret
                            182 
   00C8                     183 frisbee_draw::
                            184 
   00C8 DD 21 00 00   [14]  185 	ld 	ix, #frisbee_data
   00CC CD 00 00      [17]  186 	call entityDraw 		;; Pintar cuadrado azul cian
                            187 
   00CF C9            [10]  188 	ret
                            189 	
                            190 ;; ====================================
                            191 ;; ====================================
                            192 ;; PRIVATE FUNCTIONS
ASxxxx Assembler V02.00 + NoICE + SDCC mods  (Zilog Z80 / Hitachi HD64180), page 10.
Hexadecimal [16-Bits]



                            193 ;; ====================================
                            194 ;; ====================================
                            195 
                            196 
                            197 ;; ===========================================
                            198 ;; Mueve el frisbee a la izquierda un píxel
                            199 ;; Recibe:
                            200 ;; 	IX <= Pointer to entity data
                            201 ;; Modifica A
                            202 ;; ===========================================
   00D0                     203 frisbee_applyEffect:
                            204 
                            205 	;; vy' = vy + ay
   00D0 DD 66 08      [19]  206 	ld 	h, Ent_vy_I(ix)
   00D3 DD 6E 09      [19]  207 	ld 	l, Ent_vy_F(ix)		;; HL <= ent_vy
   00D6 DD 56 18      [19]  208 	ld 	d, Frisbee_effect_I(ix)
   00D9 DD 5E 19      [19]  209 	ld 	e, Frisbee_effect_F(ix)	;; DE <= frisbee_effect
                            210 
   00DC 19            [11]  211 	add 	hl, de 			;; HL <= HL + DE (ent_vy + frisbee_effect)
                            212 
   00DD DD 74 08      [19]  213 	ld 	Ent_vy_I(ix), h
   00E0 DD 75 09      [19]  214 	ld 	Ent_vy_F(ix), l		;; Ent_vy <= HL
                            215 
   00E3 C9            [10]  216 	ret
                            217 
                            218 
                            219 ;; ===========================================
                            220 ;; Comprueba si el frisbee está en posición
                            221 ;;	de gol
                            222 ;; Recibe:
                            223 ;; 	IX <= Pointer to entity data
                            224 ;; Modifica A
                            225 ;; ===========================================
   00E4                     226 frisbee_checkGoal::
   00E4 DD 7E 00      [19]  227 	ld 	a, Ent_x_I(ix)		;; A <= Ent_x_I
   00E7 FE 00         [ 7]  228 	cp	#LEFT_LIMIT
   00E9 20 09         [12]  229 	jr	nz, no_left_goal	;; Ent_x != LEFT_LIMIT? no goal
                            230 		;; left goal
   00EB DD E5         [15]  231 		push ix
   00ED CD 00 00      [17]  232 		call incTeam2Points
   00F0 DD E1         [14]  233 		pop ix
   00F2 18 0E         [12]  234 		jr	goal
                            235 
   00F4                     236 	no_left_goal:
   00F4 DD 86 05      [19]  237 		add 	a, Ent_w(ix)		;; A <= Ent_x + Ent_w
   00F7 FE 50         [ 7]  238 		cp	#RIGHT_LIMIT
   00F9 20 0A         [12]  239 		jr	nz, no_right_goal	;; Ent_x + Ent_w != RIGHT_LIMIT? no goal
                            240 			;; right goal
   00FB DD E5         [15]  241 			push ix
   00FD CD 00 00      [17]  242 			call incTeam1Points
   0100 DD E1         [14]  243 			pop ix
   0102                     244 	goal:
   0102 CD 3A 00      [17]  245 		call frisbee_restart
                            246 
   0105                     247 	no_right_goal:
ASxxxx Assembler V02.00 + NoICE + SDCC mods  (Zilog Z80 / Hitachi HD64180), page 11.
Hexadecimal [16-Bits]



   0105 C9            [10]  248 	ret
