                              1 ;--------------------------------------------------------
                              2 ; File Created by SDCC : free open source ANSI-C Compiler
                              3 ; Version 3.6.8 #9946 (Linux)
                              4 ;--------------------------------------------------------
                              5 	.module frisbee_1
                              6 	.optsdcc -mz80
                              7 	
                              8 ;--------------------------------------------------------
                              9 ; Public variables in this module
                             10 ;--------------------------------------------------------
                             11 	.globl _sprite_frisbee_1_1
                             12 	.globl _sprite_frisbee_1_0
                             13 ;--------------------------------------------------------
                             14 ; special function registers
                             15 ;--------------------------------------------------------
                             16 ;--------------------------------------------------------
                             17 ; ram data
                             18 ;--------------------------------------------------------
                             19 	.area _DATA
                             20 ;--------------------------------------------------------
                             21 ; ram data
                             22 ;--------------------------------------------------------
                             23 	.area _INITIALIZED
                             24 ;--------------------------------------------------------
                             25 ; absolute external ram data
                             26 ;--------------------------------------------------------
                             27 	.area _DABS (ABS)
                             28 ;--------------------------------------------------------
                             29 ; global & static initialisations
                             30 ;--------------------------------------------------------
                             31 	.area _HOME
                             32 	.area _GSINIT
                             33 	.area _GSFINAL
                             34 	.area _GSINIT
                             35 ;--------------------------------------------------------
                             36 ; Home
                             37 ;--------------------------------------------------------
                             38 	.area _HOME
                             39 	.area _HOME
                             40 ;--------------------------------------------------------
                             41 ; code
                             42 ;--------------------------------------------------------
                             43 	.area _CODE
                             44 	.area _CODE
   0000                      45 _sprite_frisbee_1_0:
   0000 FC                   46 	.db #0xfc	; 252
   0001 FC                   47 	.db #0xfc	; 252
   0002 FC                   48 	.db #0xfc	; 252
   0003 FC                   49 	.db #0xfc	; 252
   0004 FC                   50 	.db #0xfc	; 252
   0005 FC                   51 	.db #0xfc	; 252
   0006 FC                   52 	.db #0xfc	; 252
   0007 FC                   53 	.db #0xfc	; 252
   0008 FC                   54 	.db #0xfc	; 252
   0009 FC                   55 	.db #0xfc	; 252
   000A FC                   56 	.db #0xfc	; 252
   000B FC                   57 	.db #0xfc	; 252
   000C FC                   58 	.db #0xfc	; 252
   000D A9                   59 	.db #0xa9	; 169
   000E 03                   60 	.db #0x03	; 3
   000F FC                   61 	.db #0xfc	; 252
   0010 FC                   62 	.db #0xfc	; 252
   0011 16                   63 	.db #0x16	; 22
   0012 3C                   64 	.db #0x3c	; 60
   0013 56                   65 	.db #0x56	; 86	'V'
   0014 FC                   66 	.db #0xfc	; 252
   0015 16                   67 	.db #0x16	; 22
   0016 16                   68 	.db #0x16	; 22
   0017 56                   69 	.db #0x56	; 86	'V'
   0018 FC                   70 	.db #0xfc	; 252
   0019 29                   71 	.db #0x29	; 41
   001A A9                   72 	.db #0xa9	; 169
   001B 7C                   73 	.db #0x7c	; 124
   001C FC                   74 	.db #0xfc	; 252
   001D 29                   75 	.db #0x29	; 41
   001E A9                   76 	.db #0xa9	; 169
   001F 7C                   77 	.db #0x7c	; 124
   0020 A9                   78 	.db #0xa9	; 169
   0021 7C                   79 	.db #0x7c	; 124
   0022 FC                   80 	.db #0xfc	; 252
   0023 29                   81 	.db #0x29	; 41
   0024 FC                   82 	.db #0xfc	; 252
   0025 29                   83 	.db #0x29	; 41
   0026 A9                   84 	.db #0xa9	; 169
   0027 7C                   85 	.db #0x7c	; 124
   0028 FC                   86 	.db #0xfc	; 252
   0029 29                   87 	.db #0x29	; 41
   002A A9                   88 	.db #0xa9	; 169
   002B 7C                   89 	.db #0x7c	; 124
   002C FC                   90 	.db #0xfc	; 252
   002D 16                   91 	.db #0x16	; 22
   002E 16                   92 	.db #0x16	; 22
   002F 56                   93 	.db #0x56	; 86	'V'
   0030 FC                   94 	.db #0xfc	; 252
   0031 16                   95 	.db #0x16	; 22
   0032 3C                   96 	.db #0x3c	; 60
   0033 56                   97 	.db #0x56	; 86	'V'
   0034 FC                   98 	.db #0xfc	; 252
   0035 A9                   99 	.db #0xa9	; 169
   0036 03                  100 	.db #0x03	; 3
   0037 FC                  101 	.db #0xfc	; 252
   0038 FC                  102 	.db #0xfc	; 252
   0039 FC                  103 	.db #0xfc	; 252
   003A FC                  104 	.db #0xfc	; 252
   003B FC                  105 	.db #0xfc	; 252
   003C FC                  106 	.db #0xfc	; 252
   003D FC                  107 	.db #0xfc	; 252
   003E FC                  108 	.db #0xfc	; 252
   003F FC                  109 	.db #0xfc	; 252
   0040                     110 _sprite_frisbee_1_1:
   0040 FC                  111 	.db #0xfc	; 252
   0041 FC                  112 	.db #0xfc	; 252
   0042 FC                  113 	.db #0xfc	; 252
   0043 FC                  114 	.db #0xfc	; 252
   0044 FC                  115 	.db #0xfc	; 252
   0045 FC                  116 	.db #0xfc	; 252
   0046 FC                  117 	.db #0xfc	; 252
   0047 FC                  118 	.db #0xfc	; 252
   0048 FC                  119 	.db #0xfc	; 252
   0049 FC                  120 	.db #0xfc	; 252
   004A FC                  121 	.db #0xfc	; 252
   004B FC                  122 	.db #0xfc	; 252
   004C FC                  123 	.db #0xfc	; 252
   004D A9                  124 	.db #0xa9	; 169
   004E 56                  125 	.db #0x56	; 86	'V'
   004F FC                  126 	.db #0xfc	; 252
   0050 FC                  127 	.db #0xfc	; 252
   0051 16                  128 	.db #0x16	; 22
   0052 29                  129 	.db #0x29	; 41
   0053 FC                  130 	.db #0xfc	; 252
   0054 A9                  131 	.db #0xa9	; 169
   0055 3C                  132 	.db #0x3c	; 60
   0056 3C                  133 	.db #0x3c	; 60
   0057 56                  134 	.db #0x56	; 86	'V'
   0058 A9                  135 	.db #0xa9	; 169
   0059 29                  136 	.db #0x29	; 41
   005A 16                  137 	.db #0x16	; 22
   005B 56                  138 	.db #0x56	; 86	'V'
   005C A9                  139 	.db #0xa9	; 169
   005D 7C                  140 	.db #0x7c	; 124
   005E BC                  141 	.db #0xbc	; 188
   005F 56                  142 	.db #0x56	; 86	'V'
   0060 A9                  143 	.db #0xa9	; 169
   0061 56                  144 	.db #0x56	; 86	'V'
   0062 A9                  145 	.db #0xa9	; 169
   0063 56                  146 	.db #0x56	; 86	'V'
   0064 A9                  147 	.db #0xa9	; 169
   0065 7C                  148 	.db #0x7c	; 124
   0066 BC                  149 	.db #0xbc	; 188
   0067 56                  150 	.db #0x56	; 86	'V'
   0068 A9                  151 	.db #0xa9	; 169
   0069 29                  152 	.db #0x29	; 41
   006A 16                  153 	.db #0x16	; 22
   006B 56                  154 	.db #0x56	; 86	'V'
   006C A9                  155 	.db #0xa9	; 169
   006D 3C                  156 	.db #0x3c	; 60
   006E 3C                  157 	.db #0x3c	; 60
   006F 56                  158 	.db #0x56	; 86	'V'
   0070 FC                  159 	.db #0xfc	; 252
   0071 16                  160 	.db #0x16	; 22
   0072 29                  161 	.db #0x29	; 41
   0073 FC                  162 	.db #0xfc	; 252
   0074 FC                  163 	.db #0xfc	; 252
   0075 A9                  164 	.db #0xa9	; 169
   0076 56                  165 	.db #0x56	; 86	'V'
   0077 FC                  166 	.db #0xfc	; 252
   0078 FC                  167 	.db #0xfc	; 252
   0079 FC                  168 	.db #0xfc	; 252
   007A FC                  169 	.db #0xfc	; 252
   007B FC                  170 	.db #0xfc	; 252
   007C FC                  171 	.db #0xfc	; 252
   007D FC                  172 	.db #0xfc	; 252
   007E FC                  173 	.db #0xfc	; 252
   007F FC                  174 	.db #0xfc	; 252
                            175 	.area _INITIALIZER
                            176 	.area _CABS (ABS)
