                              1 ;--------------------------------------------------------
                              2 ; File Created by SDCC : free open source ANSI-C Compiler
                              3 ; Version 3.5.5 #9498 (Linux)
                              4 ;--------------------------------------------------------
                              5 	.module mapamal
                              6 	.optsdcc -mz80
                              7 	
                              8 ;--------------------------------------------------------
                              9 ; Public variables in this module
                             10 ;--------------------------------------------------------
                             11 	.globl _tilemap
                             12 ;--------------------------------------------------------
                             13 ; special function registers
                             14 ;--------------------------------------------------------
                             15 ;--------------------------------------------------------
                             16 ; ram data
                             17 ;--------------------------------------------------------
                             18 	.area _DATA
                             19 ;--------------------------------------------------------
                             20 ; ram data
                             21 ;--------------------------------------------------------
                             22 	.area _INITIALIZED
                             23 ;--------------------------------------------------------
                             24 ; absolute external ram data
                             25 ;--------------------------------------------------------
                             26 	.area _DABS (ABS)
                             27 ;--------------------------------------------------------
                             28 ; global & static initialisations
                             29 ;--------------------------------------------------------
                             30 	.area _HOME
                             31 	.area _GSINIT
                             32 	.area _GSFINAL
                             33 	.area _GSINIT
                             34 ;--------------------------------------------------------
                             35 ; Home
                             36 ;--------------------------------------------------------
                             37 	.area _HOME
                             38 	.area _HOME
                             39 ;--------------------------------------------------------
                             40 ; code
                             41 ;--------------------------------------------------------
                             42 	.area _CODE
                             43 	.area _CODE
   0000                      44 _tilemap:
   0000 02                   45 	.db #0x02	; 2
   0001 DD                   46 	.db #0xDD	; 221
   0002 DD                   47 	.db #0xDD	; 221
   0003 9C                   48 	.db #0x9C	; 156
   0004 0A                   49 	.db #0x0A	; 10
   0005 DD                   50 	.db #0xDD	; 221
   0006 DD                   51 	.db #0xDD	; 221
   0007 9C                   52 	.db #0x9C	; 156
   0008 0A                   53 	.db #0x0A	; 10
   0009 DD                   54 	.db #0xDD	; 221
   000A DD                   55 	.db #0xDD	; 221
   000B 9C                   56 	.db #0x9C	; 156
   000C 0A                   57 	.db #0x0A	; 10
   000D DD                   58 	.db #0xDD	; 221
   000E DD                   59 	.db #0xDD	; 221
   000F 9C                   60 	.db #0x9C	; 156
   0010 0A                   61 	.db #0x0A	; 10
   0011 DD                   62 	.db #0xDD	; 221
   0012 DD                   63 	.db #0xDD	; 221
   0013 05                   64 	.db #0x05	; 5
   0014 06                   65 	.db #0x06	; 6
   0015 DD                   66 	.db #0xDD	; 221
   0016 DD                   67 	.db #0xDD	; 221
   0017 0C                   68 	.db #0x0C	; 12
   0018 0D                   69 	.db #0x0D	; 13
   0019 DD                   70 	.db #0xDD	; 221
   001A DD                   71 	.db #0xDD	; 221
   001B 0C                   72 	.db #0x0C	; 12
   001C 0D                   73 	.db #0x0D	; 13
   001D DD                   74 	.db #0xDD	; 221
   001E DD                   75 	.db #0xDD	; 221
   001F 12                   76 	.db #0x12	; 18
   0020 11                   77 	.db #0x11	; 17
   0021 DD                   78 	.db #0xDD	; 221
   0022 DD                   79 	.db #0xDD	; 221
   0023 12                   80 	.db #0x12	; 18
   0024 13                   81 	.db #0x13	; 19
   0025 DD                   82 	.db #0xDD	; 221
   0026 DD                   83 	.db #0xDD	; 221
   0027 15                   84 	.db #0x15	; 21
   0028 18                   85 	.db #0x18	; 24
   0029 19                   86 	.db #0x19	; 25
   002A 19                   87 	.db #0x19	; 25
   002B B2                   88 	.db #0xB2	; 178
   002C 20                   89 	.db #0x20	; 32
   002D 19                   90 	.db #0x19	; 25
   002E 19                   91 	.db #0x19	; 25
   002F B2                   92 	.db #0xB2	; 178
   0030 20                   93 	.db #0x20	; 32
   0031 19                   94 	.db #0x19	; 25
   0032 19                   95 	.db #0x19	; 25
   0033 B2                   96 	.db #0xB2	; 178
   0034 20                   97 	.db #0x20	; 32
   0035 19                   98 	.db #0x19	; 25
   0036 19                   99 	.db #0x19	; 25
   0037 B2                  100 	.db #0xB2	; 178
   0038 20                  101 	.db #0x20	; 32
   0039 19                  102 	.db #0x19	; 25
   003A 1A                  103 	.db #0x1A	; 26
   003B 1B                  104 	.db #0x1B	; 27
   003C 1C                  105 	.db #0x1C	; 28
   003D 1D                  106 	.db #0x1D	; 29
   003E 1E                  107 	.db #0x1E	; 30
   003F 22                  108 	.db #0x22	; 34
   0040 23                  109 	.db #0x23	; 35
   0041 24                  110 	.db #0x24	; 36
   0042 24                  111 	.db #0x24	; 36
   0043 22                  112 	.db #0x22	; 34
   0044 23                  113 	.db #0x23	; 35
   0045 24                  114 	.db #0x24	; 36
   0046 24                  115 	.db #0x24	; 36
   0047 25                  116 	.db #0x25	; 37
   0048 26                  117 	.db #0x26	; 38
   0049 27                  118 	.db #0x27	; 39
   004A 2A                  119 	.db #0x2A	; 42
   004B 28                  120 	.db #0x28	; 40
   004C 29                  121 	.db #0x29	; 41
   004D 2A                  122 	.db #0x2A	; 42
   004E 2A                  123 	.db #0x2A	; 42
   004F 2B                  124 	.db #0x2B	; 43
   0050 07                  125 	.db #0x07	; 7
   0051 03                  126 	.db #0x03	; 3
   0052 DA                  127 	.db #0xDA	; 218
   0053 DA                  128 	.db #0xDA	; 218
   0054 DA                  129 	.db #0xDA	; 218
   0055 DA                  130 	.db #0xDA	; 218
   0056 DA                  131 	.db #0xDA	; 218
   0057 DA                  132 	.db #0xDA	; 218
   0058 DA                  133 	.db #0xDA	; 218
   0059 DA                  134 	.db #0xDA	; 218
   005A DA                  135 	.db #0xDA	; 218
   005B DA                  136 	.db #0xDA	; 218
   005C DA                  137 	.db #0xDA	; 218
   005D DA                  138 	.db #0xDA	; 218
   005E DA                  139 	.db #0xDA	; 218
   005F DA                  140 	.db #0xDA	; 218
   0060 03                  141 	.db #0x03	; 3
   0061 DA                  142 	.db #0xDA	; 218
   0062 6C                  143 	.db #0x6C	; 108	'l'
   0063 5D                  144 	.db #0x5D	; 93
   0064 5E                  145 	.db #0x5E	; 94
   0065 82                  146 	.db #0x82	; 130
   0066 60                  147 	.db #0x60	; 96
   0067 B3                  148 	.db #0xB3	; 179
   0068 B3                  149 	.db #0xB3	; 179
   0069 B3                  150 	.db #0xB3	; 179
   006A B3                  151 	.db #0xB3	; 179
   006B B3                  152 	.db #0xB3	; 179
   006C B3                  153 	.db #0xB3	; 179
   006D B3                  154 	.db #0xB3	; 179
   006E B3                  155 	.db #0xB3	; 179
   006F B3                  156 	.db #0xB3	; 179
   0070 B3                  157 	.db #0xB3	; 179
   0071 4E                  158 	.db #0x4E	; 78	'N'
   0072 B1                  159 	.db #0xB1	; 177
   0073 B1                  160 	.db #0xB1	; 177
   0074 B1                  161 	.db #0xB1	; 177
   0075 B1                  162 	.db #0xB1	; 177
   0076 B1                  163 	.db #0xB1	; 177
   0077 54                  164 	.db #0x54	; 84	'T'
   0078 07                  165 	.db #0x07	; 7
   0079 DA                  166 	.db #0xDA	; 218
   007A DA                  167 	.db #0xDA	; 218
   007B DA                  168 	.db #0xDA	; 218
   007C DA                  169 	.db #0xDA	; 218
   007D DA                  170 	.db #0xDA	; 218
   007E DA                  171 	.db #0xDA	; 218
   007F DA                  172 	.db #0xDA	; 218
   0080 DA                  173 	.db #0xDA	; 218
   0081 DA                  174 	.db #0xDA	; 218
   0082 DA                  175 	.db #0xDA	; 218
   0083 DA                  176 	.db #0xDA	; 218
   0084 DA                  177 	.db #0xDA	; 218
   0085 DA                  178 	.db #0xDA	; 218
   0086 DA                  179 	.db #0xDA	; 218
   0087 DA                  180 	.db #0xDA	; 218
   0088 DA                  181 	.db #0xDA	; 218
   0089 DA                  182 	.db #0xDA	; 218
   008A 6B                  183 	.db #0x6B	; 107	'k'
   008B 31                  184 	.db #0x31	; 49	'1'
   008C 5E                  185 	.db #0x5E	; 94
   008D 82                  186 	.db #0x82	; 130
   008E 82                  187 	.db #0x82	; 130
   008F 4A                  188 	.db #0x4A	; 74	'J'
   0090 B3                  189 	.db #0xB3	; 179
   0091 B3                  190 	.db #0xB3	; 179
   0092 B3                  191 	.db #0xB3	; 179
   0093 B3                  192 	.db #0xB3	; 179
   0094 B3                  193 	.db #0xB3	; 179
   0095 B3                  194 	.db #0xB3	; 179
   0096 B3                  195 	.db #0xB3	; 179
   0097 B3                  196 	.db #0xB3	; 179
   0098 B3                  197 	.db #0xB3	; 179
   0099 64                  198 	.db #0x64	; 100	'd'
   009A B1                  199 	.db #0xB1	; 177
   009B B1                  200 	.db #0xB1	; 177
   009C B1                  201 	.db #0xB1	; 177
   009D B1                  202 	.db #0xB1	; 177
   009E B1                  203 	.db #0xB1	; 177
   009F 54                  204 	.db #0x54	; 84	'T'
   00A0 07                  205 	.db #0x07	; 7
   00A1 DA                  206 	.db #0xDA	; 218
   00A2 DA                  207 	.db #0xDA	; 218
   00A3 DA                  208 	.db #0xDA	; 218
   00A4 DA                  209 	.db #0xDA	; 218
   00A5 DA                  210 	.db #0xDA	; 218
   00A6 DA                  211 	.db #0xDA	; 218
   00A7 DA                  212 	.db #0xDA	; 218
   00A8 DA                  213 	.db #0xDA	; 218
   00A9 DA                  214 	.db #0xDA	; 218
   00AA DA                  215 	.db #0xDA	; 218
   00AB DA                  216 	.db #0xDA	; 218
   00AC DA                  217 	.db #0xDA	; 218
   00AD DA                  218 	.db #0xDA	; 218
   00AE DA                  219 	.db #0xDA	; 218
   00AF DA                  220 	.db #0xDA	; 218
   00B0 DA                  221 	.db #0xDA	; 218
   00B1 DA                  222 	.db #0xDA	; 218
   00B2 DA                  223 	.db #0xDA	; 218
   00B3 47                  224 	.db #0x47	; 71	'G'
   00B4 48                  225 	.db #0x48	; 72	'H'
   00B5 82                  226 	.db #0x82	; 130
   00B6 82                  227 	.db #0x82	; 130
   00B7 82                  228 	.db #0x82	; 130
   00B8 33                  229 	.db #0x33	; 51	'3'
   00B9 34                  230 	.db #0x34	; 52	'4'
   00BA 35                  231 	.db #0x35	; 53	'5'
   00BB 36                  232 	.db #0x36	; 54	'6'
   00BC 37                  233 	.db #0x37	; 55	'7'
   00BD 38                  234 	.db #0x38	; 56	'8'
   00BE 39                  235 	.db #0x39	; 57	'9'
   00BF 4D                  236 	.db #0x4D	; 77	'M'
   00C0 B3                  237 	.db #0xB3	; 179
   00C1 B3                  238 	.db #0xB3	; 179
   00C2 B1                  239 	.db #0xB1	; 177
   00C3 B1                  240 	.db #0xB1	; 177
   00C4 B1                  241 	.db #0xB1	; 177
   00C5 B1                  242 	.db #0xB1	; 177
   00C6 B1                  243 	.db #0xB1	; 177
   00C7 54                  244 	.db #0x54	; 84	'T'
   00C8 07                  245 	.db #0x07	; 7
   00C9 DA                  246 	.db #0xDA	; 218
   00CA DA                  247 	.db #0xDA	; 218
   00CB DA                  248 	.db #0xDA	; 218
   00CC DA                  249 	.db #0xDA	; 218
   00CD DA                  250 	.db #0xDA	; 218
   00CE 46                  251 	.db #0x46	; 70	'F'
   00CF DA                  252 	.db #0xDA	; 218
   00D0 DA                  253 	.db #0xDA	; 218
   00D1 DA                  254 	.db #0xDA	; 218
   00D2 DA                  255 	.db #0xDA	; 218
   00D3 DA                  256 	.db #0xDA	; 218
   00D4 DA                  257 	.db #0xDA	; 218
   00D5 DA                  258 	.db #0xDA	; 218
   00D6 DA                  259 	.db #0xDA	; 218
   00D7 DA                  260 	.db #0xDA	; 218
   00D8 DA                  261 	.db #0xDA	; 218
   00D9 DA                  262 	.db #0xDA	; 218
   00DA DA                  263 	.db #0xDA	; 218
   00DB 73                  264 	.db #0x73	; 115	's'
   00DC 74                  265 	.db #0x74	; 116	't'
   00DD 82                  266 	.db #0x82	; 130
   00DE 82                  267 	.db #0x82	; 130
   00DF 82                  268 	.db #0x82	; 130
   00E0 82                  269 	.db #0x82	; 130
   00E1 82                  270 	.db #0x82	; 130
   00E2 82                  271 	.db #0x82	; 130
   00E3 82                  272 	.db #0x82	; 130
   00E4 82                  273 	.db #0x82	; 130
   00E5 82                  274 	.db #0x82	; 130
   00E6 82                  275 	.db #0x82	; 130
   00E7 77                  276 	.db #0x77	; 119	'w'
   00E8 3A                  277 	.db #0x3A	; 58
   00E9 B3                  278 	.db #0xB3	; 179
   00EA 5A                  279 	.db #0x5A	; 90	'Z'
   00EB B1                  280 	.db #0xB1	; 177
   00EC B1                  281 	.db #0xB1	; 177
   00ED B1                  282 	.db #0xB1	; 177
   00EE B1                  283 	.db #0xB1	; 177
   00EF 54                  284 	.db #0x54	; 84	'T'
   00F0 07                  285 	.db #0x07	; 7
   00F1 DA                  286 	.db #0xDA	; 218
   00F2 DA                  287 	.db #0xDA	; 218
   00F3 DA                  288 	.db #0xDA	; 218
   00F4 DA                  289 	.db #0xDA	; 218
   00F5 DA                  290 	.db #0xDA	; 218
   00F6 5C                  291 	.db #0x5C	; 92
   00F7 DA                  292 	.db #0xDA	; 218
   00F8 DA                  293 	.db #0xDA	; 218
   00F9 DA                  294 	.db #0xDA	; 218
   00FA DA                  295 	.db #0xDA	; 218
   00FB DA                  296 	.db #0xDA	; 218
   00FC DA                  297 	.db #0xDA	; 218
   00FD DA                  298 	.db #0xDA	; 218
   00FE DA                  299 	.db #0xDA	; 218
   00FF DA                  300 	.db #0xDA	; 218
   0100 DA                  301 	.db #0xDA	; 218
   0101 DA                  302 	.db #0xDA	; 218
   0102 DA                  303 	.db #0xDA	; 218
   0103 89                  304 	.db #0x89	; 137
   0104 8A                  305 	.db #0x8A	; 138
   0105 82                  306 	.db #0x82	; 130
   0106 82                  307 	.db #0x82	; 130
   0107 82                  308 	.db #0x82	; 130
   0108 82                  309 	.db #0x82	; 130
   0109 82                  310 	.db #0x82	; 130
   010A 82                  311 	.db #0x82	; 130
   010B 3D                  312 	.db #0x3D	; 61
   010C 3E                  313 	.db #0x3E	; 62
   010D 6A                  314 	.db #0x6A	; 106	'j'
   010E 3F                  315 	.db #0x3F	; 63
   010F 40                  316 	.db #0x40	; 64
   0110 45                  317 	.db #0x45	; 69	'E'
   0111 B3                  318 	.db #0xB3	; 179
   0112 70                  319 	.db #0x70	; 112	'p'
   0113 B1                  320 	.db #0xB1	; 177
   0114 B1                  321 	.db #0xB1	; 177
   0115 B1                  322 	.db #0xB1	; 177
   0116 B1                  323 	.db #0xB1	; 177
   0117 54                  324 	.db #0x54	; 84	'T'
   0118 07                  325 	.db #0x07	; 7
   0119 DA                  326 	.db #0xDA	; 218
   011A DA                  327 	.db #0xDA	; 218
   011B DA                  328 	.db #0xDA	; 218
   011C DA                  329 	.db #0xDA	; 218
   011D DA                  330 	.db #0xDA	; 218
   011E DA                  331 	.db #0xDA	; 218
   011F DA                  332 	.db #0xDA	; 218
   0120 DA                  333 	.db #0xDA	; 218
   0121 DA                  334 	.db #0xDA	; 218
   0122 DA                  335 	.db #0xDA	; 218
   0123 DA                  336 	.db #0xDA	; 218
   0124 DA                  337 	.db #0xDA	; 218
   0125 DA                  338 	.db #0xDA	; 218
   0126 03                  339 	.db #0x03	; 3
   0127 DA                  340 	.db #0xDA	; 218
   0128 DA                  341 	.db #0xDA	; 218
   0129 DA                  342 	.db #0xDA	; 218
   012A DA                  343 	.db #0xDA	; 218
   012B 9F                  344 	.db #0x9F	; 159
   012C A0                  345 	.db #0xA0	; 160
   012D 69                  346 	.db #0x69	; 105	'i'
   012E 82                  347 	.db #0x82	; 130
   012F 82                  348 	.db #0x82	; 130
   0130 51                  349 	.db #0x51	; 81	'Q'
   0131 52                  350 	.db #0x52	; 82	'R'
   0132 53                  351 	.db #0x53	; 83	'S'
   0133 DA                  352 	.db #0xDA	; 218
   0134 DA                  353 	.db #0xDA	; 218
   0135 DA                  354 	.db #0xDA	; 218
   0136 DA                  355 	.db #0xDA	; 218
   0137 56                  356 	.db #0x56	; 86	'V'
   0138 60                  357 	.db #0x60	; 96
   0139 B3                  358 	.db #0xB3	; 179
   013A 64                  359 	.db #0x64	; 100	'd'
   013B B1                  360 	.db #0xB1	; 177
   013C B1                  361 	.db #0xB1	; 177
   013D B1                  362 	.db #0xB1	; 177
   013E B1                  363 	.db #0xB1	; 177
   013F 4F                  364 	.db #0x4F	; 79	'O'
   0140 07                  365 	.db #0x07	; 7
   0141 DA                  366 	.db #0xDA	; 218
   0142 DA                  367 	.db #0xDA	; 218
   0143 DA                  368 	.db #0xDA	; 218
   0144 DA                  369 	.db #0xDA	; 218
   0145 DA                  370 	.db #0xDA	; 218
   0146 DA                  371 	.db #0xDA	; 218
   0147 DA                  372 	.db #0xDA	; 218
   0148 DA                  373 	.db #0xDA	; 218
   0149 DA                  374 	.db #0xDA	; 218
   014A DA                  375 	.db #0xDA	; 218
   014B DA                  376 	.db #0xDA	; 218
   014C DA                  377 	.db #0xDA	; 218
   014D DA                  378 	.db #0xDA	; 218
   014E DA                  379 	.db #0xDA	; 218
   014F DA                  380 	.db #0xDA	; 218
   0150 DA                  381 	.db #0xDA	; 218
   0151 DA                  382 	.db #0xDA	; 218
   0152 DA                  383 	.db #0xDA	; 218
   0153 75                  384 	.db #0x75	; 117	'u'
   0154 76                  385 	.db #0x76	; 118	'v'
   0155 DA                  386 	.db #0xDA	; 218
   0156 DA                  387 	.db #0xDA	; 218
   0157 DA                  388 	.db #0xDA	; 218
   0158 DA                  389 	.db #0xDA	; 218
   0159 DA                  390 	.db #0xDA	; 218
   015A DA                  391 	.db #0xDA	; 218
   015B DA                  392 	.db #0xDA	; 218
   015C DA                  393 	.db #0xDA	; 218
   015D DA                  394 	.db #0xDA	; 218
   015E DA                  395 	.db #0xDA	; 218
   015F DA                  396 	.db #0xDA	; 218
   0160 41                  397 	.db #0x41	; 65	'A'
   0161 45                  398 	.db #0x45	; 69	'E'
   0162 B3                  399 	.db #0xB3	; 179
   0163 3C                  400 	.db #0x3C	; 60
   0164 B1                  401 	.db #0xB1	; 177
   0165 B1                  402 	.db #0xB1	; 177
   0166 14                  403 	.db #0x14	; 20
   0167 65                  404 	.db #0x65	; 101	'e'
   0168 07                  405 	.db #0x07	; 7
   0169 DA                  406 	.db #0xDA	; 218
   016A DA                  407 	.db #0xDA	; 218
   016B DA                  408 	.db #0xDA	; 218
   016C DA                  409 	.db #0xDA	; 218
   016D DA                  410 	.db #0xDA	; 218
   016E DA                  411 	.db #0xDA	; 218
   016F DA                  412 	.db #0xDA	; 218
   0170 DA                  413 	.db #0xDA	; 218
   0171 DA                  414 	.db #0xDA	; 218
   0172 DA                  415 	.db #0xDA	; 218
   0173 DA                  416 	.db #0xDA	; 218
   0174 DA                  417 	.db #0xDA	; 218
   0175 DA                  418 	.db #0xDA	; 218
   0176 DA                  419 	.db #0xDA	; 218
   0177 DA                  420 	.db #0xDA	; 218
   0178 DA                  421 	.db #0xDA	; 218
   0179 DA                  422 	.db #0xDA	; 218
   017A DA                  423 	.db #0xDA	; 218
   017B 8B                  424 	.db #0x8B	; 139
   017C 8C                  425 	.db #0x8C	; 140
   017D DA                  426 	.db #0xDA	; 218
   017E DA                  427 	.db #0xDA	; 218
   017F DA                  428 	.db #0xDA	; 218
   0180 DA                  429 	.db #0xDA	; 218
   0181 DA                  430 	.db #0xDA	; 218
   0182 DA                  431 	.db #0xDA	; 218
   0183 DA                  432 	.db #0xDA	; 218
   0184 DA                  433 	.db #0xDA	; 218
   0185 DA                  434 	.db #0xDA	; 218
   0186 DA                  435 	.db #0xDA	; 218
   0187 DA                  436 	.db #0xDA	; 218
   0188 57                  437 	.db #0x57	; 87	'W'
   0189 5B                  438 	.db #0x5B	; 91
   018A B3                  439 	.db #0xB3	; 179
   018B B3                  440 	.db #0xB3	; 179
   018C 0E                  441 	.db #0x0E	; 14
   018D 0F                  442 	.db #0x0F	; 15
   018E B3                  443 	.db #0xB3	; 179
   018F 72                  444 	.db #0x72	; 114	'r'
   0190 07                  445 	.db #0x07	; 7
   0191 DA                  446 	.db #0xDA	; 218
   0192 DA                  447 	.db #0xDA	; 218
   0193 DA                  448 	.db #0xDA	; 218
   0194 DA                  449 	.db #0xDA	; 218
   0195 DA                  450 	.db #0xDA	; 218
   0196 DA                  451 	.db #0xDA	; 218
   0197 DA                  452 	.db #0xDA	; 218
   0198 DA                  453 	.db #0xDA	; 218
   0199 DA                  454 	.db #0xDA	; 218
   019A DA                  455 	.db #0xDA	; 218
   019B DA                  456 	.db #0xDA	; 218
   019C DA                  457 	.db #0xDA	; 218
   019D DA                  458 	.db #0xDA	; 218
   019E DA                  459 	.db #0xDA	; 218
   019F DA                  460 	.db #0xDA	; 218
   01A0 DA                  461 	.db #0xDA	; 218
   01A1 DA                  462 	.db #0xDA	; 218
   01A2 DA                  463 	.db #0xDA	; 218
   01A3 A1                  464 	.db #0xA1	; 161
   01A4 A2                  465 	.db #0xA2	; 162
   01A5 DA                  466 	.db #0xDA	; 218
   01A6 DA                  467 	.db #0xDA	; 218
   01A7 DA                  468 	.db #0xDA	; 218
   01A8 DA                  469 	.db #0xDA	; 218
   01A9 DA                  470 	.db #0xDA	; 218
   01AA DA                  471 	.db #0xDA	; 218
   01AB DA                  472 	.db #0xDA	; 218
   01AC DA                  473 	.db #0xDA	; 218
   01AD DA                  474 	.db #0xDA	; 218
   01AE 46                  475 	.db #0x46	; 70	'F'
   01AF DA                  476 	.db #0xDA	; 218
   01B0 55                  477 	.db #0x55	; 85	'U'
   01B1 71                  478 	.db #0x71	; 113	'q'
   01B2 B3                  479 	.db #0xB3	; 179
   01B3 B3                  480 	.db #0xB3	; 179
   01B4 B3                  481 	.db #0xB3	; 179
   01B5 B3                  482 	.db #0xB3	; 179
   01B6 B3                  483 	.db #0xB3	; 179
   01B7 72                  484 	.db #0x72	; 114	'r'
   01B8 07                  485 	.db #0x07	; 7
   01B9 DA                  486 	.db #0xDA	; 218
   01BA DA                  487 	.db #0xDA	; 218
   01BB DA                  488 	.db #0xDA	; 218
   01BC DA                  489 	.db #0xDA	; 218
   01BD DA                  490 	.db #0xDA	; 218
   01BE DA                  491 	.db #0xDA	; 218
   01BF DA                  492 	.db #0xDA	; 218
   01C0 DA                  493 	.db #0xDA	; 218
   01C1 DA                  494 	.db #0xDA	; 218
   01C2 DA                  495 	.db #0xDA	; 218
   01C3 DA                  496 	.db #0xDA	; 218
   01C4 DA                  497 	.db #0xDA	; 218
   01C5 DA                  498 	.db #0xDA	; 218
   01C6 DA                  499 	.db #0xDA	; 218
   01C7 DA                  500 	.db #0xDA	; 218
   01C8 DA                  501 	.db #0xDA	; 218
   01C9 DA                  502 	.db #0xDA	; 218
   01CA DA                  503 	.db #0xDA	; 218
   01CB 9F                  504 	.db #0x9F	; 159
   01CC A2                  505 	.db #0xA2	; 162
   01CD DA                  506 	.db #0xDA	; 218
   01CE DA                  507 	.db #0xDA	; 218
   01CF DA                  508 	.db #0xDA	; 218
   01D0 DA                  509 	.db #0xDA	; 218
   01D1 DA                  510 	.db #0xDA	; 218
   01D2 DA                  511 	.db #0xDA	; 218
   01D3 DA                  512 	.db #0xDA	; 218
   01D4 DA                  513 	.db #0xDA	; 218
   01D5 DA                  514 	.db #0xDA	; 218
   01D6 5C                  515 	.db #0x5C	; 92
   01D7 DA                  516 	.db #0xDA	; 218
   01D8 55                  517 	.db #0x55	; 85	'U'
   01D9 87                  518 	.db #0x87	; 135
   01DA B3                  519 	.db #0xB3	; 179
   01DB B3                  520 	.db #0xB3	; 179
   01DC B3                  521 	.db #0xB3	; 179
   01DD B3                  522 	.db #0xB3	; 179
   01DE B3                  523 	.db #0xB3	; 179
   01DF 72                  524 	.db #0x72	; 114	'r'
   01E0 07                  525 	.db #0x07	; 7
   01E1 DA                  526 	.db #0xDA	; 218
   01E2 DA                  527 	.db #0xDA	; 218
   01E3 DA                  528 	.db #0xDA	; 218
   01E4 DA                  529 	.db #0xDA	; 218
   01E5 DA                  530 	.db #0xDA	; 218
   01E6 DA                  531 	.db #0xDA	; 218
   01E7 0B                  532 	.db #0x0B	; 11
   01E8 DA                  533 	.db #0xDA	; 218
   01E9 DA                  534 	.db #0xDA	; 218
   01EA DA                  535 	.db #0xDA	; 218
   01EB DA                  536 	.db #0xDA	; 218
   01EC DA                  537 	.db #0xDA	; 218
   01ED DA                  538 	.db #0xDA	; 218
   01EE DA                  539 	.db #0xDA	; 218
   01EF DA                  540 	.db #0xDA	; 218
   01F0 DA                  541 	.db #0xDA	; 218
   01F1 DA                  542 	.db #0xDA	; 218
   01F2 DA                  543 	.db #0xDA	; 218
   01F3 75                  544 	.db #0x75	; 117	'u'
   01F4 76                  545 	.db #0x76	; 118	'v'
   01F5 DA                  546 	.db #0xDA	; 218
   01F6 DA                  547 	.db #0xDA	; 218
   01F7 DA                  548 	.db #0xDA	; 218
   01F8 DA                  549 	.db #0xDA	; 218
   01F9 DA                  550 	.db #0xDA	; 218
   01FA DA                  551 	.db #0xDA	; 218
   01FB DA                  552 	.db #0xDA	; 218
   01FC DA                  553 	.db #0xDA	; 218
   01FD DA                  554 	.db #0xDA	; 218
   01FE DA                  555 	.db #0xDA	; 218
   01FF DA                  556 	.db #0xDA	; 218
   0200 55                  557 	.db #0x55	; 85	'U'
   0201 87                  558 	.db #0x87	; 135
   0202 B3                  559 	.db #0xB3	; 179
   0203 B3                  560 	.db #0xB3	; 179
   0204 B3                  561 	.db #0xB3	; 179
   0205 B3                  562 	.db #0xB3	; 179
   0206 B3                  563 	.db #0xB3	; 179
   0207 72                  564 	.db #0x72	; 114	'r'
   0208 07                  565 	.db #0x07	; 7
   0209 DA                  566 	.db #0xDA	; 218
   020A DA                  567 	.db #0xDA	; 218
   020B DA                  568 	.db #0xDA	; 218
   020C DA                  569 	.db #0xDA	; 218
   020D DA                  570 	.db #0xDA	; 218
   020E DA                  571 	.db #0xDA	; 218
   020F DA                  572 	.db #0xDA	; 218
   0210 DA                  573 	.db #0xDA	; 218
   0211 DA                  574 	.db #0xDA	; 218
   0212 DA                  575 	.db #0xDA	; 218
   0213 DA                  576 	.db #0xDA	; 218
   0214 DA                  577 	.db #0xDA	; 218
   0215 DA                  578 	.db #0xDA	; 218
   0216 DA                  579 	.db #0xDA	; 218
   0217 DA                  580 	.db #0xDA	; 218
   0218 DA                  581 	.db #0xDA	; 218
   0219 DA                  582 	.db #0xDA	; 218
   021A DA                  583 	.db #0xDA	; 218
   021B 8B                  584 	.db #0x8B	; 139
   021C 8C                  585 	.db #0x8C	; 140
   021D DA                  586 	.db #0xDA	; 218
   021E DA                  587 	.db #0xDA	; 218
   021F DA                  588 	.db #0xDA	; 218
   0220 DA                  589 	.db #0xDA	; 218
   0221 DA                  590 	.db #0xDA	; 218
   0222 DA                  591 	.db #0xDA	; 218
   0223 DA                  592 	.db #0xDA	; 218
   0224 DA                  593 	.db #0xDA	; 218
   0225 DA                  594 	.db #0xDA	; 218
   0226 DA                  595 	.db #0xDA	; 218
   0227 DA                  596 	.db #0xDA	; 218
   0228 55                  597 	.db #0x55	; 85	'U'
   0229 87                  598 	.db #0x87	; 135
   022A B3                  599 	.db #0xB3	; 179
   022B B3                  600 	.db #0xB3	; 179
   022C B3                  601 	.db #0xB3	; 179
   022D B3                  602 	.db #0xB3	; 179
   022E B3                  603 	.db #0xB3	; 179
   022F 72                  604 	.db #0x72	; 114	'r'
   0230 07                  605 	.db #0x07	; 7
   0231 04                  606 	.db #0x04	; 4
   0232 DA                  607 	.db #0xDA	; 218
   0233 DA                  608 	.db #0xDA	; 218
   0234 DA                  609 	.db #0xDA	; 218
   0235 DA                  610 	.db #0xDA	; 218
   0236 DA                  611 	.db #0xDA	; 218
   0237 DA                  612 	.db #0xDA	; 218
   0238 DA                  613 	.db #0xDA	; 218
   0239 DA                  614 	.db #0xDA	; 218
   023A DA                  615 	.db #0xDA	; 218
   023B DA                  616 	.db #0xDA	; 218
   023C DA                  617 	.db #0xDA	; 218
   023D DA                  618 	.db #0xDA	; 218
   023E DA                  619 	.db #0xDA	; 218
   023F DA                  620 	.db #0xDA	; 218
   0240 DA                  621 	.db #0xDA	; 218
   0241 DA                  622 	.db #0xDA	; 218
   0242 DA                  623 	.db #0xDA	; 218
   0243 A1                  624 	.db #0xA1	; 161
   0244 A2                  625 	.db #0xA2	; 162
   0245 04                  626 	.db #0x04	; 4
   0246 DA                  627 	.db #0xDA	; 218
   0247 DA                  628 	.db #0xDA	; 218
   0248 DA                  629 	.db #0xDA	; 218
   0249 DA                  630 	.db #0xDA	; 218
   024A DA                  631 	.db #0xDA	; 218
   024B DA                  632 	.db #0xDA	; 218
   024C DA                  633 	.db #0xDA	; 218
   024D DA                  634 	.db #0xDA	; 218
   024E DA                  635 	.db #0xDA	; 218
   024F DA                  636 	.db #0xDA	; 218
   0250 55                  637 	.db #0x55	; 85	'U'
   0251 82                  638 	.db #0x82	; 130
   0252 B3                  639 	.db #0xB3	; 179
   0253 B3                  640 	.db #0xB3	; 179
   0254 B3                  641 	.db #0xB3	; 179
   0255 B3                  642 	.db #0xB3	; 179
   0256 B3                  643 	.db #0xB3	; 179
   0257 72                  644 	.db #0x72	; 114	'r'
   0258 07                  645 	.db #0x07	; 7
   0259 DA                  646 	.db #0xDA	; 218
   025A DA                  647 	.db #0xDA	; 218
   025B DA                  648 	.db #0xDA	; 218
   025C DA                  649 	.db #0xDA	; 218
   025D DA                  650 	.db #0xDA	; 218
   025E DA                  651 	.db #0xDA	; 218
   025F DA                  652 	.db #0xDA	; 218
   0260 DA                  653 	.db #0xDA	; 218
   0261 DA                  654 	.db #0xDA	; 218
   0262 DA                  655 	.db #0xDA	; 218
   0263 DA                  656 	.db #0xDA	; 218
   0264 DA                  657 	.db #0xDA	; 218
   0265 03                  658 	.db #0x03	; 3
   0266 DA                  659 	.db #0xDA	; 218
   0267 DA                  660 	.db #0xDA	; 218
   0268 DA                  661 	.db #0xDA	; 218
   0269 DA                  662 	.db #0xDA	; 218
   026A DA                  663 	.db #0xDA	; 218
   026B 75                  664 	.db #0x75	; 117	'u'
   026C 76                  665 	.db #0x76	; 118	'v'
   026D DA                  666 	.db #0xDA	; 218
   026E DA                  667 	.db #0xDA	; 218
   026F DA                  668 	.db #0xDA	; 218
   0270 DA                  669 	.db #0xDA	; 218
   0271 DA                  670 	.db #0xDA	; 218
   0272 DA                  671 	.db #0xDA	; 218
   0273 DA                  672 	.db #0xDA	; 218
   0274 DA                  673 	.db #0xDA	; 218
   0275 DA                  674 	.db #0xDA	; 218
   0276 DA                  675 	.db #0xDA	; 218
   0277 DA                  676 	.db #0xDA	; 218
   0278 55                  677 	.db #0x55	; 85	'U'
   0279 82                  678 	.db #0x82	; 130
   027A 49                  679 	.db #0x49	; 73	'I'
   027B B3                  680 	.db #0xB3	; 179
   027C B3                  681 	.db #0xB3	; 179
   027D B3                  682 	.db #0xB3	; 179
   027E B3                  683 	.db #0xB3	; 179
   027F 88                  684 	.db #0x88	; 136
   0280 07                  685 	.db #0x07	; 7
   0281 DA                  686 	.db #0xDA	; 218
   0282 09                  687 	.db #0x09	; 9
   0283 09                  688 	.db #0x09	; 9
   0284 09                  689 	.db #0x09	; 9
   0285 DA                  690 	.db #0xDA	; 218
   0286 DA                  691 	.db #0xDA	; 218
   0287 DA                  692 	.db #0xDA	; 218
   0288 DA                  693 	.db #0xDA	; 218
   0289 DA                  694 	.db #0xDA	; 218
   028A DA                  695 	.db #0xDA	; 218
   028B DA                  696 	.db #0xDA	; 218
   028C DA                  697 	.db #0xDA	; 218
   028D DA                  698 	.db #0xDA	; 218
   028E DA                  699 	.db #0xDA	; 218
   028F DA                  700 	.db #0xDA	; 218
   0290 DA                  701 	.db #0xDA	; 218
   0291 DA                  702 	.db #0xDA	; 218
   0292 DA                  703 	.db #0xDA	; 218
   0293 8B                  704 	.db #0x8B	; 139
   0294 8C                  705 	.db #0x8C	; 140
   0295 DA                  706 	.db #0xDA	; 218
   0296 DA                  707 	.db #0xDA	; 218
   0297 DA                  708 	.db #0xDA	; 218
   0298 DA                  709 	.db #0xDA	; 218
   0299 DA                  710 	.db #0xDA	; 218
   029A DA                  711 	.db #0xDA	; 218
   029B DA                  712 	.db #0xDA	; 218
   029C DA                  713 	.db #0xDA	; 218
   029D DA                  714 	.db #0xDA	; 218
   029E DA                  715 	.db #0xDA	; 218
   029F DA                  716 	.db #0xDA	; 218
   02A0 6B                  717 	.db #0x6B	; 107	'k'
   02A1 82                  718 	.db #0x82	; 130
   02A2 5F                  719 	.db #0x5F	; 95
   02A3 B3                  720 	.db #0xB3	; 179
   02A4 B3                  721 	.db #0xB3	; 179
   02A5 B3                  722 	.db #0xB3	; 179
   02A6 B3                  723 	.db #0xB3	; 179
   02A7 9E                  724 	.db #0x9E	; 158
   02A8 07                  725 	.db #0x07	; 7
   02A9 C3                  726 	.db #0xC3	; 195
   02AA D6                  727 	.db #0xD6	; 214
   02AB D6                  728 	.db #0xD6	; 214
   02AC D6                  729 	.db #0xD6	; 214
   02AD 80                  730 	.db #0x80	; 128
   02AE DA                  731 	.db #0xDA	; 218
   02AF DA                  732 	.db #0xDA	; 218
   02B0 DA                  733 	.db #0xDA	; 218
   02B1 DA                  734 	.db #0xDA	; 218
   02B2 DA                  735 	.db #0xDA	; 218
   02B3 DA                  736 	.db #0xDA	; 218
   02B4 DA                  737 	.db #0xDA	; 218
   02B5 DA                  738 	.db #0xDA	; 218
   02B6 DA                  739 	.db #0xDA	; 218
   02B7 DA                  740 	.db #0xDA	; 218
   02B8 DA                  741 	.db #0xDA	; 218
   02B9 DA                  742 	.db #0xDA	; 218
   02BA DA                  743 	.db #0xDA	; 218
   02BB A1                  744 	.db #0xA1	; 161
   02BC A2                  745 	.db #0xA2	; 162
   02BD DA                  746 	.db #0xDA	; 218
   02BE DA                  747 	.db #0xDA	; 218
   02BF DA                  748 	.db #0xDA	; 218
   02C0 DA                  749 	.db #0xDA	; 218
   02C1 DA                  750 	.db #0xDA	; 218
   02C2 0B                  751 	.db #0x0B	; 11
   02C3 DA                  752 	.db #0xDA	; 218
   02C4 DA                  753 	.db #0xDA	; 218
   02C5 DA                  754 	.db #0xDA	; 218
   02C6 DA                  755 	.db #0xDA	; 218
   02C7 DA                  756 	.db #0xDA	; 218
   02C8 DA                  757 	.db #0xDA	; 218
   02C9 6C                  758 	.db #0x6C	; 108	'l'
   02CA 82                  759 	.db #0x82	; 130
   02CB 4A                  760 	.db #0x4A	; 74	'J'
   02CC B3                  761 	.db #0xB3	; 179
   02CD B3                  762 	.db #0xB3	; 179
   02CE 8D                  763 	.db #0x8D	; 141
   02CF 99                  764 	.db #0x99	; 153
   02D0 4C                  765 	.db #0x4C	; 76	'L'
   02D1 1F                  766 	.db #0x1F	; 31
   02D2 7B                  767 	.db #0x7B	; 123
   02D3 78                  768 	.db #0x78	; 120	'x'
   02D4 79                  769 	.db #0x79	; 121	'y'
   02D5 D6                  770 	.db #0xD6	; 214
   02D6 80                  771 	.db #0x80	; 128
   02D7 DA                  772 	.db #0xDA	; 218
   02D8 DA                  773 	.db #0xDA	; 218
   02D9 DA                  774 	.db #0xDA	; 218
   02DA DA                  775 	.db #0xDA	; 218
   02DB DA                  776 	.db #0xDA	; 218
   02DC DA                  777 	.db #0xDA	; 218
   02DD DA                  778 	.db #0xDA	; 218
   02DE DA                  779 	.db #0xDA	; 218
   02DF DA                  780 	.db #0xDA	; 218
   02E0 DA                  781 	.db #0xDA	; 218
   02E1 DA                  782 	.db #0xDA	; 218
   02E2 DA                  783 	.db #0xDA	; 218
   02E3 75                  784 	.db #0x75	; 117	'u'
   02E4 76                  785 	.db #0x76	; 118	'v'
   02E5 DA                  786 	.db #0xDA	; 218
   02E6 DA                  787 	.db #0xDA	; 218
   02E7 DA                  788 	.db #0xDA	; 218
   02E8 DA                  789 	.db #0xDA	; 218
   02E9 DA                  790 	.db #0xDA	; 218
   02EA DA                  791 	.db #0xDA	; 218
   02EB DA                  792 	.db #0xDA	; 218
   02EC DA                  793 	.db #0xDA	; 218
   02ED DA                  794 	.db #0xDA	; 218
   02EE DA                  795 	.db #0xDA	; 218
   02EF DA                  796 	.db #0xDA	; 218
   02F0 DA                  797 	.db #0xDA	; 218
   02F1 DA                  798 	.db #0xDA	; 218
   02F2 6D                  799 	.db #0x6D	; 109	'm'
   02F3 60                  800 	.db #0x60	; 96
   02F4 61                  801 	.db #0x61	; 97	'a'
   02F5 62                  802 	.db #0x62	; 98	'b'
   02F6 82                  803 	.db #0x82	; 130
   02F7 83                  804 	.db #0x83	; 131
   02F8 2F                  805 	.db #0x2F	; 47
   02F9 D2                  806 	.db #0xD2	; 210
   02FA D2                  807 	.db #0xD2	; 210
   02FB D2                  808 	.db #0xD2	; 210
   02FC D2                  809 	.db #0xD2	; 210
   02FD 50                  810 	.db #0x50	; 80	'P'
   02FE D6                  811 	.db #0xD6	; 214
   02FF 80                  812 	.db #0x80	; 128
   0300 DA                  813 	.db #0xDA	; 218
   0301 DA                  814 	.db #0xDA	; 218
   0302 DA                  815 	.db #0xDA	; 218
   0303 DA                  816 	.db #0xDA	; 218
   0304 DA                  817 	.db #0xDA	; 218
   0305 DA                  818 	.db #0xDA	; 218
   0306 DA                  819 	.db #0xDA	; 218
   0307 DA                  820 	.db #0xDA	; 218
   0308 DA                  821 	.db #0xDA	; 218
   0309 DA                  822 	.db #0xDA	; 218
   030A DA                  823 	.db #0xDA	; 218
   030B 8B                  824 	.db #0x8B	; 139
   030C 8C                  825 	.db #0x8C	; 140
   030D DA                  826 	.db #0xDA	; 218
   030E DA                  827 	.db #0xDA	; 218
   030F DA                  828 	.db #0xDA	; 218
   0310 DA                  829 	.db #0xDA	; 218
   0311 DA                  830 	.db #0xDA	; 218
   0312 DA                  831 	.db #0xDA	; 218
   0313 DA                  832 	.db #0xDA	; 218
   0314 DA                  833 	.db #0xDA	; 218
   0315 DA                  834 	.db #0xDA	; 218
   0316 DA                  835 	.db #0xDA	; 218
   0317 DA                  836 	.db #0xDA	; 218
   0318 DA                  837 	.db #0xDA	; 218
   0319 DA                  838 	.db #0xDA	; 218
   031A DA                  839 	.db #0xDA	; 218
   031B 81                  840 	.db #0x81	; 129
   031C 97                  841 	.db #0x97	; 151
   031D 97                  842 	.db #0x97	; 151
   031E 3E                  843 	.db #0x3E	; 62
   031F C5                  844 	.db #0xC5	; 197
   0320 30                  845 	.db #0x30	; 48	'0'
   0321 D2                  846 	.db #0xD2	; 210
   0322 D2                  847 	.db #0xD2	; 210
   0323 D2                  848 	.db #0xD2	; 210
   0324 D2                  849 	.db #0xD2	; 210
   0325 D2                  850 	.db #0xD2	; 210
   0326 67                  851 	.db #0x67	; 103	'g'
   0327 D6                  852 	.db #0xD6	; 214
   0328 7F                  853 	.db #0x7F	; 127
   0329 04                  854 	.db #0x04	; 4
   032A DA                  855 	.db #0xDA	; 218
   032B DA                  856 	.db #0xDA	; 218
   032C DA                  857 	.db #0xDA	; 218
   032D DA                  858 	.db #0xDA	; 218
   032E DA                  859 	.db #0xDA	; 218
   032F DA                  860 	.db #0xDA	; 218
   0330 DA                  861 	.db #0xDA	; 218
   0331 DA                  862 	.db #0xDA	; 218
   0332 DA                  863 	.db #0xDA	; 218
   0333 A1                  864 	.db #0xA1	; 161
   0334 A2                  865 	.db #0xA2	; 162
   0335 DA                  866 	.db #0xDA	; 218
   0336 DA                  867 	.db #0xDA	; 218
   0337 DA                  868 	.db #0xDA	; 218
   0338 DA                  869 	.db #0xDA	; 218
   0339 DA                  870 	.db #0xDA	; 218
   033A DA                  871 	.db #0xDA	; 218
   033B DA                  872 	.db #0xDA	; 218
   033C DA                  873 	.db #0xDA	; 218
   033D DA                  874 	.db #0xDA	; 218
   033E DA                  875 	.db #0xDA	; 218
   033F DA                  876 	.db #0xDA	; 218
   0340 DA                  877 	.db #0xDA	; 218
   0341 DA                  878 	.db #0xDA	; 218
   0342 DA                  879 	.db #0xDA	; 218
   0343 DA                  880 	.db #0xDA	; 218
   0344 DA                  881 	.db #0xDA	; 218
   0345 DA                  882 	.db #0xDA	; 218
   0346 DA                  883 	.db #0xDA	; 218
   0347 C5                  884 	.db #0xC5	; 197
   0348 4B                  885 	.db #0x4B	; 75	'K'
   0349 D2                  886 	.db #0xD2	; 210
   034A D2                  887 	.db #0xD2	; 210
   034B D2                  888 	.db #0xD2	; 210
   034C D2                  889 	.db #0xD2	; 210
   034D D2                  890 	.db #0xD2	; 210
   034E 7D                  891 	.db #0x7D	; 125
   034F D6                  892 	.db #0xD6	; 214
   0350 D6                  893 	.db #0xD6	; 214
   0351 95                  894 	.db #0x95	; 149
   0352 DA                  895 	.db #0xDA	; 218
   0353 DA                  896 	.db #0xDA	; 218
   0354 DA                  897 	.db #0xDA	; 218
   0355 DA                  898 	.db #0xDA	; 218
   0356 DA                  899 	.db #0xDA	; 218
   0357 DA                  900 	.db #0xDA	; 218
   0358 DA                  901 	.db #0xDA	; 218
   0359 DA                  902 	.db #0xDA	; 218
   035A DA                  903 	.db #0xDA	; 218
   035B 75                  904 	.db #0x75	; 117	'u'
   035C 76                  905 	.db #0x76	; 118	'v'
   035D DA                  906 	.db #0xDA	; 218
   035E DA                  907 	.db #0xDA	; 218
   035F DA                  908 	.db #0xDA	; 218
   0360 DA                  909 	.db #0xDA	; 218
   0361 DA                  910 	.db #0xDA	; 218
   0362 DA                  911 	.db #0xDA	; 218
   0363 DA                  912 	.db #0xDA	; 218
   0364 DA                  913 	.db #0xDA	; 218
   0365 DA                  914 	.db #0xDA	; 218
   0366 DA                  915 	.db #0xDA	; 218
   0367 DA                  916 	.db #0xDA	; 218
   0368 DA                  917 	.db #0xDA	; 218
   0369 DA                  918 	.db #0xDA	; 218
   036A DA                  919 	.db #0xDA	; 218
   036B DA                  920 	.db #0xDA	; 218
   036C DA                  921 	.db #0xDA	; 218
   036D DA                  922 	.db #0xDA	; 218
   036E DA                  923 	.db #0xDA	; 218
   036F C5                  924 	.db #0xC5	; 197
   0370 4B                  925 	.db #0x4B	; 75	'K'
   0371 A7                  926 	.db #0xA7	; 167
   0372 D2                  927 	.db #0xD2	; 210
   0373 D2                  928 	.db #0xD2	; 210
   0374 D2                  929 	.db #0xD2	; 210
   0375 D2                  930 	.db #0xD2	; 210
   0376 93                  931 	.db #0x93	; 147
   0377 D6                  932 	.db #0xD6	; 214
   0378 D6                  933 	.db #0xD6	; 214
   0379 80                  934 	.db #0x80	; 128
   037A DA                  935 	.db #0xDA	; 218
   037B DA                  936 	.db #0xDA	; 218
   037C DA                  937 	.db #0xDA	; 218
   037D DA                  938 	.db #0xDA	; 218
   037E DA                  939 	.db #0xDA	; 218
   037F DA                  940 	.db #0xDA	; 218
   0380 DA                  941 	.db #0xDA	; 218
   0381 DA                  942 	.db #0xDA	; 218
   0382 DA                  943 	.db #0xDA	; 218
   0383 A1                  944 	.db #0xA1	; 161
   0384 A2                  945 	.db #0xA2	; 162
   0385 AD                  946 	.db #0xAD	; 173
   0386 AE                  947 	.db #0xAE	; 174
   0387 AF                  948 	.db #0xAF	; 175
   0388 D6                  949 	.db #0xD6	; 214
   0389 D6                  950 	.db #0xD6	; 214
   038A 7F                  951 	.db #0x7F	; 127
   038B DA                  952 	.db #0xDA	; 218
   038C DA                  953 	.db #0xDA	; 218
   038D DA                  954 	.db #0xDA	; 218
   038E DA                  955 	.db #0xDA	; 218
   038F DA                  956 	.db #0xDA	; 218
   0390 DA                  957 	.db #0xDA	; 218
   0391 DA                  958 	.db #0xDA	; 218
   0392 DA                  959 	.db #0xDA	; 218
   0393 DA                  960 	.db #0xDA	; 218
   0394 DA                  961 	.db #0xDA	; 218
   0395 DA                  962 	.db #0xDA	; 218
   0396 DA                  963 	.db #0xDA	; 218
   0397 C5                  964 	.db #0xC5	; 197
   0398 4B                  965 	.db #0x4B	; 75	'K'
   0399 B3                  966 	.db #0xB3	; 179
   039A A7                  967 	.db #0xA7	; 167
   039B D2                  968 	.db #0xD2	; 210
   039C D2                  969 	.db #0xD2	; 210
   039D D2                  970 	.db #0xD2	; 210
   039E D2                  971 	.db #0xD2	; 210
   039F 7D                  972 	.db #0x7D	; 125
   03A0 D6                  973 	.db #0xD6	; 214
   03A1 D6                  974 	.db #0xD6	; 214
   03A2 80                  975 	.db #0x80	; 128
   03A3 DA                  976 	.db #0xDA	; 218
   03A4 DA                  977 	.db #0xDA	; 218
   03A5 DA                  978 	.db #0xDA	; 218
   03A6 0B                  979 	.db #0x0B	; 11
   03A7 DA                  980 	.db #0xDA	; 218
   03A8 DA                  981 	.db #0xDA	; 218
   03A9 DA                  982 	.db #0xDA	; 218
   03AA DA                  983 	.db #0xDA	; 218
   03AB 75                  984 	.db #0x75	; 117	'u'
   03AC 17                  985 	.db #0x17	; 23
   03AD D6                  986 	.db #0xD6	; 214
   03AE D6                  987 	.db #0xD6	; 214
   03AF D6                  988 	.db #0xD6	; 214
   03B0 D6                  989 	.db #0xD6	; 214
   03B1 D6                  990 	.db #0xD6	; 214
   03B2 D6                  991 	.db #0xD6	; 214
   03B3 80                  992 	.db #0x80	; 128
   03B4 DA                  993 	.db #0xDA	; 218
   03B5 DA                  994 	.db #0xDA	; 218
   03B6 DA                  995 	.db #0xDA	; 218
   03B7 DA                  996 	.db #0xDA	; 218
   03B8 DA                  997 	.db #0xDA	; 218
   03B9 DA                  998 	.db #0xDA	; 218
   03BA DA                  999 	.db #0xDA	; 218
   03BB 03                 1000 	.db #0x03	; 3
   03BC DA                 1001 	.db #0xDA	; 218
   03BD DA                 1002 	.db #0xDA	; 218
   03BE DA                 1003 	.db #0xDA	; 218
   03BF C5                 1004 	.db #0xC5	; 197
   03C0 4B                 1005 	.db #0x4B	; 75	'K'
   03C1 B3                 1006 	.db #0xB3	; 179
   03C2 BD                 1007 	.db #0xBD	; 189
   03C3 D2                 1008 	.db #0xD2	; 210
   03C4 D2                 1009 	.db #0xD2	; 210
   03C5 D2                 1010 	.db #0xD2	; 210
   03C6 D2                 1011 	.db #0xD2	; 210
   03C7 93                 1012 	.db #0x93	; 147
   03C8 D6                 1013 	.db #0xD6	; 214
   03C9 D6                 1014 	.db #0xD6	; 214
   03CA D6                 1015 	.db #0xD6	; 214
   03CB 80                 1016 	.db #0x80	; 128
   03CC DA                 1017 	.db #0xDA	; 218
   03CD DA                 1018 	.db #0xDA	; 218
   03CE DA                 1019 	.db #0xDA	; 218
   03CF DA                 1020 	.db #0xDA	; 218
   03D0 DA                 1021 	.db #0xDA	; 218
   03D1 DA                 1022 	.db #0xDA	; 218
   03D2 C3                 1023 	.db #0xC3	; 195
   03D3 2C                 1024 	.db #0x2C	; 44
   03D4 2D                 1025 	.db #0x2D	; 45
   03D5 D6                 1026 	.db #0xD6	; 214
   03D6 D6                 1027 	.db #0xD6	; 214
   03D7 D6                 1028 	.db #0xD6	; 214
   03D8 D6                 1029 	.db #0xD6	; 214
   03D9 D6                 1030 	.db #0xD6	; 214
   03DA D6                 1031 	.db #0xD6	; 214
   03DB D6                 1032 	.db #0xD6	; 214
   03DC 96                 1033 	.db #0x96	; 150
   03DD DA                 1034 	.db #0xDA	; 218
   03DE DA                 1035 	.db #0xDA	; 218
   03DF DA                 1036 	.db #0xDA	; 218
   03E0 DA                 1037 	.db #0xDA	; 218
   03E1 DA                 1038 	.db #0xDA	; 218
   03E2 DA                 1039 	.db #0xDA	; 218
   03E3 DA                 1040 	.db #0xDA	; 218
   03E4 DA                 1041 	.db #0xDA	; 218
   03E5 DA                 1042 	.db #0xDA	; 218
   03E6 DA                 1043 	.db #0xDA	; 218
   03E7 C5                 1044 	.db #0xC5	; 197
   03E8 4B                 1045 	.db #0x4B	; 75	'K'
   03E9 B3                 1046 	.db #0xB3	; 179
   03EA B3                 1047 	.db #0xB3	; 179
   03EB 91                 1048 	.db #0x91	; 145
   03EC D2                 1049 	.db #0xD2	; 210
   03ED D2                 1050 	.db #0xD2	; 210
   03EE D2                 1051 	.db #0xD2	; 210
   03EF D2                 1052 	.db #0xD2	; 210
   03F0 7D                 1053 	.db #0x7D	; 125
   03F1 D6                 1054 	.db #0xD6	; 214
   03F2 D6                 1055 	.db #0xD6	; 214
   03F3 D6                 1056 	.db #0xD6	; 214
   03F4 80                 1057 	.db #0x80	; 128
   03F5 DA                 1058 	.db #0xDA	; 218
   03F6 DA                 1059 	.db #0xDA	; 218
   03F7 DA                 1060 	.db #0xDA	; 218
   03F8 DA                 1061 	.db #0xDA	; 218
   03F9 C3                 1062 	.db #0xC3	; 195
   03FA D6                 1063 	.db #0xD6	; 214
   03FB 00                 1064 	.db #0x00	; 0
   03FC 01                 1065 	.db #0x01	; 1
   03FD D6                 1066 	.db #0xD6	; 214
   03FE D6                 1067 	.db #0xD6	; 214
   03FF D6                 1068 	.db #0xD6	; 214
   0400 D6                 1069 	.db #0xD6	; 214
   0401 D6                 1070 	.db #0xD6	; 214
   0402 D6                 1071 	.db #0xD6	; 214
   0403 D6                 1072 	.db #0xD6	; 214
   0404 C2                 1073 	.db #0xC2	; 194
   0405 DA                 1074 	.db #0xDA	; 218
   0406 DA                 1075 	.db #0xDA	; 218
   0407 DA                 1076 	.db #0xDA	; 218
   0408 DA                 1077 	.db #0xDA	; 218
   0409 DA                 1078 	.db #0xDA	; 218
   040A DA                 1079 	.db #0xDA	; 218
   040B DA                 1080 	.db #0xDA	; 218
   040C DA                 1081 	.db #0xDA	; 218
   040D DA                 1082 	.db #0xDA	; 218
   040E DA                 1083 	.db #0xDA	; 218
   040F C5                 1084 	.db #0xC5	; 197
   0410 4B                 1085 	.db #0x4B	; 75	'K'
   0411 B3                 1086 	.db #0xB3	; 179
   0412 B3                 1087 	.db #0xB3	; 179
   0413 B3                 1088 	.db #0xB3	; 179
   0414 A7                 1089 	.db #0xA7	; 167
   0415 D2                 1090 	.db #0xD2	; 210
   0416 D2                 1091 	.db #0xD2	; 210
   0417 D2                 1092 	.db #0xD2	; 210
   0418 93                 1093 	.db #0x93	; 147
   0419 D6                 1094 	.db #0xD6	; 214
   041A D6                 1095 	.db #0xD6	; 214
   041B D6                 1096 	.db #0xD6	; 214
   041C D6                 1097 	.db #0xD6	; 214
   041D 80                 1098 	.db #0x80	; 128
   041E 09                 1099 	.db #0x09	; 9
   041F 3B                 1100 	.db #0x3B	; 59
   0420 AE                 1101 	.db #0xAE	; 174
   0421 D6                 1102 	.db #0xD6	; 214
   0422 D6                 1103 	.db #0xD6	; 214
   0423 16                 1104 	.db #0x16	; 22
   0424 17                 1105 	.db #0x17	; 23
   0425 D6                 1106 	.db #0xD6	; 214
   0426 D6                 1107 	.db #0xD6	; 214
   0427 D6                 1108 	.db #0xD6	; 214
   0428 D6                 1109 	.db #0xD6	; 214
   0429 D6                 1110 	.db #0xD6	; 214
   042A D6                 1111 	.db #0xD6	; 214
   042B D6                 1112 	.db #0xD6	; 214
   042C D6                 1113 	.db #0xD6	; 214
   042D 95                 1114 	.db #0x95	; 149
   042E DA                 1115 	.db #0xDA	; 218
   042F DA                 1116 	.db #0xDA	; 218
   0430 DA                 1117 	.db #0xDA	; 218
   0431 DA                 1118 	.db #0xDA	; 218
   0432 DA                 1119 	.db #0xDA	; 218
   0433 DA                 1120 	.db #0xDA	; 218
   0434 DA                 1121 	.db #0xDA	; 218
   0435 DA                 1122 	.db #0xDA	; 218
   0436 DA                 1123 	.db #0xDA	; 218
   0437 C5                 1124 	.db #0xC5	; 197
   0438 4B                 1125 	.db #0x4B	; 75	'K'
   0439 B3                 1126 	.db #0xB3	; 179
   043A B3                 1127 	.db #0xB3	; 179
   043B B3                 1128 	.db #0xB3	; 179
   043C BD                 1129 	.db #0xBD	; 189
   043D D2                 1130 	.db #0xD2	; 210
   043E D2                 1131 	.db #0xD2	; 210
   043F D2                 1132 	.db #0xD2	; 210
   0440 D2                 1133 	.db #0xD2	; 210
   0441 BF                 1134 	.db #0xBF	; 191
   0442 D6                 1135 	.db #0xD6	; 214
   0443 D6                 1136 	.db #0xD6	; 214
   0444 D6                 1137 	.db #0xD6	; 214
   0445 D6                 1138 	.db #0xD6	; 214
   0446 D6                 1139 	.db #0xD6	; 214
   0447 D6                 1140 	.db #0xD6	; 214
   0448 D6                 1141 	.db #0xD6	; 214
   0449 D6                 1142 	.db #0xD6	; 214
   044A D6                 1143 	.db #0xD6	; 214
   044B 2C                 1144 	.db #0x2C	; 44
   044C 2D                 1145 	.db #0x2D	; 45
   044D D6                 1146 	.db #0xD6	; 214
   044E D6                 1147 	.db #0xD6	; 214
   044F D6                 1148 	.db #0xD6	; 214
   0450 D6                 1149 	.db #0xD6	; 214
   0451 D6                 1150 	.db #0xD6	; 214
   0452 D6                 1151 	.db #0xD6	; 214
   0453 D6                 1152 	.db #0xD6	; 214
   0454 D6                 1153 	.db #0xD6	; 214
   0455 AB                 1154 	.db #0xAB	; 171
   0456 DA                 1155 	.db #0xDA	; 218
   0457 DA                 1156 	.db #0xDA	; 218
   0458 DA                 1157 	.db #0xDA	; 218
   0459 DA                 1158 	.db #0xDA	; 218
   045A DA                 1159 	.db #0xDA	; 218
   045B DA                 1160 	.db #0xDA	; 218
   045C DA                 1161 	.db #0xDA	; 218
   045D DA                 1162 	.db #0xDA	; 218
   045E DA                 1163 	.db #0xDA	; 218
   045F C5                 1164 	.db #0xC5	; 197
   0460 E4                 1165 	.db #0xE4	; 228
   0461 B7                 1166 	.db #0xB7	; 183
   0462 B8                 1167 	.db #0xB8	; 184
   0463 B3                 1168 	.db #0xB3	; 179
   0464 B3                 1169 	.db #0xB3	; 179
   0465 7A                 1170 	.db #0x7A	; 122	'z'
   0466 D2                 1171 	.db #0xD2	; 210
   0467 D2                 1172 	.db #0xD2	; 210
   0468 D2                 1173 	.db #0xD2	; 210
   0469 D2                 1174 	.db #0xD2	; 210
   046A 7D                 1175 	.db #0x7D	; 125
   046B D6                 1176 	.db #0xD6	; 214
   046C D6                 1177 	.db #0xD6	; 214
   046D D6                 1178 	.db #0xD6	; 214
   046E D6                 1179 	.db #0xD6	; 214
   046F D6                 1180 	.db #0xD6	; 214
   0470 D6                 1181 	.db #0xD6	; 214
   0471 D6                 1182 	.db #0xD6	; 214
   0472 D6                 1183 	.db #0xD6	; 214
   0473 42                 1184 	.db #0x42	; 66	'B'
   0474 43                 1185 	.db #0x43	; 67	'C'
   0475 78                 1186 	.db #0x78	; 120	'x'
   0476 79                 1187 	.db #0x79	; 121	'y'
   0477 D6                 1188 	.db #0xD6	; 214
   0478 D6                 1189 	.db #0xD6	; 214
   0479 D6                 1190 	.db #0xD6	; 214
   047A D6                 1191 	.db #0xD6	; 214
   047B D6                 1192 	.db #0xD6	; 214
   047C D6                 1193 	.db #0xD6	; 214
   047D C1                 1194 	.db #0xC1	; 193
   047E DA                 1195 	.db #0xDA	; 218
   047F DA                 1196 	.db #0xDA	; 218
   0480 DA                 1197 	.db #0xDA	; 218
   0481 DA                 1198 	.db #0xDA	; 218
   0482 DA                 1199 	.db #0xDA	; 218
   0483 DA                 1200 	.db #0xDA	; 218
   0484 DA                 1201 	.db #0xDA	; 218
   0485 DA                 1202 	.db #0xDA	; 218
   0486 DA                 1203 	.db #0xDA	; 218
   0487 C5                 1204 	.db #0xC5	; 197
   0488 B0                 1205 	.db #0xB0	; 176
   0489 B1                 1206 	.db #0xB1	; 177
   048A B1                 1207 	.db #0xB1	; 177
   048B A3                 1208 	.db #0xA3	; 163
   048C B3                 1209 	.db #0xB3	; 179
   048D 90                 1210 	.db #0x90	; 144
   048E D2                 1211 	.db #0xD2	; 210
   048F D2                 1212 	.db #0xD2	; 210
   0490 D2                 1213 	.db #0xD2	; 210
   0491 D2                 1214 	.db #0xD2	; 210
   0492 93                 1215 	.db #0x93	; 147
   0493 D6                 1216 	.db #0xD6	; 214
   0494 D6                 1217 	.db #0xD6	; 214
   0495 D6                 1218 	.db #0xD6	; 214
   0496 D6                 1219 	.db #0xD6	; 214
   0497 D6                 1220 	.db #0xD6	; 214
   0498 D6                 1221 	.db #0xD6	; 214
   0499 2E                 1222 	.db #0x2E	; 46
   049A D2                 1223 	.db #0xD2	; 210
   049B 58                 1224 	.db #0x58	; 88	'X'
   049C 59                 1225 	.db #0x59	; 89	'Y'
   049D D2                 1226 	.db #0xD2	; 210
   049E D2                 1227 	.db #0xD2	; 210
   049F 50                 1228 	.db #0x50	; 80	'P'
   04A0 D6                 1229 	.db #0xD6	; 214
   04A1 D6                 1230 	.db #0xD6	; 214
   04A2 D6                 1231 	.db #0xD6	; 214
   04A3 D6                 1232 	.db #0xD6	; 214
   04A4 D6                 1233 	.db #0xD6	; 214
   04A5 68                 1234 	.db #0x68	; 104	'h'
   04A6 DA                 1235 	.db #0xDA	; 218
   04A7 DA                 1236 	.db #0xDA	; 218
   04A8 DA                 1237 	.db #0xDA	; 218
   04A9 DA                 1238 	.db #0xDA	; 218
   04AA DA                 1239 	.db #0xDA	; 218
   04AB DA                 1240 	.db #0xDA	; 218
   04AC DA                 1241 	.db #0xDA	; 218
   04AD 46                 1242 	.db #0x46	; 70	'F'
   04AE DA                 1243 	.db #0xDA	; 218
   04AF C5                 1244 	.db #0xC5	; 197
   04B0 B0                 1245 	.db #0xB0	; 176
   04B1 B1                 1246 	.db #0xB1	; 177
   04B2 B1                 1247 	.db #0xB1	; 177
   04B3 B9                 1248 	.db #0xB9	; 185
   04B4 B3                 1249 	.db #0xB3	; 179
   04B5 A6                 1250 	.db #0xA6	; 166
   04B6 D2                 1251 	.db #0xD2	; 210
   04B7 D2                 1252 	.db #0xD2	; 210
   04B8 D2                 1253 	.db #0xD2	; 210
   04B9 D2                 1254 	.db #0xD2	; 210
   04BA D2                 1255 	.db #0xD2	; 210
   04BB 7D                 1256 	.db #0x7D	; 125
   04BC D6                 1257 	.db #0xD6	; 214
   04BD D6                 1258 	.db #0xD6	; 214
   04BE D6                 1259 	.db #0xD6	; 214
   04BF D6                 1260 	.db #0xD6	; 214
   04C0 2E                 1261 	.db #0x2E	; 46
   04C1 D2                 1262 	.db #0xD2	; 210
   04C2 D2                 1263 	.db #0xD2	; 210
   04C3 6E                 1264 	.db #0x6E	; 110	'n'
   04C4 6F                 1265 	.db #0x6F	; 111	'o'
   04C5 D2                 1266 	.db #0xD2	; 210
   04C6 D2                 1267 	.db #0xD2	; 210
   04C7 D2                 1268 	.db #0xD2	; 210
   04C8 50                 1269 	.db #0x50	; 80	'P'
   04C9 D6                 1270 	.db #0xD6	; 214
   04CA D6                 1271 	.db #0xD6	; 214
   04CB D6                 1272 	.db #0xD6	; 214
   04CC D6                 1273 	.db #0xD6	; 214
   04CD 68                 1274 	.db #0x68	; 104	'h'
   04CE DA                 1275 	.db #0xDA	; 218
   04CF DA                 1276 	.db #0xDA	; 218
   04D0 DA                 1277 	.db #0xDA	; 218
   04D1 DA                 1278 	.db #0xDA	; 218
   04D2 DA                 1279 	.db #0xDA	; 218
   04D3 DA                 1280 	.db #0xDA	; 218
   04D4 DA                 1281 	.db #0xDA	; 218
   04D5 5C                 1282 	.db #0x5C	; 92
   04D6 DA                 1283 	.db #0xDA	; 218
   04D7 C5                 1284 	.db #0xC5	; 197
   04D8 B0                 1285 	.db #0xB0	; 176
   04D9 B1                 1286 	.db #0xB1	; 177
   04DA B1                 1287 	.db #0xB1	; 177
   04DB B1                 1288 	.db #0xB1	; 177
   04DC B3                 1289 	.db #0xB3	; 179
   04DD BC                 1290 	.db #0xBC	; 188
   04DE D2                 1291 	.db #0xD2	; 210
   04DF D2                 1292 	.db #0xD2	; 210
   04E0 D2                 1293 	.db #0xD2	; 210
   04E1 D2                 1294 	.db #0xD2	; 210
   04E2 D2                 1295 	.db #0xD2	; 210
   04E3 D2                 1296 	.db #0xD2	; 210
   04E4 D2                 1297 	.db #0xD2	; 210
   04E5 D2                 1298 	.db #0xD2	; 210
   04E6 D2                 1299 	.db #0xD2	; 210
   04E7 D2                 1300 	.db #0xD2	; 210
   04E8 D2                 1301 	.db #0xD2	; 210
   04E9 D2                 1302 	.db #0xD2	; 210
   04EA D2                 1303 	.db #0xD2	; 210
   04EB 84                 1304 	.db #0x84	; 132
   04EC 85                 1305 	.db #0x85	; 133
   04ED D2                 1306 	.db #0xD2	; 210
   04EE D2                 1307 	.db #0xD2	; 210
   04EF D2                 1308 	.db #0xD2	; 210
   04F0 66                 1309 	.db #0x66	; 102	'f'
   04F1 67                 1310 	.db #0x67	; 103	'g'
   04F2 D6                 1311 	.db #0xD6	; 214
   04F3 D6                 1312 	.db #0xD6	; 214
   04F4 D6                 1313 	.db #0xD6	; 214
   04F5 68                 1314 	.db #0x68	; 104	'h'
   04F6 DA                 1315 	.db #0xDA	; 218
   04F7 DA                 1316 	.db #0xDA	; 218
   04F8 03                 1317 	.db #0x03	; 3
   04F9 DA                 1318 	.db #0xDA	; 218
   04FA DA                 1319 	.db #0xDA	; 218
   04FB DA                 1320 	.db #0xDA	; 218
   04FC DA                 1321 	.db #0xDA	; 218
   04FD DA                 1322 	.db #0xDA	; 218
   04FE DA                 1323 	.db #0xDA	; 218
   04FF C5                 1324 	.db #0xC5	; 197
   0500 B0                 1325 	.db #0xB0	; 176
   0501 B1                 1326 	.db #0xB1	; 177
   0502 B1                 1327 	.db #0xB1	; 177
   0503 B1                 1328 	.db #0xB1	; 177
   0504 A3                 1329 	.db #0xA3	; 163
   0505 B3                 1330 	.db #0xB3	; 179
   0506 D2                 1331 	.db #0xD2	; 210
   0507 D2                 1332 	.db #0xD2	; 210
   0508 D2                 1333 	.db #0xD2	; 210
   0509 D2                 1334 	.db #0xD2	; 210
   050A D2                 1335 	.db #0xD2	; 210
   050B D2                 1336 	.db #0xD2	; 210
   050C D2                 1337 	.db #0xD2	; 210
   050D D2                 1338 	.db #0xD2	; 210
   050E D2                 1339 	.db #0xD2	; 210
   050F D2                 1340 	.db #0xD2	; 210
   0510 D2                 1341 	.db #0xD2	; 210
   0511 D2                 1342 	.db #0xD2	; 210
   0512 D2                 1343 	.db #0xD2	; 210
   0513 9A                 1344 	.db #0x9A	; 154
   0514 9B                 1345 	.db #0x9B	; 155
   0515 D2                 1346 	.db #0xD2	; 210
   0516 D2                 1347 	.db #0xD2	; 210
   0517 D2                 1348 	.db #0xD2	; 210
   0518 D2                 1349 	.db #0xD2	; 210
   0519 7D                 1350 	.db #0x7D	; 125
   051A D6                 1351 	.db #0xD6	; 214
   051B D6                 1352 	.db #0xD6	; 214
   051C D6                 1353 	.db #0xD6	; 214
   051D 68                 1354 	.db #0x68	; 104	'h'
   051E DA                 1355 	.db #0xDA	; 218
   051F DA                 1356 	.db #0xDA	; 218
   0520 DA                 1357 	.db #0xDA	; 218
   0521 DA                 1358 	.db #0xDA	; 218
   0522 DA                 1359 	.db #0xDA	; 218
   0523 DA                 1360 	.db #0xDA	; 218
   0524 DA                 1361 	.db #0xDA	; 218
   0525 DA                 1362 	.db #0xDA	; 218
   0526 DA                 1363 	.db #0xDA	; 218
   0527 C5                 1364 	.db #0xC5	; 197
   0528 B0                 1365 	.db #0xB0	; 176
   0529 B1                 1366 	.db #0xB1	; 177
   052A B1                 1367 	.db #0xB1	; 177
   052B B1                 1368 	.db #0xB1	; 177
   052C 9D                 1369 	.db #0x9D	; 157
   052D B3                 1370 	.db #0xB3	; 179
   052E D2                 1371 	.db #0xD2	; 210
   052F D2                 1372 	.db #0xD2	; 210
   0530 D2                 1373 	.db #0xD2	; 210
   0531 D2                 1374 	.db #0xD2	; 210
   0532 D2                 1375 	.db #0xD2	; 210
   0533 D2                 1376 	.db #0xD2	; 210
   0534 D2                 1377 	.db #0xD2	; 210
   0535 D2                 1378 	.db #0xD2	; 210
   0536 D2                 1379 	.db #0xD2	; 210
   0537 D2                 1380 	.db #0xD2	; 210
   0538 D2                 1381 	.db #0xD2	; 210
   0539 C0                 1382 	.db #0xC0	; 192
   053A B3                 1383 	.db #0xB3	; 179
   053B BA                 1384 	.db #0xBA	; 186
   053C BB                 1385 	.db #0xBB	; 187
   053D 91                 1386 	.db #0x91	; 145
   053E D2                 1387 	.db #0xD2	; 210
   053F D2                 1388 	.db #0xD2	; 210
   0540 D2                 1389 	.db #0xD2	; 210
   0541 D2                 1390 	.db #0xD2	; 210
   0542 A9                 1391 	.db #0xA9	; 169
   0543 D6                 1392 	.db #0xD6	; 214
   0544 D6                 1393 	.db #0xD6	; 214
   0545 68                 1394 	.db #0x68	; 104	'h'
   0546 DA                 1395 	.db #0xDA	; 218
   0547 DA                 1396 	.db #0xDA	; 218
   0548 DA                 1397 	.db #0xDA	; 218
   0549 DA                 1398 	.db #0xDA	; 218
   054A DA                 1399 	.db #0xDA	; 218
   054B DA                 1400 	.db #0xDA	; 218
   054C DA                 1401 	.db #0xDA	; 218
   054D DA                 1402 	.db #0xDA	; 218
   054E DA                 1403 	.db #0xDA	; 218
   054F C5                 1404 	.db #0xC5	; 197
   0550 B0                 1405 	.db #0xB0	; 176
   0551 B1                 1406 	.db #0xB1	; 177
   0552 B1                 1407 	.db #0xB1	; 177
   0553 B1                 1408 	.db #0xB1	; 177
   0554 B1                 1409 	.db #0xB1	; 177
   0555 B3                 1410 	.db #0xB3	; 179
   0556 A7                 1411 	.db #0xA7	; 167
   0557 D2                 1412 	.db #0xD2	; 210
   0558 D2                 1413 	.db #0xD2	; 210
   0559 D2                 1414 	.db #0xD2	; 210
   055A D2                 1415 	.db #0xD2	; 210
   055B D2                 1416 	.db #0xD2	; 210
   055C D2                 1417 	.db #0xD2	; 210
   055D C0                 1418 	.db #0xC0	; 192
   055E B3                 1419 	.db #0xB3	; 179
   055F B3                 1420 	.db #0xB3	; 179
   0560 B3                 1421 	.db #0xB3	; 179
   0561 B3                 1422 	.db #0xB3	; 179
   0562 B3                 1423 	.db #0xB3	; 179
   0563 8E                 1424 	.db #0x8E	; 142
   0564 8F                 1425 	.db #0x8F	; 143
   0565 B3                 1426 	.db #0xB3	; 179
   0566 A7                 1427 	.db #0xA7	; 167
   0567 D2                 1428 	.db #0xD2	; 210
   0568 D2                 1429 	.db #0xD2	; 210
   0569 D2                 1430 	.db #0xD2	; 210
   056A BF                 1431 	.db #0xBF	; 191
   056B D6                 1432 	.db #0xD6	; 214
   056C D6                 1433 	.db #0xD6	; 214
   056D 7E                 1434 	.db #0x7E	; 126
   056E DA                 1435 	.db #0xDA	; 218
   056F DA                 1436 	.db #0xDA	; 218
   0570 DA                 1437 	.db #0xDA	; 218
   0571 DA                 1438 	.db #0xDA	; 218
   0572 DA                 1439 	.db #0xDA	; 218
   0573 DA                 1440 	.db #0xDA	; 218
   0574 DA                 1441 	.db #0xDA	; 218
   0575 DA                 1442 	.db #0xDA	; 218
   0576 DA                 1443 	.db #0xDA	; 218
   0577 C5                 1444 	.db #0xC5	; 197
   0578 B0                 1445 	.db #0xB0	; 176
   0579 B1                 1446 	.db #0xB1	; 177
   057A B1                 1447 	.db #0xB1	; 177
   057B B1                 1448 	.db #0xB1	; 177
   057C B1                 1449 	.db #0xB1	; 177
   057D B3                 1450 	.db #0xB3	; 179
   057E BD                 1451 	.db #0xBD	; 189
   057F B4                 1452 	.db #0xB4	; 180
   0580 D2                 1453 	.db #0xD2	; 210
   0581 D2                 1454 	.db #0xD2	; 210
   0582 D2                 1455 	.db #0xD2	; 210
   0583 EA                 1456 	.db #0xEA	; 234
   0584 ED                 1457 	.db #0xED	; 237
   0585 B3                 1458 	.db #0xB3	; 179
   0586 B3                 1459 	.db #0xB3	; 179
   0587 B3                 1460 	.db #0xB3	; 179
   0588 B3                 1461 	.db #0xB3	; 179
   0589 B3                 1462 	.db #0xB3	; 179
   058A B3                 1463 	.db #0xB3	; 179
   058B A4                 1464 	.db #0xA4	; 164
   058C A5                 1465 	.db #0xA5	; 165
   058D B3                 1466 	.db #0xB3	; 179
   058E B3                 1467 	.db #0xB3	; 179
   058F 7A                 1468 	.db #0x7A	; 122	'z'
   0590 D2                 1469 	.db #0xD2	; 210
   0591 D2                 1470 	.db #0xD2	; 210
   0592 7C                 1471 	.db #0x7C	; 124
   0593 D6                 1472 	.db #0xD6	; 214
   0594 D6                 1473 	.db #0xD6	; 214
   0595 94                 1474 	.db #0x94	; 148
   0596 DA                 1475 	.db #0xDA	; 218
   0597 DA                 1476 	.db #0xDA	; 218
   0598 DA                 1477 	.db #0xDA	; 218
   0599 DA                 1478 	.db #0xDA	; 218
   059A DA                 1479 	.db #0xDA	; 218
   059B DA                 1480 	.db #0xDA	; 218
   059C DA                 1481 	.db #0xDA	; 218
   059D DA                 1482 	.db #0xDA	; 218
   059E 21                 1483 	.db #0x21	; 33
   059F C5                 1484 	.db #0xC5	; 197
   05A0 B0                 1485 	.db #0xB0	; 176
   05A1 B1                 1486 	.db #0xB1	; 177
   05A2 B1                 1487 	.db #0xB1	; 177
   05A3 B1                 1488 	.db #0xB1	; 177
   05A4 B1                 1489 	.db #0xB1	; 177
   05A5 B3                 1490 	.db #0xB3	; 179
   05A6 B3                 1491 	.db #0xB3	; 179
   05A7 B3                 1492 	.db #0xB3	; 179
   05A8 E9                 1493 	.db #0xE9	; 233
   05A9 EA                 1494 	.db #0xEA	; 234
   05AA ED                 1495 	.db #0xED	; 237
   05AB B3                 1496 	.db #0xB3	; 179
   05AC B3                 1497 	.db #0xB3	; 179
   05AD B3                 1498 	.db #0xB3	; 179
   05AE B3                 1499 	.db #0xB3	; 179
   05AF B3                 1500 	.db #0xB3	; 179
   05B0 B3                 1501 	.db #0xB3	; 179
   05B1 B3                 1502 	.db #0xB3	; 179
   05B2 B3                 1503 	.db #0xB3	; 179
   05B3 BA                 1504 	.db #0xBA	; 186
   05B4 BB                 1505 	.db #0xBB	; 187
   05B5 B3                 1506 	.db #0xB3	; 179
   05B6 B3                 1507 	.db #0xB3	; 179
   05B7 90                 1508 	.db #0x90	; 144
   05B8 D2                 1509 	.db #0xD2	; 210
   05B9 D2                 1510 	.db #0xD2	; 210
   05BA 92                 1511 	.db #0x92	; 146
   05BB D6                 1512 	.db #0xD6	; 214
   05BC D6                 1513 	.db #0xD6	; 214
   05BD 94                 1514 	.db #0x94	; 148
   05BE DA                 1515 	.db #0xDA	; 218
   05BF DA                 1516 	.db #0xDA	; 218
   05C0 DA                 1517 	.db #0xDA	; 218
   05C1 DA                 1518 	.db #0xDA	; 218
   05C2 DA                 1519 	.db #0xDA	; 218
   05C3 DA                 1520 	.db #0xDA	; 218
   05C4 03                 1521 	.db #0x03	; 3
   05C5 DA                 1522 	.db #0xDA	; 218
   05C6 DA                 1523 	.db #0xDA	; 218
   05C7 C5                 1524 	.db #0xC5	; 197
   05C8 B0                 1525 	.db #0xB0	; 176
   05C9 B1                 1526 	.db #0xB1	; 177
   05CA B1                 1527 	.db #0xB1	; 177
   05CB B1                 1528 	.db #0xB1	; 177
   05CC B1                 1529 	.db #0xB1	; 177
   05CD A3                 1530 	.db #0xA3	; 163
   05CE B3                 1531 	.db #0xB3	; 179
   05CF B3                 1532 	.db #0xB3	; 179
   05D0 B3                 1533 	.db #0xB3	; 179
   05D1 B3                 1534 	.db #0xB3	; 179
   05D2 B3                 1535 	.db #0xB3	; 179
   05D3 B3                 1536 	.db #0xB3	; 179
   05D4 B6                 1537 	.db #0xB6	; 182
   05D5 B7                 1538 	.db #0xB7	; 183
   05D6 B8                 1539 	.db #0xB8	; 184
   05D7 B3                 1540 	.db #0xB3	; 179
   05D8 B3                 1541 	.db #0xB3	; 179
   05D9 B3                 1542 	.db #0xB3	; 179
   05DA B3                 1543 	.db #0xB3	; 179
   05DB 8E                 1544 	.db #0x8E	; 142
   05DC 8F                 1545 	.db #0x8F	; 143
   05DD B3                 1546 	.db #0xB3	; 179
   05DE B3                 1547 	.db #0xB3	; 179
   05DF A6                 1548 	.db #0xA6	; 166
   05E0 D2                 1549 	.db #0xD2	; 210
   05E1 D2                 1550 	.db #0xD2	; 210
   05E2 92                 1551 	.db #0x92	; 146
   05E3 D6                 1552 	.db #0xD6	; 214
   05E4 D6                 1553 	.db #0xD6	; 214
   05E5 94                 1554 	.db #0x94	; 148
   05E6 DA                 1555 	.db #0xDA	; 218
   05E7 DA                 1556 	.db #0xDA	; 218
   05E8 DA                 1557 	.db #0xDA	; 218
   05E9 DA                 1558 	.db #0xDA	; 218
   05EA DA                 1559 	.db #0xDA	; 218
   05EB DA                 1560 	.db #0xDA	; 218
   05EC DA                 1561 	.db #0xDA	; 218
   05ED DA                 1562 	.db #0xDA	; 218
   05EE DA                 1563 	.db #0xDA	; 218
   05EF C5                 1564 	.db #0xC5	; 197
   05F0 B0                 1565 	.db #0xB0	; 176
   05F1 B1                 1566 	.db #0xB1	; 177
   05F2 B1                 1567 	.db #0xB1	; 177
   05F3 B1                 1568 	.db #0xB1	; 177
   05F4 B1                 1569 	.db #0xB1	; 177
   05F5 9D                 1570 	.db #0x9D	; 157
   05F6 B3                 1571 	.db #0xB3	; 179
   05F7 B3                 1572 	.db #0xB3	; 179
   05F8 B3                 1573 	.db #0xB3	; 179
   05F9 B3                 1574 	.db #0xB3	; 179
   05FA B3                 1575 	.db #0xB3	; 179
   05FB B5                 1576 	.db #0xB5	; 181
   05FC B1                 1577 	.db #0xB1	; 177
   05FD B1                 1578 	.db #0xB1	; 177
   05FE B1                 1579 	.db #0xB1	; 177
   05FF A3                 1580 	.db #0xA3	; 163
   0600 B3                 1581 	.db #0xB3	; 179
   0601 B3                 1582 	.db #0xB3	; 179
   0602 B3                 1583 	.db #0xB3	; 179
   0603 A4                 1584 	.db #0xA4	; 164
   0604 A5                 1585 	.db #0xA5	; 165
   0605 B3                 1586 	.db #0xB3	; 179
   0606 B3                 1587 	.db #0xB3	; 179
   0607 BC                 1588 	.db #0xBC	; 188
   0608 D2                 1589 	.db #0xD2	; 210
   0609 D2                 1590 	.db #0xD2	; 210
   060A A8                 1591 	.db #0xA8	; 168
   060B D6                 1592 	.db #0xD6	; 214
   060C D6                 1593 	.db #0xD6	; 214
   060D C2                 1594 	.db #0xC2	; 194
   060E DA                 1595 	.db #0xDA	; 218
   060F DA                 1596 	.db #0xDA	; 218
   0610 DA                 1597 	.db #0xDA	; 218
   0611 DA                 1598 	.db #0xDA	; 218
   0612 DA                 1599 	.db #0xDA	; 218
   0613 DA                 1600 	.db #0xDA	; 218
   0614 DA                 1601 	.db #0xDA	; 218
   0615 DA                 1602 	.db #0xDA	; 218
   0616 DA                 1603 	.db #0xDA	; 218
   0617 C5                 1604 	.db #0xC5	; 197
   0618 B0                 1605 	.db #0xB0	; 176
   0619 B1                 1606 	.db #0xB1	; 177
   061A B1                 1607 	.db #0xB1	; 177
   061B B1                 1608 	.db #0xB1	; 177
   061C B1                 1609 	.db #0xB1	; 177
   061D B1                 1610 	.db #0xB1	; 177
   061E 9D                 1611 	.db #0x9D	; 157
   061F B3                 1612 	.db #0xB3	; 179
   0620 B3                 1613 	.db #0xB3	; 179
   0621 B3                 1614 	.db #0xB3	; 179
   0622 B5                 1615 	.db #0xB5	; 181
   0623 B1                 1616 	.db #0xB1	; 177
   0624 B1                 1617 	.db #0xB1	; 177
   0625 B1                 1618 	.db #0xB1	; 177
   0626 B1                 1619 	.db #0xB1	; 177
   0627 B9                 1620 	.db #0xB9	; 185
   0628 B3                 1621 	.db #0xB3	; 179
   0629 B3                 1622 	.db #0xB3	; 179
   062A B3                 1623 	.db #0xB3	; 179
   062B BA                 1624 	.db #0xBA	; 186
   062C BB                 1625 	.db #0xBB	; 187
   062D B3                 1626 	.db #0xB3	; 179
   062E B3                 1627 	.db #0xB3	; 179
   062F BC                 1628 	.db #0xBC	; 188
   0630 D2                 1629 	.db #0xD2	; 210
   0631 D2                 1630 	.db #0xD2	; 210
   0632 BE                 1631 	.db #0xBE	; 190
   0633 D6                 1632 	.db #0xD6	; 214
   0634 D6                 1633 	.db #0xD6	; 214
   0635 D6                 1634 	.db #0xD6	; 214
   0636 DA                 1635 	.db #0xDA	; 218
   0637 04                 1636 	.db #0x04	; 4
   0638 DA                 1637 	.db #0xDA	; 218
   0639 DA                 1638 	.db #0xDA	; 218
   063A DA                 1639 	.db #0xDA	; 218
   063B DA                 1640 	.db #0xDA	; 218
   063C DA                 1641 	.db #0xDA	; 218
   063D DA                 1642 	.db #0xDA	; 218
   063E DA                 1643 	.db #0xDA	; 218
   063F C5                 1644 	.db #0xC5	; 197
   0640 C6                 1645 	.db #0xC6	; 198
   0641 C7                 1646 	.db #0xC7	; 199
   0642 C7                 1647 	.db #0xC7	; 199
   0643 C8                 1648 	.db #0xC8	; 200
   0644 C9                 1649 	.db #0xC9	; 201
   0645 C7                 1650 	.db #0xC7	; 199
   0646 C7                 1651 	.db #0xC7	; 199
   0647 CA                 1652 	.db #0xCA	; 202
   0648 CB                 1653 	.db #0xCB	; 203
   0649 CC                 1654 	.db #0xCC	; 204
   064A C7                 1655 	.db #0xC7	; 199
   064B C8                 1656 	.db #0xC8	; 200
   064C C9                 1657 	.db #0xC9	; 201
   064D C7                 1658 	.db #0xC7	; 199
   064E C7                 1659 	.db #0xC7	; 199
   064F C8                 1660 	.db #0xC8	; 200
   0650 CD                 1661 	.db #0xCD	; 205
   0651 CE                 1662 	.db #0xCE	; 206
   0652 CE                 1663 	.db #0xCE	; 206
   0653 CF                 1664 	.db #0xCF	; 207
   0654 D0                 1665 	.db #0xD0	; 208
   0655 CE                 1666 	.db #0xCE	; 206
   0656 CE                 1667 	.db #0xCE	; 206
   0657 D1                 1668 	.db #0xD1	; 209
   0658 D2                 1669 	.db #0xD2	; 210
   0659 D3                 1670 	.db #0xD3	; 211
   065A D4                 1671 	.db #0xD4	; 212
   065B D5                 1672 	.db #0xD5	; 213
   065C D6                 1673 	.db #0xD6	; 214
   065D D7                 1674 	.db #0xD7	; 215
   065E D8                 1675 	.db #0xD8	; 216
   065F D9                 1676 	.db #0xD9	; 217
   0660 DA                 1677 	.db #0xDA	; 218
   0661 D8                 1678 	.db #0xD8	; 216
   0662 D8                 1679 	.db #0xD8	; 216
   0663 D9                 1680 	.db #0xD9	; 217
   0664 DA                 1681 	.db #0xDA	; 218
   0665 D8                 1682 	.db #0xD8	; 216
   0666 D8                 1683 	.db #0xD8	; 216
   0667 DB                 1684 	.db #0xDB	; 219
   0668 DC                 1685 	.db #0xDC	; 220
   0669 DD                 1686 	.db #0xDD	; 221
   066A DD                 1687 	.db #0xDD	; 221
   066B DE                 1688 	.db #0xDE	; 222
   066C DF                 1689 	.db #0xDF	; 223
   066D DD                 1690 	.db #0xDD	; 221
   066E DD                 1691 	.db #0xDD	; 221
   066F E0                 1692 	.db #0xE0	; 224
   0670 E1                 1693 	.db #0xE1	; 225
   0671 DD                 1694 	.db #0xDD	; 221
   0672 DD                 1695 	.db #0xDD	; 221
   0673 DE                 1696 	.db #0xDE	; 222
   0674 DF                 1697 	.db #0xDF	; 223
   0675 DD                 1698 	.db #0xDD	; 221
   0676 DD                 1699 	.db #0xDD	; 221
   0677 E0                 1700 	.db #0xE0	; 224
   0678 E3                 1701 	.db #0xE3	; 227
   0679 DD                 1702 	.db #0xDD	; 221
   067A DD                 1703 	.db #0xDD	; 221
   067B E5                 1704 	.db #0xE5	; 229
   067C E6                 1705 	.db #0xE6	; 230
   067D DD                 1706 	.db #0xDD	; 221
   067E DD                 1707 	.db #0xDD	; 221
   067F E7                 1708 	.db #0xE7	; 231
   0680 E8                 1709 	.db #0xE8	; 232
   0681 DD                 1710 	.db #0xDD	; 221
   0682 DD                 1711 	.db #0xDD	; 221
   0683 EB                 1712 	.db #0xEB	; 235
   0684 EC                 1713 	.db #0xEC	; 236
   0685 DD                 1714 	.db #0xDD	; 221
   0686 DD                 1715 	.db #0xDD	; 221
   0687 EF                 1716 	.db #0xEF	; 239
   0688 F0                 1717 	.db #0xF0	; 240
   0689 DD                 1718 	.db #0xDD	; 221
   068A DD                 1719 	.db #0xDD	; 221
   068B EF                 1720 	.db #0xEF	; 239
   068C F0                 1721 	.db #0xF0	; 240
   068D DD                 1722 	.db #0xDD	; 221
   068E DD                 1723 	.db #0xDD	; 221
   068F F1                 1724 	.db #0xF1	; 241
                           1725 	.area _INITIALIZER
                           1726 	.area _CABS (ABS)
