                              1 ;--------------------------------------------------------
                              2 ; File Created by SDCC : free open source ANSI-C Compiler
                              3 ; Version 3.5.5 #9498 (Linux)
                              4 ;--------------------------------------------------------
                              5 	.module numbers
                              6 	.optsdcc -mz80
                              7 	
                              8 ;--------------------------------------------------------
                              9 ; Public variables in this module
                             10 ;--------------------------------------------------------
                             11 	.globl _sprite_numbers_09
                             12 	.globl _sprite_numbers_08
                             13 	.globl _sprite_numbers_07
                             14 	.globl _sprite_numbers_06
                             15 	.globl _sprite_numbers_05
                             16 	.globl _sprite_numbers_04
                             17 	.globl _sprite_numbers_03
                             18 	.globl _sprite_numbers_02
                             19 	.globl _sprite_numbers_01
                             20 	.globl _sprite_numbers_00
                             21 ;--------------------------------------------------------
                             22 ; special function registers
                             23 ;--------------------------------------------------------
                             24 ;--------------------------------------------------------
                             25 ; ram data
                             26 ;--------------------------------------------------------
                             27 	.area _DATA
                             28 ;--------------------------------------------------------
                             29 ; ram data
                             30 ;--------------------------------------------------------
                             31 	.area _INITIALIZED
                             32 ;--------------------------------------------------------
                             33 ; absolute external ram data
                             34 ;--------------------------------------------------------
                             35 	.area _DABS (ABS)
                             36 ;--------------------------------------------------------
                             37 ; global & static initialisations
                             38 ;--------------------------------------------------------
                             39 	.area _HOME
                             40 	.area _GSINIT
                             41 	.area _GSFINAL
                             42 	.area _GSINIT
                             43 ;--------------------------------------------------------
                             44 ; Home
                             45 ;--------------------------------------------------------
                             46 	.area _HOME
                             47 	.area _HOME
                             48 ;--------------------------------------------------------
                             49 ; code
                             50 ;--------------------------------------------------------
                             51 	.area _CODE
                             52 	.area _CODE
   0000                      53 _sprite_numbers_00:
   0000 55                   54 	.db #0x55	; 85	'U'
   0001 80                   55 	.db #0x80	; 128
   0002 FF                   56 	.db #0xFF	; 255
   0003 00                   57 	.db #0x00	; 0
   0004 00                   58 	.db #0x00	; 0
   0005 C0                   59 	.db #0xC0	; 192
   0006 FF                   60 	.db #0xFF	; 255
   0007 00                   61 	.db #0x00	; 0
   0008 55                   62 	.db #0x55	; 85	'U'
   0009 80                   63 	.db #0x80	; 128
   000A AA                   64 	.db #0xAA	; 170
   000B 40                   65 	.db #0x40	; 64
   000C AA                   66 	.db #0xAA	; 170
   000D 40                   67 	.db #0x40	; 64
   000E 00                   68 	.db #0x00	; 0
   000F C0                   69 	.db #0xC0	; 192
   0010 AA                   70 	.db #0xAA	; 170
   0011 40                   71 	.db #0x40	; 64
   0012 AA                   72 	.db #0xAA	; 170
   0013 40                   73 	.db #0x40	; 64
   0014 00                   74 	.db #0x00	; 0
   0015 C0                   75 	.db #0xC0	; 192
   0016 AA                   76 	.db #0xAA	; 170
   0017 40                   77 	.db #0x40	; 64
   0018 AA                   78 	.db #0xAA	; 170
   0019 40                   79 	.db #0x40	; 64
   001A 00                   80 	.db #0x00	; 0
   001B C0                   81 	.db #0xC0	; 192
   001C AA                   82 	.db #0xAA	; 170
   001D 40                   83 	.db #0x40	; 64
   001E FF                   84 	.db #0xFF	; 255
   001F 00                   85 	.db #0x00	; 0
   0020 55                   86 	.db #0x55	; 85	'U'
   0021 80                   87 	.db #0x80	; 128
   0022 AA                   88 	.db #0xAA	; 170
   0023 40                   89 	.db #0x40	; 64
   0024 55                   90 	.db #0x55	; 85	'U'
   0025 80                   91 	.db #0x80	; 128
   0026 FF                   92 	.db #0xFF	; 255
   0027 00                   93 	.db #0x00	; 0
   0028 00                   94 	.db #0x00	; 0
   0029 C0                   95 	.db #0xC0	; 192
   002A                      96 _sprite_numbers_01:
   002A FF                   97 	.db #0xFF	; 255
   002B 00                   98 	.db #0x00	; 0
   002C AA                   99 	.db #0xAA	; 170
   002D 40                  100 	.db #0x40	; 64
   002E 00                  101 	.db #0x00	; 0
   002F C0                  102 	.db #0xC0	; 192
   0030 00                  103 	.db #0x00	; 0
   0031 C0                  104 	.db #0xC0	; 192
   0032 AA                  105 	.db #0xAA	; 170
   0033 40                  106 	.db #0x40	; 64
   0034 00                  107 	.db #0x00	; 0
   0035 C0                  108 	.db #0xC0	; 192
   0036 00                  109 	.db #0x00	; 0
   0037 C0                  110 	.db #0xC0	; 192
   0038 AA                  111 	.db #0xAA	; 170
   0039 40                  112 	.db #0x40	; 64
   003A 00                  113 	.db #0x00	; 0
   003B C0                  114 	.db #0xC0	; 192
   003C 00                  115 	.db #0x00	; 0
   003D C0                  116 	.db #0xC0	; 192
   003E AA                  117 	.db #0xAA	; 170
   003F 40                  118 	.db #0x40	; 64
   0040 00                  119 	.db #0x00	; 0
   0041 C0                  120 	.db #0xC0	; 192
   0042 00                  121 	.db #0x00	; 0
   0043 C0                  122 	.db #0xC0	; 192
   0044 AA                  123 	.db #0xAA	; 170
   0045 40                  124 	.db #0x40	; 64
   0046 00                  125 	.db #0x00	; 0
   0047 C0                  126 	.db #0xC0	; 192
   0048 00                  127 	.db #0x00	; 0
   0049 C0                  128 	.db #0xC0	; 192
   004A AA                  129 	.db #0xAA	; 170
   004B 40                  130 	.db #0x40	; 64
   004C 00                  131 	.db #0x00	; 0
   004D C0                  132 	.db #0xC0	; 192
   004E FF                  133 	.db #0xFF	; 255
   004F 00                  134 	.db #0x00	; 0
   0050 FF                  135 	.db #0xFF	; 255
   0051 00                  136 	.db #0x00	; 0
   0052 AA                  137 	.db #0xAA	; 170
   0053 40                  138 	.db #0x40	; 64
   0054                     139 _sprite_numbers_02:
   0054 55                  140 	.db #0x55	; 85	'U'
   0055 80                  141 	.db #0x80	; 128
   0056 FF                  142 	.db #0xFF	; 255
   0057 00                  143 	.db #0x00	; 0
   0058 00                  144 	.db #0x00	; 0
   0059 C0                  145 	.db #0xC0	; 192
   005A AA                  146 	.db #0xAA	; 170
   005B 40                  147 	.db #0x40	; 64
   005C 00                  148 	.db #0x00	; 0
   005D C0                  149 	.db #0xC0	; 192
   005E AA                  150 	.db #0xAA	; 170
   005F 40                  151 	.db #0x40	; 64
   0060 00                  152 	.db #0x00	; 0
   0061 C0                  153 	.db #0xC0	; 192
   0062 00                  154 	.db #0x00	; 0
   0063 C0                  155 	.db #0xC0	; 192
   0064 AA                  156 	.db #0xAA	; 170
   0065 40                  157 	.db #0x40	; 64
   0066 00                  158 	.db #0x00	; 0
   0067 C0                  159 	.db #0xC0	; 192
   0068 55                  160 	.db #0x55	; 85	'U'
   0069 80                  161 	.db #0x80	; 128
   006A 00                  162 	.db #0x00	; 0
   006B C0                  163 	.db #0xC0	; 192
   006C 00                  164 	.db #0x00	; 0
   006D C0                  165 	.db #0xC0	; 192
   006E AA                  166 	.db #0xAA	; 170
   006F 40                  167 	.db #0x40	; 64
   0070 00                  168 	.db #0x00	; 0
   0071 C0                  169 	.db #0xC0	; 192
   0072 55                  170 	.db #0x55	; 85	'U'
   0073 80                  171 	.db #0x80	; 128
   0074 00                  172 	.db #0x00	; 0
   0075 C0                  173 	.db #0xC0	; 192
   0076 00                  174 	.db #0x00	; 0
   0077 C0                  175 	.db #0xC0	; 192
   0078 FF                  176 	.db #0xFF	; 255
   0079 00                  177 	.db #0x00	; 0
   007A FF                  178 	.db #0xFF	; 255
   007B 00                  179 	.db #0x00	; 0
   007C AA                  180 	.db #0xAA	; 170
   007D 40                  181 	.db #0x40	; 64
   007E                     182 _sprite_numbers_03:
   007E 55                  183 	.db #0x55	; 85	'U'
   007F 80                  184 	.db #0x80	; 128
   0080 FF                  185 	.db #0xFF	; 255
   0081 00                  186 	.db #0x00	; 0
   0082 00                  187 	.db #0x00	; 0
   0083 C0                  188 	.db #0xC0	; 192
   0084 AA                  189 	.db #0xAA	; 170
   0085 40                  190 	.db #0x40	; 64
   0086 00                  191 	.db #0x00	; 0
   0087 C0                  192 	.db #0xC0	; 192
   0088 AA                  193 	.db #0xAA	; 170
   0089 40                  194 	.db #0x40	; 64
   008A 00                  195 	.db #0x00	; 0
   008B C0                  196 	.db #0xC0	; 192
   008C 00                  197 	.db #0x00	; 0
   008D C0                  198 	.db #0xC0	; 192
   008E AA                  199 	.db #0xAA	; 170
   008F 40                  200 	.db #0x40	; 64
   0090 55                  201 	.db #0x55	; 85	'U'
   0091 80                  202 	.db #0x80	; 128
   0092 FF                  203 	.db #0xFF	; 255
   0093 00                  204 	.db #0x00	; 0
   0094 00                  205 	.db #0x00	; 0
   0095 C0                  206 	.db #0xC0	; 192
   0096 00                  207 	.db #0x00	; 0
   0097 C0                  208 	.db #0xC0	; 192
   0098 00                  209 	.db #0x00	; 0
   0099 C0                  210 	.db #0xC0	; 192
   009A AA                  211 	.db #0xAA	; 170
   009B 40                  212 	.db #0x40	; 64
   009C AA                  213 	.db #0xAA	; 170
   009D 40                  214 	.db #0x40	; 64
   009E 00                  215 	.db #0x00	; 0
   009F C0                  216 	.db #0xC0	; 192
   00A0 AA                  217 	.db #0xAA	; 170
   00A1 40                  218 	.db #0x40	; 64
   00A2 55                  219 	.db #0x55	; 85	'U'
   00A3 80                  220 	.db #0x80	; 128
   00A4 FF                  221 	.db #0xFF	; 255
   00A5 00                  222 	.db #0x00	; 0
   00A6 00                  223 	.db #0x00	; 0
   00A7 C0                  224 	.db #0xC0	; 192
   00A8                     225 _sprite_numbers_04:
   00A8 00                  226 	.db #0x00	; 0
   00A9 C0                  227 	.db #0xC0	; 192
   00AA 55                  228 	.db #0x55	; 85	'U'
   00AB 80                  229 	.db #0x80	; 128
   00AC 00                  230 	.db #0x00	; 0
   00AD C0                  231 	.db #0xC0	; 192
   00AE 00                  232 	.db #0x00	; 0
   00AF C0                  233 	.db #0xC0	; 192
   00B0 FF                  234 	.db #0xFF	; 255
   00B1 00                  235 	.db #0x00	; 0
   00B2 00                  236 	.db #0x00	; 0
   00B3 C0                  237 	.db #0xC0	; 192
   00B4 55                  238 	.db #0x55	; 85	'U'
   00B5 80                  239 	.db #0x80	; 128
   00B6 55                  240 	.db #0x55	; 85	'U'
   00B7 80                  241 	.db #0x80	; 128
   00B8 00                  242 	.db #0x00	; 0
   00B9 C0                  243 	.db #0xC0	; 192
   00BA AA                  244 	.db #0xAA	; 170
   00BB 40                  245 	.db #0x40	; 64
   00BC 55                  246 	.db #0x55	; 85	'U'
   00BD 80                  247 	.db #0x80	; 128
   00BE 00                  248 	.db #0x00	; 0
   00BF C0                  249 	.db #0xC0	; 192
   00C0 FF                  250 	.db #0xFF	; 255
   00C1 00                  251 	.db #0x00	; 0
   00C2 FF                  252 	.db #0xFF	; 255
   00C3 00                  253 	.db #0x00	; 0
   00C4 AA                  254 	.db #0xAA	; 170
   00C5 40                  255 	.db #0x40	; 64
   00C6 00                  256 	.db #0x00	; 0
   00C7 C0                  257 	.db #0xC0	; 192
   00C8 55                  258 	.db #0x55	; 85	'U'
   00C9 80                  259 	.db #0x80	; 128
   00CA 00                  260 	.db #0x00	; 0
   00CB C0                  261 	.db #0xC0	; 192
   00CC 00                  262 	.db #0x00	; 0
   00CD C0                  263 	.db #0xC0	; 192
   00CE 55                  264 	.db #0x55	; 85	'U'
   00CF 80                  265 	.db #0x80	; 128
   00D0 00                  266 	.db #0x00	; 0
   00D1 C0                  267 	.db #0xC0	; 192
   00D2                     268 _sprite_numbers_05:
   00D2 FF                  269 	.db #0xFF	; 255
   00D3 00                  270 	.db #0x00	; 0
   00D4 FF                  271 	.db #0xFF	; 255
   00D5 00                  272 	.db #0x00	; 0
   00D6 00                  273 	.db #0x00	; 0
   00D7 C0                  274 	.db #0xC0	; 192
   00D8 AA                  275 	.db #0xAA	; 170
   00D9 40                  276 	.db #0x40	; 64
   00DA 00                  277 	.db #0x00	; 0
   00DB C0                  278 	.db #0xC0	; 192
   00DC 00                  279 	.db #0x00	; 0
   00DD C0                  280 	.db #0xC0	; 192
   00DE FF                  281 	.db #0xFF	; 255
   00DF 00                  282 	.db #0x00	; 0
   00E0 FF                  283 	.db #0xFF	; 255
   00E1 00                  284 	.db #0x00	; 0
   00E2 00                  285 	.db #0x00	; 0
   00E3 C0                  286 	.db #0xC0	; 192
   00E4 00                  287 	.db #0x00	; 0
   00E5 C0                  288 	.db #0xC0	; 192
   00E6 55                  289 	.db #0x55	; 85	'U'
   00E7 80                  290 	.db #0x80	; 128
   00E8 AA                  291 	.db #0xAA	; 170
   00E9 40                  292 	.db #0x40	; 64
   00EA 00                  293 	.db #0x00	; 0
   00EB C0                  294 	.db #0xC0	; 192
   00EC 00                  295 	.db #0x00	; 0
   00ED C0                  296 	.db #0xC0	; 192
   00EE AA                  297 	.db #0xAA	; 170
   00EF 40                  298 	.db #0x40	; 64
   00F0 00                  299 	.db #0x00	; 0
   00F1 C0                  300 	.db #0xC0	; 192
   00F2 55                  301 	.db #0x55	; 85	'U'
   00F3 80                  302 	.db #0x80	; 128
   00F4 AA                  303 	.db #0xAA	; 170
   00F5 40                  304 	.db #0x40	; 64
   00F6 FF                  305 	.db #0xFF	; 255
   00F7 00                  306 	.db #0x00	; 0
   00F8 FF                  307 	.db #0xFF	; 255
   00F9 00                  308 	.db #0x00	; 0
   00FA 00                  309 	.db #0x00	; 0
   00FB C0                  310 	.db #0xC0	; 192
   00FC                     311 _sprite_numbers_06:
   00FC 00                  312 	.db #0x00	; 0
   00FD C0                  313 	.db #0xC0	; 192
   00FE FF                  314 	.db #0xFF	; 255
   00FF 00                  315 	.db #0x00	; 0
   0100 AA                  316 	.db #0xAA	; 170
   0101 40                  317 	.db #0x40	; 64
   0102 55                  318 	.db #0x55	; 85	'U'
   0103 80                  319 	.db #0x80	; 128
   0104 00                  320 	.db #0x00	; 0
   0105 C0                  321 	.db #0xC0	; 192
   0106 00                  322 	.db #0x00	; 0
   0107 C0                  323 	.db #0xC0	; 192
   0108 AA                  324 	.db #0xAA	; 170
   0109 40                  325 	.db #0x40	; 64
   010A 00                  326 	.db #0x00	; 0
   010B C0                  327 	.db #0xC0	; 192
   010C 00                  328 	.db #0x00	; 0
   010D C0                  329 	.db #0xC0	; 192
   010E FF                  330 	.db #0xFF	; 255
   010F 00                  331 	.db #0x00	; 0
   0110 FF                  332 	.db #0xFF	; 255
   0111 00                  333 	.db #0x00	; 0
   0112 00                  334 	.db #0x00	; 0
   0113 C0                  335 	.db #0xC0	; 192
   0114 AA                  336 	.db #0xAA	; 170
   0115 40                  337 	.db #0x40	; 64
   0116 00                  338 	.db #0x00	; 0
   0117 C0                  339 	.db #0xC0	; 192
   0118 AA                  340 	.db #0xAA	; 170
   0119 40                  341 	.db #0x40	; 64
   011A AA                  342 	.db #0xAA	; 170
   011B 40                  343 	.db #0x40	; 64
   011C 00                  344 	.db #0x00	; 0
   011D C0                  345 	.db #0xC0	; 192
   011E AA                  346 	.db #0xAA	; 170
   011F 40                  347 	.db #0x40	; 64
   0120 55                  348 	.db #0x55	; 85	'U'
   0121 80                  349 	.db #0x80	; 128
   0122 FF                  350 	.db #0xFF	; 255
   0123 00                  351 	.db #0x00	; 0
   0124 00                  352 	.db #0x00	; 0
   0125 C0                  353 	.db #0xC0	; 192
   0126                     354 _sprite_numbers_07:
   0126 FF                  355 	.db #0xFF	; 255
   0127 00                  356 	.db #0x00	; 0
   0128 FF                  357 	.db #0xFF	; 255
   0129 00                  358 	.db #0x00	; 0
   012A AA                  359 	.db #0xAA	; 170
   012B 40                  360 	.db #0x40	; 64
   012C 00                  361 	.db #0x00	; 0
   012D C0                  362 	.db #0xC0	; 192
   012E 00                  363 	.db #0x00	; 0
   012F C0                  364 	.db #0xC0	; 192
   0130 AA                  365 	.db #0xAA	; 170
   0131 40                  366 	.db #0x40	; 64
   0132 00                  367 	.db #0x00	; 0
   0133 C0                  368 	.db #0xC0	; 192
   0134 55                  369 	.db #0x55	; 85	'U'
   0135 80                  370 	.db #0x80	; 128
   0136 00                  371 	.db #0x00	; 0
   0137 C0                  372 	.db #0xC0	; 192
   0138 00                  373 	.db #0x00	; 0
   0139 C0                  374 	.db #0xC0	; 192
   013A 55                  375 	.db #0x55	; 85	'U'
   013B 80                  376 	.db #0x80	; 128
   013C 00                  377 	.db #0x00	; 0
   013D C0                  378 	.db #0xC0	; 192
   013E 00                  379 	.db #0x00	; 0
   013F C0                  380 	.db #0xC0	; 192
   0140 AA                  381 	.db #0xAA	; 170
   0141 40                  382 	.db #0x40	; 64
   0142 00                  383 	.db #0x00	; 0
   0143 C0                  384 	.db #0xC0	; 192
   0144 00                  385 	.db #0x00	; 0
   0145 C0                  386 	.db #0xC0	; 192
   0146 AA                  387 	.db #0xAA	; 170
   0147 40                  388 	.db #0x40	; 64
   0148 00                  389 	.db #0x00	; 0
   0149 C0                  390 	.db #0xC0	; 192
   014A 55                  391 	.db #0x55	; 85	'U'
   014B 80                  392 	.db #0x80	; 128
   014C 00                  393 	.db #0x00	; 0
   014D C0                  394 	.db #0xC0	; 192
   014E 00                  395 	.db #0x00	; 0
   014F C0                  396 	.db #0xC0	; 192
   0150                     397 _sprite_numbers_08:
   0150 55                  398 	.db #0x55	; 85	'U'
   0151 80                  399 	.db #0x80	; 128
   0152 FF                  400 	.db #0xFF	; 255
   0153 00                  401 	.db #0x00	; 0
   0154 00                  402 	.db #0x00	; 0
   0155 C0                  403 	.db #0xC0	; 192
   0156 AA                  404 	.db #0xAA	; 170
   0157 40                  405 	.db #0x40	; 64
   0158 00                  406 	.db #0x00	; 0
   0159 C0                  407 	.db #0xC0	; 192
   015A AA                  408 	.db #0xAA	; 170
   015B 40                  409 	.db #0x40	; 64
   015C AA                  410 	.db #0xAA	; 170
   015D 40                  411 	.db #0x40	; 64
   015E 00                  412 	.db #0x00	; 0
   015F C0                  413 	.db #0xC0	; 192
   0160 AA                  414 	.db #0xAA	; 170
   0161 40                  415 	.db #0x40	; 64
   0162 55                  416 	.db #0x55	; 85	'U'
   0163 80                  417 	.db #0x80	; 128
   0164 FF                  418 	.db #0xFF	; 255
   0165 00                  419 	.db #0x00	; 0
   0166 00                  420 	.db #0x00	; 0
   0167 C0                  421 	.db #0xC0	; 192
   0168 AA                  422 	.db #0xAA	; 170
   0169 40                  423 	.db #0x40	; 64
   016A 00                  424 	.db #0x00	; 0
   016B C0                  425 	.db #0xC0	; 192
   016C AA                  426 	.db #0xAA	; 170
   016D 40                  427 	.db #0x40	; 64
   016E AA                  428 	.db #0xAA	; 170
   016F 40                  429 	.db #0x40	; 64
   0170 00                  430 	.db #0x00	; 0
   0171 C0                  431 	.db #0xC0	; 192
   0172 AA                  432 	.db #0xAA	; 170
   0173 40                  433 	.db #0x40	; 64
   0174 55                  434 	.db #0x55	; 85	'U'
   0175 80                  435 	.db #0x80	; 128
   0176 FF                  436 	.db #0xFF	; 255
   0177 00                  437 	.db #0x00	; 0
   0178 00                  438 	.db #0x00	; 0
   0179 C0                  439 	.db #0xC0	; 192
   017A                     440 _sprite_numbers_09:
   017A 55                  441 	.db #0x55	; 85	'U'
   017B 80                  442 	.db #0x80	; 128
   017C FF                  443 	.db #0xFF	; 255
   017D 00                  444 	.db #0x00	; 0
   017E 00                  445 	.db #0x00	; 0
   017F C0                  446 	.db #0xC0	; 192
   0180 AA                  447 	.db #0xAA	; 170
   0181 40                  448 	.db #0x40	; 64
   0182 00                  449 	.db #0x00	; 0
   0183 C0                  450 	.db #0xC0	; 192
   0184 AA                  451 	.db #0xAA	; 170
   0185 40                  452 	.db #0x40	; 64
   0186 AA                  453 	.db #0xAA	; 170
   0187 40                  454 	.db #0x40	; 64
   0188 00                  455 	.db #0x00	; 0
   0189 C0                  456 	.db #0xC0	; 192
   018A AA                  457 	.db #0xAA	; 170
   018B 40                  458 	.db #0x40	; 64
   018C FF                  459 	.db #0xFF	; 255
   018D 00                  460 	.db #0x00	; 0
   018E FF                  461 	.db #0xFF	; 255
   018F 00                  462 	.db #0x00	; 0
   0190 AA                  463 	.db #0xAA	; 170
   0191 40                  464 	.db #0x40	; 64
   0192 00                  465 	.db #0x00	; 0
   0193 C0                  466 	.db #0xC0	; 192
   0194 00                  467 	.db #0x00	; 0
   0195 C0                  468 	.db #0xC0	; 192
   0196 AA                  469 	.db #0xAA	; 170
   0197 40                  470 	.db #0x40	; 64
   0198 00                  471 	.db #0x00	; 0
   0199 C0                  472 	.db #0xC0	; 192
   019A 55                  473 	.db #0x55	; 85	'U'
   019B 80                  474 	.db #0x80	; 128
   019C 00                  475 	.db #0x00	; 0
   019D C0                  476 	.db #0xC0	; 192
   019E FF                  477 	.db #0xFF	; 255
   019F 00                  478 	.db #0x00	; 0
   01A0 AA                  479 	.db #0xAA	; 170
   01A1 40                  480 	.db #0x40	; 64
   01A2 00                  481 	.db #0x00	; 0
   01A3 C0                  482 	.db #0xC0	; 192
                            483 	.area _INITIALIZER
                            484 	.area _CABS (ABS)
