                              1 ;--------------------------------------------------------
                              2 ; File Created by SDCC : free open source ANSI-C Compiler
                              3 ; Version 3.5.5 #9498 (Linux)
                              4 ;--------------------------------------------------------
                              5 	.module frisbee_1
                              6 	.optsdcc -mz80
                              7 	
                              8 ;--------------------------------------------------------
                              9 ; Public variables in this module
                             10 ;--------------------------------------------------------
                             11 	.globl _sprite_frisbee_1_1
                             12 	.globl _sprite_frisbee_1_0
                             13 ;--------------------------------------------------------
                             14 ; special function registers
                             15 ;--------------------------------------------------------
                             16 ;--------------------------------------------------------
                             17 ; ram data
                             18 ;--------------------------------------------------------
                             19 	.area _DATA
                             20 ;--------------------------------------------------------
                             21 ; ram data
                             22 ;--------------------------------------------------------
                             23 	.area _INITIALIZED
                             24 ;--------------------------------------------------------
                             25 ; absolute external ram data
                             26 ;--------------------------------------------------------
                             27 	.area _DABS (ABS)
                             28 ;--------------------------------------------------------
                             29 ; global & static initialisations
                             30 ;--------------------------------------------------------
                             31 	.area _HOME
                             32 	.area _GSINIT
                             33 	.area _GSFINAL
                             34 	.area _GSINIT
                             35 ;--------------------------------------------------------
                             36 ; Home
                             37 ;--------------------------------------------------------
                             38 	.area _HOME
                             39 	.area _HOME
                             40 ;--------------------------------------------------------
                             41 ; code
                             42 ;--------------------------------------------------------
                             43 	.area _CODE
                             44 	.area _CODE
   0000                      45 _sprite_frisbee_1_0:
   0000 FF                   46 	.db #0xFF	; 255
   0001 00                   47 	.db #0x00	; 0
   0002 FF                   48 	.db #0xFF	; 255
   0003 00                   49 	.db #0x00	; 0
   0004 FF                   50 	.db #0xFF	; 255
   0005 00                   51 	.db #0x00	; 0
   0006 FF                   52 	.db #0xFF	; 255
   0007 00                   53 	.db #0x00	; 0
   0008 FF                   54 	.db #0xFF	; 255
   0009 00                   55 	.db #0x00	; 0
   000A FF                   56 	.db #0xFF	; 255
   000B 00                   57 	.db #0x00	; 0
   000C FF                   58 	.db #0xFF	; 255
   000D 00                   59 	.db #0x00	; 0
   000E FF                   60 	.db #0xFF	; 255
   000F 00                   61 	.db #0x00	; 0
   0010 FF                   62 	.db #0xFF	; 255
   0011 00                   63 	.db #0x00	; 0
   0012 FF                   64 	.db #0xFF	; 255
   0013 00                   65 	.db #0x00	; 0
   0014 FF                   66 	.db #0xFF	; 255
   0015 00                   67 	.db #0x00	; 0
   0016 FF                   68 	.db #0xFF	; 255
   0017 00                   69 	.db #0x00	; 0
   0018 FF                   70 	.db #0xFF	; 255
   0019 00                   71 	.db #0x00	; 0
   001A AA                   72 	.db #0xAA	; 170
   001B 05                   73 	.db #0x05	; 5
   001C 00                   74 	.db #0x00	; 0
   001D 0F                   75 	.db #0x0F	; 15
   001E FF                   76 	.db #0xFF	; 255
   001F 00                   77 	.db #0x00	; 0
   0020 FF                   78 	.db #0xFF	; 255
   0021 00                   79 	.db #0x00	; 0
   0022 00                   80 	.db #0x00	; 0
   0023 0B                   81 	.db #0x0B	; 11
   0024 00                   82 	.db #0x00	; 0
   0025 03                   83 	.db #0x03	; 3
   0026 55                   84 	.db #0x55	; 85	'U'
   0027 0A                   85 	.db #0x0A	; 10
   0028 FF                   86 	.db #0xFF	; 255
   0029 00                   87 	.db #0x00	; 0
   002A 00                   88 	.db #0x00	; 0
   002B 0B                   89 	.db #0x0B	; 11
   002C 00                   90 	.db #0x00	; 0
   002D 8B                   91 	.db #0x8B	; 139
   002E 55                   92 	.db #0x55	; 85	'U'
   002F 0A                   93 	.db #0x0A	; 10
   0030 FF                   94 	.db #0xFF	; 255
   0031 00                   95 	.db #0x00	; 0
   0032 00                   96 	.db #0x00	; 0
   0033 47                   97 	.db #0x47	; 71	'G'
   0034 AA                   98 	.db #0xAA	; 170
   0035 45                   99 	.db #0x45	; 69	'E'
   0036 55                  100 	.db #0x55	; 85	'U'
   0037 02                  101 	.db #0x02	; 2
   0038 FF                  102 	.db #0xFF	; 255
   0039 00                  103 	.db #0x00	; 0
   003A 00                  104 	.db #0x00	; 0
   003B 47                  105 	.db #0x47	; 71	'G'
   003C AA                  106 	.db #0xAA	; 170
   003D 45                  107 	.db #0x45	; 69	'E'
   003E 55                  108 	.db #0x55	; 85	'U'
   003F 02                  109 	.db #0x02	; 2
   0040 AA                  110 	.db #0xAA	; 170
   0041 05                  111 	.db #0x05	; 5
   0042 55                  112 	.db #0x55	; 85	'U'
   0043 02                  113 	.db #0x02	; 2
   0044 FF                  114 	.db #0xFF	; 255
   0045 00                  115 	.db #0x00	; 0
   0046 00                  116 	.db #0x00	; 0
   0047 07                  117 	.db #0x07	; 7
   0048 FF                  118 	.db #0xFF	; 255
   0049 00                  119 	.db #0x00	; 0
   004A 00                  120 	.db #0x00	; 0
   004B 47                  121 	.db #0x47	; 71	'G'
   004C AA                  122 	.db #0xAA	; 170
   004D 45                  123 	.db #0x45	; 69	'E'
   004E 55                  124 	.db #0x55	; 85	'U'
   004F 02                  125 	.db #0x02	; 2
   0050 FF                  126 	.db #0xFF	; 255
   0051 00                  127 	.db #0x00	; 0
   0052 00                  128 	.db #0x00	; 0
   0053 47                  129 	.db #0x47	; 71	'G'
   0054 AA                  130 	.db #0xAA	; 170
   0055 45                  131 	.db #0x45	; 69	'E'
   0056 55                  132 	.db #0x55	; 85	'U'
   0057 02                  133 	.db #0x02	; 2
   0058 FF                  134 	.db #0xFF	; 255
   0059 00                  135 	.db #0x00	; 0
   005A 00                  136 	.db #0x00	; 0
   005B 0B                  137 	.db #0x0B	; 11
   005C 00                  138 	.db #0x00	; 0
   005D 8B                  139 	.db #0x8B	; 139
   005E 55                  140 	.db #0x55	; 85	'U'
   005F 0A                  141 	.db #0x0A	; 10
   0060 FF                  142 	.db #0xFF	; 255
   0061 00                  143 	.db #0x00	; 0
   0062 00                  144 	.db #0x00	; 0
   0063 0B                  145 	.db #0x0B	; 11
   0064 00                  146 	.db #0x00	; 0
   0065 03                  147 	.db #0x03	; 3
   0066 55                  148 	.db #0x55	; 85	'U'
   0067 0A                  149 	.db #0x0A	; 10
   0068 FF                  150 	.db #0xFF	; 255
   0069 00                  151 	.db #0x00	; 0
   006A AA                  152 	.db #0xAA	; 170
   006B 05                  153 	.db #0x05	; 5
   006C 00                  154 	.db #0x00	; 0
   006D 0F                  155 	.db #0x0F	; 15
   006E FF                  156 	.db #0xFF	; 255
   006F 00                  157 	.db #0x00	; 0
   0070 FF                  158 	.db #0xFF	; 255
   0071 00                  159 	.db #0x00	; 0
   0072 FF                  160 	.db #0xFF	; 255
   0073 00                  161 	.db #0x00	; 0
   0074 FF                  162 	.db #0xFF	; 255
   0075 00                  163 	.db #0x00	; 0
   0076 FF                  164 	.db #0xFF	; 255
   0077 00                  165 	.db #0x00	; 0
   0078 FF                  166 	.db #0xFF	; 255
   0079 00                  167 	.db #0x00	; 0
   007A FF                  168 	.db #0xFF	; 255
   007B 00                  169 	.db #0x00	; 0
   007C FF                  170 	.db #0xFF	; 255
   007D 00                  171 	.db #0x00	; 0
   007E FF                  172 	.db #0xFF	; 255
   007F 00                  173 	.db #0x00	; 0
   0080                     174 _sprite_frisbee_1_1:
   0080 FF                  175 	.db #0xFF	; 255
   0081 00                  176 	.db #0x00	; 0
   0082 FF                  177 	.db #0xFF	; 255
   0083 00                  178 	.db #0x00	; 0
   0084 FF                  179 	.db #0xFF	; 255
   0085 00                  180 	.db #0x00	; 0
   0086 FF                  181 	.db #0xFF	; 255
   0087 00                  182 	.db #0x00	; 0
   0088 FF                  183 	.db #0xFF	; 255
   0089 00                  184 	.db #0x00	; 0
   008A FF                  185 	.db #0xFF	; 255
   008B 00                  186 	.db #0x00	; 0
   008C FF                  187 	.db #0xFF	; 255
   008D 00                  188 	.db #0x00	; 0
   008E FF                  189 	.db #0xFF	; 255
   008F 00                  190 	.db #0x00	; 0
   0090 FF                  191 	.db #0xFF	; 255
   0091 00                  192 	.db #0x00	; 0
   0092 FF                  193 	.db #0xFF	; 255
   0093 00                  194 	.db #0x00	; 0
   0094 FF                  195 	.db #0xFF	; 255
   0095 00                  196 	.db #0x00	; 0
   0096 FF                  197 	.db #0xFF	; 255
   0097 00                  198 	.db #0x00	; 0
   0098 FF                  199 	.db #0xFF	; 255
   0099 00                  200 	.db #0x00	; 0
   009A AA                  201 	.db #0xAA	; 170
   009B 05                  202 	.db #0x05	; 5
   009C 55                  203 	.db #0x55	; 85	'U'
   009D 0A                  204 	.db #0x0A	; 10
   009E FF                  205 	.db #0xFF	; 255
   009F 00                  206 	.db #0x00	; 0
   00A0 FF                  207 	.db #0xFF	; 255
   00A1 00                  208 	.db #0x00	; 0
   00A2 00                  209 	.db #0x00	; 0
   00A3 0B                  210 	.db #0x0B	; 11
   00A4 00                  211 	.db #0x00	; 0
   00A5 07                  212 	.db #0x07	; 7
   00A6 FF                  213 	.db #0xFF	; 255
   00A7 00                  214 	.db #0x00	; 0
   00A8 AA                  215 	.db #0xAA	; 170
   00A9 05                  216 	.db #0x05	; 5
   00AA 00                  217 	.db #0x00	; 0
   00AB 03                  218 	.db #0x03	; 3
   00AC 00                  219 	.db #0x00	; 0
   00AD 03                  220 	.db #0x03	; 3
   00AE 55                  221 	.db #0x55	; 85	'U'
   00AF 0A                  222 	.db #0x0A	; 10
   00B0 AA                  223 	.db #0xAA	; 170
   00B1 05                  224 	.db #0x05	; 5
   00B2 00                  225 	.db #0x00	; 0
   00B3 47                  226 	.db #0x47	; 71	'G'
   00B4 00                  227 	.db #0x00	; 0
   00B5 8B                  228 	.db #0x8B	; 139
   00B6 55                  229 	.db #0x55	; 85	'U'
   00B7 0A                  230 	.db #0x0A	; 10
   00B8 AA                  231 	.db #0xAA	; 170
   00B9 05                  232 	.db #0x05	; 5
   00BA 55                  233 	.db #0x55	; 85	'U'
   00BB 02                  234 	.db #0x02	; 2
   00BC AA                  235 	.db #0xAA	; 170
   00BD 01                  236 	.db #0x01	; 1
   00BE 55                  237 	.db #0x55	; 85	'U'
   00BF 0A                  238 	.db #0x0A	; 10
   00C0 AA                  239 	.db #0xAA	; 170
   00C1 05                  240 	.db #0x05	; 5
   00C2 55                  241 	.db #0x55	; 85	'U'
   00C3 8A                  242 	.db #0x8A	; 138
   00C4 AA                  243 	.db #0xAA	; 170
   00C5 45                  244 	.db #0x45	; 69	'E'
   00C6 55                  245 	.db #0x55	; 85	'U'
   00C7 0A                  246 	.db #0x0A	; 10
   00C8 AA                  247 	.db #0xAA	; 170
   00C9 05                  248 	.db #0x05	; 5
   00CA 55                  249 	.db #0x55	; 85	'U'
   00CB 02                  250 	.db #0x02	; 2
   00CC AA                  251 	.db #0xAA	; 170
   00CD 01                  252 	.db #0x01	; 1
   00CE 55                  253 	.db #0x55	; 85	'U'
   00CF 0A                  254 	.db #0x0A	; 10
   00D0 AA                  255 	.db #0xAA	; 170
   00D1 05                  256 	.db #0x05	; 5
   00D2 00                  257 	.db #0x00	; 0
   00D3 47                  258 	.db #0x47	; 71	'G'
   00D4 00                  259 	.db #0x00	; 0
   00D5 8B                  260 	.db #0x8B	; 139
   00D6 55                  261 	.db #0x55	; 85	'U'
   00D7 0A                  262 	.db #0x0A	; 10
   00D8 AA                  263 	.db #0xAA	; 170
   00D9 05                  264 	.db #0x05	; 5
   00DA 00                  265 	.db #0x00	; 0
   00DB 03                  266 	.db #0x03	; 3
   00DC 00                  267 	.db #0x00	; 0
   00DD 03                  268 	.db #0x03	; 3
   00DE 55                  269 	.db #0x55	; 85	'U'
   00DF 0A                  270 	.db #0x0A	; 10
   00E0 FF                  271 	.db #0xFF	; 255
   00E1 00                  272 	.db #0x00	; 0
   00E2 00                  273 	.db #0x00	; 0
   00E3 0B                  274 	.db #0x0B	; 11
   00E4 00                  275 	.db #0x00	; 0
   00E5 07                  276 	.db #0x07	; 7
   00E6 FF                  277 	.db #0xFF	; 255
   00E7 00                  278 	.db #0x00	; 0
   00E8 FF                  279 	.db #0xFF	; 255
   00E9 00                  280 	.db #0x00	; 0
   00EA AA                  281 	.db #0xAA	; 170
   00EB 05                  282 	.db #0x05	; 5
   00EC 55                  283 	.db #0x55	; 85	'U'
   00ED 0A                  284 	.db #0x0A	; 10
   00EE FF                  285 	.db #0xFF	; 255
   00EF 00                  286 	.db #0x00	; 0
   00F0 FF                  287 	.db #0xFF	; 255
   00F1 00                  288 	.db #0x00	; 0
   00F2 FF                  289 	.db #0xFF	; 255
   00F3 00                  290 	.db #0x00	; 0
   00F4 FF                  291 	.db #0xFF	; 255
   00F5 00                  292 	.db #0x00	; 0
   00F6 FF                  293 	.db #0xFF	; 255
   00F7 00                  294 	.db #0x00	; 0
   00F8 FF                  295 	.db #0xFF	; 255
   00F9 00                  296 	.db #0x00	; 0
   00FA FF                  297 	.db #0xFF	; 255
   00FB 00                  298 	.db #0x00	; 0
   00FC FF                  299 	.db #0xFF	; 255
   00FD 00                  300 	.db #0x00	; 0
   00FE FF                  301 	.db #0xFF	; 255
   00FF 00                  302 	.db #0x00	; 0
                            303 	.area _INITIALIZER
                            304 	.area _CABS (ABS)
