                              1 ;--------------------------------------------------------
                              2 ; File Created by SDCC : free open source ANSI-C Compiler
                              3 ; Version 3.6.8 #9946 (Linux)
                              4 ;--------------------------------------------------------
                              5 	.module frisbeeMenu
                              6 	.optsdcc -mz80
                              7 	
                              8 ;--------------------------------------------------------
                              9 ; Public variables in this module
                             10 ;--------------------------------------------------------
                             11 	.globl _sprite_frisbeeMenu_1
                             12 	.globl _sprite_frisbeeMenu_0
                             13 ;--------------------------------------------------------
                             14 ; special function registers
                             15 ;--------------------------------------------------------
                             16 ;--------------------------------------------------------
                             17 ; ram data
                             18 ;--------------------------------------------------------
                             19 	.area _DATA
                             20 ;--------------------------------------------------------
                             21 ; ram data
                             22 ;--------------------------------------------------------
                             23 	.area _INITIALIZED
                             24 ;--------------------------------------------------------
                             25 ; absolute external ram data
                             26 ;--------------------------------------------------------
                             27 	.area _DABS (ABS)
                             28 ;--------------------------------------------------------
                             29 ; global & static initialisations
                             30 ;--------------------------------------------------------
                             31 	.area _HOME
                             32 	.area _GSINIT
                             33 	.area _GSFINAL
                             34 	.area _GSINIT
                             35 ;--------------------------------------------------------
                             36 ; Home
                             37 ;--------------------------------------------------------
                             38 	.area _HOME
                             39 	.area _HOME
                             40 ;--------------------------------------------------------
                             41 ; code
                             42 ;--------------------------------------------------------
                             43 	.area _CODE
                             44 	.area _CODE
   0000                      45 _sprite_frisbeeMenu_0:
   0000 9E                   46 	.db #0x9e	; 158
   0001 97                   47 	.db #0x97	; 151
   0002 3C                   48 	.db #0x3c	; 60
   0003 C3                   49 	.db #0xc3	; 195
   0004 78                   50 	.db #0x78	; 120	'x'
   0005 E1                   51 	.db #0xe1	; 225
   0006 F0                   52 	.db #0xf0	; 240
   0007 F0                   53 	.db #0xf0	; 240
   0008 F0                   54 	.db #0xf0	; 240
   0009 F0                   55 	.db #0xf0	; 240
   000A 78                   56 	.db #0x78	; 120	'x'
   000B E1                   57 	.db #0xe1	; 225
   000C 3C                   58 	.db #0x3c	; 60
   000D C3                   59 	.db #0xc3	; 195
   000E 9E                   60 	.db #0x9e	; 158
   000F 97                   61 	.db #0x97	; 151
   0010                      62 _sprite_frisbeeMenu_1:
   0010 E8                   63 	.db #0xe8	; 232
   0011 71                   64 	.db #0x71	; 113	'q'
   0012 C0                   65 	.db #0xc0	; 192
   0013 30                   66 	.db #0x30	; 48	'0'
   0014 80                   67 	.db #0x80	; 128
   0015 10                   68 	.db #0x10	; 16
   0016 00                   69 	.db #0x00	; 0
   0017 00                   70 	.db #0x00	; 0
   0018 00                   71 	.db #0x00	; 0
   0019 00                   72 	.db #0x00	; 0
   001A 80                   73 	.db #0x80	; 128
   001B 10                   74 	.db #0x10	; 16
   001C C0                   75 	.db #0xc0	; 192
   001D 30                   76 	.db #0x30	; 48	'0'
   001E E8                   77 	.db #0xe8	; 232
   001F 71                   78 	.db #0x71	; 113	'q'
                             79 	.area _INITIALIZER
                             80 	.area _CABS (ABS)
