ASxxxx Assembler V02.00 + NoICE + SDCC mods  (Zilog Z80 / Hitachi HD64180), page 1.
Hexadecimal [16-Bits]



                              1 ;; =========================
                              2 ;; =========================
                              3 ;; FRISBEE PUBLIC FUNCTIONS
                              4 ;; =========================
                              5 ;; =========================
                              6 .globl frisbee_erase
                              7 .globl frisbee_update
                              8 .globl frisbee_draw
                              9 .globl frisbee_data
                             10 .globl frisbee_setEffect
                             11 .globl frisbee_setVelocities
                             12 .globl frisbee_checkGoal
                             13 .globl frisbee_setState
                             14 .globl update_frisbee_animation
                             15 	
                     001B    16 .equ Frisbee_effect_I, 27
                     001C    17 .equ Frisbee_effect_F, 28
                     0008    18 .equ std_eff, 0x0008
                     FFF8    19 .equ std_N_eff, 0xFFF8
