ASxxxx Assembler V02.00 + NoICE + SDCC mods  (Zilog Z80 / Hitachi HD64180), page 1.
Hexadecimal [16-Bits]



                              1 .area _DATA
                              2 .area _CODE
                              3 
ASxxxx Assembler V02.00 + NoICE + SDCC mods  (Zilog Z80 / Hitachi HD64180), page 2.
Hexadecimal [16-Bits]



                              4 .include "utility.h.s"
                              1 ;; ====================================
                              2 ;; ====================================
                              3 ;; INCLUDED CPCTELERA FUNCTIONS
                              4 ;; ====================================
                              5 ;; ====================================
                              6 .globl cpct_waitVSYNC_asm
                              7 .globl cpct_drawSolidBox_asm
                              8 .globl cpct_getScreenPtr_asm
                              9 .globl cpct_scanKeyboard_asm
                             10 .globl cpct_isKeyPressed_asm
                             11 .globl cpct_disableFirmware_asm
                             12 .globl cpct_setVideoMode_asm
                             13 .globl cpct_setPalette_asm
                             14 .globl cpct_memcpy_asm
                             15 .globl negateHL
                             16 .globl cpct_setVideoMemoryPage_asm
                             17 .globl cpct_akp_musicPlay_asm
                             18 .globl cpct_akp_stop_asm
                             19 .globl cpct_drawSprite_asm
                             20 .globl cpct_setInterruptHandler_asm
                             21 .globl cpct_setPALColour_asm
                             22 .globl cpct_drawStringM2_asm
                             23 .globl cpct_drawStringM1_f_asm
ASxxxx Assembler V02.00 + NoICE + SDCC mods  (Zilog Z80 / Hitachi HD64180), page 3.
Hexadecimal [16-Bits]



                              5 .include "game.h.s"
                              1 ;; ====================================
                              2 ;; ====================================
                              3 ;; GAME PUBLIC FUNCTIONS
                              4 ;; ====================================
                              5 ;; ====================================
                              6 .globl gameStart
                              7 .globl getVideoPtr
                              8 .globl incTeam1Points
                              9 .globl incTeam2Points
                             10 .globl player_data
                             11 .globl enemy_data
                             12 .globl player2_data
                             13 .globl enemy2_data
                             14 .globl game_data
                             15 .globl paletteM1
                             16 .globl paletteM2
                             17 ;;.globl paletteM0
                             18 .globl blackPaletteM1
                             19 
                             20 .globl game_type
                             21 .globl game_numPlayers
                             22 .globl game_WinCondition
                             23 
                             24 .globl game_maxScore
                             25 .globl game_t1Score
                             26 .globl game_t2Score
                             27 
                             28 .globl game_minute
                             29 .globl game_secLeft
                             30 .globl game_secRight
                             31 .globl game_maxTime
                             32 .globl game_map
                             33 
                             34 .globl game_musicOptions
                             35 .globl game_timeOptions
                             36 
                             37 .globl game_interrMusic
                             38 .globl game_interrTime
                             39 .globl game_musicPlayer
                             40 .globl game_musicEffects
                             41 
                             42 .globl game_enableMusic
                             43 
                             44 
                             45 ;; ====================================
                             46 ;; ====================================
                             47 ;; GAME PUBLIC DATA
                             48 ;; ====================================
                             49 ;; ====================================
                     0050    50 .equ RIGHT_LIMIT,	80
                     0000    51 .equ LEFT_LIMIT,	0
                     001E    52 .equ TOP_LIMIT,	 	30
                     00C8    53 .equ BOTTOM_LIMIT,	200
                     0028    54 .equ CENTER_LIMIT,	40
ASxxxx Assembler V02.00 + NoICE + SDCC mods  (Zilog Z80 / Hitachi HD64180), page 4.
Hexadecimal [16-Bits]



                              6 
                              7 ;; definición de las teclas que necesitaremos
                     0100     8   Key_CursorUp     = 0x0100
                     0101     9   Key_CursorLeft   = 0x0101
                     0400    10   Key_CursorDown   = 0x0400
                     0200    11   Key_CursorRight  = 0x0200
                     8005    12   Key_Space        = 0x8005
                     0402    13   Key_Return       = 0x0402
                             14 
                             15 ;; ====================================
                             16 ;; ====================================
                             17 ;; PRIVATE DATA
                             18 ;; ====================================
                             19 ;; ====================================
                             20 
                             21 ;; .equ mi_constante0, 0
                             22 ;; .equ mi_constante1, 1
   0000 4D 65 6E 75 00       23 menuString:				.asciz "Menu"
   0005 50 6C 61 79 00       24 playString:				.asciz "Play"
   000A 4F 70 74 69 6F 6E    25 optionsString:			.asciz "Options"
        73 00
   0012 43 72 65 64 69 74    26 creditsString:			.asciz "Credits"
        73 00
   001A 49 6E 74 72 75 63    27 menuInstrucString:		.asciz "Intructions"
        74 69 6F 6E 73 00
                             28 
   0026 3C 00                29 leftArrowCharacter: 	.asciz "<"
   0028 3E 00                30 rightArrowCharacter:	.asciz ">"
   002A 57 69 6E 20 43 6F    31 winCondString: 			.asciz "Win Condition"
        6E 64 69 74 69 6F
        6E 00
   0038 54 69 6D 65 00       32 timeString: 			.asciz "Time"
   003D 31 00                33 string_1:				.asciz "1"
   003F 32 00                34 string_2:				.asciz "2"
   0041 33 00                35 string_3:				.asciz "3"
                             36 
   0043 53 63 6F 72 65 00    37 scoreString:			.asciz "Score"
   0049 31 35 00             38 string_15:				.asciz "15"
   004C 32 31 00             39 string_21:				.asciz "21"
   004F 32 35 00             40 string_25:				.asciz "25"
   0052 35 38 00             41 string_58:				.asciz "58"
                             42 
   0055 4D 75 73 69 63 00    43 musicString:			.asciz "Music"
   005B 4F 6E 00             44 onString:				.asciz "On"
   005E 4F 66 66 00          45 offString:				.asciz "Off"
   0062 00                   46 callingFromOpts: 		.db #0 ;; Are we calling from options?
                             47 
                             48 
                             49 ;; menuPos_X_sub 	-> For submenus, to the option menu
                             50 ;; menuPos_X 		-> Orignal position string (Strings on Menu, "<" on Options)
                             51 ;; menuPos_X_1 		-> String for options menu
                             52 ;; menuPos_X_2		-> ">" For Option menu
                             53 
                     C000    54 .equ menuPos_1_sub, 0xC000
                     C850    55 .equ menuPos_1, 0xC850
ASxxxx Assembler V02.00 + NoICE + SDCC mods  (Zilog Z80 / Hitachi HD64180), page 5.
Hexadecimal [16-Bits]



                     C85B    56 .equ menuPos_1_1, 0xC85B
                     C870    57 .equ menuPos_1_2, 0xC870
                             58 
                     C0F0    59 .equ menuPos_2_sub, 0xC0F0
                     C940    60 .equ menuPos_2, 0xC940
                     C94B    61 .equ menuPos_2_1, 0xC94B
                     C960    62 .equ menuPos_2_2, 0xC960
                             63 
                     C1E0    64 .equ menuPos_3_sub, 0xC1E0
                     CA30    65 .equ menuPos_3, 0xCA30
                     CA3B    66 .equ menuPos_3_1, 0xCA3b
                     CA50    67 .equ menuPos_3_2, 0xCA50
                             68 
                     C2D0    69 .equ menuPos_4_sub, 0xC2D0
                     CB20    70 .equ menuPos_4, 0xCB20
                     CB2B    71 .equ menuPos_4_1, 0xCB2B
                     CB40    72 .equ menuPos_4_2, 0xCB40
                             73 
                     CC10    74 .equ menuPos_5, 0xCC10
                     CC1B    75 .equ menuPos_5_1, 0xCC1B
                     CC30    76 .equ menuPos_5_2, 0xCC30
                             77 
                     CD00    78 .equ menuPos_6, 0xCD00
                     CD0B    79 .equ menuPos_6_1, 0xCD0B
                     CD20    80 .equ menuPos_6_2, 0xCD20
                             81 
                     CDF0    82 .equ menuPos_7, 0xCDF0
                     CDFB    83 .equ menuPos_7_1, 0xCDFB
                     CE10    84 .equ menuPos_7_2, 0xCE10
                             85 
                     C88F    86 .equ cursorPosDef, 0xC88F
                             87 ;; .equ minCursorPos, 0xC88F	;; Saves the MIN position posible of the cursor.
                             88 ;; .equ maxCursorPos, 0xC97F	;; 2 ;; Saves the MIN position posible of the cursor.
                             89 ;;.equ maxCursorPos, 0xCA6F	;; 3 ;; Saves the MAX position posible of the cursor.
                             90 ;;.equ maxCursorPos, 0xCB5F	;; 4 ;; Saves the MAX position posible of the cursor.
                             91 
                     C6E0    92 .equ instrPos, 0xC6E0
                             93 
                             94 .globl _sprite_frisbeeMenu
                             95 
                     0002    96 cursor_W 	= 2
                     0008    97 cursor_H 	= 8
                     0006    98 max_index_value	= 6
                     00F0    99 addPosition	= 0xF0 			;; Sums to the next position (or substrct to the previous one)
                     FFFFFF10   100 subPosition	= #-240
   0063 8F C8               101 cursorPos: 	.dw 0xC88F		;; Saves the cursor position
                            102 
                            103 ;; ====================================
                            104 ;; ====================================
                            105 ;; PUBLIC FUNCTIONS
                            106 ;; ====================================
                            107 ;; ====================================
   0065                     108 menuStart::
   0065 2E 10         [ 7]  109 	ld l, #16					;; Select the border colour
   0067 26 54         [ 7]  110 	ld h, #0x54					;; Set the Black Colour
ASxxxx Assembler V02.00 + NoICE + SDCC mods  (Zilog Z80 / Hitachi HD64180), page 6.
Hexadecimal [16-Bits]



   0069 CD 00 00      [17]  111 	call cpct_setPALColour_asm
                            112 
   006C CD 56 03      [17]  113 	call cleanScreen		;;
   006F CD 64 03      [17]  114 	call initializeMenu 	;; 
                            115 
   0072 3E 00         [ 7]  116 	ld	a, #0			;; Initialize A to 0 as starting index for main menu
   0074 CD 78 00      [17]  117 	call menu_loop 			;; Checks the state
   0077 C9            [10]  118 	ret
                            119 
                            120 ;;
                            121 ;;
                            122 ;;
   0078                     123 menu_loop::
                            124 
   0078 CD D7 01      [17]  125 	call 	checkSelection
                            126 	;; We have on A the option selected
   007B FE 00         [ 7]  127 	cp #0 					;; a - 0
   007D 20 01         [12]  128 	jr nz, menuStart_check1	;; if (a - 0) != 0
                            129 		;; else, a == 0 ;; Go Configure Match
   007F C9            [10]  130 		ret
                            131 
   0080                     132 	menuStart_check1:
   0080 FE 01         [ 7]  133 		cp #1					;; a - 1
   0082 20 12         [12]  134 		jr nz, menuStart_check2	;; if (a - 1) != 0
                            135 			;; else, a == 1 ;; Go options
   0084 F5            [11]  136 			push af
   0085 2A 63 00      [16]  137 			ld 	hl, (cursorPos)
   0088 E5            [11]  138 			push hl
   0089 CD 97 00      [17]  139 			call menuOptionsStart
   008C E1            [10]  140 			pop hl
   008D 22 63 00      [16]  141 			ld (cursorPos), hl
   0090 CD 64 03      [17]  142 			call initializeMenu
   0093 F1            [10]  143 			pop af
                            144 
   0094 18 E2         [12]  145 			jr menu_loop
                            146 
                            147 
   0096                     148 	menuStart_check2:
                            149 		;; Do stuff.
   0096 C9            [10]  150 	ret
                            151 
                            152 ;;
                            153 ;;
                            154 ;;
   0097                     155 menuOptionsStart::
   0097 21 8F C8      [10]  156 	ld hl, #cursorPosDef
   009A 22 63 00      [16]  157 	ld (cursorPos), hl
   009D CD 90 02      [17]  158 	call initializeOptionsMenu
                            159 
   00A0 3E 00         [ 7]  160 	ld a, #0
   00A2 CD D7 01      [17]  161 	call checkSelection
                            162 	;; Set variables game
   00A5 C9            [10]  163 	ret
                            164 
                            165 ;; ====================================
ASxxxx Assembler V02.00 + NoICE + SDCC mods  (Zilog Z80 / Hitachi HD64180), page 7.
Hexadecimal [16-Bits]



                            166 ;; Erase the draw on options
                            167 ;; HL <- what to print
                            168 ;; DE <- Where to print
                            169 ;; Modifies: BC
                            170 ;; ====================================
   00A6                     171 eraseOptionsRefactor::
   00A6 0E 03         [ 7]  172 	ld c, #3
   00A8 06 03         [ 7]  173 	ld b, #3
   00AA CD 00 00      [17]  174 	call cpct_drawStringM1_f_asm
                            175 
   00AD C9            [10]  176 	ret
                            177 
                            178 ;; ====================================
                            179 ;; Refactors the draw on options
                            180 ;; HL <- what to print
                            181 ;; DE <- Where to print
                            182 ;; Modifies: BC
                            183 ;; ====================================
   00AE                     184 drawOptionsRefactor::
   00AE 0E 02         [ 7]  185 	ld c, #2
   00B0 06 03         [ 7]  186 	ld b, #3
   00B2 CD 00 00      [17]  187 	call cpct_drawStringM1_f_asm
                            188 
   00B5 C9            [10]  189 	ret
                            190 
                            191 ;; ====================================
                            192 ;; Gets the win condition string
                            193 ;; Modifies: A, HL, DE, BC
                            194 ;; ====================================
   00B6                     195 getWinCondition::
   00B6 3A 50 01      [13]  196 	ld a, (winIndex) 	;; a <- Win condition ; 0 -> Time, 1 -> Score
   00B9 FE 00         [ 7]  197 	cp #0						;; 
   00BB 20 04         [12]  198 	jr nz, itsTime 				;; a != 0, then go time
   00BD 21 43 00      [10]  199 		ld hl, #scoreString		;; Charge score sprite
   00C0 C9            [10]  200 		ret		;; Jump to draw
                            201 
   00C1                     202 	itsTime:
   00C1 21 38 00      [10]  203 		ld hl, #timeString		;; Charge time sprite
                            204 
   00C4 C9            [10]  205 	ret
                            206 
                            207 ;; ====================================
                            208 ;; Prints the win condition string
                            209 ;; Modifies: A, HL, DE, BC
                            210 ;; ====================================
   00C5                     211 printWinCondition::
                            212 	;; Prints win condition options
   00C5 CD B6 00      [17]  213 	call getWinCondition
   00C8 11 5B C8      [10]  214 	ld de, #menuPos_1_1
   00CB CD AE 00      [17]  215 	call drawOptionsRefactor
                            216 
   00CE C9            [10]  217 	ret
                            218 
                            219 ;; ====================================
                            220 ;; Gets the time string
ASxxxx Assembler V02.00 + NoICE + SDCC mods  (Zilog Z80 / Hitachi HD64180), page 8.
Hexadecimal [16-Bits]



                            221 ;; Modifies: A, HL, DE, BC
                            222 ;; ====================================
   00CF                     223 getTimeOptions::
   00CF 3A 85 01      [13]  224 	ld a, (timIndex)		;; a <- game_minute
   00D2 FE 00         [ 7]  225 	cp #0					;;
   00D4 20 04         [12]  226 	jr nz, itsTwoMinutes	;; a != 1, then go two minutes
   00D6 21 3D 00      [10]  227 		ld hl, #string_1 	;; Charge the 1 string
   00D9 C9            [10]  228 		ret	;; Jump to draw
                            229 
   00DA                     230 	itsTwoMinutes:
   00DA FE 01         [ 7]  231 		cp #1					;;
   00DC 20 04         [12]  232 		jr nz, itsThreeMinutes	;; a != 2, then go two minutes
   00DE 21 3F 00      [10]  233 			ld hl, #string_2 	;; Charge the 2 string
   00E1 C9            [10]  234 			ret	;; Jump to draw
                            235 
   00E2                     236 	itsThreeMinutes:
   00E2 21 41 00      [10]  237 		ld hl, #string_3 	;; Charge the 3 string
   00E5 C9            [10]  238 	ret
                            239 
                            240 ;; ====================================
                            241 ;; Prints the time string
                            242 ;; Modifies: A, HL, DE, BC
                            243 ;; ====================================
   00E6                     244 printTimeOptions::
                            245 	;; Print time options
   00E6 CD CF 00      [17]  246 	call getTimeOptions
   00E9 11 4B C9      [10]  247 	ld de, #menuPos_2_1
   00EC CD AE 00      [17]  248 	call drawOptionsRefactor
   00EF C9            [10]  249 	ret
                            250 
                            251 ;; ====================================
                            252 ;; Gets the score string
                            253 ;; Modifies: A, HL, DE, BC
                            254 ;; ====================================
   00F0                     255 getScoreOptions::
   00F0 3A 82 01      [13]  256 	ld a, (scoIndex)		;; a <- game_maxScore
   00F3 FE 00         [ 7]  257 	cp #0						;;
   00F5 20 04         [12]  258 	jr nz, itsTwentyOneGoals	;; a != 11, then go two minutes
   00F7 21 49 00      [10]  259 		ld hl, #string_15 		;; Charge the 1 string
   00FA C9            [10]  260 		ret						;; Jump to draw
                            261 
   00FB                     262 	itsTwentyOneGoals:
   00FB FE 01         [ 7]  263 		cp #1						;;
   00FD 20 04         [12]  264 		jr nz, itsTwentyFiveGoals	;; a != 11, then go two minutes
   00FF 21 4C 00      [10]  265 			ld hl, #string_21 		;; Charge the 1 string
   0102 C9            [10]  266 			ret						;; Jump to draw
                            267 
   0103                     268 	itsTwentyFiveGoals:
   0103 FE 02         [ 7]  269 		cp #2						;;
   0105 20 04         [12]  270 		jr nz, itsFiftyEightGoals	;; a != 11, then go two minutes
   0107 21 4F 00      [10]  271 			ld hl, #string_25 		;; Charge the 1 string
   010A C9            [10]  272 			ret						;; Jump to draw
                            273 
   010B                     274 	itsFiftyEightGoals:
   010B 21 52 00      [10]  275 			ld hl, #string_58 	;; Charge the 1 string
ASxxxx Assembler V02.00 + NoICE + SDCC mods  (Zilog Z80 / Hitachi HD64180), page 9.
Hexadecimal [16-Bits]



                            276 
   010E C9            [10]  277 	ret
                            278 
                            279 ;; ====================================
                            280 ;; Prints the score string
                            281 ;; Modifies: A, HL, DE, BC
                            282 ;; ====================================
   010F                     283 printScoreOptions::
                            284 	;; Print time options
   010F CD F0 00      [17]  285 	call getScoreOptions
   0112 11 3B CA      [10]  286 	ld de, #menuPos_3_1
   0115 CD AE 00      [17]  287 	call drawOptionsRefactor
   0118 C9            [10]  288 	ret
                            289 
                            290 ;; ====================================
                            291 ;; Gets the music string
                            292 ;; Modifies: A, HL, DE, BC
                            293 ;; ====================================
   0119                     294 getMusicOption::
   0119 3A 88 01      [13]  295 	ld a, (musIndex) 	;;  a <- game_enableMusic
   011C FE 00         [ 7]  296 	cp #0						;;
   011E 28 04         [12]  297 	jr z, itsMusicOff
   0120 21 5B 00      [10]  298 		ld hl, #onString
   0123 C9            [10]  299 		ret
                            300 
   0124                     301 	itsMusicOff:
   0124 21 5E 00      [10]  302 		ld hl, #offString
                            303 
   0127 C9            [10]  304 	ret
                            305 
                            306 ;; ====================================
                            307 ;; Prints the music string
                            308 ;; Modifies: A, HL, DE, BC
                            309 ;; ====================================
   0128                     310 printMusicOptions::
   0128 CD 19 01      [17]  311 	call getMusicOption
   012B 11 2B CB      [10]  312 	ld de, #menuPos_4_1
   012E CD AE 00      [17]  313 	call drawOptionsRefactor
                            314 
   0131 C9            [10]  315 	ret
                            316 
                            317 ;; ====================================
                            318 ;; Checks the options strings
                            319 ;; Modifies: A, HL, DE, BC
                            320 ;; ====================================
   0132                     321 printOptions::
                            322 
   0132 CD C5 00      [17]  323 	call printWinCondition
   0135 CD E6 00      [17]  324 	call printTimeOptions
   0138 CD 0F 01      [17]  325 	call printScoreOptions
   013B CD 28 01      [17]  326 	call printMusicOptions
                            327 
   013E C9            [10]  328 	ret
                            329 
   013F                     330 getMaxIterator::
ASxxxx Assembler V02.00 + NoICE + SDCC mods  (Zilog Z80 / Hitachi HD64180), page 10.
Hexadecimal [16-Bits]



   013F F1            [10]  331 	pop af 		;; Get the iterator on A.
                            332 
   0140 FE 00         [ 7]  333 	cp #0
   0142 20 00         [12]  334 	jr nz, not_WinCondition
                            335 		;; Win Condition
   0144                     336 	not_WinCondition:
   0144 FE 01         [ 7]  337 		cp #1
   0146 20 00         [12]  338 		jr nz, not_Time
                            339 			;; Time
                            340 
   0148                     341 	not_Time:
   0148 FE 02         [ 7]  342 		cp #2
   014A 20 00         [12]  343 		jr nz, not_Score
                            344 			;; Score
                            345 
   014C                     346 	not_Score:
                            347 		;; Music
                            348 
   014C C9            [10]  349 	ret
                            350 
                            351 ;; Max iterators
   014D 02                  352 maxOn2:		.db #2
   014E 03                  353 maxOn3:		.db #3
   014F 04                  354 maxOn4:		.db #4
                            355 
                            356 ;; =======================================
                            357 ;; Win Condition Movements
                            358 ;; =======================================
   0150 00                  359 winIndex:	.db #0
                            360 
   0151                     361 moveLeftWinCond::
   0151 3A 50 01      [13]  362 	ld a, (winIndex)
   0154 3D            [ 4]  363 	dec a
   0155 FE FF         [ 7]  364 	cp #-1
   0157 28 05         [12]  365 	jr z, maxWinCond_left
                            366 		;; We can move to the left
   0159 32 50 01      [13]  367 		ld (winIndex), a
   015C 18 07         [12]  368 		jr printWinCond_left
                            369 
   015E                     370 	maxWinCond_left:
   015E 3A 4D 01      [13]  371 		ld a, (maxOn2)
   0161 3D            [ 4]  372 		dec a
   0162 32 50 01      [13]  373 		ld (winIndex), a
                            374 
   0165                     375 	printWinCond_left:
   0165 CD C5 00      [17]  376 		call printWinCondition
   0168 C9            [10]  377 	ret
                            378 
   0169                     379 moveRightWinCond::
   0169 3A 4D 01      [13]  380 	ld a, (maxOn2)
   016C 47            [ 4]  381 	ld b, a
   016D 3A 50 01      [13]  382 	ld a, (winIndex)
   0170 3C            [ 4]  383 	inc a
   0171 B8            [ 4]  384 	cp b
   0172 28 05         [12]  385 	jr z, minWinCond_right
ASxxxx Assembler V02.00 + NoICE + SDCC mods  (Zilog Z80 / Hitachi HD64180), page 11.
Hexadecimal [16-Bits]



                            386 		;; We can move to the right
   0174 32 50 01      [13]  387 		ld (winIndex), a
   0177 18 05         [12]  388 		jr printWinCond_right
                            389 
   0179                     390 	minWinCond_right:
   0179 3E 00         [ 7]  391 		ld a, #0
   017B 32 50 01      [13]  392 		ld (winIndex), a
                            393 
   017E                     394 	printWinCond_right:
   017E CD C5 00      [17]  395 		call printWinCondition
   0181 C9            [10]  396 	ret
                            397 
                            398 ;; =======================================
                            399 ;; Score Movements
                            400 ;; =======================================
   0182 01                  401 scoIndex:	.db #1
                            402 
   0183                     403 moveLeftScore::
   0183 C9            [10]  404 	ret
                            405 
   0184                     406 moveRightScore::
   0184 C9            [10]  407 	ret
                            408 
                            409 ;; =======================================
                            410 ;; Time Movements
                            411 ;; =======================================
   0185 01                  412 timIndex:	.db #1
                            413 
   0186                     414 moveLeftTime::
   0186 C9            [10]  415 	ret
                            416 
   0187                     417 moveRightTime::
   0187 C9            [10]  418 	ret
                            419 
                            420 ;; =======================================
                            421 ;; Music Movements
                            422 ;; =======================================
   0188 00                  423 musIndex:	.db #0
                            424 
   0189                     425 moveLeftMusic::
   0189 C9            [10]  426 	ret
                            427 
   018A                     428 moveRightMusic::
   018A C9            [10]  429 	ret
                            430 
                            431 ;; =======================================
                            432 ;;
                            433 ;; =======================================
   018B                     434 checkLateral::
   018B F5            [11]  435 	push af
                            436 ;winMoveRight
   018C 21 01 01      [10]  437 	ld 	hl, #Key_CursorLeft
   018F CD 00 00      [17]  438 	call 	cpct_isKeyPressed_asm	;; A <= True/False
   0192 FE 00         [ 7]  439 	cp 	#0 
   0194 28 1C         [12]  440 	jr 	z, left_not_pressed			;; Is left key pressed?
ASxxxx Assembler V02.00 + NoICE + SDCC mods  (Zilog Z80 / Hitachi HD64180), page 12.
Hexadecimal [16-Bits]



                            441 		;; left pressed
   0196 F1            [10]  442 		pop 	af
   0197 FE 00         [ 7]  443 		cp #0
   0199 20 03         [12]  444 		jr nz, not_WinCondition_left
                            445 			;; Call Win Condition left
   019B CD 51 01      [17]  446 			call moveLeftWinCond
                            447 
   019E                     448 		not_WinCondition_left:
   019E FE 01         [ 7]  449 			cp #1
   01A0 20 03         [12]  450 			jr nz, not_Time_left
                            451 				;; Time
   01A2 CD 86 01      [17]  452 				call moveLeftTime
                            453 
   01A5                     454 		not_Time_left:
   01A5 FE 02         [ 7]  455 			cp #2
   01A7 20 03         [12]  456 			jr nz, not_Score_left
                            457 				;; Score
   01A9 CD 83 01      [17]  458 				call moveLeftScore
                            459 
   01AC                     460 		not_Score_left:
                            461 			;; Music
   01AC CD 89 01      [17]  462 			call moveLeftMusic
                            463 
   01AF F5            [11]  464 		push	af
   01B0 18 24         [12]  465 		jr right_not_pressed
                            466 
   01B2                     467 	left_not_pressed:
   01B2 21 00 02      [10]  468 		ld 	hl, #Key_CursorRight
   01B5 CD 00 00      [17]  469 		call 	cpct_isKeyPressed_asm	;; A <= True/False
   01B8 FE 00         [ 7]  470 		cp 	#0 
   01BA 28 1A         [12]  471 		jr 	z, right_not_pressed			;; Is left key pressed?
                            472 			;; right pressed
   01BC F1            [10]  473 			pop 	af
   01BD FE 00         [ 7]  474 			cp #0
   01BF 20 03         [12]  475 			jr nz, not_WinCondition_right
                            476 				;; Call Win Condition left
   01C1 CD 69 01      [17]  477 				call moveRightWinCond
                            478 
   01C4                     479 			not_WinCondition_right:
   01C4 FE 01         [ 7]  480 				cp #1
   01C6 20 03         [12]  481 				jr nz, not_Time_right
                            482 					;; Time
   01C8 CD 87 01      [17]  483 					call moveRightTime
                            484 
   01CB                     485 			not_Time_right:
   01CB FE 02         [ 7]  486 				cp #2
   01CD 20 03         [12]  487 				jr nz, not_Score_right
                            488 					;; Score
   01CF CD 84 01      [17]  489 					call moveRightScore
                            490 
   01D2                     491 			not_Score_right:
                            492 				;; Music
   01D2 CD 8A 01      [17]  493 				call moveRightMusic
                            494 
   01D5 F5            [11]  495 			push	af
ASxxxx Assembler V02.00 + NoICE + SDCC mods  (Zilog Z80 / Hitachi HD64180), page 13.
Hexadecimal [16-Bits]



                            496 
   01D6                     497 	right_not_pressed:
   01D6 C9            [10]  498 	ret
                            499 
                            500 ;; =======================================
                            501 ;; Mueve el índice a la posición indicada
                            502 ;; Recibe: A <= Index
                            503 ;; Modifica: AF, BC, DE, HL
                            504 ;; Devuelve:
                            505 ;;	A <= Selected index [0 - 6]
                            506 ;; =======================================
   01D7                     507 checkSelection::
   01D7                     508 	selection_waitting:
   01D7 F5            [11]  509 		push 	af
                            510 
   01D8 CD 00 00      [17]  511 		call 	cpct_scanKeyboard_asm
                            512 
   01DB 21 02 04      [10]  513 		ld 	hl, #Key_Return 
   01DE CD 00 00      [17]  514 		call 	cpct_isKeyPressed_asm	;; A <= True/False
   01E1 FE 00         [ 7]  515 		cp 	#0 
   01E3 28 02         [12]  516 		jr 	z, enter_not_pressed	;; Is enter key pressed?
   01E5 F1            [10]  517 			pop af			;; A <= final index selected
   01E6 C9            [10]  518 			ret
                            519 
   01E7                     520 		enter_not_pressed:
   01E7 F1            [10]  521 			pop af			;; A <= index value
   01E8 CD 1A 02      [17]  522 			call checkCursor	;; check cursor movement
   01EB F5            [11]  523 			push af
                            524 
   01EC 3A 62 00      [13]  525 			ld 	a, (callingFromOpts)
   01EF FE 00         [ 7]  526 			cp 	#0
   01F1 28 05         [12]  527 			jr 	z, not_options
   01F3 F1            [10]  528 				pop af
   01F4 CD 8B 01      [17]  529 				call checkLateral
   01F7 F5            [11]  530 				push af
   01F8                     531 			not_options:
   01F8 F1            [10]  532 			pop af
   01F9 18 DC         [12]  533 			jr selection_waitting
                            534 
   01FB C9            [10]  535 	ret
                            536 
                            537 ;; =======================================
                            538 ;; Mueve el índice a la posición indicada
                            539 ;; Entrada:
                            540 ;;	HL <= pointer to new position
                            541 ;; Modifica: AF, BC, DE, HL
                            542 ;; =======================================
   01FC                     543 reDrawCursor::
   01FC E5            [11]  544 	push hl
                            545 
   01FD ED 5B 63 00   [20]  546 	ld de, (cursorPos)		;; alomejor esto no compila
   0201 3E FF         [ 7]  547 	ld a, #0xFF
   0203 06 08         [ 7]  548 	ld b, #cursor_H
   0205 0E 02         [ 7]  549 	ld c, #cursor_W
   0207 CD 00 00      [17]  550 	call cpct_drawSolidBox_asm	;; Erase last index position
ASxxxx Assembler V02.00 + NoICE + SDCC mods  (Zilog Z80 / Hitachi HD64180), page 14.
Hexadecimal [16-Bits]



                            551 
   020A E1            [10]  552 	pop hl
   020B 22 63 00      [16]  553 	ld (cursorPos), hl		;; Update cursorPos to the new position after erasing
                            554 
   020E EB            [ 4]  555 	ex 	de, hl			;; DE <= pointer to new position
   020F 21 00 00      [10]  556 	ld	hl, #_sprite_frisbeeMenu;; HL <= cursor sprite pointer
   0212 06 08         [ 7]  557 	ld 	b, #cursor_H		;; B = height
   0214 0E 02         [ 7]  558 	ld 	c, #cursor_W		;; C = width
   0216 CD 00 00      [17]  559 	call cpct_drawSprite_asm
                            560 
   0219 C9            [10]  561 	ret
                            562 
                            563 ;; =================================
                            564 ;; Chequea si el índice debe moverse
                            565 ;; Entrada:
                            566 ;;	A <= starting index
                            567 ;; Modifica: AF, BC, DE, HL
                            568 ;; Devuelve:
                            569 ;; 	A => selected index
                            570 ;; =================================
   021A                     571 checkCursor::
   021A F5            [11]  572 	push 	af						;; Save the index at the stack
   021B 21 00 01      [10]  573 	ld 	hl, #Key_CursorUp
   021E CD 00 00      [17]  574 	call 	cpct_isKeyPressed_asm	;; A <= True/False
   0221 FE 00         [ 7]  575 	cp 	#0 
   0223 28 19         [12]  576 	jr 	z, up_not_pressed			;; Is up key pressed?
                            577 		;; Up pressed
   0225 F1            [10]  578 		pop af
   0226 3D            [ 4]  579 		dec a
   0227 FA 3C 02      [10]  580 		jp	m, cant_dec_index
                            581 			;; Decrement index
   022A F5            [11]  582 			push af				;; Save the index
                            583 
   022B 2A 63 00      [16]  584 			ld 	hl, (cursorPos)		;; HL <= Cursor position
   022E 11 10 FF      [10]  585 			ld	de, #subPosition	;; DE <= Negative value to substract to cursor position
   0231 19            [11]  586 			add	hl, de				;; HL <= Cursor position - SubPosition
   0232 CD FC 01      [17]  587 			call 	reDrawCursor
                            588 
   0235 3E 0A         [ 7]  589 			ld	a, #10
   0237 CD 65 02      [17]  590 			call 	wait_X_halts	;; Waits a amout of halts * 8.
                            591 
   023A F1            [10]  592 			pop af					;; Restore the index before looping
   023B C9            [10]  593 			ret
                            594 
   023C                     595 			cant_dec_index:
   023C 3C            [ 4]  596 				inc a 				;; Restore index value
   023D C9            [10]  597 				ret
                            598 
   023E                     599 	up_not_pressed:
   023E 21 00 04      [10]  600 		ld 	hl, #Key_CursorDown
   0241 CD 00 00      [17]  601 		call 	cpct_isKeyPressed_asm	;; A <= True/False
   0244 FE 00         [ 7]  602 		cp 	#0 
   0246 28 1B         [12]  603 		jr 	z, down_not_pressed	;; Is down key pressed?
                            604 			;; Down pressed
   0248 F1            [10]  605 			pop 	af
ASxxxx Assembler V02.00 + NoICE + SDCC mods  (Zilog Z80 / Hitachi HD64180), page 15.
Hexadecimal [16-Bits]



   0249 3C            [ 4]  606 			inc 	a
   024A FE 06         [ 7]  607 			cp  	#max_index_value
   024C F2 61 02      [10]  608 			jp	p, cant_inc_index
                            609 				;; increment index
   024F F5            [11]  610 				push af					;; Save the index
                            611 
   0250 2A 63 00      [16]  612 				ld 	hl, (cursorPos)		;; HL <= Cursor position
   0253 11 F0 00      [10]  613 				ld	de, #addPosition	;; DE <= Positive value to add to cursor position
   0256 19            [11]  614 				add	hl, de				;; HL <= Cursor position + AddPosition
   0257 CD FC 01      [17]  615 				call 	reDrawCursor
                            616 
   025A 3E 0A         [ 7]  617 				ld	a, #10
   025C CD 65 02      [17]  618 				call 	wait_X_halts
                            619 
   025F F1            [10]  620 				pop af				;; Restore the index before looping
   0260 C9            [10]  621 				ret
                            622 
   0261                     623 			cant_inc_index:
   0261 3D            [ 4]  624 				dec a 				;; Restore index value
   0262 C9            [10]  625 				ret
                            626 
   0263                     627 	down_not_pressed:
                            628 		;; Any key pressed
   0263 F1            [10]  629 		pop af
   0264 C9            [10]  630 	ret
                            631 
                            632 ;; =================================
                            633 ;; Waits 8 halts, N times
                            634 ;; In:
                            635 ;;	A <= N times
                            636 ;; Modifies: A
                            637 ;; =================================
   0265                     638 wait_X_halts::
   0265 3D            [ 4]  639 	dec a
   0266 28 09         [12]  640 	jr z, wait_halts_exit
   0268 76            [ 4]  641 		halt
   0269 76            [ 4]  642 		halt
   026A 76            [ 4]  643 		halt
   026B 76            [ 4]  644 		halt
   026C 76            [ 4]  645 		halt
   026D 76            [ 4]  646 		halt
   026E 76            [ 4]  647 		halt
   026F 18 F4         [12]  648 		jr wait_X_halts
   0271                     649 	wait_halts_exit:
   0271 C9            [10]  650 	ret
                            651 
                            652 ;; =======================================
                            653 ;; Sets the palette to mode 0
                            654 ;; Modifies: C, HL, DE
                            655 ;; =======================================
                            656 ;;setPaletteM0::
                            657 ;;	ld c, #0					;; Mode 0
                            658 ;;	call cpct_setVideoMode_asm
                            659 ;;
                            660 ;;	ld hl, #paletteM0			;; hl <- paletteM0
ASxxxx Assembler V02.00 + NoICE + SDCC mods  (Zilog Z80 / Hitachi HD64180), page 16.
Hexadecimal [16-Bits]



                            661 ;;	ld de, #16 					;; 16 Colours
                            662 ;;	call cpct_setPalette_asm
                            663 ;;
                            664 ;;	ret
                            665 
                            666 ;; =======================================
                            667 ;; Sets the palette to mode 1
                            668 ;; Modifies: C, HL, DE
                            669 ;; =======================================
   0272                     670 setPaletteM1::
   0272 0E 01         [ 7]  671 	ld c, #1					;; Mode 1
   0274 CD 00 00      [17]  672 	call cpct_setVideoMode_asm
                            673 
   0277 21 00 00      [10]  674 	ld hl, #paletteM1			;; hl <- paletteM1
   027A 11 04 00      [10]  675 	ld de, #4 					;; 4 Colours
   027D CD 00 00      [17]  676 	call cpct_setPalette_asm
                            677 
   0280 C9            [10]  678 	ret
                            679 
                            680 ;; =======================================
                            681 ;; Sets the palette to black on mode 1
                            682 ;; Modifies: C, HL, DE
                            683 ;; =======================================
   0281                     684 setPaletteBlackM1::
   0281 0E 01         [ 7]  685 	ld c, #1					;; Mode 1
   0283 CD 00 00      [17]  686 	call cpct_setVideoMode_asm
                            687 
   0286 21 00 00      [10]  688 	ld hl, #blackPaletteM1		;; hl <- blackPaletteM1
   0289 11 04 00      [10]  689 	ld de, #4 					;; 4 Colours
   028C CD 00 00      [17]  690 	call cpct_setPalette_asm
                            691 
   028F C9            [10]  692 	ret
                            693 
                            694 ;; =======================================
                            695 ;; Print the options menu
                            696 ;; =======================================
   0290                     697 initializeOptionsMenu::
                            698 
   0290 3E 01         [ 7]  699 	ld a, #1
   0292 32 62 00      [13]  700 	ld (callingFromOpts), a
                            701 
   0295 CD 56 03      [17]  702 	call cleanScreen
                            703 
                            704 	;; Print winCondString
   0298 21 2A 00      [10]  705 	ld hl, #winCondString
   029B 11 00 C0      [10]  706 	ld de, #menuPos_1_sub
   029E CD AE 00      [17]  707 	call drawOptionsRefactor
                            708 
                            709 	;; Print scoreString
   02A1 21 38 00      [10]  710 	ld hl, #timeString
   02A4 11 F0 C0      [10]  711 	ld de, #menuPos_2_sub
   02A7 CD AE 00      [17]  712 	call drawOptionsRefactor
                            713 
                            714 	;; Print timeString
   02AA 21 43 00      [10]  715 	ld hl, #scoreString
ASxxxx Assembler V02.00 + NoICE + SDCC mods  (Zilog Z80 / Hitachi HD64180), page 17.
Hexadecimal [16-Bits]



   02AD 11 E0 C1      [10]  716 	ld de, #menuPos_3_sub
   02B0 CD AE 00      [17]  717 	call drawOptionsRefactor
                            718 
                            719 	;; Print musicString
   02B3 21 55 00      [10]  720 	ld hl, #musicString
   02B6 11 D0 C2      [10]  721 	ld de, #menuPos_4_sub
   02B9 CD AE 00      [17]  722 	call drawOptionsRefactor
                            723 
                            724 	;; Print left arrows string
   02BC 21 26 00      [10]  725 	ld hl, #leftArrowCharacter
   02BF 11 50 C8      [10]  726 	ld de, #menuPos_1
   02C2 CD AE 00      [17]  727 	call drawOptionsRefactor
                            728 
   02C5 21 26 00      [10]  729 	ld hl, #leftArrowCharacter
   02C8 11 40 C9      [10]  730 	ld de, #menuPos_2
   02CB CD AE 00      [17]  731 	call drawOptionsRefactor
                            732 
   02CE 21 26 00      [10]  733 	ld hl, #leftArrowCharacter
   02D1 11 30 CA      [10]  734 	ld de, #menuPos_3
   02D4 CD AE 00      [17]  735 	call drawOptionsRefactor
                            736 
   02D7 21 26 00      [10]  737 	ld hl, #leftArrowCharacter
   02DA 11 20 CB      [10]  738 	ld de, #menuPos_4
   02DD CD AE 00      [17]  739 	call drawOptionsRefactor
                            740 
   02E0 21 26 00      [10]  741 	ld hl, #leftArrowCharacter
   02E3 11 10 CC      [10]  742 	ld de, #menuPos_5
   02E6 CD AE 00      [17]  743 	call drawOptionsRefactor
                            744 
   02E9 21 26 00      [10]  745 	ld hl, #leftArrowCharacter
   02EC 11 00 CD      [10]  746 	ld de, #menuPos_6
   02EF CD AE 00      [17]  747 	call drawOptionsRefactor
                            748 
   02F2 21 26 00      [10]  749 	ld hl, #leftArrowCharacter
   02F5 11 F0 CD      [10]  750 	ld de, #menuPos_7
   02F8 CD AE 00      [17]  751 	call drawOptionsRefactor
                            752 
                            753 	;; Print right arrows string
   02FB 21 28 00      [10]  754 	ld hl, #rightArrowCharacter
   02FE 11 70 C8      [10]  755 	ld de, #menuPos_1_2
   0301 CD AE 00      [17]  756 	call drawOptionsRefactor
                            757 
   0304 21 28 00      [10]  758 	ld hl, #rightArrowCharacter
   0307 11 60 C9      [10]  759 	ld de, #menuPos_2_2
   030A CD AE 00      [17]  760 	call drawOptionsRefactor
                            761 
   030D 21 28 00      [10]  762 	ld hl, #rightArrowCharacter
   0310 11 50 CA      [10]  763 	ld de, #menuPos_3_2
   0313 CD AE 00      [17]  764 	call drawOptionsRefactor
                            765 
   0316 21 28 00      [10]  766 	ld hl, #rightArrowCharacter
   0319 11 40 CB      [10]  767 	ld de, #menuPos_4_2
   031C CD AE 00      [17]  768 	call drawOptionsRefactor
                            769 
   031F 21 28 00      [10]  770 	ld hl, #rightArrowCharacter
ASxxxx Assembler V02.00 + NoICE + SDCC mods  (Zilog Z80 / Hitachi HD64180), page 18.
Hexadecimal [16-Bits]



   0322 11 30 CC      [10]  771 	ld de, #menuPos_5_2
   0325 CD AE 00      [17]  772 	call drawOptionsRefactor
                            773 
                            774 
   0328 21 28 00      [10]  775 	ld hl, #rightArrowCharacter
   032B 11 20 CD      [10]  776 	ld de, #menuPos_6_2
   032E CD AE 00      [17]  777 	call drawOptionsRefactor
                            778 
   0331 21 28 00      [10]  779 	ld hl, #rightArrowCharacter
   0334 11 10 CE      [10]  780 	ld de, #menuPos_7_2
   0337 CD AE 00      [17]  781 	call drawOptionsRefactor
                            782 
                            783 	;; Print the instructions
   033A 21 1A 00      [10]  784 	ld hl, #menuInstrucString
   033D 11 E0 C6      [10]  785 	ld de, #instrPos
   0340 CD AE 00      [17]  786 	call drawOptionsRefactor
                            787 
                            788 	;; Print the cursor
   0343 21 00 00      [10]  789 	ld	hl, #_sprite_frisbeeMenu
   0346 ED 5B 63 00   [20]  790 	ld 	de, (cursorPos)
   034A 06 08         [ 7]  791 	ld 	b, #cursor_H 		;; B = ent height
   034C 0E 02         [ 7]  792 	ld 	c, #cursor_W		;; C = ent width
   034E CD 00 00      [17]  793 	call cpct_drawSprite_asm
                            794 
   0351 CD 32 01      [17]  795 	call printOptions
   0354 C9            [10]  796 	ret
                            797 
                            798 ;; ====================================
                            799 ;; ====================================
                            800 ;; PRIVATE FUNCTIONS
                            801 ;; ====================================
                            802 ;; ====================================
                            803 
   0355                     804 checkUserInput:
                            805 	;;;;;;;;;;;;;;;;;;;;;;;;;;;;;;
                            806 	;; Reading keyboard example
                            807 	;;;;;;;;;;;;;;;;;;;;;;;;;;;;;;
                            808 	;; 	call cpct_scanKeyboard_asm
                            809 	;; 	ld 	hl, #Key_CursorUp	;; HL = CursorUp Keycode
                            810 	;; 	call 	cpct_isKeyPressed_asm 	;; A = True/False
                            811 	;; 	cp 	#0 			;; A == 0?
                            812 	;; 	jr 	z, up_not_pressed
                            813 	;; 		;; Up is pressed code
                            814 	;; 		call 	moveUp	
                            815 	;; 	up_not_pressed:
                            816 	;; 		;; Up is not pressed code
                            817 	;; 		ld 	hl, #Key_CursorDown		;; HL = CursorDown Keycode
                            818 	;; 		call 	cpct_isKeyPressed_asm 		;; A = True/False
                            819 	;; 		cp 	#0 				;; A == 0?
                            820 	;; 		jr 	z, down_not_pressed
                            821 	;; 			;; Down is pressed code
                            822 	;; 			call 	moveDown	
                            823 	;; 		down_not_pressed:
                            824 	;; 		;; Down is not pressed code
                            825 
ASxxxx Assembler V02.00 + NoICE + SDCC mods  (Zilog Z80 / Hitachi HD64180), page 19.
Hexadecimal [16-Bits]



   0355 C9            [10]  826 	ret
                            827 
                            828 ;; ====================================
                            829 ;; Clears the cleanScreen
                            830 ;; Modifies: HL, DE, BC
                            831 ;; ====================================
   0356                     832 cleanScreen::
                            833 	;; Clean from C000 to EFFF
   0356 21 00 C0      [10]  834 	ld	hl, #menuPos_1_sub			;; HL <= Copy pointer
   0359 11 01 C0      [10]  835 	ld	de, #0xC001			;; DE <= Write pointer
   035C 36 FF         [10]  836 	ld	(hl), #0xFF			;; Set to 0 where HL points
   035E 01 00 40      [10]  837 	ld	bc, #0x4000			;; BC <= Times to repeat
   0361 ED B0         [21]  838 	ldir					;; Copy from where HL points to where DE points, and inc HL and DE, BC times
                            839 
   0363 C9            [10]  840 	ret
                            841 
                            842 ;; ====================================
                            843 ;; Write the menu strings
                            844 ;; Modifies: HL, DE, BC
                            845 ;; ====================================
   0364                     846 initializeMenu:
   0364 CD 72 02      [17]  847 	call setPaletteM1
   0367 CD 56 03      [17]  848 	call cleanScreen
                            849 
   036A F5            [11]  850 	push af
   036B 3E 00         [ 7]  851 	ld a, #0
   036D 32 62 00      [13]  852 	ld (callingFromOpts), a
   0370 F1            [10]  853 	pop af
                            854 
                            855 	;; Print Menu
   0371 21 00 00      [10]  856 	ld hl, #menuString
   0374 11 00 C0      [10]  857 	ld de, #menuPos_1_sub
   0377 CD AE 00      [17]  858 	call drawOptionsRefactor
                            859 
                            860 	;; Print Play
   037A 21 05 00      [10]  861 	ld hl, #playString
   037D 11 50 C8      [10]  862 	ld de, #menuPos_1
   0380 CD AE 00      [17]  863 	call drawOptionsRefactor
                            864 
                            865 	;; Print Options
   0383 21 0A 00      [10]  866 	ld hl, #optionsString
   0386 11 40 C9      [10]  867 	ld de, #menuPos_2
   0389 CD AE 00      [17]  868 	call drawOptionsRefactor
                            869 
   038C 21 00 00      [10]  870 	ld hl, #menuString
   038F 11 30 CA      [10]  871 	ld de, #menuPos_3
   0392 CD AE 00      [17]  872 	call drawOptionsRefactor
                            873 
   0395 21 05 00      [10]  874 	ld hl, #playString
   0398 11 20 CB      [10]  875 	ld de, #menuPos_4
   039B CD AE 00      [17]  876 	call drawOptionsRefactor
                            877 
   039E 21 0A 00      [10]  878 	ld hl, #optionsString
   03A1 11 10 CC      [10]  879 	ld de, #menuPos_5
   03A4 CD AE 00      [17]  880 	call drawOptionsRefactor
ASxxxx Assembler V02.00 + NoICE + SDCC mods  (Zilog Z80 / Hitachi HD64180), page 20.
Hexadecimal [16-Bits]



                            881 
   03A7 21 00 00      [10]  882 	ld hl, #menuString
   03AA 11 00 CD      [10]  883 	ld de, #menuPos_6
   03AD CD AE 00      [17]  884 	call drawOptionsRefactor
                            885 
   03B0 21 05 00      [10]  886 	ld hl, #playString
   03B3 11 F0 CD      [10]  887 	ld de, #menuPos_7
   03B6 CD AE 00      [17]  888 	call drawOptionsRefactor
                            889 
   03B9 21 1A 00      [10]  890 	ld hl, #menuInstrucString
   03BC 11 E0 C6      [10]  891 	ld de, #instrPos
   03BF CD AE 00      [17]  892 	call drawOptionsRefactor
                            893 
                            894 	;; Print the cursor
   03C2 21 00 00      [10]  895 	ld	hl, #_sprite_frisbeeMenu
   03C5 ED 5B 63 00   [20]  896 	ld 	de, (cursorPos)
   03C9 06 08         [ 7]  897 	ld 	b, #cursor_H 		;; B = height
   03CB 0E 02         [ 7]  898 	ld 	c, #cursor_W		;; C = width
   03CD CD 00 00      [17]  899 	call cpct_drawSprite_asm
                            900 
   03D0 C9            [10]  901 	ret
                            902 
                            903 ;; ========================
                            904 ;; Print Credits
                            905 ;; ========================
   03D1                     906 printCreditLine:
                            907 	;;ld hl, #elString
                            908 	;;ld de, #video_memory
                            909 	;;ld c, #Color_Letra
                            910 	;;cd b, #Color_fondo
                            911 ;;
                            912 	;;call cpct_drawStringM1_f_asm
                            913 
   03D1 C9            [10]  914 	ret
