ASxxxx Assembler V02.00 + NoICE + SDCC mods  (Zilog Z80 / Hitachi HD64180), page 1.
Hexadecimal [16-Bits]



                              1 ;; ====================================
                              2 ;; ====================================
                              3 ;; GAME PUBLIC FUNCTIONS
                              4 ;; ====================================
                              5 ;; ====================================
                              6 .globl gameStart
                              7 .globl getVideoPtr
                              8 .globl incTeam1Points
                              9 .globl incTeam2Points
                             10 .globl player_data
                             11 .globl enemy_data
                             12 .globl player2_data
                             13 .globl enemy2_data
                             14 .globl game_data
                             15 .globl paletteM1
                             16 .globl paletteM2
                             17 ;;.globl paletteM0
                             18 .globl blackPaletteM1
                             19 ;; ====================================
                             20 ;; ====================================
                             21 ;; GAME PUBLIC DATA
                             22 ;; ====================================
                             23 ;; ====================================
                     0050    24 .equ RIGHT_LIMIT,	80
                     0000    25 .equ LEFT_LIMIT,	0
                     0020    26 .equ TOP_LIMIT,	 	32
                     00C8    27 .equ BOTTOM_LIMIT,	200
                     0028    28 .equ CENTER_LIMIT,	40
                             29 
                             30 
                     002A    31 .equ map_tH, 42
                     0028    32 .equ map_tW, 40
