                              1 ;--------------------------------------------------------
                              2 ; File Created by SDCC : free open source ANSI-C Compiler
                              3 ; Version 3.5.5 #9498 (Linux)
                              4 ;--------------------------------------------------------
                              5 	.module IA
                              6 	.optsdcc -mz80
                              7 	
                              8 ;--------------------------------------------------------
                              9 ; Public variables in this module
                             10 ;--------------------------------------------------------
                             11 	.globl _moveIA
                             12 	.globl _fuzzificacion
                             13 	.globl _calcularb_direc
                             14 	.globl _calcule
                             15 	.globl _defuzzi
                             16 	.globl _calculateDom
                             17 	.globl _initAcel
                             18 	.globl _fmems
                             19 	.globl _vRulesy
                             20 	.globl _vRulesx
                             21 	.globl _aceleracion
                             22 	.globl _ruley2
                             23 	.globl _ruley1
                             24 	.globl _ruley
                             25 	.globl _rulex2
                             26 	.globl _rulex1
                             27 	.globl _rulex
                             28 	.globl _acelMed
                             29 	.globl _acelPo
                             30 	.globl _acelMu
                             31 	.globl _lejos
                             32 	.globl _medio
                             33 	.globl _cerca
                             34 ;--------------------------------------------------------
                             35 ; special function registers
                             36 ;--------------------------------------------------------
                             37 ;--------------------------------------------------------
                             38 ; ram data
                             39 ;--------------------------------------------------------
                             40 	.area _DATA
   0000                      41 _aceleracion::
   0000                      42 	.ds 6
                             43 ;--------------------------------------------------------
                             44 ; ram data
                             45 ;--------------------------------------------------------
                             46 	.area _INITIALIZED
   0000                      47 _vRulesx::
   0000                      48 	.ds 6
   0006                      49 _vRulesy::
   0006                      50 	.ds 6
   000C                      51 _fmems::
   000C                      52 	.ds 6
                             53 ;--------------------------------------------------------
                             54 ; absolute external ram data
                             55 ;--------------------------------------------------------
                             56 	.area _DABS (ABS)
                             57 ;--------------------------------------------------------
                             58 ; global & static initialisations
                             59 ;--------------------------------------------------------
                             60 	.area _HOME
                             61 	.area _GSINIT
                             62 	.area _GSFINAL
                             63 	.area _GSINIT
                             64 ;--------------------------------------------------------
                             65 ; Home
                             66 ;--------------------------------------------------------
                             67 	.area _HOME
                             68 	.area _HOME
                             69 ;--------------------------------------------------------
                             70 ; code
                             71 ;--------------------------------------------------------
                             72 	.area _CODE
                             73 ;src/IA.c:127: void initAcel(u8 nivel)
                             74 ;	---------------------------------
                             75 ; Function initAcel
                             76 ; ---------------------------------
   0000                      77 _initAcel::
   0000 DD E5         [15]   78 	push	ix
   0002 DD 21 00 00   [14]   79 	ld	ix,#0
   0006 DD 39         [15]   80 	add	ix,sp
   0008 21 F8 FF      [10]   81 	ld	hl,#-8
   000B 39            [11]   82 	add	hl,sp
   000C F9            [ 6]   83 	ld	sp,hl
                             84 ;src/IA.c:129: u8 i = 0;
   000D 1E 00         [ 7]   85 	ld	e,#0x00
                             86 ;src/IA.c:130: switch(nivel){
   000F DD 7E 04      [19]   87 	ld	a,4 (ix)
   0012 B7            [ 4]   88 	or	a, a
   0013 28 09         [12]   89 	jr	Z,00101$
   0015 DD 7E 04      [19]   90 	ld	a,4 (ix)
   0018 3D            [ 4]   91 	dec	a
   0019 28 5F         [12]   92 	jr	Z,00105$
   001B C3rD4r00      [10]   93 	jp	00109$
                             94 ;src/IA.c:131: case 0:{ 
   001E                      95 00101$:
                             96 ;src/IA.c:132: u16 aux[3] = {0.06*SCALA, 0.08*SCALA, 0.09*SCALA};
   001E 21 00 00      [10]   97 	ld	hl,#0x0000
   0021 39            [11]   98 	add	hl,sp
   0022 DD 75 FE      [19]   99 	ld	-2 (ix),l
   0025 DD 74 FF      [19]  100 	ld	-1 (ix),h
   0028 DD 6E FE      [19]  101 	ld	l,-2 (ix)
   002B DD 66 FF      [19]  102 	ld	h,-1 (ix)
   002E 36 0F         [10]  103 	ld	(hl),#0x0F
   0030 23            [ 6]  104 	inc	hl
   0031 36 00         [10]  105 	ld	(hl),#0x00
   0033 DD 6E FE      [19]  106 	ld	l,-2 (ix)
   0036 DD 66 FF      [19]  107 	ld	h,-1 (ix)
   0039 23            [ 6]  108 	inc	hl
   003A 23            [ 6]  109 	inc	hl
   003B 36 14         [10]  110 	ld	(hl),#0x14
   003D 23            [ 6]  111 	inc	hl
   003E 36 00         [10]  112 	ld	(hl),#0x00
   0040 DD 7E FE      [19]  113 	ld	a,-2 (ix)
   0043 C6 04         [ 7]  114 	add	a, #0x04
   0045 6F            [ 4]  115 	ld	l,a
   0046 DD 7E FF      [19]  116 	ld	a,-1 (ix)
   0049 CE 00         [ 7]  117 	adc	a, #0x00
   004B 67            [ 4]  118 	ld	h,a
   004C 36 17         [10]  119 	ld	(hl),#0x17
   004E 23            [ 6]  120 	inc	hl
   004F 36 00         [10]  121 	ld	(hl),#0x00
                            122 ;src/IA.c:133: while(i<3)
   0051 01r00r00      [10]  123 	ld	bc,#_aceleracion+0
   0054 1E 00         [ 7]  124 	ld	e,#0x00
   0056                     125 00102$:
   0056 7B            [ 4]  126 	ld	a,e
   0057 D6 03         [ 7]  127 	sub	a, #0x03
   0059 30 1F         [12]  128 	jr	NC,00124$
                            129 ;src/IA.c:135: aceleracion[i] = aux[i];
   005B 6B            [ 4]  130 	ld	l,e
   005C 26 00         [ 7]  131 	ld	h,#0x00
   005E 29            [11]  132 	add	hl, hl
   005F E5            [11]  133 	push	hl
   0060 FD E1         [14]  134 	pop	iy
   0062 FD 09         [15]  135 	add	iy, bc
   0064 DD 7E FE      [19]  136 	ld	a,-2 (ix)
   0067 85            [ 4]  137 	add	a, l
   0068 6F            [ 4]  138 	ld	l,a
   0069 DD 7E FF      [19]  139 	ld	a,-1 (ix)
   006C 8C            [ 4]  140 	adc	a, h
   006D 67            [ 4]  141 	ld	h,a
   006E 7E            [ 7]  142 	ld	a, (hl)
   006F 23            [ 6]  143 	inc	hl
   0070 56            [ 7]  144 	ld	d,(hl)
   0071 FD 77 00      [19]  145 	ld	0 (iy), a
   0074 FD 72 01      [19]  146 	ld	1 (iy),d
                            147 ;src/IA.c:136: i++;
   0077 1C            [ 4]  148 	inc	e
   0078 18 DC         [12]  149 	jr	00102$
                            150 ;src/IA.c:139: case 1:{
   007A                     151 00124$:
   007A                     152 00105$:
                            153 ;src/IA.c:140: u16 aux[3] = {0.09*SCALA, 0.1*SCALA, 0.2*SCALA};
   007A 21 00 00      [10]  154 	ld	hl,#0x0000
   007D 39            [11]  155 	add	hl,sp
   007E DD 75 FE      [19]  156 	ld	-2 (ix),l
   0081 DD 74 FF      [19]  157 	ld	-1 (ix),h
   0084 DD 6E FE      [19]  158 	ld	l,-2 (ix)
   0087 DD 66 FF      [19]  159 	ld	h,-1 (ix)
   008A 36 17         [10]  160 	ld	(hl),#0x17
   008C 23            [ 6]  161 	inc	hl
   008D 36 00         [10]  162 	ld	(hl),#0x00
   008F DD 6E FE      [19]  163 	ld	l,-2 (ix)
   0092 DD 66 FF      [19]  164 	ld	h,-1 (ix)
   0095 23            [ 6]  165 	inc	hl
   0096 23            [ 6]  166 	inc	hl
   0097 36 19         [10]  167 	ld	(hl),#0x19
   0099 23            [ 6]  168 	inc	hl
   009A 36 00         [10]  169 	ld	(hl),#0x00
   009C DD 7E FE      [19]  170 	ld	a,-2 (ix)
   009F C6 04         [ 7]  171 	add	a, #0x04
   00A1 6F            [ 4]  172 	ld	l,a
   00A2 DD 7E FF      [19]  173 	ld	a,-1 (ix)
   00A5 CE 00         [ 7]  174 	adc	a, #0x00
   00A7 67            [ 4]  175 	ld	h,a
   00A8 36 33         [10]  176 	ld	(hl),#0x33
   00AA 23            [ 6]  177 	inc	hl
   00AB 36 00         [10]  178 	ld	(hl),#0x00
                            179 ;src/IA.c:141: while(i<3)
   00AD 01r00r00      [10]  180 	ld	bc,#_aceleracion+0
   00B0                     181 00106$:
   00B0 7B            [ 4]  182 	ld	a,e
   00B1 D6 03         [ 7]  183 	sub	a, #0x03
   00B3 30 1F         [12]  184 	jr	NC,00125$
                            185 ;src/IA.c:143: aceleracion[i] = aux[i];
   00B5 6B            [ 4]  186 	ld	l,e
   00B6 26 00         [ 7]  187 	ld	h,#0x00
   00B8 29            [11]  188 	add	hl, hl
   00B9 E5            [11]  189 	push	hl
   00BA FD E1         [14]  190 	pop	iy
   00BC FD 09         [15]  191 	add	iy, bc
   00BE DD 7E FE      [19]  192 	ld	a,-2 (ix)
   00C1 85            [ 4]  193 	add	a, l
   00C2 6F            [ 4]  194 	ld	l,a
   00C3 DD 7E FF      [19]  195 	ld	a,-1 (ix)
   00C6 8C            [ 4]  196 	adc	a, h
   00C7 67            [ 4]  197 	ld	h,a
   00C8 7E            [ 7]  198 	ld	a, (hl)
   00C9 23            [ 6]  199 	inc	hl
   00CA 56            [ 7]  200 	ld	d,(hl)
   00CB FD 77 00      [19]  201 	ld	0 (iy), a
   00CE FD 72 01      [19]  202 	ld	1 (iy),d
                            203 ;src/IA.c:144: i++;
   00D1 1C            [ 4]  204 	inc	e
   00D2 18 DC         [12]  205 	jr	00106$
                            206 ;src/IA.c:147: default:{
   00D4                     207 00125$:
   00D4                     208 00109$:
                            209 ;src/IA.c:148: u16 aux[3] = {0.1*SCALA, 0.2*SCALA, 0.3*SCALA};
   00D4 21 00 00      [10]  210 	ld	hl,#0x0000
   00D7 39            [11]  211 	add	hl,sp
   00D8 4D            [ 4]  212 	ld	c,l
   00D9 44            [ 4]  213 	ld	b,h
   00DA 36 19         [10]  214 	ld	(hl),#0x19
   00DC 23            [ 6]  215 	inc	hl
   00DD 36 00         [10]  216 	ld	(hl),#0x00
   00DF 69            [ 4]  217 	ld	l, c
   00E0 60            [ 4]  218 	ld	h, b
   00E1 23            [ 6]  219 	inc	hl
   00E2 23            [ 6]  220 	inc	hl
   00E3 36 33         [10]  221 	ld	(hl),#0x33
   00E5 23            [ 6]  222 	inc	hl
   00E6 36 00         [10]  223 	ld	(hl),#0x00
   00E8 21 04 00      [10]  224 	ld	hl,#0x0004
   00EB 09            [11]  225 	add	hl,bc
   00EC 36 4C         [10]  226 	ld	(hl),#0x4C
   00EE 23            [ 6]  227 	inc	hl
   00EF 36 00         [10]  228 	ld	(hl),#0x00
                            229 ;src/IA.c:149: while(i<3)
   00F1                     230 00110$:
   00F1 7B            [ 4]  231 	ld	a,e
   00F2 D6 03         [ 7]  232 	sub	a, #0x03
   00F4 30 1B         [12]  233 	jr	NC,00114$
                            234 ;src/IA.c:151: aceleracion[i] = aux[i]; 
   00F6 6B            [ 4]  235 	ld	l,e
   00F7 26 00         [ 7]  236 	ld	h,#0x00
   00F9 29            [11]  237 	add	hl, hl
   00FA FD 21r00r00   [14]  238 	ld	iy,#_aceleracion
   00FE C5            [11]  239 	push	bc
   00FF 4D            [ 4]  240 	ld	c, l
   0100 44            [ 4]  241 	ld	b, h
   0101 FD 09         [15]  242 	add	iy, bc
   0103 C1            [10]  243 	pop	bc
   0104 09            [11]  244 	add	hl,bc
   0105 7E            [ 7]  245 	ld	a, (hl)
   0106 23            [ 6]  246 	inc	hl
   0107 66            [ 7]  247 	ld	h,(hl)
   0108 FD 77 00      [19]  248 	ld	0 (iy), a
   010B FD 74 01      [19]  249 	ld	1 (iy),h
                            250 ;src/IA.c:152: i++;
   010E 1C            [ 4]  251 	inc	e
   010F 18 E0         [12]  252 	jr	00110$
                            253 ;src/IA.c:155: }
   0111                     254 00114$:
   0111 DD F9         [10]  255 	ld	sp, ix
   0113 DD E1         [14]  256 	pop	ix
   0115 C9            [10]  257 	ret
   0116                     258 _cerca:
   0116 00 00               259 	.dw #0x0000
   0118 00 05               260 	.dw #0x0500
   011A 01                  261 	.db #0x01	; 1
   011B 00 0A               262 	.dw #0x0A00
   011D 00 0A               263 	.dw #0x0A00
   011F 00 0A               264 	.dw #0x0A00
   0121                     265 _medio:
   0121 00 00               266 	.dw #0x0000
   0123 00 14               267 	.dw #0x1400
   0125 00                  268 	.db #0x00	; 0
   0126 00 14               269 	.dw #0x1400
   0128 00 0A               270 	.dw #0x0A00
   012A 00 0F               271 	.dw #0x0F00
   012C                     272 _lejos:
   012C 00 00               273 	.dw #0x0000
   012E 00 6E               274 	.dw #0x6E00
   0130 02                  275 	.db #0x02	; 2
   0131 00 3C               276 	.dw #0x3C00
   0133 00 19               277 	.dw #0x1900
   0135 00 64               278 	.dw #0x6400
   0137                     279 _acelMu:
   0137 00 00               280 	.dw #0x0000
   0139 80 57               281 	.dw #0x5780
   013B 02                  282 	.db #0x02	; 2
   013C 00 4B               283 	.dw #0x4B00
   013E 00 19               284 	.dw #0x1900
   0140 00 19               285 	.dw #0x1900
   0142                     286 _acelPo:
   0142 00 00               287 	.dw #0x0000
   0144 80 0C               288 	.dw #0x0C80
   0146 01                  289 	.db #0x01	; 1
   0147 00 19               290 	.dw #0x1900
   0149 00 19               291 	.dw #0x1900
   014B 00 19               292 	.dw #0x1900
   014D                     293 _acelMed:
   014D 00 00               294 	.dw #0x0000
   014F 00 32               295 	.dw #0x3200
   0151 00                  296 	.db #0x00	; 0
   0152 00 32               297 	.dw #0x3200
   0154 00 19               298 	.dw #0x1900
   0156 00 19               299 	.dw #0x1900
   0158                     300 _rulex:
   0158r16r01               301 	.dw _cerca
   015Ar37r01               302 	.dw _acelMu
   015C                     303 _rulex1:
   015Cr21r01               304 	.dw _medio
   015Er4Dr01               305 	.dw _acelMed
   0160                     306 _rulex2:
   0160r2Cr01               307 	.dw _lejos
   0162r42r01               308 	.dw _acelPo
   0164                     309 _ruley:
   0164r16r01               310 	.dw _cerca
   0166r37r01               311 	.dw _acelMu
   0168                     312 _ruley1:
   0168r21r01               313 	.dw _medio
   016Ar4Dr01               314 	.dw _acelMed
   016C                     315 _ruley2:
   016Cr2Cr01               316 	.dw _lejos
   016Er42r01               317 	.dw _acelPo
                            318 ;src/IA.c:159: void calculateDom(const FuzzSetConcreto* c, u8 val, u16* grad)
                            319 ;	---------------------------------
                            320 ; Function calculateDom
                            321 ; ---------------------------------
   0170                     322 _calculateDom::
   0170 DD E5         [15]  323 	push	ix
   0172 DD 21 00 00   [14]  324 	ld	ix,#0
   0176 DD 39         [15]  325 	add	ix,sp
   0178 21 ED FF      [10]  326 	ld	hl,#-19
   017B 39            [11]  327 	add	hl,sp
   017C F9            [ 6]  328 	ld	sp,hl
                            329 ;src/IA.c:161: *grad = 0.0;
   017D DD 5E 07      [19]  330 	ld	e,7 (ix)
   0180 DD 56 08      [19]  331 	ld	d,8 (ix)
   0183 6B            [ 4]  332 	ld	l, e
   0184 62            [ 4]  333 	ld	h, d
   0185 AF            [ 4]  334 	xor	a, a
   0186 77            [ 7]  335 	ld	(hl), a
   0187 23            [ 6]  336 	inc	hl
   0188 77            [ 7]  337 	ld	(hl), a
                            338 ;src/IA.c:162: if(c->tipo == 0){
   0189 DD 7E 04      [19]  339 	ld	a,4 (ix)
   018C DD 77 F3      [19]  340 	ld	-13 (ix),a
   018F DD 7E 05      [19]  341 	ld	a,5 (ix)
   0192 DD 77 F4      [19]  342 	ld	-12 (ix),a
   0195 DD 6E F3      [19]  343 	ld	l,-13 (ix)
   0198 DD 66 F4      [19]  344 	ld	h,-12 (ix)
   019B 01 04 00      [10]  345 	ld	bc, #0x0004
   019E 09            [11]  346 	add	hl, bc
   019F 4E            [ 7]  347 	ld	c,(hl)
                            348 ;src/IA.c:164: if(c->rightOffSet == 0 && c->peakPoint == val 
   01A0 DD 7E F3      [19]  349 	ld	a,-13 (ix)
   01A3 C6 09         [ 7]  350 	add	a, #0x09
   01A5 DD 77 EF      [19]  351 	ld	-17 (ix),a
   01A8 DD 7E F4      [19]  352 	ld	a,-12 (ix)
   01AB CE 00         [ 7]  353 	adc	a, #0x00
   01AD DD 77 F0      [19]  354 	ld	-16 (ix),a
   01B0 DD 7E F3      [19]  355 	ld	a,-13 (ix)
   01B3 C6 05         [ 7]  356 	add	a, #0x05
   01B5 DD 77 ED      [19]  357 	ld	-19 (ix),a
   01B8 DD 7E F4      [19]  358 	ld	a,-12 (ix)
   01BB CE 00         [ 7]  359 	adc	a, #0x00
   01BD DD 77 EE      [19]  360 	ld	-18 (ix),a
   01C0 DD 7E 06      [19]  361 	ld	a,6 (ix)
   01C3 DD 77 F1      [19]  362 	ld	-15 (ix),a
   01C6 DD 36 F2 00   [19]  363 	ld	-14 (ix),#0x00
                            364 ;src/IA.c:165: || c->leftOffSet == 0 && c->peakPoint == val)
   01CA DD 7E F3      [19]  365 	ld	a,-13 (ix)
   01CD C6 07         [ 7]  366 	add	a, #0x07
   01CF DD 77 F3      [19]  367 	ld	-13 (ix),a
   01D2 DD 7E F4      [19]  368 	ld	a,-12 (ix)
   01D5 CE 00         [ 7]  369 	adc	a, #0x00
   01D7 DD 77 F4      [19]  370 	ld	-12 (ix),a
                            371 ;src/IA.c:171: if(val <= c->peakPoint && (val >= (c->peakPoint - c->leftOffSet)))
   01DA E1            [10]  372 	pop	hl
   01DB E5            [11]  373 	push	hl
   01DC 7E            [ 7]  374 	ld	a,(hl)
   01DD DD 77 F5      [19]  375 	ld	-11 (ix),a
   01E0 23            [ 6]  376 	inc	hl
   01E1 7E            [ 7]  377 	ld	a,(hl)
   01E2 DD 77 F6      [19]  378 	ld	-10 (ix),a
                            379 ;src/IA.c:174: *grad = *grad * (val - (c->peakPoint - c->leftOffSet));
   01E5 DD 7E 06      [19]  380 	ld	a,6 (ix)
   01E8 DD 77 FA      [19]  381 	ld	-6 (ix),a
   01EB DD 36 FB 00   [19]  382 	ld	-5 (ix),#0x00
                            383 ;src/IA.c:189: u8 midPoint = ((c->peakPoint + c->rightOffSet)- c->rightOffSet);
   01EF DD 6E EF      [19]  384 	ld	l,-17 (ix)
   01F2 DD 66 F0      [19]  385 	ld	h,-16 (ix)
   01F5 7E            [ 7]  386 	ld	a,(hl)
   01F6 DD 77 FE      [19]  387 	ld	-2 (ix),a
   01F9 23            [ 6]  388 	inc	hl
   01FA 7E            [ 7]  389 	ld	a,(hl)
   01FB DD 77 FF      [19]  390 	ld	-1 (ix),a
                            391 ;src/IA.c:174: *grad = *grad * (val - (c->peakPoint - c->leftOffSet));
                            392 ;src/IA.c:178: *grad = SCALA/-c->rightOffSet;
   01FE AF            [ 4]  393 	xor	a, a
   01FF DD 96 FE      [19]  394 	sub	a, -2 (ix)
   0202 6F            [ 4]  395 	ld	l,a
   0203 3E 00         [ 7]  396 	ld	a, #0x00
   0205 DD 9E FF      [19]  397 	sbc	a, -1 (ix)
   0208 67            [ 4]  398 	ld	h,a
   0209 C5            [11]  399 	push	bc
   020A D5            [11]  400 	push	de
   020B E5            [11]  401 	push	hl
   020C 21 00 01      [10]  402 	ld	hl,#0x0100
   020F E5            [11]  403 	push	hl
                            404 ;src/IA.c:162: if(c->tipo == 0){
   0210 CDr00r00      [17]  405 	call	__divuint
   0213 F1            [10]  406 	pop	af
   0214 F1            [10]  407 	pop	af
   0215 DD 74 F9      [19]  408 	ld	-7 (ix),h
   0218 DD 75 F8      [19]  409 	ld	-8 (ix),l
   021B D1            [10]  410 	pop	de
   021C C1            [10]  411 	pop	bc
   021D 79            [ 4]  412 	ld	a,c
   021E B7            [ 4]  413 	or	a, a
   021F C2r3Br03      [10]  414 	jp	NZ,00138$
                            415 ;src/IA.c:164: if(c->rightOffSet == 0 && c->peakPoint == val 
   0222 DD 7E F1      [19]  416 	ld	a,-15 (ix)
   0225 DD 96 F5      [19]  417 	sub	a, -11 (ix)
   0228 20 0C         [12]  418 	jr	NZ,00214$
   022A DD 7E F2      [19]  419 	ld	a,-14 (ix)
   022D DD 96 F6      [19]  420 	sub	a, -10 (ix)
   0230 20 04         [12]  421 	jr	NZ,00214$
   0232 3E 01         [ 7]  422 	ld	a,#0x01
   0234 18 01         [12]  423 	jr	00215$
   0236                     424 00214$:
   0236 AF            [ 4]  425 	xor	a,a
   0237                     426 00215$:
   0237 47            [ 4]  427 	ld	b,a
   0238 DD 7E FF      [19]  428 	ld	a,-1 (ix)
   023B DD B6 FE      [19]  429 	or	a,-2 (ix)
   023E 20 04         [12]  430 	jr	NZ,00105$
   0240 78            [ 4]  431 	ld	a,b
   0241 B7            [ 4]  432 	or	a, a
   0242 20 10         [12]  433 	jr	NZ,00101$
   0244                     434 00105$:
                            435 ;src/IA.c:165: || c->leftOffSet == 0 && c->peakPoint == val)
   0244 DD 6E F3      [19]  436 	ld	l,-13 (ix)
   0247 DD 66 F4      [19]  437 	ld	h,-12 (ix)
   024A 4E            [ 7]  438 	ld	c,(hl)
   024B 23            [ 6]  439 	inc	hl
   024C 66            [ 7]  440 	ld	h,(hl)
   024D 7C            [ 4]  441 	ld	a,h
   024E B1            [ 4]  442 	or	a,c
   024F 20 0D         [12]  443 	jr	NZ,00102$
   0251 B0            [ 4]  444 	or	a,b
   0252 28 0A         [12]  445 	jr	Z,00102$
   0254                     446 00101$:
                            447 ;src/IA.c:167: *grad = SCALA;
   0254 3E 00         [ 7]  448 	ld	a,#0x00
   0256 12            [ 7]  449 	ld	(de),a
   0257 13            [ 6]  450 	inc	de
   0258 3E 01         [ 7]  451 	ld	a,#0x01
   025A 12            [ 7]  452 	ld	(de),a
                            453 ;src/IA.c:168: return;
   025B C3r85r04      [10]  454 	jp	00140$
   025E                     455 00102$:
                            456 ;src/IA.c:171: if(val <= c->peakPoint && (val >= (c->peakPoint - c->leftOffSet)))
   025E DD 7E F5      [19]  457 	ld	a,-11 (ix)
   0261 DD 96 F1      [19]  458 	sub	a, -15 (ix)
   0264 DD 7E F6      [19]  459 	ld	a,-10 (ix)
   0267 DD 9E F2      [19]  460 	sbc	a, -14 (ix)
   026A 3E 00         [ 7]  461 	ld	a,#0x00
   026C 17            [ 4]  462 	rla
   026D DD 77 F7      [19]  463 	ld	-9 (ix),a
   0270 DD CB F7 46   [20]  464 	bit	0,-9 (ix)
   0274 20 64         [12]  465 	jr	NZ,00111$
   0276 DD 7E F5      [19]  466 	ld	a,-11 (ix)
   0279 91            [ 4]  467 	sub	a, c
   027A 47            [ 4]  468 	ld	b,a
   027B DD 7E F6      [19]  469 	ld	a,-10 (ix)
   027E 9C            [ 4]  470 	sbc	a, h
   027F 6F            [ 4]  471 	ld	l,a
   0280 DD 7E F1      [19]  472 	ld	a,-15 (ix)
   0283 90            [ 4]  473 	sub	a, b
   0284 DD 7E F2      [19]  474 	ld	a,-14 (ix)
   0287 9D            [ 4]  475 	sbc	a, l
   0288 38 50         [12]  476 	jr	C,00111$
                            477 ;src/IA.c:173: *grad = SCALA / c->leftOffSet;
   028A D5            [11]  478 	push	de
   028B 69            [ 4]  479 	ld	l, c
   028C E5            [11]  480 	push	hl
   028D 21 00 01      [10]  481 	ld	hl,#0x0100
   0290 E5            [11]  482 	push	hl
   0291 CDr00r00      [17]  483 	call	__divuint
   0294 F1            [10]  484 	pop	af
   0295 F1            [10]  485 	pop	af
   0296 4D            [ 4]  486 	ld	c,l
   0297 44            [ 4]  487 	ld	b,h
   0298 D1            [10]  488 	pop	de
   0299 6B            [ 4]  489 	ld	l, e
   029A 62            [ 4]  490 	ld	h, d
   029B 71            [ 7]  491 	ld	(hl),c
   029C 23            [ 6]  492 	inc	hl
   029D 70            [ 7]  493 	ld	(hl),b
                            494 ;src/IA.c:174: *grad = *grad * (val - (c->peakPoint - c->leftOffSet));
   029E E1            [10]  495 	pop	hl
   029F E5            [11]  496 	push	hl
   02A0 7E            [ 7]  497 	ld	a,(hl)
   02A1 DD 77 FC      [19]  498 	ld	-4 (ix),a
   02A4 23            [ 6]  499 	inc	hl
   02A5 7E            [ 7]  500 	ld	a,(hl)
   02A6 DD 77 FD      [19]  501 	ld	-3 (ix),a
   02A9 DD 6E F3      [19]  502 	ld	l,-13 (ix)
   02AC DD 66 F4      [19]  503 	ld	h,-12 (ix)
   02AF 7E            [ 7]  504 	ld	a, (hl)
   02B0 23            [ 6]  505 	inc	hl
   02B1 66            [ 7]  506 	ld	h,(hl)
   02B2 6F            [ 4]  507 	ld	l,a
   02B3 DD 7E FC      [19]  508 	ld	a,-4 (ix)
   02B6 95            [ 4]  509 	sub	a, l
   02B7 6F            [ 4]  510 	ld	l,a
   02B8 DD 7E FD      [19]  511 	ld	a,-3 (ix)
   02BB 9C            [ 4]  512 	sbc	a, h
   02BC 67            [ 4]  513 	ld	h,a
   02BD DD 7E FA      [19]  514 	ld	a,-6 (ix)
   02C0 95            [ 4]  515 	sub	a, l
   02C1 6F            [ 4]  516 	ld	l,a
   02C2 DD 7E FB      [19]  517 	ld	a,-5 (ix)
   02C5 9C            [ 4]  518 	sbc	a, h
   02C6 67            [ 4]  519 	ld	h,a
   02C7 D5            [11]  520 	push	de
   02C8 E5            [11]  521 	push	hl
   02C9 C5            [11]  522 	push	bc
   02CA CDr00r00      [17]  523 	call	__mulint
   02CD F1            [10]  524 	pop	af
   02CE F1            [10]  525 	pop	af
   02CF 4D            [ 4]  526 	ld	c,l
   02D0 44            [ 4]  527 	ld	b,h
   02D1 D1            [10]  528 	pop	de
   02D2 79            [ 4]  529 	ld	a,c
   02D3 12            [ 7]  530 	ld	(de),a
   02D4 13            [ 6]  531 	inc	de
   02D5 78            [ 4]  532 	ld	a,b
   02D6 12            [ 7]  533 	ld	(de),a
                            534 ;src/IA.c:175: return;
   02D7 C3r85r04      [10]  535 	jp	00140$
   02DA                     536 00111$:
                            537 ;src/IA.c:176: }else if(val > c->peakPoint && val < (c->peakPoint + c->rightOffSet))
   02DA DD CB F7 46   [20]  538 	bit	0,-9 (ix)
   02DE 28 51         [12]  539 	jr	Z,00107$
   02E0 DD 7E F5      [19]  540 	ld	a,-11 (ix)
   02E3 DD 86 FE      [19]  541 	add	a, -2 (ix)
   02E6 4F            [ 4]  542 	ld	c,a
   02E7 DD 7E F6      [19]  543 	ld	a,-10 (ix)
   02EA DD 8E FF      [19]  544 	adc	a, -1 (ix)
   02ED 47            [ 4]  545 	ld	b,a
   02EE DD 7E F1      [19]  546 	ld	a,-15 (ix)
   02F1 91            [ 4]  547 	sub	a, c
   02F2 DD 7E F2      [19]  548 	ld	a,-14 (ix)
   02F5 98            [ 4]  549 	sbc	a, b
   02F6 30 39         [12]  550 	jr	NC,00107$
                            551 ;src/IA.c:178: *grad = SCALA/-c->rightOffSet;
   02F8 6B            [ 4]  552 	ld	l, e
   02F9 62            [ 4]  553 	ld	h, d
   02FA DD 7E F8      [19]  554 	ld	a,-8 (ix)
   02FD 77            [ 7]  555 	ld	(hl),a
   02FE 23            [ 6]  556 	inc	hl
   02FF DD 7E F9      [19]  557 	ld	a,-7 (ix)
   0302 77            [ 7]  558 	ld	(hl),a
                            559 ;src/IA.c:179: *grad = *grad * (val- c->peakPoint) + SCALA;
   0303 E1            [10]  560 	pop	hl
   0304 E5            [11]  561 	push	hl
   0305 4E            [ 7]  562 	ld	c,(hl)
   0306 23            [ 6]  563 	inc	hl
   0307 46            [ 7]  564 	ld	b,(hl)
   0308 DD 7E FA      [19]  565 	ld	a,-6 (ix)
   030B 91            [ 4]  566 	sub	a, c
   030C 4F            [ 4]  567 	ld	c,a
   030D DD 7E FB      [19]  568 	ld	a,-5 (ix)
   0310 98            [ 4]  569 	sbc	a, b
   0311 47            [ 4]  570 	ld	b,a
   0312 D5            [11]  571 	push	de
   0313 C5            [11]  572 	push	bc
   0314 DD 6E F8      [19]  573 	ld	l,-8 (ix)
   0317 DD 66 F9      [19]  574 	ld	h,-7 (ix)
   031A E5            [11]  575 	push	hl
   031B CDr00r00      [17]  576 	call	__mulint
   031E F1            [10]  577 	pop	af
   031F F1            [10]  578 	pop	af
   0320 4D            [ 4]  579 	ld	c,l
   0321 44            [ 4]  580 	ld	b,h
   0322 D1            [10]  581 	pop	de
   0323 21 00 01      [10]  582 	ld	hl,#0x0100
   0326 09            [11]  583 	add	hl,bc
   0327 4D            [ 4]  584 	ld	c,l
   0328 44            [ 4]  585 	ld	b,h
   0329 79            [ 4]  586 	ld	a,c
   032A 12            [ 7]  587 	ld	(de),a
   032B 13            [ 6]  588 	inc	de
   032C 78            [ 4]  589 	ld	a,b
   032D 12            [ 7]  590 	ld	(de),a
                            591 ;src/IA.c:180: return;
   032E C3r85r04      [10]  592 	jp	00140$
   0331                     593 00107$:
                            594 ;src/IA.c:183: *grad = 0;
   0331 3E 00         [ 7]  595 	ld	a,#0x00
   0333 12            [ 7]  596 	ld	(de),a
   0334 13            [ 6]  597 	inc	de
   0335 3E 00         [ 7]  598 	ld	a,#0x00
   0337 12            [ 7]  599 	ld	(de),a
                            600 ;src/IA.c:184: return;
   0338 C3r85r04      [10]  601 	jp	00140$
   033B                     602 00138$:
                            603 ;src/IA.c:189: u8 midPoint = ((c->peakPoint + c->rightOffSet)- c->rightOffSet);
   033B DD 6E F5      [19]  604 	ld	l,-11 (ix)
   033E DD 7E FE      [19]  605 	ld	a,-2 (ix)
   0341 DD 77 FC      [19]  606 	ld	-4 (ix),a
   0344 7D            [ 4]  607 	ld	a,l
   0345 DD 86 FC      [19]  608 	add	a, -4 (ix)
   0348 DD 96 FC      [19]  609 	sub	a, -4 (ix)
   034B 47            [ 4]  610 	ld	b,a
                            611 ;src/IA.c:187: }else if(c->tipo == 1)
   034C 0D            [ 4]  612 	dec	c
   034D C2rDDr03      [10]  613 	jp	NZ,00135$
                            614 ;src/IA.c:189: u8 midPoint = ((c->peakPoint + c->rightOffSet)- c->rightOffSet);
   0350 48            [ 4]  615 	ld	c,b
                            616 ;src/IA.c:192: if(c->rightOffSet == 0 && val == midPoint){
   0351 DD 7E FF      [19]  617 	ld	a,-1 (ix)
   0354 DD B6 FE      [19]  618 	or	a,-2 (ix)
   0357 20 0E         [12]  619 	jr	NZ,00115$
   0359 DD 7E 06      [19]  620 	ld	a,6 (ix)
                            621 ;src/IA.c:193: *grad = SCALA;
   035C 91            [ 4]  622 	sub	a,c
   035D 20 08         [12]  623 	jr	NZ,00115$
   035F 12            [ 7]  624 	ld	(de),a
   0360 13            [ 6]  625 	inc	de
   0361 3E 01         [ 7]  626 	ld	a,#0x01
   0363 12            [ 7]  627 	ld	(de),a
                            628 ;src/IA.c:194: return;
   0364 C3r85r04      [10]  629 	jp	00140$
   0367                     630 00115$:
                            631 ;src/IA.c:197: if(val >= midPoint && (val < (midPoint + c->rightOffSet)))
   0367 DD 7E 06      [19]  632 	ld	a,6 (ix)
   036A 91            [ 4]  633 	sub	a, c
   036B 3E 00         [ 7]  634 	ld	a,#0x00
   036D 17            [ 4]  635 	rla
   036E DD 77 FC      [19]  636 	ld	-4 (ix),a
   0371 DD CB FC 46   [20]  637 	bit	0,-4 (ix)
   0375 20 4C         [12]  638 	jr	NZ,00121$
   0377 06 00         [ 7]  639 	ld	b,#0x00
   0379 DD 6E FE      [19]  640 	ld	l,-2 (ix)
   037C DD 66 FF      [19]  641 	ld	h,-1 (ix)
   037F 09            [11]  642 	add	hl,bc
   0380 DD 7E F1      [19]  643 	ld	a,-15 (ix)
   0383 95            [ 4]  644 	sub	a, l
   0384 DD 7E F2      [19]  645 	ld	a,-14 (ix)
   0387 9C            [ 4]  646 	sbc	a, h
   0388 30 39         [12]  647 	jr	NC,00121$
                            648 ;src/IA.c:199: *grad = SCALA/-c->rightOffSet;
   038A 6B            [ 4]  649 	ld	l, e
   038B 62            [ 4]  650 	ld	h, d
   038C DD 7E F8      [19]  651 	ld	a,-8 (ix)
   038F 77            [ 7]  652 	ld	(hl),a
   0390 23            [ 6]  653 	inc	hl
   0391 DD 7E F9      [19]  654 	ld	a,-7 (ix)
   0394 77            [ 7]  655 	ld	(hl),a
                            656 ;src/IA.c:200: *grad = *grad*(val-(midPoint + c->rightOffSet));
   0395 DD 6E EF      [19]  657 	ld	l,-17 (ix)
   0398 DD 66 F0      [19]  658 	ld	h,-16 (ix)
   039B 7E            [ 7]  659 	ld	a, (hl)
   039C 23            [ 6]  660 	inc	hl
   039D 66            [ 7]  661 	ld	h,(hl)
   039E 6F            [ 4]  662 	ld	l,a
   039F 09            [11]  663 	add	hl,bc
   03A0 DD 7E FA      [19]  664 	ld	a,-6 (ix)
   03A3 95            [ 4]  665 	sub	a, l
   03A4 4F            [ 4]  666 	ld	c,a
   03A5 DD 7E FB      [19]  667 	ld	a,-5 (ix)
   03A8 9C            [ 4]  668 	sbc	a, h
   03A9 47            [ 4]  669 	ld	b,a
   03AA D5            [11]  670 	push	de
   03AB C5            [11]  671 	push	bc
   03AC DD 6E F8      [19]  672 	ld	l,-8 (ix)
   03AF DD 66 F9      [19]  673 	ld	h,-7 (ix)
   03B2 E5            [11]  674 	push	hl
   03B3 CDr00r00      [17]  675 	call	__mulint
   03B6 F1            [10]  676 	pop	af
   03B7 F1            [10]  677 	pop	af
   03B8 4D            [ 4]  678 	ld	c,l
   03B9 44            [ 4]  679 	ld	b,h
   03BA D1            [10]  680 	pop	de
   03BB 79            [ 4]  681 	ld	a,c
   03BC 12            [ 7]  682 	ld	(de),a
   03BD 13            [ 6]  683 	inc	de
   03BE 78            [ 4]  684 	ld	a,b
   03BF 12            [ 7]  685 	ld	(de),a
                            686 ;src/IA.c:201: return;
   03C0 C3r85r04      [10]  687 	jp	00140$
   03C3                     688 00121$:
                            689 ;src/IA.c:202: }else if(val < midPoint)
   03C3 DD CB FC 46   [20]  690 	bit	0,-4 (ix)
   03C7 28 0A         [12]  691 	jr	Z,00118$
                            692 ;src/IA.c:204: *grad = SCALA;
   03C9 3E 00         [ 7]  693 	ld	a,#0x00
   03CB 12            [ 7]  694 	ld	(de),a
   03CC 13            [ 6]  695 	inc	de
   03CD 3E 01         [ 7]  696 	ld	a,#0x01
   03CF 12            [ 7]  697 	ld	(de),a
                            698 ;src/IA.c:205: return;
   03D0 C3r85r04      [10]  699 	jp	00140$
   03D3                     700 00118$:
                            701 ;src/IA.c:207: *grad = 0;
   03D3 3E 00         [ 7]  702 	ld	a,#0x00
   03D5 12            [ 7]  703 	ld	(de),a
   03D6 13            [ 6]  704 	inc	de
   03D7 3E 00         [ 7]  705 	ld	a,#0x00
   03D9 12            [ 7]  706 	ld	(de),a
                            707 ;src/IA.c:208: return;
   03DA C3r85r04      [10]  708 	jp	00140$
   03DD                     709 00135$:
                            710 ;src/IA.c:212: u8 midPoint = ((c->peakPoint + c->rightOffSet)- c->rightOffSet);
                            711 ;src/IA.c:214: if(c->leftOffSet == 0 && val == midPoint)
   03DD DD 6E F3      [19]  712 	ld	l,-13 (ix)
   03E0 DD 66 F4      [19]  713 	ld	h,-12 (ix)
   03E3 4E            [ 7]  714 	ld	c,(hl)
   03E4 23            [ 6]  715 	inc	hl
   03E5 7E            [ 7]  716 	ld	a, (hl)
   03E6 B1            [ 4]  717 	or	a,c
   03E7 20 0D         [12]  718 	jr	NZ,00125$
   03E9 DD 7E 06      [19]  719 	ld	a,6 (ix)
   03EC 90            [ 4]  720 	sub	a, b
   03ED 20 07         [12]  721 	jr	NZ,00125$
                            722 ;src/IA.c:215: *grad = SCALA;
   03EF 6B            [ 4]  723 	ld	l, e
   03F0 62            [ 4]  724 	ld	h, d
   03F1 36 00         [10]  725 	ld	(hl),#0x00
   03F3 23            [ 6]  726 	inc	hl
   03F4 36 01         [10]  727 	ld	(hl),#0x01
   03F6                     728 00125$:
                            729 ;src/IA.c:216: if(val <= midPoint && (val > (midPoint - c->leftOffSet)))
   03F6 78            [ 4]  730 	ld	a,b
   03F7 DD 96 06      [19]  731 	sub	a, 6 (ix)
   03FA 3E 00         [ 7]  732 	ld	a,#0x00
   03FC 17            [ 4]  733 	rla
   03FD DD 77 FC      [19]  734 	ld	-4 (ix),a
   0400 DD CB FC 46   [20]  735 	bit	0,-4 (ix)
   0404 20 69         [12]  736 	jr	NZ,00131$
   0406 0E 00         [ 7]  737 	ld	c,#0x00
   0408 DD 6E F3      [19]  738 	ld	l,-13 (ix)
   040B DD 66 F4      [19]  739 	ld	h,-12 (ix)
   040E 7E            [ 7]  740 	ld	a, (hl)
   040F 23            [ 6]  741 	inc	hl
   0410 66            [ 7]  742 	ld	h,(hl)
   0411 6F            [ 4]  743 	ld	l,a
   0412 DD 70 F8      [19]  744 	ld	-8 (ix),b
   0415 DD 71 F9      [19]  745 	ld	-7 (ix),c
   0418 DD 7E F8      [19]  746 	ld	a,-8 (ix)
   041B 95            [ 4]  747 	sub	a, l
   041C 4F            [ 4]  748 	ld	c,a
   041D DD 7E F9      [19]  749 	ld	a,-7 (ix)
   0420 9C            [ 4]  750 	sbc	a, h
   0421 47            [ 4]  751 	ld	b,a
   0422 79            [ 4]  752 	ld	a,c
   0423 DD 96 F1      [19]  753 	sub	a, -15 (ix)
   0426 78            [ 4]  754 	ld	a,b
   0427 DD 9E F2      [19]  755 	sbc	a, -14 (ix)
   042A 30 43         [12]  756 	jr	NC,00131$
                            757 ;src/IA.c:218: *grad = SCALA/c->leftOffSet;
   042C D5            [11]  758 	push	de
   042D E5            [11]  759 	push	hl
   042E 21 00 01      [10]  760 	ld	hl,#0x0100
   0431 E5            [11]  761 	push	hl
   0432 CDr00r00      [17]  762 	call	__divuint
   0435 F1            [10]  763 	pop	af
   0436 F1            [10]  764 	pop	af
   0437 4D            [ 4]  765 	ld	c,l
   0438 44            [ 4]  766 	ld	b,h
   0439 D1            [10]  767 	pop	de
   043A 6B            [ 4]  768 	ld	l, e
   043B 62            [ 4]  769 	ld	h, d
   043C 71            [ 7]  770 	ld	(hl),c
   043D 23            [ 6]  771 	inc	hl
   043E 70            [ 7]  772 	ld	(hl),b
                            773 ;src/IA.c:219: *grad = *grad*(val-(midPoint - c->leftOffSet));
   043F DD 6E F3      [19]  774 	ld	l,-13 (ix)
   0442 DD 66 F4      [19]  775 	ld	h,-12 (ix)
   0445 7E            [ 7]  776 	ld	a, (hl)
   0446 23            [ 6]  777 	inc	hl
   0447 66            [ 7]  778 	ld	h,(hl)
   0448 6F            [ 4]  779 	ld	l,a
   0449 DD 7E F8      [19]  780 	ld	a,-8 (ix)
   044C 95            [ 4]  781 	sub	a, l
   044D 6F            [ 4]  782 	ld	l,a
   044E DD 7E F9      [19]  783 	ld	a,-7 (ix)
   0451 9C            [ 4]  784 	sbc	a, h
   0452 67            [ 4]  785 	ld	h,a
   0453 DD 7E FA      [19]  786 	ld	a,-6 (ix)
   0456 95            [ 4]  787 	sub	a, l
   0457 6F            [ 4]  788 	ld	l,a
   0458 DD 7E FB      [19]  789 	ld	a,-5 (ix)
   045B 9C            [ 4]  790 	sbc	a, h
   045C 67            [ 4]  791 	ld	h,a
   045D D5            [11]  792 	push	de
   045E E5            [11]  793 	push	hl
   045F C5            [11]  794 	push	bc
   0460 CDr00r00      [17]  795 	call	__mulint
   0463 F1            [10]  796 	pop	af
   0464 F1            [10]  797 	pop	af
   0465 4D            [ 4]  798 	ld	c,l
   0466 44            [ 4]  799 	ld	b,h
   0467 D1            [10]  800 	pop	de
   0468 79            [ 4]  801 	ld	a,c
   0469 12            [ 7]  802 	ld	(de),a
   046A 13            [ 6]  803 	inc	de
   046B 78            [ 4]  804 	ld	a,b
   046C 12            [ 7]  805 	ld	(de),a
   046D 18 16         [12]  806 	jr	00140$
   046F                     807 00131$:
                            808 ;src/IA.c:220: }else if(val > midPoint)
   046F DD CB FC 46   [20]  809 	bit	0,-4 (ix)
   0473 28 09         [12]  810 	jr	Z,00128$
                            811 ;src/IA.c:223: *grad = SCALA;
   0475 3E 00         [ 7]  812 	ld	a,#0x00
   0477 12            [ 7]  813 	ld	(de),a
   0478 13            [ 6]  814 	inc	de
   0479 3E 01         [ 7]  815 	ld	a,#0x01
   047B 12            [ 7]  816 	ld	(de),a
   047C 18 07         [12]  817 	jr	00140$
   047E                     818 00128$:
                            819 ;src/IA.c:225: *grad = 0;
   047E 3E 00         [ 7]  820 	ld	a,#0x00
   0480 12            [ 7]  821 	ld	(de),a
   0481 13            [ 6]  822 	inc	de
   0482 3E 00         [ 7]  823 	ld	a,#0x00
   0484 12            [ 7]  824 	ld	(de),a
   0485                     825 00140$:
   0485 DD F9         [10]  826 	ld	sp, ix
   0487 DD E1         [14]  827 	pop	ix
   0489 C9            [10]  828 	ret
                            829 ;src/IA.c:232: void defuzzi(u16 val, b_direccion* direccion, i16* re)
                            830 ;	---------------------------------
                            831 ; Function defuzzi
                            832 ; ---------------------------------
   048A                     833 _defuzzi::
   048A DD E5         [15]  834 	push	ix
   048C DD 21 00 00   [14]  835 	ld	ix,#0
   0490 DD 39         [15]  836 	add	ix,sp
   0492 21 EF FF      [10]  837 	ld	hl,#-17
   0495 39            [11]  838 	add	hl,sp
   0496 F9            [ 6]  839 	ld	sp,hl
                            840 ;src/IA.c:239: *re = 0;
   0497 DD 7E 08      [19]  841 	ld	a,8 (ix)
   049A DD 77 FE      [19]  842 	ld	-2 (ix),a
   049D DD 7E 09      [19]  843 	ld	a,9 (ix)
   04A0 DD 77 FF      [19]  844 	ld	-1 (ix),a
   04A3 DD 6E FE      [19]  845 	ld	l,-2 (ix)
   04A6 DD 66 FF      [19]  846 	ld	h,-1 (ix)
   04A9 AF            [ 4]  847 	xor	a, a
   04AA 77            [ 7]  848 	ld	(hl), a
   04AB 23            [ 6]  849 	inc	hl
   04AC 77            [ 7]  850 	ld	(hl), a
                            851 ;src/IA.c:241: while(i < 3)
   04AD 21 00 00      [10]  852 	ld	hl,#0x0000
   04B0 39            [11]  853 	add	hl,sp
   04B1 DD 75 FC      [19]  854 	ld	-4 (ix),l
   04B4 DD 74 FD      [19]  855 	ld	-3 (ix),h
   04B7 0E 00         [ 7]  856 	ld	c,#0x00
   04B9                     857 00101$:
   04B9 79            [ 4]  858 	ld	a,c
   04BA D6 03         [ 7]  859 	sub	a, #0x03
   04BC 30 53         [12]  860 	jr	NC,00103$
                            861 ;src/IA.c:243: dom = 0;
   04BE DD 36 F6 00   [19]  862 	ld	-10 (ix),#0x00
   04C2 DD 36 F7 00   [19]  863 	ld	-9 (ix),#0x00
                            864 ;src/IA.c:244: calculateDom(fmems[i], val, &dom);
   04C6 21 07 00      [10]  865 	ld	hl,#0x0007
   04C9 39            [11]  866 	add	hl,sp
   04CA DD 75 FA      [19]  867 	ld	-6 (ix),l
   04CD DD 74 FB      [19]  868 	ld	-5 (ix),h
   04D0 DD 46 04      [19]  869 	ld	b,4 (ix)
   04D3 69            [ 4]  870 	ld	l,c
   04D4 26 00         [ 7]  871 	ld	h,#0x00
   04D6 29            [11]  872 	add	hl, hl
   04D7 EB            [ 4]  873 	ex	de,hl
   04D8 21r0Cr00      [10]  874 	ld	hl,#_fmems
   04DB 19            [11]  875 	add	hl,de
   04DC 7E            [ 7]  876 	ld	a,(hl)
   04DD DD 77 F8      [19]  877 	ld	-8 (ix),a
   04E0 23            [ 6]  878 	inc	hl
   04E1 7E            [ 7]  879 	ld	a,(hl)
   04E2 DD 77 F9      [19]  880 	ld	-7 (ix),a
   04E5 C5            [11]  881 	push	bc
   04E6 D5            [11]  882 	push	de
   04E7 DD 6E FA      [19]  883 	ld	l,-6 (ix)
   04EA DD 66 FB      [19]  884 	ld	h,-5 (ix)
   04ED E5            [11]  885 	push	hl
   04EE C5            [11]  886 	push	bc
   04EF 33            [ 6]  887 	inc	sp
   04F0 DD 6E F8      [19]  888 	ld	l,-8 (ix)
   04F3 DD 66 F9      [19]  889 	ld	h,-7 (ix)
   04F6 E5            [11]  890 	push	hl
   04F7 CDr70r01      [17]  891 	call	_calculateDom
   04FA F1            [10]  892 	pop	af
   04FB F1            [10]  893 	pop	af
   04FC 33            [ 6]  894 	inc	sp
   04FD D1            [10]  895 	pop	de
   04FE C1            [10]  896 	pop	bc
                            897 ;src/IA.c:245: vDom[i] = dom/SCALA;
   04FF DD 6E FC      [19]  898 	ld	l,-4 (ix)
   0502 DD 66 FD      [19]  899 	ld	h,-3 (ix)
   0505 19            [11]  900 	add	hl,de
   0506 DD 5E F7      [19]  901 	ld	e,-9 (ix)
   0509 16 00         [ 7]  902 	ld	d,#0x00
   050B 73            [ 7]  903 	ld	(hl),e
   050C 23            [ 6]  904 	inc	hl
   050D 72            [ 7]  905 	ld	(hl),d
                            906 ;src/IA.c:246: i++;
   050E 0C            [ 4]  907 	inc	c
   050F 18 A8         [12]  908 	jr	00101$
   0511                     909 00103$:
                            910 ;src/IA.c:250: for(i = 0; i<3; i++)
   0511 DD 36 F5 00   [19]  911 	ld	-11 (ix),#0x00
   0515                     912 00108$:
                            913 ;src/IA.c:252: *re = ((vDom[i] * aceleracion[i]) + *re);
   0515 DD 6E F5      [19]  914 	ld	l,-11 (ix)
   0518 26 00         [ 7]  915 	ld	h,#0x00
   051A 29            [11]  916 	add	hl, hl
   051B 4D            [ 4]  917 	ld	c, l
   051C 44            [ 4]  918 	ld	b, h
   051D DD 6E FC      [19]  919 	ld	l,-4 (ix)
   0520 DD 66 FD      [19]  920 	ld	h,-3 (ix)
   0523 09            [11]  921 	add	hl,bc
   0524 5E            [ 7]  922 	ld	e,(hl)
   0525 23            [ 6]  923 	inc	hl
   0526 56            [ 7]  924 	ld	d,(hl)
   0527 21r00r00      [10]  925 	ld	hl,#_aceleracion
   052A 09            [11]  926 	add	hl,bc
   052B 4E            [ 7]  927 	ld	c,(hl)
   052C 23            [ 6]  928 	inc	hl
   052D 46            [ 7]  929 	ld	b,(hl)
   052E C5            [11]  930 	push	bc
   052F D5            [11]  931 	push	de
   0530 CDr00r00      [17]  932 	call	__mulint
   0533 F1            [10]  933 	pop	af
   0534 F1            [10]  934 	pop	af
   0535 4D            [ 4]  935 	ld	c,l
   0536 44            [ 4]  936 	ld	b,h
   0537 DD 6E FE      [19]  937 	ld	l,-2 (ix)
   053A DD 66 FF      [19]  938 	ld	h,-1 (ix)
   053D 5E            [ 7]  939 	ld	e,(hl)
   053E 23            [ 6]  940 	inc	hl
   053F 66            [ 7]  941 	ld	h,(hl)
   0540 6B            [ 4]  942 	ld	l, e
   0541 09            [11]  943 	add	hl,bc
   0542 4D            [ 4]  944 	ld	c,l
   0543 44            [ 4]  945 	ld	b,h
   0544 DD 6E FE      [19]  946 	ld	l,-2 (ix)
   0547 DD 66 FF      [19]  947 	ld	h,-1 (ix)
   054A 71            [ 7]  948 	ld	(hl),c
   054B 23            [ 6]  949 	inc	hl
   054C 70            [ 7]  950 	ld	(hl),b
                            951 ;src/IA.c:250: for(i = 0; i<3; i++)
   054D DD 34 F5      [23]  952 	inc	-11 (ix)
   0550 DD 7E F5      [19]  953 	ld	a,-11 (ix)
   0553 D6 03         [ 7]  954 	sub	a, #0x03
   0555 38 BE         [12]  955 	jr	C,00108$
                            956 ;src/IA.c:255: if(direccion->b_izq)
   0557 DD 6E 06      [19]  957 	ld	l,6 (ix)
   055A DD 66 07      [19]  958 	ld	h,7 (ix)
   055D 23            [ 6]  959 	inc	hl
   055E 7E            [ 7]  960 	ld	a,(hl)
                            961 ;src/IA.c:252: *re = ((vDom[i] * aceleracion[i]) + *re);
   055F DD 6E FE      [19]  962 	ld	l,-2 (ix)
   0562 DD 66 FF      [19]  963 	ld	h,-1 (ix)
   0565 5E            [ 7]  964 	ld	e,(hl)
   0566 23            [ 6]  965 	inc	hl
   0567 56            [ 7]  966 	ld	d,(hl)
                            967 ;src/IA.c:255: if(direccion->b_izq)
   0568 B7            [ 4]  968 	or	a, a
   0569 28 0B         [12]  969 	jr	Z,00106$
                            970 ;src/IA.c:256: *re = *re;
   056B DD 6E FE      [19]  971 	ld	l,-2 (ix)
   056E DD 66 FF      [19]  972 	ld	h,-1 (ix)
   0571 73            [ 7]  973 	ld	(hl),e
   0572 23            [ 6]  974 	inc	hl
   0573 72            [ 7]  975 	ld	(hl),d
   0574 18 10         [12]  976 	jr	00110$
   0576                     977 00106$:
                            978 ;src/IA.c:259: *re = -*re;
   0576 AF            [ 4]  979 	xor	a, a
   0577 93            [ 4]  980 	sub	a, e
   0578 5F            [ 4]  981 	ld	e,a
   0579 3E 00         [ 7]  982 	ld	a, #0x00
   057B 9A            [ 4]  983 	sbc	a, d
   057C 4F            [ 4]  984 	ld	c,a
   057D DD 6E FE      [19]  985 	ld	l,-2 (ix)
   0580 DD 66 FF      [19]  986 	ld	h,-1 (ix)
   0583 73            [ 7]  987 	ld	(hl),e
   0584 23            [ 6]  988 	inc	hl
   0585 71            [ 7]  989 	ld	(hl),c
   0586                     990 00110$:
   0586 DD F9         [10]  991 	ld	sp, ix
   0588 DD E1         [14]  992 	pop	ix
   058A C9            [10]  993 	ret
                            994 ;src/IA.c:264: void calcule(u8 tam, u8 dis, u16 *re)
                            995 ;	---------------------------------
                            996 ; Function calcule
                            997 ; ---------------------------------
   058B                     998 _calcule::
   058B DD E5         [15]  999 	push	ix
   058D DD 21 00 00   [14] 1000 	ld	ix,#0
   0591 DD 39         [15] 1001 	add	ix,sp
   0593 F5            [11] 1002 	push	af
   0594 3B            [ 6] 1003 	dec	sp
                           1004 ;src/IA.c:268: resultadoDistoball = 0;
   0595 DD 36 FE 00   [19] 1005 	ld	-2 (ix),#0x00
   0599 DD 36 FF 00   [19] 1006 	ld	-1 (ix),#0x00
                           1007 ;src/IA.c:269: for(i = 0 ; i<tam; i++){
   059D DD 36 FD 00   [19] 1008 	ld	-3 (ix),#0x00
   05A1                    1009 00103$:
   05A1 DD 7E FD      [19] 1010 	ld	a,-3 (ix)
   05A4 DD 96 04      [19] 1011 	sub	a, 4 (ix)
   05A7 30 65         [12] 1012 	jr	NC,00105$
                           1013 ;src/IA.c:270: calculateDom(vRulesx[i]->antecedent, dis, &resultadoDistoball);
   05A9 FD 21 01 00   [14] 1014 	ld	iy,#0x0001
   05AD FD 39         [15] 1015 	add	iy,sp
   05AF DD 6E FD      [19] 1016 	ld	l,-3 (ix)
   05B2 26 00         [ 7] 1017 	ld	h,#0x00
   05B4 29            [11] 1018 	add	hl, hl
   05B5 01r00r00      [10] 1019 	ld	bc,#_vRulesx
   05B8 09            [11] 1020 	add	hl,bc
   05B9 4D            [ 4] 1021 	ld	c,l
   05BA 44            [ 4] 1022 	ld	b,h
   05BB 7E            [ 7] 1023 	ld	a, (hl)
   05BC 23            [ 6] 1024 	inc	hl
   05BD 66            [ 7] 1025 	ld	h,(hl)
   05BE 6F            [ 4] 1026 	ld	l,a
   05BF 5E            [ 7] 1027 	ld	e,(hl)
   05C0 23            [ 6] 1028 	inc	hl
   05C1 56            [ 7] 1029 	ld	d,(hl)
   05C2 C5            [11] 1030 	push	bc
   05C3 FD E5         [15] 1031 	push	iy
   05C5 DD 7E 05      [19] 1032 	ld	a,5 (ix)
   05C8 F5            [11] 1033 	push	af
   05C9 33            [ 6] 1034 	inc	sp
   05CA D5            [11] 1035 	push	de
   05CB CDr70r01      [17] 1036 	call	_calculateDom
   05CE F1            [10] 1037 	pop	af
   05CF F1            [10] 1038 	pop	af
   05D0 33            [ 6] 1039 	inc	sp
   05D1 C1            [10] 1040 	pop	bc
                           1041 ;src/IA.c:271: *re = ((vRulesx[i]->consequent->valorRepresent * resultadoDistoball ) + *re)/SCALA;
   05D2 DD 5E 06      [19] 1042 	ld	e,6 (ix)
   05D5 DD 56 07      [19] 1043 	ld	d,7 (ix)
   05D8 69            [ 4] 1044 	ld	l, c
   05D9 60            [ 4] 1045 	ld	h, b
   05DA 7E            [ 7] 1046 	ld	a, (hl)
   05DB 23            [ 6] 1047 	inc	hl
   05DC 66            [ 7] 1048 	ld	h,(hl)
   05DD 6F            [ 4] 1049 	ld	l,a
   05DE 23            [ 6] 1050 	inc	hl
   05DF 23            [ 6] 1051 	inc	hl
   05E0 7E            [ 7] 1052 	ld	a, (hl)
   05E1 23            [ 6] 1053 	inc	hl
   05E2 66            [ 7] 1054 	ld	h,(hl)
   05E3 6F            [ 4] 1055 	ld	l,a
   05E4 23            [ 6] 1056 	inc	hl
   05E5 23            [ 6] 1057 	inc	hl
   05E6 4E            [ 7] 1058 	ld	c,(hl)
   05E7 23            [ 6] 1059 	inc	hl
   05E8 46            [ 7] 1060 	ld	b,(hl)
   05E9 D5            [11] 1061 	push	de
   05EA DD 6E FE      [19] 1062 	ld	l,-2 (ix)
   05ED DD 66 FF      [19] 1063 	ld	h,-1 (ix)
   05F0 E5            [11] 1064 	push	hl
   05F1 C5            [11] 1065 	push	bc
   05F2 CDr00r00      [17] 1066 	call	__mulint
   05F5 F1            [10] 1067 	pop	af
   05F6 F1            [10] 1068 	pop	af
   05F7 4D            [ 4] 1069 	ld	c,l
   05F8 44            [ 4] 1070 	ld	b,h
   05F9 D1            [10] 1071 	pop	de
   05FA 6B            [ 4] 1072 	ld	l, e
   05FB 62            [ 4] 1073 	ld	h, d
   05FC 7E            [ 7] 1074 	ld	a, (hl)
   05FD 23            [ 6] 1075 	inc	hl
   05FE 66            [ 7] 1076 	ld	h,(hl)
   05FF 6F            [ 4] 1077 	ld	l,a
   0600 09            [11] 1078 	add	hl,bc
   0601 4C            [ 4] 1079 	ld	c,h
   0602 06 00         [ 7] 1080 	ld	b,#0x00
   0604 79            [ 4] 1081 	ld	a,c
   0605 12            [ 7] 1082 	ld	(de),a
   0606 13            [ 6] 1083 	inc	de
   0607 78            [ 4] 1084 	ld	a,b
   0608 12            [ 7] 1085 	ld	(de),a
                           1086 ;src/IA.c:269: for(i = 0 ; i<tam; i++){
   0609 DD 34 FD      [23] 1087 	inc	-3 (ix)
   060C 18 93         [12] 1088 	jr	00103$
   060E                    1089 00105$:
   060E DD F9         [10] 1090 	ld	sp, ix
   0610 DD E1         [14] 1091 	pop	ix
   0612 C9            [10] 1092 	ret
                           1093 ;src/IA.c:275: void calcularb_direc(i16 totalxb, b_direccion* ball)
                           1094 ;	---------------------------------
                           1095 ; Function calcularb_direc
                           1096 ; ---------------------------------
   0613                    1097 _calcularb_direc::
                           1098 ;src/IA.c:277: ball->b_izq = 0;
   0613 21 04 00      [10] 1099 	ld	hl, #4
   0616 39            [11] 1100 	add	hl, sp
   0617 4E            [ 7] 1101 	ld	c, (hl)
   0618 23            [ 6] 1102 	inc	hl
   0619 46            [ 7] 1103 	ld	b, (hl)
   061A 59            [ 4] 1104 	ld	e, c
   061B 50            [ 4] 1105 	ld	d, b
   061C 13            [ 6] 1106 	inc	de
   061D AF            [ 4] 1107 	xor	a, a
   061E 12            [ 7] 1108 	ld	(de),a
                           1109 ;src/IA.c:278: ball->b_der = 0;
   061F AF            [ 4] 1110 	xor	a, a
   0620 02            [ 7] 1111 	ld	(bc),a
                           1112 ;src/IA.c:280: if(totalxb < 0){
   0621 21 03 00      [10] 1113 	ld	hl, #2+1
   0624 39            [11] 1114 	add	hl, sp
   0625 CB 7E         [12] 1115 	bit	7,(hl)
   0627 28 06         [12] 1116 	jr	Z,00104$
                           1117 ;src/IA.c:281: ball->b_der = 1;
   0629 3E 01         [ 7] 1118 	ld	a,#0x01
   062B 02            [ 7] 1119 	ld	(bc),a
                           1120 ;src/IA.c:282: ball->b_izq = 0;
   062C AF            [ 4] 1121 	xor	a, a
   062D 12            [ 7] 1122 	ld	(de),a
   062E C9            [10] 1123 	ret
   062F                    1124 00104$:
                           1125 ;src/IA.c:283: }else if(totalxb > 0)
   062F AF            [ 4] 1126 	xor	a, a
   0630 FD 21 02 00   [14] 1127 	ld	iy,#2
   0634 FD 39         [15] 1128 	add	iy,sp
   0636 FD BE 00      [19] 1129 	cp	a, 0 (iy)
   0639 FD 9E 01      [19] 1130 	sbc	a, 1 (iy)
   063C E2r41r06      [10] 1131 	jp	PO, 00116$
   063F EE 80         [ 7] 1132 	xor	a, #0x80
   0641                    1133 00116$:
   0641 F0            [11] 1134 	ret	P
                           1135 ;src/IA.c:285: ball->b_izq = 1;
   0642 3E 01         [ 7] 1136 	ld	a,#0x01
   0644 12            [ 7] 1137 	ld	(de),a
                           1138 ;src/IA.c:286: ball->b_der = 0;
   0645 AF            [ 4] 1139 	xor	a, a
   0646 02            [ 7] 1140 	ld	(bc),a
   0647 C9            [10] 1141 	ret
                           1142 ;src/IA.c:291: void fuzzificacion(i16 *ax, i16 *ay, u8 ballx, u8 bally, u8 pingu_enemyx, u8 pingu_enemyy){
                           1143 ;	---------------------------------
                           1144 ; Function fuzzificacion
                           1145 ; ---------------------------------
   0648                    1146 _fuzzificacion::
   0648 DD E5         [15] 1147 	push	ix
   064A DD 21 00 00   [14] 1148 	ld	ix,#0
   064E DD 39         [15] 1149 	add	ix,sp
   0650 21 EE FF      [10] 1150 	ld	hl,#-18
   0653 39            [11] 1151 	add	hl,sp
   0654 F9            [ 6] 1152 	ld	sp,hl
                           1153 ;src/IA.c:299: ball = &ballX;
   0655 21 06 00      [10] 1154 	ld	hl,#0x0006
   0658 39            [11] 1155 	add	hl,sp
   0659 DD 75 FA      [19] 1156 	ld	-6 (ix),l
   065C DD 74 FB      [19] 1157 	ld	-5 (ix),h
   065F 4D            [ 4] 1158 	ld	c,l
   0660 44            [ 4] 1159 	ld	b,h
                           1160 ;src/IA.c:300: x = ballx - pingu_enemyx;
   0661 DD 5E 08      [19] 1161 	ld	e,8 (ix)
   0664 16 00         [ 7] 1162 	ld	d,#0x00
   0666 DD 6E 0A      [19] 1163 	ld	l,10 (ix)
   0669 26 00         [ 7] 1164 	ld	h,#0x00
   066B 7B            [ 4] 1165 	ld	a,e
   066C 95            [ 4] 1166 	sub	a, l
   066D DD 77 FE      [19] 1167 	ld	-2 (ix),a
   0670 7A            [ 4] 1168 	ld	a,d
   0671 9C            [ 4] 1169 	sbc	a, h
   0672 DD 77 FF      [19] 1170 	ld	-1 (ix),a
                           1171 ;src/IA.c:301: y = bally - pingu_enemyy;
   0675 DD 6E 09      [19] 1172 	ld	l,9 (ix)
   0678 26 00         [ 7] 1173 	ld	h,#0x00
   067A DD 5E 0B      [19] 1174 	ld	e,11 (ix)
   067D 16 00         [ 7] 1175 	ld	d,#0x00
   067F 7D            [ 4] 1176 	ld	a,l
   0680 93            [ 4] 1177 	sub	a, e
   0681 DD 77 FC      [19] 1178 	ld	-4 (ix),a
   0684 7C            [ 4] 1179 	ld	a,h
   0685 9A            [ 4] 1180 	sbc	a, d
   0686 DD 77 FD      [19] 1181 	ld	-3 (ix),a
                           1182 ;src/IA.c:303: y1 = LIMITPORTY - pingu_enemyy;
   0689 3E 6F         [ 7] 1183 	ld	a,#0x6F
   068B 93            [ 4] 1184 	sub	a, e
   068C DD 77 F8      [19] 1185 	ld	-8 (ix),a
   068F 3E 00         [ 7] 1186 	ld	a,#0x00
   0691 9A            [ 4] 1187 	sbc	a, d
   0692 DD 77 F9      [19] 1188 	ld	-7 (ix),a
                           1189 ;src/IA.c:307: ball->b_izq = 0;
   0695 59            [ 4] 1190 	ld	e, c
   0696 50            [ 4] 1191 	ld	d, b
   0697 13            [ 6] 1192 	inc	de
                           1193 ;src/IA.c:304: if(x <= -2){ //ATACAR 
   0698 3E FE         [ 7] 1194 	ld	a,#0xFE
   069A DD BE FE      [19] 1195 	cp	a, -2 (ix)
   069D 3E FF         [ 7] 1196 	ld	a,#0xFF
   069F DD 9E FF      [19] 1197 	sbc	a, -1 (ix)
   06A2 E2rA7r06      [10] 1198 	jp	PO, 00148$
   06A5 EE 80         [ 7] 1199 	xor	a, #0x80
   06A7                    1200 00148$:
   06A7 FArB1r06      [10] 1201 	jp	M,00102$
                           1202 ;src/IA.c:306: ball->b_der = 1;
   06AA 3E 01         [ 7] 1203 	ld	a,#0x01
   06AC 02            [ 7] 1204 	ld	(bc),a
                           1205 ;src/IA.c:307: ball->b_izq = 0;
   06AD AF            [ 4] 1206 	xor	a, a
   06AE 12            [ 7] 1207 	ld	(de),a
   06AF 18 05         [12] 1208 	jr	00103$
   06B1                    1209 00102$:
                           1210 ;src/IA.c:312: ball->b_izq = 1;
   06B1 3E 01         [ 7] 1211 	ld	a,#0x01
   06B3 12            [ 7] 1212 	ld	(de),a
                           1213 ;src/IA.c:313: ball->b_der = 0;
   06B4 AF            [ 4] 1214 	xor	a, a
   06B5 02            [ 7] 1215 	ld	(bc),a
   06B6                    1216 00103$:
                           1217 ;src/IA.c:316: if(y1 < y && x > 0){
   06B6 AF            [ 4] 1218 	xor	a, a
   06B7 DD BE FE      [19] 1219 	cp	a, -2 (ix)
   06BA DD 9E FF      [19] 1220 	sbc	a, -1 (ix)
   06BD E2rC2r06      [10] 1221 	jp	PO, 00149$
   06C0 EE 80         [ 7] 1222 	xor	a, #0x80
   06C2                    1223 00149$:
   06C2 07            [ 4] 1224 	rlca
   06C3 E6 01         [ 7] 1225 	and	a,#0x01
   06C5 4F            [ 4] 1226 	ld	c,a
   06C6 DD 7E F8      [19] 1227 	ld	a,-8 (ix)
   06C9 DD 96 FC      [19] 1228 	sub	a, -4 (ix)
   06CC DD 7E F9      [19] 1229 	ld	a,-7 (ix)
   06CF DD 9E FD      [19] 1230 	sbc	a, -3 (ix)
   06D2 E2rD7r06      [10] 1231 	jp	PO, 00150$
   06D5 EE 80         [ 7] 1232 	xor	a, #0x80
   06D7                    1233 00150$:
   06D7 F2rF1r06      [10] 1234 	jp	P,00109$
   06DA 79            [ 4] 1235 	ld	a,c
   06DB B7            [ 4] 1236 	or	a, a
   06DC 28 13         [12] 1237 	jr	Z,00109$
                           1238 ;src/IA.c:317: calcularb_direc(y1, &ballY);
   06DE 21 04 00      [10] 1239 	ld	hl,#0x0004
   06E1 39            [11] 1240 	add	hl,sp
   06E2 E5            [11] 1241 	push	hl
   06E3 DD 6E F8      [19] 1242 	ld	l,-8 (ix)
   06E6 DD 66 F9      [19] 1243 	ld	h,-7 (ix)
   06E9 E5            [11] 1244 	push	hl
   06EA CDr13r06      [17] 1245 	call	_calcularb_direc
   06ED F1            [10] 1246 	pop	af
   06EE F1            [10] 1247 	pop	af
   06EF 18 3C         [12] 1248 	jr	00110$
   06F1                    1249 00109$:
                           1250 ;src/IA.c:319: else if(y1> y && x>0){
   06F1 DD 7E FC      [19] 1251 	ld	a,-4 (ix)
   06F4 DD 96 F8      [19] 1252 	sub	a, -8 (ix)
   06F7 DD 7E FD      [19] 1253 	ld	a,-3 (ix)
   06FA DD 9E F9      [19] 1254 	sbc	a, -7 (ix)
   06FD E2r02r07      [10] 1255 	jp	PO, 00151$
   0700 EE 80         [ 7] 1256 	xor	a, #0x80
   0702                    1257 00151$:
   0702 F2r1Cr07      [10] 1258 	jp	P,00105$
   0705 79            [ 4] 1259 	ld	a,c
   0706 B7            [ 4] 1260 	or	a, a
   0707 28 13         [12] 1261 	jr	Z,00105$
                           1262 ;src/IA.c:320: calcularb_direc(y1, &ballY);
   0709 21 04 00      [10] 1263 	ld	hl,#0x0004
   070C 39            [11] 1264 	add	hl,sp
   070D E5            [11] 1265 	push	hl
   070E DD 6E F8      [19] 1266 	ld	l,-8 (ix)
   0711 DD 66 F9      [19] 1267 	ld	h,-7 (ix)
   0714 E5            [11] 1268 	push	hl
   0715 CDr13r06      [17] 1269 	call	_calcularb_direc
   0718 F1            [10] 1270 	pop	af
   0719 F1            [10] 1271 	pop	af
   071A 18 11         [12] 1272 	jr	00110$
   071C                    1273 00105$:
                           1274 ;src/IA.c:323: calcularb_direc(y, &ballY);
   071C 21 04 00      [10] 1275 	ld	hl,#0x0004
   071F 39            [11] 1276 	add	hl,sp
   0720 E5            [11] 1277 	push	hl
   0721 DD 6E FC      [19] 1278 	ld	l,-4 (ix)
   0724 DD 66 FD      [19] 1279 	ld	h,-3 (ix)
   0727 E5            [11] 1280 	push	hl
   0728 CDr13r06      [17] 1281 	call	_calcularb_direc
   072B F1            [10] 1282 	pop	af
   072C F1            [10] 1283 	pop	af
   072D                    1284 00110$:
                           1285 ;src/IA.c:327: x = (u8)x*SCALA;
   072D DD 4E FE      [19] 1286 	ld	c,-2 (ix)
   0730 DD 71 F1      [19] 1287 	ld	-15 (ix),c
   0733 DD 36 F0 00   [19] 1288 	ld	-16 (ix),#0x00
                           1289 ;src/IA.c:328: y = (u8)y*SCALA;
   0737 DD 46 FC      [19] 1290 	ld	b,-4 (ix)
   073A 0E 00         [ 7] 1291 	ld	c,#0x00
                           1292 ;src/IA.c:329: calcule(3,x,&accerationX);
   073C 21 08 00      [10] 1293 	ld	hl,#0x0008
   073F 39            [11] 1294 	add	hl,sp
   0740 DD 56 F0      [19] 1295 	ld	d,-16 (ix)
   0743 C5            [11] 1296 	push	bc
   0744 E5            [11] 1297 	push	hl
   0745 1E 03         [ 7] 1298 	ld	e, #0x03
   0747 D5            [11] 1299 	push	de
   0748 CDr8Br05      [17] 1300 	call	_calcule
   074B F1            [10] 1301 	pop	af
   074C F1            [10] 1302 	pop	af
   074D C1            [10] 1303 	pop	bc
                           1304 ;src/IA.c:330: calcule(3,y,&accerationY);
   074E 21 00 00      [10] 1305 	ld	hl,#0x0000
   0751 39            [11] 1306 	add	hl,sp
   0752 51            [ 4] 1307 	ld	d,c
   0753 C5            [11] 1308 	push	bc
   0754 E5            [11] 1309 	push	hl
   0755 1E 03         [ 7] 1310 	ld	e, #0x03
   0757 D5            [11] 1311 	push	de
   0758 CDr8Br05      [17] 1312 	call	_calcule
   075B F1            [10] 1313 	pop	af
   075C F1            [10] 1314 	pop	af
   075D C1            [10] 1315 	pop	bc
                           1316 ;src/IA.c:333: if(y!=0)
   075E 78            [ 4] 1317 	ld	a,b
   075F B1            [ 4] 1318 	or	a,c
   0760 28 1D         [12] 1319 	jr	Z,00114$
                           1320 ;src/IA.c:334: defuzzi(accerationX,&ballX, ax);
   0762 DD 4E FA      [19] 1321 	ld	c,-6 (ix)
   0765 DD 46 FB      [19] 1322 	ld	b,-5 (ix)
   0768 DD 6E 04      [19] 1323 	ld	l,4 (ix)
   076B DD 66 05      [19] 1324 	ld	h,5 (ix)
   076E E5            [11] 1325 	push	hl
   076F C5            [11] 1326 	push	bc
   0770 DD 6E F6      [19] 1327 	ld	l,-10 (ix)
   0773 DD 66 F7      [19] 1328 	ld	h,-9 (ix)
   0776 E5            [11] 1329 	push	hl
   0777 CDr8Ar04      [17] 1330 	call	_defuzzi
   077A 21 06 00      [10] 1331 	ld	hl,#6
   077D 39            [11] 1332 	add	hl,sp
   077E F9            [ 6] 1333 	ld	sp,hl
                           1334 ;src/IA.c:336: ax = 0;
   077F                    1335 00114$:
                           1336 ;src/IA.c:338: if(x!=0)
   077F DD 7E F1      [19] 1337 	ld	a,-15 (ix)
   0782 DD B6 F0      [19] 1338 	or	a,-16 (ix)
   0785 28 1B         [12] 1339 	jr	Z,00118$
                           1340 ;src/IA.c:339: defuzzi(accerationY,&ballY, ay);
   0787 21 04 00      [10] 1341 	ld	hl,#0x0004
   078A 39            [11] 1342 	add	hl,sp
   078B DD 4E 06      [19] 1343 	ld	c,6 (ix)
   078E DD 46 07      [19] 1344 	ld	b,7 (ix)
   0791 C5            [11] 1345 	push	bc
   0792 E5            [11] 1346 	push	hl
   0793 DD 6E EE      [19] 1347 	ld	l,-18 (ix)
   0796 DD 66 EF      [19] 1348 	ld	h,-17 (ix)
   0799 E5            [11] 1349 	push	hl
   079A CDr8Ar04      [17] 1350 	call	_defuzzi
   079D 21 06 00      [10] 1351 	ld	hl,#6
   07A0 39            [11] 1352 	add	hl,sp
   07A1 F9            [ 6] 1353 	ld	sp,hl
                           1354 ;src/IA.c:341: ay = 0;
   07A2                    1355 00118$:
   07A2 DD F9         [10] 1356 	ld	sp, ix
   07A4 DD E1         [14] 1357 	pop	ix
   07A6 C9            [10] 1358 	ret
                           1359 ;src/IA.c:356: void moveIA(TEntity* myself, TEntity* enemy, TEntity* frisbee) {
                           1360 ;	---------------------------------
                           1361 ; Function moveIA
                           1362 ; ---------------------------------
   07A7                    1363 _moveIA::
   07A7 DD E5         [15] 1364 	push	ix
   07A9 DD 21 00 00   [14] 1365 	ld	ix,#0
   07AD DD 39         [15] 1366 	add	ix,sp
   07AF F5            [11] 1367 	push	af
                           1368 ;src/IA.c:368: if(myself->y > frisbee->y) {
   07B0 DD 7E 04      [19] 1369 	ld	a,4 (ix)
   07B3 DD 77 FE      [19] 1370 	ld	-2 (ix),a
   07B6 DD 7E 05      [19] 1371 	ld	a,5 (ix)
   07B9 DD 77 FF      [19] 1372 	ld	-1 (ix),a
   07BC E1            [10] 1373 	pop	hl
   07BD E5            [11] 1374 	push	hl
   07BE 23            [ 6] 1375 	inc	hl
   07BF 23            [ 6] 1376 	inc	hl
   07C0 4E            [ 7] 1377 	ld	c,(hl)
   07C1 23            [ 6] 1378 	inc	hl
   07C2 46            [ 7] 1379 	ld	b,(hl)
   07C3 DD 6E 08      [19] 1380 	ld	l,8 (ix)
   07C6 DD 66 09      [19] 1381 	ld	h,9 (ix)
   07C9 23            [ 6] 1382 	inc	hl
   07CA 23            [ 6] 1383 	inc	hl
   07CB 5E            [ 7] 1384 	ld	e,(hl)
   07CC 23            [ 6] 1385 	inc	hl
   07CD 56            [ 7] 1386 	ld	d,(hl)
                           1387 ;src/IA.c:369: myself->ay = -SCALA/8;
   07CE DD 7E FE      [19] 1388 	ld	a,-2 (ix)
   07D1 C6 0C         [ 7] 1389 	add	a, #0x0C
   07D3 6F            [ 4] 1390 	ld	l,a
   07D4 DD 7E FF      [19] 1391 	ld	a,-1 (ix)
   07D7 CE 00         [ 7] 1392 	adc	a, #0x00
   07D9 67            [ 4] 1393 	ld	h,a
                           1394 ;src/IA.c:368: if(myself->y > frisbee->y) {
   07DA 7B            [ 4] 1395 	ld	a,e
   07DB 91            [ 4] 1396 	sub	a, c
   07DC 7A            [ 4] 1397 	ld	a,d
   07DD 98            [ 4] 1398 	sbc	a, b
   07DE 30 07         [12] 1399 	jr	NC,00104$
                           1400 ;src/IA.c:369: myself->ay = -SCALA/8;
   07E0 36 E0         [10] 1401 	ld	(hl),#0xE0
   07E2 23            [ 6] 1402 	inc	hl
   07E3 36 FF         [10] 1403 	ld	(hl),#0xFF
   07E5 18 0B         [12] 1404 	jr	00106$
   07E7                    1405 00104$:
                           1406 ;src/IA.c:370: } else if (myself->y < frisbee->y) {
   07E7 79            [ 4] 1407 	ld	a,c
   07E8 93            [ 4] 1408 	sub	a, e
   07E9 78            [ 4] 1409 	ld	a,b
   07EA 9A            [ 4] 1410 	sbc	a, d
   07EB 30 05         [12] 1411 	jr	NC,00106$
                           1412 ;src/IA.c:371: myself->ay = SCALA/8;
   07ED 36 20         [10] 1413 	ld	(hl),#0x20
   07EF 23            [ 6] 1414 	inc	hl
   07F0 36 00         [10] 1415 	ld	(hl),#0x00
   07F2                    1416 00106$:
   07F2 DD F9         [10] 1417 	ld	sp, ix
   07F4 DD E1         [14] 1418 	pop	ix
   07F6 C9            [10] 1419 	ret
                           1420 	.area _CODE
                           1421 	.area _INITIALIZER
   0000                    1422 __xinit__vRulesx:
   0000r58r01              1423 	.dw _rulex
   0002r5Cr01              1424 	.dw _rulex1
   0004r60r01              1425 	.dw _rulex2
   0006                    1426 __xinit__vRulesy:
   0006r64r01              1427 	.dw _ruley
   0008r68r01              1428 	.dw _ruley1
   000Ar6Cr01              1429 	.dw _ruley2
   000C                    1430 __xinit__fmems:
   000Cr42r01              1431 	.dw _acelPo
   000Er4Dr01              1432 	.dw _acelMed
   0010r37r01              1433 	.dw _acelMu
                           1434 	.area _CABS (ABS)
