ASxxxx Assembler V02.00 + NoICE + SDCC mods  (Zilog Z80 / Hitachi HD64180), page 1.
Hexadecimal [16-Bits]



                              1 .globl _sprite_palette
                              2 
                              3 .globl _sprite_robot_1_0
                              4 .globl _sprite_robot_1_1
                              5 
                              6 .globl _sprite_robot_2_0
                              7 .globl _sprite_robot_2_1
                              8 
                              9 .globl _sprite_frisbee_1_0
                             10 .globl _sprite_frisbee_1_1
                             11 
                             12 ;; MAP
                             13 .globl _map_tileset
                             14 .globl _tilemap
                             15 	
                             16 ;; ":"
                             17 .globl _sprite_points
                             18 ;; "0, 1, 2, 3, 4, 5, 6, 7, 8, 9"
                             19 .globl _sprite_numbers_09
                             20 .globl _sprite_numbers_08
                             21 .globl _sprite_numbers_07
                             22 .globl _sprite_numbers_06
                             23 .globl _sprite_numbers_05
                             24 .globl _sprite_numbers_04
                             25 .globl _sprite_numbers_03
                             26 .globl _sprite_numbers_02
                             27 .globl _sprite_numbers_01
                             28 .globl _sprite_numbers_00
