ASxxxx Assembler V02.00 + NoICE + SDCC mods  (Zilog Z80 / Hitachi HD64180), page 1.
Hexadecimal [16-Bits]



                              1 ;; ====================================
                              2 ;; ====================================
                              3 ;; INCLUDED CPCTELERA FUNCTIONS
                              4 ;; ====================================
                              5 ;; ====================================
                              6 .globl cpct_waitVSYNC_asm
                              7 .globl cpct_drawSolidBox_asm
                              8 .globl cpct_getScreenPtr_asm
                              9 .globl cpct_scanKeyboard_asm
                             10 .globl cpct_isKeyPressed_asm
                             11 .globl cpct_disableFirmware_asm
                             12 .globl cpct_setVideoMode_asm
                             13 .globl cpct_setPalette_asm
                             14 .globl cpct_memcpy_asm
                             15 .globl negateHL
                             16 .globl cpct_setVideoMemoryPage_asm
                             17 .globl cpct_akp_musicPlay_asm
                             18 .globl cpct_akp_stop_asm
                             19 .globl cpct_drawSprite_asm
                             20 .globl cpct_setInterruptHandler_asm
                             21 .globl cpct_setPALColour_asm
                             22 .globl cpct_drawStringM2_asm
                             23 .globl cpct_drawStringM1_f_asm
